Log file open, 11/11/18 12:29:47
LogWindows: Failed to load 'aqProf.dll' (GetLastError=126)
LogWindows: File 'aqProf.dll' does not exist
LogWindows: Failed to load 'VtuneApi.dll' (GetLastError=126)
LogWindows: File 'VtuneApi.dll' does not exist
LogWindows: Failed to load 'VtuneApi32e.dll' (GetLastError=126)
LogWindows: File 'VtuneApi32e.dll' does not exist
LogInit: Display: Running engine for game: EpicJamProject
LogPlatformFile: Not using cached read wrapper
LogInit: Display: RandInit(-1993324641) SRandInit(-1993324641).
LogInit: Read version file with build ID '3944462'
LogInit: Overriding engine version to CL 4033788, compatible CL 3944462
LogInit: Registered custom module enumerator with build ID '3944462'
LogTaskGraph: Started task graph with 5 named threads and 23 total threads with 3 sets of task threads.
LogStats: Stats thread started at 0.319976
LogD3D11RHI: Aftermath initialized
LogICUInternationalization: Display: ICU TimeZone Detection - Raw Offset: -8:00, Platform Override: ''
LogModuleManager: Display: Found up-to-date module file ../../../Engine/Plugins/2D/Paper2D/Binaries/Win64/UE4Editor-Paper2D.dll (API version 3944462).
LogModuleManager: Display: Found up-to-date module file ../../../Engine/Plugins/2D/Paper2D/Binaries/Win64/UE4Editor-Paper2DEditor.dll (API version 3944462).
LogModuleManager: Display: Found up-to-date module file ../../../Engine/Plugins/2D/Paper2D/Binaries/Win64/UE4Editor-PaperSpriteSheetImporter.dll (API version 3944462).
LogModuleManager: Display: Found up-to-date module file ../../../Engine/Plugins/2D/Paper2D/Binaries/Win64/UE4Editor-PaperTiledImporter.dll (API version 3944462).
LogModuleManager: Display: Found up-to-date module file ../../../Engine/Plugins/2D/Paper2D/Binaries/Win64/UE4Editor-SmartSnapping.dll (API version 3944462).
LogModuleManager: Display: Found up-to-date module file ../../../Engine/Plugins/Blendables/LightPropagationVolume/Binaries/Win64/UE4Editor-LightPropagationVolumeRuntime.dll (API version 3944462).
LogModuleManager: Display: Found up-to-date module file ../../../Engine/Plugins/Blendables/LightPropagationVolume/Binaries/Win64/UE4Editor-LightPropagationVolumeEditor.dll (API version 3944462).
LogModuleManager: Display: Found up-to-date module file ../../../Engine/Plugins/Developer/CLionSourceCodeAccess/Binaries/Win64/UE4Editor-CLionSourceCodeAccess.dll (API version 3944462).
LogModuleManager: Display: Found up-to-date module file ../../../Engine/Plugins/Developer/GitSourceControl/Binaries/Win64/UE4Editor-GitSourceControl.dll (API version 3944462).
LogModuleManager: Display: Found up-to-date module file ../../../Engine/Plugins/Developer/PerforceSourceControl/Binaries/Win64/UE4Editor-PerforceSourceControl.dll (API version 3944462).
LogModuleManager: Display: Found up-to-date module file ../../../Engine/Plugins/Developer/SubversionSourceControl/Binaries/Win64/UE4Editor-SubversionSourceControl.dll (API version 3944462).
LogModuleManager: Display: Found up-to-date module file ../../../Engine/Plugins/Developer/UObjectPlugin/Binaries/Win64/UE4Editor-UObjectPlugin.dll (API version 3944462).
LogModuleManager: Display: Found up-to-date module file ../../../Engine/Plugins/Developer/VisualStudioCodeSourceCodeAccess/Binaries/Win64/UE4Editor-VisualStudioCodeSourceCodeAccess.dll (API version 3944462).
LogModuleManager: Display: Found up-to-date module file ../../../Engine/Plugins/Developer/VisualStudioSourceCodeAccess/Binaries/Win64/UE4Editor-VisualStudioSourceCodeAccess.dll (API version 3944462).
LogModuleManager: Display: Found up-to-date module file ../../../Engine/Plugins/Editor/AssetManagerEditor/Binaries/Win64/UE4Editor-AssetManagerEditor.dll (API version 3944462).
LogModuleManager: Display: Found up-to-date module file ../../../Engine/Plugins/Editor/CryptoKeys/Binaries/Win64/UE4Editor-CryptoKeys.dll (API version 3944462).
LogModuleManager: Display: Found up-to-date module file ../../../Engine/Plugins/Editor/CryptoKeys/Binaries/Win64/UE4Editor-CryptoKeysOpenSSL.dll (API version 3944462).
LogModuleManager: Display: Found up-to-date module file ../../../Engine/Plugins/Editor/DataValidation/Binaries/Win64/UE4Editor-DataValidation.dll (API version 3944462).
LogModuleManager: Display: Found up-to-date module file ../../../Engine/Plugins/Editor/FacialAnimation/Binaries/Win64/UE4Editor-FacialAnimation.dll (API version 3944462).
LogModuleManager: Display: Found up-to-date module file ../../../Engine/Plugins/Editor/FacialAnimation/Binaries/Win64/UE4Editor-FacialAnimationEditor.dll (API version 3944462).
LogModuleManager: Display: Found up-to-date module file ../../../Engine/Plugins/Editor/GameplayTagsEditor/Binaries/Win64/UE4Editor-GameplayTagsEditor.dll (API version 3944462).
LogModuleManager: Display: Found up-to-date module file ../../../Engine/Plugins/Editor/MobileLauncherProfileWizard/Binaries/Win64/UE4Editor-MobileLauncherProfileWizard.dll (API version 3944462).
LogModuleManager: Display: Found up-to-date module file ../../../Engine/Plugins/Editor/PluginBrowser/Binaries/Win64/UE4Editor-PluginBrowser.dll (API version 3944462).
LogModuleManager: Display: Found up-to-date module file ../../../Engine/Plugins/Editor/SpeedTreeImporter/Binaries/Win64/UE4Editor-SpeedTreeImporter.dll (API version 3944462).
LogModuleManager: Display: Found up-to-date module file ../../../Engine/Plugins/Enterprise/DatasmithContent/Binaries/Win64/UE4Editor-DatasmithContent.dll (API version 3944462).
LogModuleManager: Display: Found up-to-date module file ../../../Engine/Plugins/Experimental/AlembicImporter/Binaries/Win64/UE4Editor-AlembicImporter.dll (API version 3944462).
LogModuleManager: Display: Found up-to-date module file ../../../Engine/Plugins/Experimental/AlembicImporter/Binaries/Win64/UE4Editor-AlembicLibrary.dll (API version 3944462).
LogModuleManager: Display: Found up-to-date module file ../../../Engine/Plugins/Experimental/CharacterAI/Binaries/Win64/UE4Editor-CharacterAI.dll (API version 3944462).
LogModuleManager: Display: Found up-to-date module file ../../../Engine/Plugins/Experimental/HTML5Networking/Binaries/Win64/UE4Editor-HTML5Networking.dll (API version 3944462).
LogModuleManager: Display: Found up-to-date module file ../../../Engine/Plugins/Media/AndroidMedia/Binaries/Win64/UE4Editor-AndroidMediaEditor.dll (API version 3944462).
LogModuleManager: Display: Found up-to-date module file ../../../Engine/Plugins/Media/AndroidMedia/Binaries/Win64/UE4Editor-AndroidMediaFactory.dll (API version 3944462).
LogModuleManager: Display: Found up-to-date module file ../../../Engine/Plugins/Media/AvfMedia/Binaries/Win64/UE4Editor-AvfMediaEditor.dll (API version 3944462).
LogModuleManager: Display: Found up-to-date module file ../../../Engine/Plugins/Media/AvfMedia/Binaries/Win64/UE4Editor-AvfMediaFactory.dll (API version 3944462).
LogModuleManager: Display: Found up-to-date module file ../../../Engine/Plugins/Media/AvfMedia/Binaries/Win64/UE4Editor-AvfMediaFactory.dll (API version 3944462).
LogModuleManager: Display: Found up-to-date module file ../../../Engine/Plugins/Media/ImgMedia/Binaries/Win64/UE4Editor-ImgMedia.dll (API version 3944462).
LogModuleManager: Display: Found up-to-date module file ../../../Engine/Plugins/Media/ImgMedia/Binaries/Win64/UE4Editor-ImgMediaEditor.dll (API version 3944462).
LogModuleManager: Display: Found up-to-date module file ../../../Engine/Plugins/Media/ImgMedia/Binaries/Win64/UE4Editor-ImgMediaFactory.dll (API version 3944462).
LogModuleManager: Display: Found up-to-date module file ../../../Engine/Plugins/Media/ImgMedia/Binaries/Win64/UE4Editor-ImgMediaFactory.dll (API version 3944462).
LogModuleManager: Display: Found up-to-date module file ../../../Engine/Plugins/Media/ImgMedia/Binaries/Win64/UE4Editor-OpenExrWrapper.dll (API version 3944462).
LogModuleManager: Display: Found up-to-date module file ../../../Engine/Plugins/Media/LinearTimecode/Binaries/Win64/UE4Editor-LinearTimecode.dll (API version 3944462).
LogModuleManager: Display: Found up-to-date module file ../../../Engine/Plugins/Media/MediaCompositing/Binaries/Win64/UE4Editor-MediaCompositing.dll (API version 3944462).
LogModuleManager: Display: Found up-to-date module file ../../../Engine/Plugins/Media/MediaCompositing/Binaries/Win64/UE4Editor-MediaCompositingEditor.dll (API version 3944462).
LogModuleManager: Display: Found up-to-date module file ../../../Engine/Plugins/Media/MediaPlayerEditor/Binaries/Win64/UE4Editor-MediaPlayerEditor.dll (API version 3944462).
LogModuleManager: Display: Found up-to-date module file ../../../Engine/Plugins/Media/WmfMedia/Binaries/Win64/UE4Editor-WmfMedia.dll (API version 3944462).
LogModuleManager: Display: Found up-to-date module file ../../../Engine/Plugins/Media/WmfMedia/Binaries/Win64/UE4Editor-WmfMediaEditor.dll (API version 3944462).
LogModuleManager: Display: Found up-to-date module file ../../../Engine/Plugins/Media/WmfMedia/Binaries/Win64/UE4Editor-WmfMediaFactory.dll (API version 3944462).
LogModuleManager: Display: Found up-to-date module file ../../../Engine/Plugins/Media/WmfMedia/Binaries/Win64/UE4Editor-WmfMediaFactory.dll (API version 3944462).
LogModuleManager: Display: Found up-to-date module file ../../../Engine/Plugins/Messaging/TcpMessaging/Binaries/Win64/UE4Editor-TcpMessaging.dll (API version 3944462).
LogModuleManager: Display: Found up-to-date module file ../../../Engine/Plugins/Messaging/UdpMessaging/Binaries/Win64/UE4Editor-UdpMessaging.dll (API version 3944462).
LogModuleManager: Display: Found up-to-date module file ../../../Engine/Plugins/MovieScene/ActorSequence/Binaries/Win64/UE4Editor-ActorSequence.dll (API version 3944462).
LogModuleManager: Display: Found up-to-date module file ../../../Engine/Plugins/MovieScene/LevelSequenceEditor/Binaries/Win64/UE4Editor-LevelSequenceEditor.dll (API version 3944462).
LogModuleManager: Display: Found up-to-date module file ../../../Engine/Plugins/MovieScene/MatineeToLevelSequence/Binaries/Win64/UE4Editor-MatineeToLevelSequence.dll (API version 3944462).
LogModuleManager: Display: Found up-to-date module file ../../../Engine/Plugins/NetcodeUnitTest/NetcodeUnitTest/Binaries/Win64/UE4Editor-NetcodeUnitTest.dll (API version 3944462).
LogModuleManager: Display: Found up-to-date module file ../../../Engine/Plugins/NetcodeUnitTest/NUTUnrealEngine4/Binaries/Win64/UE4Editor-NUTUnrealEngine4.dll (API version 3944462).
LogModuleManager: Display: Found up-to-date module file ../../../Engine/Plugins/Online/OnlineSubsystem/Binaries/Win64/UE4Editor-OnlineSubsystem.dll (API version 3944462).
LogModuleManager: Display: Found up-to-date module file ../../../Engine/Plugins/Runtime/AndroidPermission/Binaries/Win64/UE4Editor-AndroidPermission.dll (API version 3944462).
LogModuleManager: Display: Found up-to-date module file ../../../Engine/Plugins/Online/OnlineSubsystemNull/Binaries/Win64/UE4Editor-OnlineSubsystemNull.dll (API version 3944462).
LogModuleManager: Display: Found up-to-date module file ../../../Engine/Plugins/Online/OnlineSubsystemUtils/Binaries/Win64/UE4Editor-OnlineSubsystemUtils.dll (API version 3944462).
LogModuleManager: Display: Found up-to-date module file ../../../Engine/Plugins/Online/OnlineSubsystemUtils/Binaries/Win64/UE4Editor-OnlineBlueprintSupport.dll (API version 3944462).
LogModuleManager: Display: Found up-to-date module file ../../../Engine/Plugins/Runtime/AndroidDeviceProfileSelector/Binaries/Win64/UE4Editor-AndroidDeviceProfileSelector.dll (API version 3944462).
LogModuleManager: Display: Found up-to-date module file ../../../Engine/Plugins/Runtime/AppleARKit/Binaries/Win64/UE4Editor-AppleARKit.dll (API version 3944462).
LogModuleManager: Display: Found up-to-date module file ../../../Engine/Plugins/Runtime/ProceduralMeshComponent/Binaries/Win64/UE4Editor-ProceduralMeshComponent.dll (API version 3944462).
LogModuleManager: Display: Found up-to-date module file ../../../Engine/Plugins/Runtime/ProceduralMeshComponent/Binaries/Win64/UE4Editor-ProceduralMeshComponentEditor.dll (API version 3944462).
LogModuleManager: Display: Found up-to-date module file ../../../Engine/Plugins/Animation/LiveLink/Binaries/Win64/UE4Editor-LiveLink.dll (API version 3944462).
LogModuleManager: Display: Found up-to-date module file ../../../Engine/Plugins/Animation/LiveLink/Binaries/Win64/UE4Editor-LiveLinkEditor.dll (API version 3944462).
LogModuleManager: Display: Found up-to-date module file ../../../Engine/Plugins/Runtime/ArchVisCharacter/Binaries/Win64/UE4Editor-ArchVisCharacter.dll (API version 3944462).
LogModuleManager: Display: Found up-to-date module file ../../../Engine/Plugins/Runtime/AudioCapture/Binaries/Win64/UE4Editor-AudioCapture.dll (API version 3944462).
LogModuleManager: Display: Found up-to-date module file ../../../Engine/Plugins/Runtime/AudioCapture/Binaries/Win64/UE4Editor-AudioCaptureEditor.dll (API version 3944462).
LogModuleManager: Display: Found up-to-date module file ../../../Engine/Plugins/Runtime/CableComponent/Binaries/Win64/UE4Editor-CableComponent.dll (API version 3944462).
LogModuleManager: Display: Found up-to-date module file ../../../Engine/Plugins/Runtime/CustomMeshComponent/Binaries/Win64/UE4Editor-CustomMeshComponent.dll (API version 3944462).
LogModuleManager: Display: Found up-to-date module file ../../../Engine/Plugins/Runtime/ExampleDeviceProfileSelector/Binaries/Win64/UE4Editor-ExampleDeviceProfileSelector.dll (API version 3944462).
LogModuleManager: Display: Found up-to-date module file ../../../Engine/Plugins/Runtime/ImmediatePhysics/Binaries/Win64/UE4Editor-ImmediatePhysics.dll (API version 3944462).
LogModuleManager: Display: Found up-to-date module file ../../../Engine/Plugins/Runtime/ImmediatePhysics/Binaries/Win64/UE4Editor-ImmediatePhysicsEditor.dll (API version 3944462).
LogModuleManager: Display: Found up-to-date module file ../../../Engine/Plugins/Runtime/LocationServicesBPLibrary/Binaries/Win64/UE4Editor-LocationServicesBPLibrary.dll (API version 3944462).
LogModuleManager: Display: Found up-to-date module file ../../../Engine/Plugins/Runtime/MobilePatchingUtils/Binaries/Win64/UE4Editor-MobilePatchingUtils.dll (API version 3944462).
LogModuleManager: Display: Found up-to-date module file ../../../Engine/Plugins/Runtime/Oculus/OculusVR/Binaries/Win64/UE4Editor-OculusHMD.dll (API version 3944462).
LogModuleManager: Display: Found up-to-date module file ../../../Engine/Plugins/Runtime/Oculus/OculusVR/Binaries/Win64/UE4Editor-OculusInput.dll (API version 3944462).
LogModuleManager: Display: Found up-to-date module file ../../../Engine/Plugins/Runtime/Oculus/OculusVR/Binaries/Win64/UE4Editor-OculusEditor.dll (API version 3944462).
LogModuleManager: Display: Found up-to-date module file ../../../Engine/Plugins/Runtime/PhysXVehicles/Binaries/Win64/UE4Editor-PhysXVehicles.dll (API version 3944462).
LogModuleManager: Display: Found up-to-date module file ../../../Engine/Plugins/Runtime/PhysXVehicles/Binaries/Win64/UE4Editor-PhysXVehiclesEditor.dll (API version 3944462).
LogModuleManager: Display: Found up-to-date module file ../../../Engine/Plugins/Runtime/RuntimePhysXCooking/Binaries/Win64/UE4Editor-RuntimePhysXCooking.dll (API version 3944462).
LogModuleManager: Display: Found up-to-date module file ../../../Engine/Plugins/Runtime/Steam/SteamVR/Binaries/Win64/UE4Editor-SteamVR.dll (API version 3944462).
LogModuleManager: Display: Found up-to-date module file ../../../Engine/Plugins/Runtime/Steam/SteamVR/Binaries/Win64/UE4Editor-SteamVRController.dll (API version 3944462).
LogModuleManager: Display: Found up-to-date module file ../../../Engine/Plugins/Runtime/WindowsMoviePlayer/Binaries/Win64/UE4Editor-WindowsMoviePlayer.dll (API version 3944462).
LogPluginManager: Mounting plugin Paper2D
LogPluginManager: Mounting plugin LiveLink
LogPluginManager: Mounting plugin LightPropagationVolume
LogPluginManager: Mounting plugin CLionSourceCodeAccess
LogPluginManager: Mounting plugin CodeLiteSourceCodeAccess
LogPluginManager: Mounting plugin GitSourceControl
LogPluginManager: Mounting plugin KDevelopSourceCodeAccess
LogPluginManager: Mounting plugin NullSourceCodeAccess
LogPluginManager: Mounting plugin PerforceSourceControl
LogPluginManager: Mounting plugin SubversionSourceControl
LogPluginManager: Mounting plugin UObjectPlugin
LogPluginManager: Mounting plugin VisualStudioCodeSourceCodeAccess
LogPluginManager: Mounting plugin VisualStudioSourceCodeAccess
LogPluginManager: Mounting plugin XCodeSourceCodeAccess
LogPluginManager: Mounting plugin AssetManagerEditor
LogPluginManager: Mounting plugin CryptoKeys
LogPluginManager: Mounting plugin DataValidation
LogPluginManager: Mounting plugin FacialAnimation
LogPluginManager: Mounting plugin GameplayTagsEditor
LogPluginManager: Mounting plugin MobileLauncherProfileWizard
LogPluginManager: Mounting plugin PluginBrowser
LogPluginManager: Mounting plugin SpeedTreeImporter
LogPluginManager: Mounting plugin DatasmithContent
LogPluginManager: Mounting plugin AlembicImporter
LogPluginManager: Mounting plugin CharacterAI
LogPluginManager: Mounting plugin HTML5Networking
LogPluginManager: Mounting plugin AndroidMedia
LogPluginManager: Mounting plugin AvfMedia
LogPluginManager: Mounting plugin ImgMedia
LogPluginManager: Mounting plugin LinearTimecode
LogPluginManager: Mounting plugin MediaCompositing
LogPluginManager: Mounting plugin MediaPlayerEditor
LogPluginManager: Mounting plugin WmfMedia
LogPluginManager: Mounting plugin TcpMessaging
LogPluginManager: Mounting plugin UdpMessaging
LogPluginManager: Mounting plugin ActorSequence
LogPluginManager: Mounting plugin LevelSequenceEditor
LogPluginManager: Mounting plugin MatineeToLevelSequence
LogPluginManager: Mounting plugin NetcodeUnitTest
LogPluginManager: Mounting plugin NUTUnrealEngine4
LogPluginManager: Mounting plugin OnlineSubsystemGooglePlay
LogPluginManager: Mounting plugin OnlineSubsystemIOS
LogPluginManager: Mounting plugin OnlineSubsystem
LogPluginManager: Mounting plugin OnlineSubsystemNull
LogPluginManager: Mounting plugin OnlineSubsystemUtils
LogPluginManager: Mounting plugin AndroidDeviceProfileSelector
LogPluginManager: Mounting plugin AndroidMoviePlayer
LogPluginManager: Mounting plugin AndroidPermission
LogPluginManager: Mounting plugin AppleARKit
LogPluginManager: Mounting plugin AppleMoviePlayer
LogPluginManager: Mounting plugin ArchVisCharacter
LogPluginManager: Mounting plugin AudioCapture
LogPluginManager: Mounting plugin CableComponent
LogPluginManager: Mounting plugin CustomMeshComponent
LogPluginManager: Mounting plugin ExampleDeviceProfileSelector
LogPluginManager: Mounting plugin GoogleCloudMessaging
LogPluginManager: Mounting plugin ImmediatePhysics
LogPluginManager: Mounting plugin IOSDeviceProfileSelector
LogPluginManager: Mounting plugin LinuxDeviceProfileSelector
LogPluginManager: Mounting plugin LocationServicesBPLibrary
LogPluginManager: Mounting plugin MobilePatchingUtils
LogPluginManager: Mounting plugin OculusVR
LogPluginManager: Plugin shader directory ../../../Engine/Plugins/Runtime/Oculus/OculusVR/Shaders found
LogPluginManager: Mapping shader source directory ../../../Engine/Plugins/Runtime/Oculus/OculusVR/Shaders to virtual directory /Plugin/OculusVR
LogPluginManager: Mounting plugin PhysXVehicles
LogPluginManager: Mounting plugin ProceduralMeshComponent
LogPluginManager: Mounting plugin RuntimePhysXCooking
LogPluginManager: Mounting plugin SteamVR
LogPluginManager: Mounting plugin WindowsMoviePlayer
LogStreaming: Display: Took  1.661s to configure plugins.
LogInit: Using libcurl 7.47.1
LogInit:  - built for x86_64-pc-win32
LogInit:  - supports SSL with OpenSSL/1.0.2g
LogInit:  - supports HTTP deflate (compression) using libz 1.2.8
LogInit:  - other features:
LogInit:      CURL_VERSION_SSL
LogInit:      CURL_VERSION_LIBZ
LogInit:      CURL_VERSION_IPV6
LogInit:      CURL_VERSION_ASYNCHDNS
LogInit:      CURL_VERSION_LARGEFILE
LogInit:      CURL_VERSION_IDN
LogInit:  CurlRequestOptions (configurable via config and command line):
LogInit:  - bVerifyPeer = false  - Libcurl will NOT verify peer certificate
LogInit:  - bUseHttpProxy = false  - Libcurl will NOT use HTTP proxy
LogInit:  - bDontReuseConnections = false  - Libcurl will reuse connections
LogInit:  - CertBundlePath = nullptr  - Libcurl will use whatever was configured at build time.
LogInit:  - MaxHostConnections = 16  - Libcurl will limit the number of connections to a host
LogInit:  - LocalHostAddr = Default
LogInit: WinSock: version 1.1 (2.2), MaxSocks=32767, MaxUdp=65467
LogInit: WinSock: I am cdm-z77-04 (10.159.23.2:0)
LogInit: Build: ++UE4+Release-4.19-CL-4033788
LogInit: Engine Version: 4.19.2-4033788+++UE4+Release-4.19
LogInit: Compatible Engine Version: 4.19.0-3944462+++UE4+Release-4.19
LogInit: Net CL: 3944462
LogDevObjectVersion: Number of dev versions registered: 18
LogDevObjectVersion:   Dev-Blueprints (B0D832E4-1F89-4F0D-ACCF-7EB736FD4AA2): 10
LogDevObjectVersion:   Dev-Build (E1C64328-A22C-4D53-A36C-8E866417BD8C): 0
LogDevObjectVersion:   Dev-Core (375EC13C-06E4-48FB-B500-84F0262A717E): 2
LogDevObjectVersion:   Dev-Editor (E4B068ED-F494-42E9-A231-DA0B2E46BB41): 23
LogDevObjectVersion:   Dev-Framework (CFFC743F-43B0-4480-9391-14DF171D2073): 33
LogDevObjectVersion:   Dev-Mobile (B02B49B5-BB20-44E9-A304-32B752E40360): 2
LogDevObjectVersion:   Dev-Networking (A4E4105C-59A1-49B5-A7C5-40C4547EDFEE): 0
LogDevObjectVersion:   Dev-Online (39C831C9-5AE6-47DC-9A44-9C173E1C8E7C): 0
LogDevObjectVersion:   Dev-Physics (78F01B33-EBEA-4F98-B9B4-84EACCB95AA2): 0
LogDevObjectVersion:   Dev-Platform (6631380F-2D4D-43E0-8009-CF276956A95A): 0
LogDevObjectVersion:   Dev-Rendering (12F88B9F-8875-4AFC-A67C-D90C383ABD29): 25
LogDevObjectVersion:   Dev-Sequencer (7B5AE74C-D270-4C10-A958-57980B212A5A): 6
LogDevObjectVersion:   Dev-VR (D7296918-1DD6-4BDD-9DE2-64A83CC13884): 1
LogDevObjectVersion:   Dev-LoadTimes (C2A15278-BFE7-4AFE-6C17-90FF531DF755): 1
LogDevObjectVersion:   Private-Geometry (6EACA3D4-40EC-4CC1-B786-8BED09428FC5): 2
LogDevObjectVersion:   Dev-AnimPhys (29E575DD-E0A3-4627-9D10-D276232CDCEA): 16
LogDevObjectVersion:   Dev-ReflectionCapture (6B266CEC-1EC7-4B8F-A30B-E4D90942FC07): 1
LogDevObjectVersion:   Dev-Automation (0DF73D61-A23F-47EA-B727-89E90C41499A): 1
LogInit: Compiled (64-bit): Apr 27 2018 02:06:57
LogInit: Compiled with Visual C++: 19.00.24215.01
LogInit: Build Configuration: Development
LogInit: Branch Name: ++UE4+Release-4.19
LogInit: Command Line:  /Game/Assets/Levels/TestingLevel1 -game -PIEVIACONSOLE -ResX=1280 -ResY=720  -Multiprocess -messaging -SessionName="Play in Standalone Game" -nohmd -windowed 
LogInit: Base Directory: C:/Program Files/Epic Games/UE_4.19/Engine/Binaries/Win64/
LogInit: Installed Engine Build: 1
LogStreaming: Display: Took  0.001s to delete old logs.
LogInit: Presizing for max 8388607 objects, including 0 objects not considered by GC, pre-allocating 0 bytes for permanent pool.
LogInit: Object subsystem initialized
[2018.11.11-20.29.49:982][  0]LogInit: Selected Device Profile: [Windows]
[2018.11.11-20.29.49:982][  0]LogInit: Applying CVar settings loaded from the selected device profile: [Windows]
[2018.11.11-20.29.49:990][  0]LogInit: Computer: CDM-Z77-04
[2018.11.11-20.29.49:990][  0]LogInit: User: user
[2018.11.11-20.29.49:990][  0]LogInit: CPU Page size=4096, Cores=4
[2018.11.11-20.29.49:990][  0]LogInit: High frequency timer resolution =3.330098 MHz
[2018.11.11-20.29.49:990][  0]LogMemory: Memory total: Physical=7.9GB (8GB approx)
[2018.11.11-20.29.49:990][  0]LogMemory: Platform Memory Stats for Windows
[2018.11.11-20.29.49:990][  0]LogMemory: Process Physical Memory: 273.83 MB used, 273.83 MB peak
[2018.11.11-20.29.49:990][  0]LogMemory: Process Virtual Memory: 264.67 MB used, 264.67 MB peak
[2018.11.11-20.29.49:990][  0]LogMemory: Physical Memory: 6176.11 MB used,  1964.21 MB free, 8140.31 MB total
[2018.11.11-20.29.49:990][  0]LogMemory: Virtual Memory: 4795.21 MB used,  1964.21 MB free, 134217728.00 MB total
[2018.11.11-20.29.50:021][  0]LogInit: Using OS detected language (en-US).
[2018.11.11-20.29.50:021][  0]LogInit: Using OS detected locale (en-US).
[2018.11.11-20.29.50:021][  0]LogTextLocalizationManager: No localization for 'en-US' exists, so 'en' will be used for the language.
[2018.11.11-20.29.50:021][  0]LogTextLocalizationManager: No localization for 'en-US' exists, so 'en' will be used for the locale.
[2018.11.11-20.29.50:549][  0]LogStreaming: Display: Took  0.528s to EndInitTextLocalization.
[2018.11.11-20.29.50:579][  0]LogSlate: New Slate User Created.  User Index 0, Is Virtual User: 0
[2018.11.11-20.29.50:579][  0]LogSlate: Slate User Registered.  User Index 0, Is Virtual User: 0
[2018.11.11-20.29.50:582][  0]LogD3D11RHI: D3D11 adapters:
[2018.11.11-20.29.50:681][  0]LogD3D11RHI:    0. 'NVIDIA GeForce GTX 1060 6GB' (Feature Level 11_0)
[2018.11.11-20.29.50:681][  0]LogD3D11RHI:       6052/0/4070 MB DedicatedVideo/DedicatedSystem/SharedSystem, Outputs:1, VendorId:0x10de
[2018.11.11-20.29.50:684][  0]LogD3D11RHI:    1. 'Microsoft Basic Render Driver' (Feature Level 11_0)
[2018.11.11-20.29.50:684][  0]LogD3D11RHI:       0/0/4070 MB DedicatedVideo/DedicatedSystem/SharedSystem, Outputs:0, VendorId:0x1414
[2018.11.11-20.29.50:684][  0]LogD3D11RHI: Chosen D3D11 Adapter: 0
[2018.11.11-20.29.50:694][  0]LogD3D11RHI: Creating new Direct3DDevice
[2018.11.11-20.29.50:694][  0]LogD3D11RHI:     GPU DeviceId: 0x1c03 (for the marketing name, search the web for "GPU Device Id")
[2018.11.11-20.29.50:694][  0]LogWindows: EnumDisplayDevices:
[2018.11.11-20.29.50:694][  0]LogWindows:    0. 'NVIDIA GeForce GTX 1060 6GB' (P:1 D:1)
[2018.11.11-20.29.50:695][  0]LogWindows:    1. 'NVIDIA GeForce GTX 1060 6GB' (P:0 D:0)
[2018.11.11-20.29.50:695][  0]LogWindows:    2. 'NVIDIA GeForce GTX 1060 6GB' (P:0 D:0)
[2018.11.11-20.29.50:695][  0]LogWindows:    3. 'NVIDIA GeForce GTX 1060 6GB' (P:0 D:0)
[2018.11.11-20.29.50:696][  0]LogWindows: DebugString: GetVideoDriverDetailsInvalid PrimaryIsNotTheChoosenAdapter GetVideoDriverDetailsInvalid PrimaryIsNotTheChoosenAdapter GetVideoDriverDetailsInvalid PrimaryIsNotTheChoosenAdapter GetVideoDriverDetailsInvalid PrimaryIsNotTheChoosenAdapter FoundDriverCount:0 
[2018.11.11-20.29.50:696][  0]LogD3D11RHI:     Adapter Name: NVIDIA GeForce GTX 1060 6GB
[2018.11.11-20.29.50:696][  0]LogD3D11RHI:   Driver Version: Unknown (internal:Unknown, unified:Unknown)
[2018.11.11-20.29.50:696][  0]LogD3D11RHI:      Driver Date: Unknown
[2018.11.11-20.29.50:696][  0]LogRHI: Texture pool is 4236 MB (70% of 6052 MB)
[2018.11.11-20.29.50:767][  0]LogD3D11RHI: [Aftermath] Aftermath enabled and primed
[2018.11.11-20.29.50:767][  0]LogD3D11RHI: [Aftermath] Aftermath enabled and primed
[2018.11.11-20.29.50:767][  0]LogD3D11RHI: Async texture creation enabled
[2018.11.11-20.29.50:810][  0]LogD3D11RHI: GPU Timing Frequency: 1000.000000 (Debug: 2 2)
[2018.11.11-20.29.50:813][  0]LogShaderCompilers: Guid format shader working directory is -42 characters bigger than the processId version (../../../../../../Users/user/Documents/GitHub/SomethingSomethingJamming/EpicJamProject/Intermediate/Shaders/WorkingDirectory/10280/).
[2018.11.11-20.29.50:813][  0]LogShaderCompilers: Cleaned the shader compiler working directory 'C:/Users/user/AppData/Local/Temp/UnrealShaderWorkingDir/5D9C9AA14536543ED022118357BC6269/'.
[2018.11.11-20.29.51:104][  0]LogTemp: Display: Loaded TP WindowsClientTargetPlatform
[2018.11.11-20.29.51:121][  0]LogTemp: Display: Loaded TP WindowsNoEditorTargetPlatform
[2018.11.11-20.29.51:138][  0]LogTemp: Display: Loaded TP WindowsServerTargetPlatform
[2018.11.11-20.29.51:156][  0]LogTemp: Display: Loaded TP WindowsTargetPlatform
[2018.11.11-20.29.51:156][  0]LogTargetPlatformManager: Display: Building Assets For Windows
[2018.11.11-20.29.51:321][  0]LogXGEController: Cannot use XGE Controller as Incredibuild is not installed on this machine.
[2018.11.11-20.29.51:321][  0]LogShaderCompilers: Cannot use XGE Shader Compiler as Incredibuild is not installed on this machine.
[2018.11.11-20.29.51:321][  0]LogShaderCompilers: Display: Using Local Shader Compiler.
[2018.11.11-20.29.52:236][  0]LogDerivedDataCache: Display: Max Cache Size: 512 MB
[2018.11.11-20.29.52:347][  0]LogDerivedDataCache: Loaded boot cache 0.11s 74MB C:/Users/user/AppData/Local/UnrealEngine/4.19/DerivedDataCache/Boot.ddc.
[2018.11.11-20.29.52:347][  0]LogDerivedDataCache: Display: Loaded Boot cache: C:/Users/user/AppData/Local/UnrealEngine/4.19/DerivedDataCache/Boot.ddc
[2018.11.11-20.29.52:347][  0]LogDerivedDataCache: FDerivedDataBackendGraph:  Pak pak cache file ../../../../../../Users/user/Documents/GitHub/SomethingSomethingJamming/EpicJamProject/DerivedDataCache/DDC.ddp not found, will not use a pak cache.
[2018.11.11-20.29.52:347][  0]LogDerivedDataCache: Unable to find inner node Pak for hierarchical cache Hierarchy.
[2018.11.11-20.29.52:347][  0]LogDerivedDataCache: FDerivedDataBackendGraph:  CompressedPak pak cache file ../../../../../../Users/user/Documents/GitHub/SomethingSomethingJamming/EpicJamProject/DerivedDataCache/Compressed.ddp not found, will not use a pak cache.
[2018.11.11-20.29.52:347][  0]LogDerivedDataCache: Unable to find inner node CompressedPak for hierarchical cache Hierarchy.
[2018.11.11-20.29.52:367][  0]LogDerivedDataCache: Display: Pak cache opened for reading ../../../Engine/DerivedDataCache/Compressed.ddp.
[2018.11.11-20.29.52:379][  0]LogDerivedDataCache: Using Local data cache path C:/Users/user/AppData/Local/UnrealEngine/Common/DerivedDataCache: Writable
[2018.11.11-20.29.52:379][  0]LogDerivedDataCache: Shared data cache path not found in *engine.ini, will not use an Shared cache.
[2018.11.11-20.29.52:379][  0]LogDerivedDataCache: Unable to find inner node Shared for hierarchical cache Hierarchy.
[2018.11.11-20.29.52:394][  0]LogMaterial: Verifying Global Shaders for PCD3D_SM5
[2018.11.11-20.29.52:394][  0]LogSlate: Using Freetype 2.6.0
[2018.11.11-20.29.52:395][  0]LogSlate: SlateFontCache - WITH_FREETYPE: 1, WITH_HARFBUZZ: 1
[2018.11.11-20.29.52:395][  0]LogSlate: SlateFontCache - WITH_FREETYPE: 1, WITH_HARFBUZZ: 1
[2018.11.11-20.29.52:547][  0]LogAssetRegistry: FAssetRegistry took 0.0059 seconds to start up
[2018.11.11-20.29.52:859][  0]LogPackageLocalizationCache: Processed 9 localized package path(s) for 1 prioritized culture(s) in 0.010834 seconds
[2018.11.11-20.29.53:002][  0]LogInit: Selected Device Profile: [Windows]
[2018.11.11-20.29.53:189][  0]LogSimplygon: Simplygon DLL not present - disabling.
[2018.11.11-20.29.53:194][  0]LogMeshReduction: Using SimplygonSwarm for distributed automatic mesh merging
[2018.11.11-20.29.53:194][  0]LogMeshReduction: Using QuadricMeshReduction for automatic static mesh reduction
[2018.11.11-20.29.53:194][  0]LogMeshReduction: No automatic skeletal mesh reduction module available
[2018.11.11-20.29.53:194][  0]LogMeshReduction: No automatic mesh merging module available
[2018.11.11-20.29.53:194][  0]LogMeshMerging: No automatic mesh merging module available
[2018.11.11-20.29.53:237][  0]LogNetVersion: EpicJamProject , NetCL: 3944462, EngineNetVer: 2, GameNetVer: 0 (Checksum: 1335748515)
[2018.11.11-20.29.54:111][  0]LogMoviePlayer: Initializing movie player
[2018.11.11-20.29.54:478][  0]LogTcpMessaging: Initializing TcpMessaging bridge
[2018.11.11-20.29.54:517][  0]LogUdpMessaging: Initializing bridge on interface 0.0.0.0:0 to multicast group 230.0.0.1:6666.
[2018.11.11-20.29.54:852][  0]SourceControl: Source control is disabled
[2018.11.11-20.29.54:852][  0]SourceControl: Source control is disabled
[2018.11.11-20.29.54:877][  0]SourceControl: Source control is disabled
[2018.11.11-20.29.55:359][  0]LogAndroidPermission: UAndroidPermissionCallbackProxy::GetInstance
[2018.11.11-20.29.55:611][  0]LogOcInput: OculusInput pre-init called
[2018.11.11-20.29.55:669][  0]LogUObjectArray: 40124 objects as part of root set at end of initial load.
[2018.11.11-20.29.55:669][  0]LogUObjectAllocator: 8364200 out of 0 bytes used by permanent object pool.
[2018.11.11-20.29.55:669][  0]LogUObjectArray: CloseDisregardForGC: 0/0 objects in disregard for GC pool
[2018.11.11-20.29.55:730][  0]LogEngine: Initializing Engine...
[2018.11.11-20.29.55:743][  0]LogStats: UGameplayTagsManager::ConstructGameplayTagTree: Construct from data asset -  0.000 s
[2018.11.11-20.29.55:743][  0]LogStats: UGameplayTagsManager::ConstructGameplayTagTree: GameplayTagTreeChangedEvent.Broadcast -  0.000 s
[2018.11.11-20.29.55:987][  0]LogInit: XAudio2 using 'Digital Audio (S/PDIF) (2- High Definition Audio Device)' : 2 channels at 48 kHz using 16 bits per sample (channel mask 0x3)
[2018.11.11-20.29.56:012][  0]LogInit: FAudioDevice initialized.
[2018.11.11-20.29.56:038][  0]LogInit: Texture streaming: Enabled
[2018.11.11-20.29.56:198][  0]LogInit: Display: Game Engine Initialized.
[2018.11.11-20.29.56:198][  0]LogGameplayTags: Display: UGameplayTagsManager::DoneAddingNativeTags. DelegateIsBound: 0
[2018.11.11-20.29.56:198][  0]LogStats: UGameplayTagsManager::ConstructGameplayTagTree: Construct from data asset -  0.000 s
[2018.11.11-20.29.56:198][  0]LogStats: UGameplayTagsManager::ConstructGameplayTagTree: GameplayTagTreeChangedEvent.Broadcast -  0.000 s
[2018.11.11-20.29.56:340][  0]LogInit: Display: Starting Game.
[2018.11.11-20.29.56:340][  0]LogNet: Browse: /Game/Assets/Levels/TestingLevel1?Name=Player
[2018.11.11-20.29.56:341][  0]LogLoad: LoadMap: /Game/Assets/Levels/TestingLevel1?Name=Player
[2018.11.11-20.29.56:354][  0]LogUObjectGlobals: Created PersistentFrame Addr=0x00000153efc69b10, Size=24, Default__TestingLevel1_C Function /Game/Assets/Levels/TestingLevel1.TestingLevel1_C:ExecuteUbergraph_TestingLevel1
[2018.11.11-20.29.56:356][  0]LogUObjectGlobals: Created PersistentFrame Addr=0x00000153efca3160, Size=48, Default__SimpleUI_C Function /Game/Assets/UserInterface/SimpleUI.SimpleUI_C:ExecuteUbergraph_SimpleUI
[2018.11.11-20.29.56:358][  0]LogUObjectGlobals: Created PersistentFrame Addr=0x00000153f0590100, Size=188, Default__MainCharacter_C Function /Game/Assets/Blueprints/MainCharacter.MainCharacter_C:ExecuteUbergraph_MainCharacter
[2018.11.11-20.29.56:440][  0]LogUObjectGlobals: Created PersistentFrame Addr=0x00000153efc9bb30, Size=112, Default__Portal_C Function /Game/Assets/Blueprints/Portal.Portal_C:ExecuteUbergraph_Portal
[2018.11.11-20.29.56:468][  0]LogUObjectGlobals: Destroyed PersistentFrame Addr=0x00000153f0590100, Size=188
[2018.11.11-20.29.56:468][  0]LogUObjectGlobals: Created PersistentFrame Addr=0x00000153f00f01c0, Size=188, Default__MainCharacter_C Function /Engine/Transient.REINST_MainCharacter_C_4:ExecuteUbergraph_MainCharacter
[2018.11.11-20.29.56:468][  0]LogUObjectGlobals: Destroyed PersistentFrame Addr=0x00000153efc9bb30, Size=112
[2018.11.11-20.29.56:468][  0]LogUObjectGlobals: Created PersistentFrame Addr=0x00000153efc9bb30, Size=112, Default__Portal_C Function /Engine/Transient.REINST_Portal_C_5:ExecuteUbergraph_Portal
[2018.11.11-20.29.56:469][  0]LogUObjectGlobals: Destroyed PersistentFrame Addr=0x00000153efca3160, Size=48
[2018.11.11-20.29.56:469][  0]LogUObjectGlobals: Created PersistentFrame Addr=0x00000153efca3160, Size=48, Default__SimpleUI_C Function /Engine/Transient.REINST_SimpleUI_C_0:ExecuteUbergraph_SimpleUI
[2018.11.11-20.29.56:496][  0]LogUObjectGlobals: Created PersistentFrame Addr=0x00000153e615a680, Size=188, Default__MainCharacter_C Function /Game/Assets/Blueprints/MainCharacter.MainCharacter_C:ExecuteUbergraph_MainCharacter
[2018.11.11-20.29.56:498][  0]LogUObjectGlobals: Created PersistentFrame Addr=0x00000153ecc17280, Size=120, Default__Portal_C Function /Game/Assets/Blueprints/Portal.Portal_C:ExecuteUbergraph_Portal
[2018.11.11-20.29.56:499][  0]LogUObjectGlobals: Created PersistentFrame Addr=0x00000153e6117550, Size=48, Default__SimpleUI_C Function /Game/Assets/UserInterface/SimpleUI.SimpleUI_C:ExecuteUbergraph_SimpleUI
[2018.11.11-20.29.56:504][  0]LogUObjectGlobals: Destroyed PersistentFrame Addr=0x00000153efc69b10, Size=24
[2018.11.11-20.29.56:504][  0]LogUObjectGlobals: Created PersistentFrame Addr=0x00000153e61db520, Size=24, Default__TestingLevel1_C Function /Engine/Transient.REINST_TestingLevel1_C_14:ExecuteUbergraph_TestingLevel1
[2018.11.11-20.29.56:505][  0]LogUObjectGlobals: Created PersistentFrame Addr=0x00000153e61dada0, Size=24, Default__TestingLevel1_C Function /Game/Assets/Levels/TestingLevel1.TestingLevel1_C:ExecuteUbergraph_TestingLevel1
[2018.11.11-20.29.56:583][  0]LogAIModule: Creating AISystem for world TestingLevel1
[2018.11.11-20.29.56:583][  0]LogUObjectGlobals: Warning: Failed to find object 'Class None.'
[2018.11.11-20.29.56:583][  0]LogLoad: Game class is 'GameModeBase'
[2018.11.11-20.29.56:592][  0]LogWorld: Bringing World /Game/Assets/Levels/TestingLevel1.TestingLevel1 up for play (max tick rate 0) at 2018.11.11-12.29.56
[2018.11.11-20.29.56:593][  0]LogWorld: Bringing up level for play took: 0.008760
[2018.11.11-20.29.56:595][  0]LogPrimitiveComponent: Warning: CreateDynamicMaterialInstance on /Game/Assets/Levels/TestingLevel1.TestingLevel1:PersistentLevel.Portal_1237.Plane: Material index -1 is invalid.
[2018.11.11-20.29.56:596][  0]LogLoad: Took 0.255365 seconds to LoadMap(/Game/Assets/Levels/TestingLevel1)
[2018.11.11-20.29.56:653][  0]LogLoad: (Engine Initialization) Total time: 10.44 seconds
[2018.11.11-20.29.56:653][  0]LogLoad: (Engine Initialization) Total Blueprint compile time: 0.00 seconds
[2018.11.11-20.29.56:705][  0]LogRenderer: Reallocating scene render targets to support 256x256 Format 10 NumSamples 1 (Frame:1).
[2018.11.11-20.29.56:736][  0]LogRenderer: Reallocating scene render targets to support 1280x720 Format 10 NumSamples 1 (Frame:1).
[2018.11.11-20.29.56:779][  0]LogWindowsTextInputMethodSystem: Display: IME system now deactivated.
[2018.11.11-20.29.56:854][  0]LogOcInput: OculusInput is initialized
[2018.11.11-20.29.56:859][  0]LogContentStreaming: Texture pool size now 1000 MB
[2018.11.11-20.29.56:938][  1]LogBlueprintUserMessages: [Portal_1237] Plane Width: 0.283019
[2018.11.11-20.29.56:953][  2]LogBlueprintUserMessages: [Portal_1237] Plane Width: 4.14409
[2018.11.11-20.29.56:969][  3]LogBlueprintUserMessages: [Portal_1237] Plane Width: 8.20198
[2018.11.11-20.29.56:985][  4]LogBlueprintUserMessages: [Portal_1237] Plane Width: 52.981789
[2018.11.11-20.29.57:001][  5]LogBlueprintUserMessages: [Portal_1237] Plane Width: -2.988338
[2018.11.11-20.29.57:017][  6]LogBlueprintUserMessages: [Portal_1237] Plane Width: -3.846016
[2018.11.11-20.29.57:034][  7]LogBlueprintUserMessages: [Portal_1237] Plane Width: -5.387537
[2018.11.11-20.29.57:050][  8]LogBlueprintUserMessages: [Portal_1237] Plane Width: -9.363546
[2018.11.11-20.29.57:066][  9]LogBlueprintUserMessages: [Portal_1237] Plane Width: -17.430992
[2018.11.11-20.29.57:082][ 10]LogBlueprintUserMessages: [Portal_1237] Plane Width: -70.875107
[2018.11.11-20.29.57:098][ 11]LogBlueprintUserMessages: [Portal_1237] Plane Width: 0.0
[2018.11.11-20.29.57:114][ 12]LogBlueprintUserMessages: [Portal_1237] Plane Width: 0.0
[2018.11.11-20.29.57:130][ 13]LogBlueprintUserMessages: [Portal_1237] Plane Width: 0.0
[2018.11.11-20.29.57:146][ 14]LogBlueprintUserMessages: [Portal_1237] Plane Width: 0.0
[2018.11.11-20.29.57:163][ 15]LogBlueprintUserMessages: [Portal_1237] Plane Width: 0.0
[2018.11.11-20.29.57:179][ 16]LogBlueprintUserMessages: [Portal_1237] Plane Width: 0.0
[2018.11.11-20.29.57:195][ 17]LogBlueprintUserMessages: [Portal_1237] Plane Width: 0.0
[2018.11.11-20.29.57:211][ 18]LogBlueprintUserMessages: [Portal_1237] Plane Width: 0.0
[2018.11.11-20.29.57:227][ 19]LogBlueprintUserMessages: [Portal_1237] Plane Width: 0.0
[2018.11.11-20.29.57:243][ 20]LogBlueprintUserMessages: [Portal_1237] Plane Width: 0.0
[2018.11.11-20.29.57:260][ 21]LogBlueprintUserMessages: [Portal_1237] Plane Width: 0.0
[2018.11.11-20.29.57:276][ 22]LogBlueprintUserMessages: [Portal_1237] Plane Width: -86.339973
[2018.11.11-20.29.57:292][ 23]LogBlueprintUserMessages: [Portal_1237] Plane Width: -22.137032
[2018.11.11-20.29.57:308][ 24]LogBlueprintUserMessages: [Portal_1237] Plane Width: -12.27394
[2018.11.11-20.29.57:324][ 25]LogBlueprintUserMessages: [Portal_1237] Plane Width: -9.437599
[2018.11.11-20.29.57:340][ 26]LogBlueprintUserMessages: [Portal_1237] Plane Width: -7.15978
[2018.11.11-20.29.57:357][ 27]LogBlueprintUserMessages: [Portal_1237] Plane Width: -5.723248
[2018.11.11-20.29.57:373][ 28]LogBlueprintUserMessages: [Portal_1237] Plane Width: -4.723697
[2018.11.11-20.29.57:389][ 29]LogBlueprintUserMessages: [Portal_1237] Plane Width: -4.200297
[2018.11.11-20.29.57:405][ 30]LogBlueprintUserMessages: [Portal_1237] Plane Width: -3.819911
[2018.11.11-20.29.57:421][ 31]LogBlueprintUserMessages: [Portal_1237] Plane Width: -3.509443
[2018.11.11-20.29.57:437][ 32]LogBlueprintUserMessages: [Portal_1237] Plane Width: -3.190941
[2018.11.11-20.29.57:453][ 33]LogBlueprintUserMessages: [Portal_1237] Plane Width: -2.982778
[2018.11.11-20.29.57:469][ 34]LogBlueprintUserMessages: [Portal_1237] Plane Width: -2.857079
[2018.11.11-20.29.57:485][ 35]LogBlueprintUserMessages: [Portal_1237] Plane Width: -2.782758
[2018.11.11-20.29.57:501][ 36]LogBlueprintUserMessages: [Portal_1237] Plane Width: -2.720457
[2018.11.11-20.29.57:517][ 37]LogBlueprintUserMessages: [Portal_1237] Plane Width: -2.7539
[2018.11.11-20.29.57:534][ 38]LogBlueprintUserMessages: [Portal_1237] Plane Width: -2.735995
[2018.11.11-20.29.57:550][ 39]LogBlueprintUserMessages: [Portal_1237] Plane Width: -2.739568
[2018.11.11-20.29.57:566][ 40]LogBlueprintUserMessages: [Portal_1237] Plane Width: -2.705494
[2018.11.11-20.29.57:582][ 41]LogBlueprintUserMessages: [Portal_1237] Plane Width: -2.617783
[2018.11.11-20.29.57:598][ 42]LogBlueprintUserMessages: [Portal_1237] Plane Width: -2.498202
[2018.11.11-20.29.57:614][ 43]LogBlueprintUserMessages: [Portal_1237] Plane Width: -2.381032
[2018.11.11-20.29.57:631][ 44]LogBlueprintUserMessages: [Portal_1237] Plane Width: -2.277633
[2018.11.11-20.29.57:647][ 45]LogBlueprintUserMessages: [Portal_1237] Plane Width: -2.173663
[2018.11.11-20.29.57:663][ 46]LogBlueprintUserMessages: [Portal_1237] Plane Width: -1.992458
[2018.11.11-20.29.57:679][ 47]LogBlueprintUserMessages: [Portal_1237] Plane Width: 32.236763
[2018.11.11-20.29.57:695][ 48]LogBlueprintUserMessages: [Portal_1237] Plane Width: 10.025528
[2018.11.11-20.29.57:711][ 49]LogBlueprintUserMessages: [Portal_1237] Plane Width: 5.518748
[2018.11.11-20.29.57:727][ 50]LogBlueprintUserMessages: [Portal_1237] Plane Width: 3.320913
[2018.11.11-20.29.57:743][ 51]LogBlueprintUserMessages: [Portal_1237] Plane Width: 2.287574
[2018.11.11-20.29.57:759][ 52]LogBlueprintUserMessages: [Portal_1237] Plane Width: 1.654177
[2018.11.11-20.29.57:776][ 53]LogBlueprintUserMessages: [Portal_1237] Plane Width: 1.229084
[2018.11.11-20.29.57:792][ 54]LogBlueprintUserMessages: [Portal_1237] Plane Width: 0.918264
[2018.11.11-20.29.57:808][ 55]LogBlueprintUserMessages: [Portal_1237] Plane Width: 0.706093
[2018.11.11-20.29.57:824][ 56]LogBlueprintUserMessages: [Portal_1237] Plane Width: 0.572094
[2018.11.11-20.29.57:840][ 57]LogBlueprintUserMessages: [Portal_1237] Plane Width: 0.471155
[2018.11.11-20.29.57:856][ 58]LogBlueprintUserMessages: [Portal_1237] Plane Width: 0.400199
[2018.11.11-20.29.57:873][ 59]LogBlueprintUserMessages: [Portal_1237] Plane Width: 0.361832
[2018.11.11-20.29.57:889][ 60]LogBlueprintUserMessages: [Portal_1237] Plane Width: 0.340504
[2018.11.11-20.29.57:905][ 61]LogBlueprintUserMessages: [Portal_1237] Plane Width: 0.331632
[2018.11.11-20.29.57:921][ 62]LogBlueprintUserMessages: [Portal_1237] Plane Width: 0.331165
[2018.11.11-20.29.57:937][ 63]LogBlueprintUserMessages: [Portal_1237] Plane Width: 0.336923
[2018.11.11-20.29.57:953][ 64]LogBlueprintUserMessages: [Portal_1237] Plane Width: 0.348102
[2018.11.11-20.29.57:969][ 65]LogBlueprintUserMessages: [Portal_1237] Plane Width: 0.359811
[2018.11.11-20.29.57:985][ 66]LogBlueprintUserMessages: [Portal_1237] Plane Width: 0.37908
[2018.11.11-20.29.58:002][ 67]LogBlueprintUserMessages: [Portal_1237] Plane Width: 0.399989
[2018.11.11-20.29.58:018][ 68]LogBlueprintUserMessages: [Portal_1237] Plane Width: 0.422471
[2018.11.11-20.29.58:034][ 69]LogBlueprintUserMessages: [Portal_1237] Plane Width: 0.448431
[2018.11.11-20.29.58:050][ 70]LogBlueprintUserMessages: [Portal_1237] Plane Width: 0.474797
[2018.11.11-20.29.58:066][ 71]LogBlueprintUserMessages: [Portal_1237] Plane Width: 0.503879
[2018.11.11-20.29.58:082][ 72]LogBlueprintUserMessages: [Portal_1237] Plane Width: 0.5365
[2018.11.11-20.29.58:098][ 73]LogBlueprintUserMessages: [Portal_1237] Plane Width: 0.578698
[2018.11.11-20.29.58:115][ 74]LogBlueprintUserMessages: [Portal_1237] Plane Width: 0.610616
[2018.11.11-20.29.58:131][ 75]LogBlueprintUserMessages: [Portal_1237] Plane Width: 0.634969
[2018.11.11-20.29.58:147][ 76]LogBlueprintUserMessages: [Portal_1237] Plane Width: 0.659157
[2018.11.11-20.29.58:163][ 77]LogBlueprintUserMessages: [Portal_1237] Plane Width: 0.683039
[2018.11.11-20.29.58:180][ 78]LogBlueprintUserMessages: [Portal_1237] Plane Width: 0.686372
[2018.11.11-20.29.58:195][ 79]LogBlueprintUserMessages: [Portal_1237] Plane Width: 0.689382
[2018.11.11-20.29.58:211][ 80]LogBlueprintUserMessages: [Portal_1237] Plane Width: 0.69691
[2018.11.11-20.29.58:227][ 81]LogBlueprintUserMessages: [Portal_1237] Plane Width: 0.68887
[2018.11.11-20.29.58:243][ 82]LogBlueprintUserMessages: [Portal_1237] Plane Width: 0.671123
[2018.11.11-20.29.58:260][ 83]LogBlueprintUserMessages: [Portal_1237] Plane Width: 0.643164
[2018.11.11-20.29.58:276][ 84]LogBlueprintUserMessages: [Portal_1237] Plane Width: 0.604758
[2018.11.11-20.29.58:292][ 85]LogBlueprintUserMessages: [Portal_1237] Plane Width: 0.550276
[2018.11.11-20.29.58:308][ 86]LogBlueprintUserMessages: [Portal_1237] Plane Width: 0.498913
[2018.11.11-20.29.58:324][ 87]LogBlueprintUserMessages: [Portal_1237] Plane Width: 0.454639
[2018.11.11-20.29.58:340][ 88]LogBlueprintUserMessages: [Portal_1237] Plane Width: 0.411017
[2018.11.11-20.29.58:356][ 89]LogBlueprintUserMessages: [Portal_1237] Plane Width: 0.362451
[2018.11.11-20.29.58:373][ 90]LogBlueprintUserMessages: [Portal_1237] Plane Width: 0.323693
[2018.11.11-20.29.58:389][ 91]LogBlueprintUserMessages: [Portal_1237] Plane Width: 0.294111
[2018.11.11-20.29.58:405][ 92]LogBlueprintUserMessages: [Portal_1237] Plane Width: 0.269593
[2018.11.11-20.29.58:421][ 93]LogBlueprintUserMessages: [Portal_1237] Plane Width: 0.251819
[2018.11.11-20.29.58:437][ 94]LogBlueprintUserMessages: [Portal_1237] Plane Width: 0.237946
[2018.11.11-20.29.58:453][ 95]LogBlueprintUserMessages: [Portal_1237] Plane Width: 0.228939
[2018.11.11-20.29.58:469][ 96]LogBlueprintUserMessages: [Portal_1237] Plane Width: 0.224763
[2018.11.11-20.29.58:486][ 97]LogBlueprintUserMessages: [Portal_1237] Plane Width: 0.222216
[2018.11.11-20.29.58:502][ 98]LogBlueprintUserMessages: [Portal_1237] Plane Width: 0.221931
[2018.11.11-20.29.58:518][ 99]LogBlueprintUserMessages: [Portal_1237] Plane Width: 0.222793
[2018.11.11-20.29.58:534][100]LogBlueprintUserMessages: [Portal_1237] Plane Width: 0.223966
[2018.11.11-20.29.58:550][101]LogBlueprintUserMessages: [Portal_1237] Plane Width: 0.226064
[2018.11.11-20.29.58:566][102]LogBlueprintUserMessages: [Portal_1237] Plane Width: 0.228275
[2018.11.11-20.29.58:582][103]LogBlueprintUserMessages: [Portal_1237] Plane Width: 0.229556
[2018.11.11-20.29.58:599][104]LogBlueprintUserMessages: [Portal_1237] Plane Width: 0.232467
[2018.11.11-20.29.58:615][105]LogBlueprintUserMessages: [Portal_1237] Plane Width: 0.235346
[2018.11.11-20.29.58:631][106]LogBlueprintUserMessages: [Portal_1237] Plane Width: 0.237267
[2018.11.11-20.29.58:647][107]LogBlueprintUserMessages: [Portal_1237] Plane Width: 0.23982
[2018.11.11-20.29.58:663][108]LogBlueprintUserMessages: [Portal_1237] Plane Width: 0.241124
[2018.11.11-20.29.58:679][109]LogBlueprintUserMessages: [Portal_1237] Plane Width: 0.241282
[2018.11.11-20.29.58:695][110]LogBlueprintUserMessages: [Portal_1237] Plane Width: 0.242279
[2018.11.11-20.29.58:711][111]LogBlueprintUserMessages: [Portal_1237] Plane Width: 0.243523
[2018.11.11-20.29.58:728][112]LogBlueprintUserMessages: [Portal_1237] Plane Width: 0.243523
[2018.11.11-20.29.58:744][113]LogBlueprintUserMessages: [Portal_1237] Plane Width: 0.243307
[2018.11.11-20.29.58:760][114]LogBlueprintUserMessages: [Portal_1237] Plane Width: 0.243307
[2018.11.11-20.29.58:776][115]LogBlueprintUserMessages: [Portal_1237] Plane Width: 0.243307
[2018.11.11-20.29.58:792][116]LogBlueprintUserMessages: [Portal_1237] Plane Width: 0.243307
[2018.11.11-20.29.58:808][117]LogBlueprintUserMessages: [Portal_1237] Plane Width: 0.243307
[2018.11.11-20.29.58:824][118]LogBlueprintUserMessages: [Portal_1237] Plane Width: 0.243307
[2018.11.11-20.29.58:840][119]LogBlueprintUserMessages: [Portal_1237] Plane Width: 0.243307
[2018.11.11-20.29.58:857][120]LogBlueprintUserMessages: [Portal_1237] Plane Width: 0.243307
[2018.11.11-20.29.58:873][121]LogBlueprintUserMessages: [Portal_1237] Plane Width: 0.243093
[2018.11.11-20.29.58:889][122]LogBlueprintUserMessages: [Portal_1237] Plane Width: 0.243093
[2018.11.11-20.29.58:905][123]LogBlueprintUserMessages: [Portal_1237] Plane Width: 0.242048
[2018.11.11-20.29.58:921][124]LogBlueprintUserMessages: [Portal_1237] Plane Width: 0.238177
[2018.11.11-20.29.58:937][125]LogBlueprintUserMessages: [Portal_1237] Plane Width: 0.232628
[2018.11.11-20.29.58:953][126]LogBlueprintUserMessages: [Portal_1237] Plane Width: 0.225288
[2018.11.11-20.29.58:969][127]LogBlueprintUserMessages: [Portal_1237] Plane Width: 0.218108
[2018.11.11-20.29.58:985][128]LogBlueprintUserMessages: [Portal_1237] Plane Width: 0.212408
[2018.11.11-20.29.59:002][129]LogBlueprintUserMessages: [Portal_1237] Plane Width: 0.207917
[2018.11.11-20.29.59:017][130]LogBlueprintUserMessages: [Portal_1237] Plane Width: 0.203859
[2018.11.11-20.29.59:033][131]LogBlueprintUserMessages: [Portal_1237] Plane Width: 0.200985
[2018.11.11-20.29.59:050][132]LogBlueprintUserMessages: [Portal_1237] Plane Width: 0.199075
[2018.11.11-20.29.59:066][133]LogBlueprintUserMessages: [Portal_1237] Plane Width: 0.197637
[2018.11.11-20.29.59:082][134]LogBlueprintUserMessages: [Portal_1237] Plane Width: 0.196948
[2018.11.11-20.29.59:098][135]LogBlueprintUserMessages: [Portal_1237] Plane Width: 0.195498
[2018.11.11-20.29.59:114][136]LogBlueprintUserMessages: [Portal_1237] Plane Width: 0.195498
[2018.11.11-20.29.59:130][137]LogBlueprintUserMessages: [Portal_1237] Plane Width: 0.195498
[2018.11.11-20.29.59:147][138]LogBlueprintUserMessages: [Portal_1237] Plane Width: 0.195498
[2018.11.11-20.29.59:163][139]LogBlueprintUserMessages: [Portal_1237] Plane Width: 0.195498
[2018.11.11-20.29.59:179][140]LogBlueprintUserMessages: [Portal_1237] Plane Width: 0.195498
[2018.11.11-20.29.59:195][141]LogBlueprintUserMessages: [Portal_1237] Plane Width: 0.195498
[2018.11.11-20.29.59:211][142]LogBlueprintUserMessages: [Portal_1237] Plane Width: 0.195498
[2018.11.11-20.29.59:227][143]LogBlueprintUserMessages: [Portal_1237] Plane Width: 0.195498
[2018.11.11-20.29.59:243][144]LogBlueprintUserMessages: [Portal_1237] Plane Width: 0.195498
[2018.11.11-20.29.59:260][145]LogBlueprintUserMessages: [Portal_1237] Plane Width: 0.195498
[2018.11.11-20.29.59:276][146]LogBlueprintUserMessages: [Portal_1237] Plane Width: 0.194363
[2018.11.11-20.29.59:292][147]LogBlueprintUserMessages: [Portal_1237] Plane Width: 0.193514
[2018.11.11-20.29.59:308][148]LogBlueprintUserMessages: [Portal_1237] Plane Width: 0.19169
[2018.11.11-20.29.59:324][149]LogBlueprintUserMessages: [Portal_1237] Plane Width: 0.190556
[2018.11.11-20.29.59:341][150]LogBlueprintUserMessages: [Portal_1237] Plane Width: 0.19124
[2018.11.11-20.29.59:357][151]LogBlueprintUserMessages: [Portal_1237] Plane Width: 0.194444
[2018.11.11-20.29.59:373][152]LogBlueprintUserMessages: [Portal_1237] Plane Width: 0.200557
[2018.11.11-20.29.59:389][153]LogBlueprintUserMessages: [Portal_1237] Plane Width: 0.207564
[2018.11.11-20.29.59:405][154]LogBlueprintUserMessages: [Portal_1237] Plane Width: 0.213868
[2018.11.11-20.29.59:421][155]LogBlueprintUserMessages: [Portal_1237] Plane Width: 0.217992
[2018.11.11-20.29.59:437][156]LogBlueprintUserMessages: [Portal_1237] Plane Width: 0.221357
[2018.11.11-20.29.59:453][157]LogBlueprintUserMessages: [Portal_1237] Plane Width: 0.223206
[2018.11.11-20.29.59:470][158]LogBlueprintUserMessages: [Portal_1237] Plane Width: 0.225653
[2018.11.11-20.29.59:486][159]LogBlueprintUserMessages: [Portal_1237] Plane Width: 0.227725
[2018.11.11-20.29.59:502][160]LogBlueprintUserMessages: [Portal_1237] Plane Width: 0.231029
[2018.11.11-20.29.59:518][161]LogBlueprintUserMessages: [Portal_1237] Plane Width: 0.236451
[2018.11.11-20.29.59:534][162]LogBlueprintUserMessages: [Portal_1237] Plane Width: 0.240395
[2018.11.11-20.29.59:550][163]LogBlueprintUserMessages: [Portal_1237] Plane Width: 0.243897
[2018.11.11-20.29.59:566][164]LogBlueprintUserMessages: [Portal_1237] Plane Width: 0.245348
[2018.11.11-20.29.59:582][165]LogBlueprintUserMessages: [Portal_1237] Plane Width: 0.245348
[2018.11.11-20.29.59:599][166]LogBlueprintUserMessages: [Portal_1237] Plane Width: 0.245348
[2018.11.11-20.29.59:615][167]LogBlueprintUserMessages: [Portal_1237] Plane Width: 0.245139
[2018.11.11-20.29.59:631][168]LogBlueprintUserMessages: [Portal_1237] Plane Width: 0.244204
[2018.11.11-20.29.59:647][169]LogBlueprintUserMessages: [Portal_1237] Plane Width: 0.24328
[2018.11.11-20.29.59:663][170]LogBlueprintUserMessages: [Portal_1237] Plane Width: 0.241915
[2018.11.11-20.29.59:679][171]LogBlueprintUserMessages: [Portal_1237] Plane Width: 0.240132
[2018.11.11-20.29.59:695][172]LogBlueprintUserMessages: [Portal_1237] Plane Width: 0.236337
[2018.11.11-20.29.59:712][173]LogBlueprintUserMessages: [Portal_1237] Plane Width: 0.230077
[2018.11.11-20.29.59:728][174]LogBlueprintUserMessages: [Portal_1237] Plane Width: 0.223055
[2018.11.11-20.29.59:744][175]LogBlueprintUserMessages: [Portal_1237] Plane Width: 0.213878
[2018.11.11-20.29.59:760][176]LogBlueprintUserMessages: [Portal_1237] Plane Width: 0.203325
[2018.11.11-20.29.59:776][177]LogBlueprintUserMessages: [Portal_1237] Plane Width: 0.193403
[2018.11.11-20.29.59:792][178]LogBlueprintUserMessages: [Portal_1237] Plane Width: 0.186718
[2018.11.11-20.29.59:808][179]LogBlueprintUserMessages: [Portal_1237] Plane Width: 0.184768
[2018.11.11-20.29.59:824][180]LogBlueprintUserMessages: [Portal_1237] Plane Width: 0.185039
[2018.11.11-20.29.59:841][181]LogBlueprintUserMessages: [Portal_1237] Plane Width: 0.185975
[2018.11.11-20.29.59:857][182]LogBlueprintUserMessages: [Portal_1237] Plane Width: 0.186554
[2018.11.11-20.29.59:873][183]LogBlueprintUserMessages: [Portal_1237] Plane Width: 0.187062
[2018.11.11-20.29.59:889][184]LogBlueprintUserMessages: [Portal_1237] Plane Width: 0.187627
[2018.11.11-20.29.59:905][185]LogBlueprintUserMessages: [Portal_1237] Plane Width: 0.187813
[2018.11.11-20.29.59:921][186]LogBlueprintUserMessages: [Portal_1237] Plane Width: 0.188235
[2018.11.11-20.29.59:937][187]LogBlueprintUserMessages: [Portal_1237] Plane Width: 0.188471
[2018.11.11-20.29.59:954][188]LogBlueprintUserMessages: [Portal_1237] Plane Width: 0.189106
[2018.11.11-20.29.59:970][189]LogBlueprintUserMessages: [Portal_1237] Plane Width: 0.189542
[2018.11.11-20.29.59:985][190]LogBlueprintUserMessages: [Portal_1237] Plane Width: 0.19046
[2018.11.11-20.30.00:002][191]LogBlueprintUserMessages: [Portal_1237] Plane Width: 0.19158
[2018.11.11-20.30.00:018][192]LogBlueprintUserMessages: [Portal_1237] Plane Width: 0.192177
[2018.11.11-20.30.00:034][193]LogBlueprintUserMessages: [Portal_1237] Plane Width: 0.193132
[2018.11.11-20.30.00:050][194]LogBlueprintUserMessages: [Portal_1237] Plane Width: 0.194983
[2018.11.11-20.30.00:066][195]LogBlueprintUserMessages: [Portal_1237] Plane Width: 0.196481
[2018.11.11-20.30.00:082][196]LogBlueprintUserMessages: [Portal_1237] Plane Width: 0.197033
[2018.11.11-20.30.00:098][197]LogBlueprintUserMessages: [Portal_1237] Plane Width: 0.19847
[2018.11.11-20.30.00:114][198]LogBlueprintUserMessages: [Portal_1237] Plane Width: 0.199166
[2018.11.11-20.30.00:131][199]LogBlueprintUserMessages: [Portal_1237] Plane Width: 0.200603
[2018.11.11-20.30.00:147][200]LogBlueprintUserMessages: [Portal_1237] Plane Width: 0.201253
[2018.11.11-20.30.00:163][201]LogBlueprintUserMessages: [Portal_1237] Plane Width: 0.203672
[2018.11.11-20.30.00:179][202]LogBlueprintUserMessages: [Portal_1237] Plane Width: 0.206157
[2018.11.11-20.30.00:195][203]LogBlueprintUserMessages: [Portal_1237] Plane Width: 0.208898
[2018.11.11-20.30.00:211][204]LogBlueprintUserMessages: [Portal_1237] Plane Width: 0.212248
[2018.11.11-20.30.00:227][205]LogBlueprintUserMessages: [Portal_1237] Plane Width: 0.216412
[2018.11.11-20.30.00:244][206]LogBlueprintUserMessages: [Portal_1237] Plane Width: 0.21758
[2018.11.11-20.30.00:260][207]LogBlueprintUserMessages: [Portal_1237] Plane Width: 0.220387
[2018.11.11-20.30.00:276][208]LogBlueprintUserMessages: [Portal_1237] Plane Width: 0.222893
[2018.11.11-20.30.00:293][209]LogBlueprintUserMessages: [Portal_1237] Plane Width: 0.224179
[2018.11.11-20.30.00:308][210]LogBlueprintUserMessages: [Portal_1237] Plane Width: 0.22549
[2018.11.11-20.30.00:324][211]LogBlueprintUserMessages: [Portal_1237] Plane Width: 0.22549
[2018.11.11-20.30.00:340][212]LogBlueprintUserMessages: [Portal_1237] Plane Width: 0.227693
[2018.11.11-20.30.00:357][213]LogBlueprintUserMessages: [Portal_1237] Plane Width: 0.229296
[2018.11.11-20.30.00:373][214]LogBlueprintUserMessages: [Portal_1237] Plane Width: 0.230231
[2018.11.11-20.30.00:389][215]LogBlueprintUserMessages: [Portal_1237] Plane Width: 0.232023
[2018.11.11-20.30.00:405][216]LogBlueprintUserMessages: [Portal_1237] Plane Width: 0.233607
[2018.11.11-20.30.00:421][217]LogBlueprintUserMessages: [Portal_1237] Plane Width: 0.235358
[2018.11.11-20.30.00:437][218]LogBlueprintUserMessages: [Portal_1237] Plane Width: 0.236384
[2018.11.11-20.30.00:453][219]LogBlueprintUserMessages: [Portal_1237] Plane Width: 0.239132
[2018.11.11-20.30.00:470][220]LogBlueprintUserMessages: [Portal_1237] Plane Width: 0.241014
[2018.11.11-20.30.00:486][221]LogBlueprintUserMessages: [Portal_1237] Plane Width: 0.243097
[2018.11.11-20.30.00:502][222]LogBlueprintUserMessages: [Portal_1237] Plane Width: 0.245073
[2018.11.11-20.30.00:518][223]LogBlueprintUserMessages: [Portal_1237] Plane Width: 0.247093
[2018.11.11-20.30.00:534][224]LogBlueprintUserMessages: [Portal_1237] Plane Width: 0.248289
[2018.11.11-20.30.00:550][225]LogBlueprintUserMessages: [Portal_1237] Plane Width: 0.248627
[2018.11.11-20.30.00:566][226]LogBlueprintUserMessages: [Portal_1237] Plane Width: 0.248627
[2018.11.11-20.30.00:582][227]LogBlueprintUserMessages: [Portal_1237] Plane Width: 0.249725
[2018.11.11-20.30.00:599][228]LogBlueprintUserMessages: [Portal_1237] Plane Width: 0.249725
[2018.11.11-20.30.00:615][229]LogBlueprintUserMessages: [Portal_1237] Plane Width: 0.250838
[2018.11.11-20.30.00:631][230]LogBlueprintUserMessages: [Portal_1237] Plane Width: 0.250838
[2018.11.11-20.30.00:647][231]LogBlueprintUserMessages: [Portal_1237] Plane Width: 0.250838
[2018.11.11-20.30.00:663][232]LogBlueprintUserMessages: [Portal_1237] Plane Width: 0.250838
[2018.11.11-20.30.00:679][233]LogBlueprintUserMessages: [Portal_1237] Plane Width: 0.250838
[2018.11.11-20.30.00:695][234]LogBlueprintUserMessages: [Portal_1237] Plane Width: 0.250838
[2018.11.11-20.30.00:711][235]LogBlueprintUserMessages: [Portal_1237] Plane Width: 0.250838
[2018.11.11-20.30.00:727][236]LogBlueprintUserMessages: [Portal_1237] Plane Width: 0.250838
[2018.11.11-20.30.00:744][237]LogBlueprintUserMessages: [Portal_1237] Plane Width: 0.250838
[2018.11.11-20.30.00:760][238]LogBlueprintUserMessages: [Portal_1237] Plane Width: 0.250838
[2018.11.11-20.30.00:776][239]LogBlueprintUserMessages: [Portal_1237] Plane Width: 0.250838
[2018.11.11-20.30.00:792][240]LogBlueprintUserMessages: [Portal_1237] Plane Width: 0.250838
[2018.11.11-20.30.00:808][241]LogBlueprintUserMessages: [Portal_1237] Plane Width: 0.250838
[2018.11.11-20.30.00:824][242]LogBlueprintUserMessages: [Portal_1237] Plane Width: 0.250838
[2018.11.11-20.30.00:840][243]LogBlueprintUserMessages: [Portal_1237] Plane Width: 0.250838
[2018.11.11-20.30.00:856][244]LogBlueprintUserMessages: [Portal_1237] Plane Width: 0.250838
[2018.11.11-20.30.00:873][245]LogBlueprintUserMessages: [Portal_1237] Plane Width: 0.250838
[2018.11.11-20.30.00:889][246]LogBlueprintUserMessages: [Portal_1237] Plane Width: 0.250838
[2018.11.11-20.30.00:905][247]LogBlueprintUserMessages: [Portal_1237] Plane Width: 0.250838
[2018.11.11-20.30.00:922][248]LogBlueprintUserMessages: [Portal_1237] Plane Width: 0.250838
[2018.11.11-20.30.00:937][249]LogBlueprintUserMessages: [Portal_1237] Plane Width: 0.250838
[2018.11.11-20.30.00:953][250]LogBlueprintUserMessages: [Portal_1237] Plane Width: 0.250838
[2018.11.11-20.30.00:969][251]LogBlueprintUserMessages: [Portal_1237] Plane Width: 0.250838
[2018.11.11-20.30.00:985][252]LogBlueprintUserMessages: [Portal_1237] Plane Width: 0.250838
[2018.11.11-20.30.01:002][253]LogBlueprintUserMessages: [Portal_1237] Plane Width: 0.250838
[2018.11.11-20.30.01:018][254]LogBlueprintUserMessages: [Portal_1237] Plane Width: 0.250838
[2018.11.11-20.30.01:034][255]LogBlueprintUserMessages: [Portal_1237] Plane Width: 0.250838
[2018.11.11-20.30.01:050][256]LogBlueprintUserMessages: [Portal_1237] Plane Width: 0.250838
[2018.11.11-20.30.01:066][257]LogBlueprintUserMessages: [Portal_1237] Plane Width: 0.250838
[2018.11.11-20.30.01:082][258]LogBlueprintUserMessages: [Portal_1237] Plane Width: 0.250838
[2018.11.11-20.30.01:099][259]LogBlueprintUserMessages: [Portal_1237] Plane Width: 0.250838
[2018.11.11-20.30.01:115][260]LogBlueprintUserMessages: [Portal_1237] Plane Width: 0.250838
[2018.11.11-20.30.01:131][261]LogBlueprintUserMessages: [Portal_1237] Plane Width: 0.250838
[2018.11.11-20.30.01:147][262]LogBlueprintUserMessages: [Portal_1237] Plane Width: 0.250838
[2018.11.11-20.30.01:163][263]LogBlueprintUserMessages: [Portal_1237] Plane Width: 0.250838
[2018.11.11-20.30.01:179][264]LogBlueprintUserMessages: [Portal_1237] Plane Width: 0.250838
[2018.11.11-20.30.01:195][265]LogBlueprintUserMessages: [Portal_1237] Plane Width: 0.250838
[2018.11.11-20.30.01:211][266]LogBlueprintUserMessages: [Portal_1237] Plane Width: 0.250838
[2018.11.11-20.30.01:228][267]LogBlueprintUserMessages: [Portal_1237] Plane Width: 0.250838
[2018.11.11-20.30.01:244][268]LogBlueprintUserMessages: [Portal_1237] Plane Width: 0.250838
[2018.11.11-20.30.01:260][269]LogBlueprintUserMessages: [Portal_1237] Plane Width: 0.250838
[2018.11.11-20.30.01:276][270]LogBlueprintUserMessages: [Portal_1237] Plane Width: 0.250838
[2018.11.11-20.30.01:292][271]LogBlueprintUserMessages: [Portal_1237] Plane Width: 0.250838
[2018.11.11-20.30.01:308][272]LogBlueprintUserMessages: [Portal_1237] Plane Width: 0.250838
[2018.11.11-20.30.01:324][273]LogBlueprintUserMessages: [Portal_1237] Plane Width: 0.250838
[2018.11.11-20.30.01:341][274]LogBlueprintUserMessages: [Portal_1237] Plane Width: 0.250838
[2018.11.11-20.30.01:357][275]LogBlueprintUserMessages: [Portal_1237] Plane Width: 0.250838
[2018.11.11-20.30.01:373][276]LogBlueprintUserMessages: [Portal_1237] Plane Width: 0.250838
[2018.11.11-20.30.01:389][277]LogBlueprintUserMessages: [Portal_1237] Plane Width: 0.250838
[2018.11.11-20.30.01:405][278]LogBlueprintUserMessages: [Portal_1237] Plane Width: 0.250838
[2018.11.11-20.30.01:421][279]LogBlueprintUserMessages: [Portal_1237] Plane Width: 0.250838
[2018.11.11-20.30.01:437][280]LogBlueprintUserMessages: [Portal_1237] Plane Width: 0.249933
[2018.11.11-20.30.01:454][281]LogBlueprintUserMessages: [Portal_1237] Plane Width: 0.246342
[2018.11.11-20.30.01:470][282]LogBlueprintUserMessages: [Portal_1237] Plane Width: 0.238933
[2018.11.11-20.30.01:486][283]LogBlueprintUserMessages: [Portal_1237] Plane Width: 0.227177
[2018.11.11-20.30.01:502][284]LogBlueprintUserMessages: [Portal_1237] Plane Width: 0.214527
[2018.11.11-20.30.01:518][285]LogBlueprintUserMessages: [Portal_1237] Plane Width: 0.199956
[2018.11.11-20.30.01:534][286]LogBlueprintUserMessages: [Portal_1237] Plane Width: 0.18655
[2018.11.11-20.30.01:550][287]LogBlueprintUserMessages: [Portal_1237] Plane Width: 0.177726
[2018.11.11-20.30.01:567][288]LogBlueprintUserMessages: [Portal_1237] Plane Width: 0.172699
[2018.11.11-20.30.01:583][289]LogBlueprintUserMessages: [Portal_1237] Plane Width: 0.171792
[2018.11.11-20.30.01:599][290]LogBlueprintUserMessages: [Portal_1237] Plane Width: 0.173454
[2018.11.11-20.30.01:615][291]LogBlueprintUserMessages: [Portal_1237] Plane Width: 0.176982
[2018.11.11-20.30.01:631][292]LogBlueprintUserMessages: [Portal_1237] Plane Width: 0.183734
[2018.11.11-20.30.01:647][293]LogBlueprintUserMessages: [Portal_1237] Plane Width: 0.198997
[2018.11.11-20.30.01:663][294]LogBlueprintUserMessages: [Portal_1237] Plane Width: 0.22459
[2018.11.11-20.30.01:680][295]LogBlueprintUserMessages: [Portal_1237] Plane Width: 0.264361
[2018.11.11-20.30.01:696][296]LogBlueprintUserMessages: [Portal_1237] Plane Width: 0.324723
[2018.11.11-20.30.01:712][297]LogBlueprintUserMessages: [Portal_1237] Plane Width: 0.422724
[2018.11.11-20.30.01:728][298]LogBlueprintUserMessages: [Portal_1237] Plane Width: 0.586847
[2018.11.11-20.30.01:744][299]LogBlueprintUserMessages: [Portal_1237] Plane Width: 0.844026
[2018.11.11-20.30.01:760][300]LogBlueprintUserMessages: [Portal_1237] Plane Width: 1.186555
[2018.11.11-20.30.01:776][301]LogBlueprintUserMessages: [Portal_1237] Plane Width: 1.51405
[2018.11.11-20.30.01:793][302]LogBlueprintUserMessages: [Portal_1237] Plane Width: 1.479826
[2018.11.11-20.30.01:809][303]LogBlueprintUserMessages: [Portal_1237] Plane Width: 1.401865
[2018.11.11-20.30.01:825][304]LogBlueprintUserMessages: [Portal_1237] Plane Width: 1.386262
[2018.11.11-20.30.01:841][305]LogBlueprintUserMessages: [Portal_1237] Plane Width: 1.444608
[2018.11.11-20.30.01:857][306]LogBlueprintUserMessages: [Portal_1237] Plane Width: 1.458631
[2018.11.11-20.30.01:873][307]LogBlueprintUserMessages: [Portal_1237] Plane Width: 1.406181
[2018.11.11-20.30.01:889][308]LogBlueprintUserMessages: [Portal_1237] Plane Width: 1.266698
[2018.11.11-20.30.01:905][309]LogBlueprintUserMessages: [Portal_1237] Plane Width: 1.117599
[2018.11.11-20.30.01:921][310]LogBlueprintUserMessages: [Portal_1237] Plane Width: 0.961842
[2018.11.11-20.30.01:938][311]LogBlueprintUserMessages: [Portal_1237] Plane Width: 0.766499
[2018.11.11-20.30.01:954][312]LogBlueprintUserMessages: [Portal_1237] Plane Width: 0.568229
[2018.11.11-20.30.01:970][313]LogBlueprintUserMessages: [Portal_1237] Plane Width: 0.472698
[2018.11.11-20.30.01:986][314]LogBlueprintUserMessages: [Portal_1237] Plane Width: 0.446171
[2018.11.11-20.30.02:002][315]LogBlueprintUserMessages: [Portal_1237] Plane Width: 0.408687
[2018.11.11-20.30.02:018][316]LogBlueprintUserMessages: [Portal_1237] Plane Width: 0.408687
[2018.11.11-20.30.02:034][317]LogBlueprintUserMessages: [Portal_1237] Plane Width: 0.399649
[2018.11.11-20.30.02:051][318]LogBlueprintUserMessages: [Portal_1237] Plane Width: 0.386768
[2018.11.11-20.30.02:067][319]LogBlueprintUserMessages: [Portal_1237] Plane Width: 0.367963
[2018.11.11-20.30.02:083][320]LogBlueprintUserMessages: [Portal_1237] Plane Width: 0.357306
[2018.11.11-20.30.02:099][321]LogBlueprintUserMessages: [Portal_1237] Plane Width: 0.333371
[2018.11.11-20.30.02:115][322]LogBlueprintUserMessages: [Portal_1237] Plane Width: 0.321778
[2018.11.11-20.30.02:131][323]LogBlueprintUserMessages: [Portal_1237] Plane Width: 0.308452
[2018.11.11-20.30.02:147][324]LogBlueprintUserMessages: [Portal_1237] Plane Width: 0.272393
[2018.11.11-20.30.02:164][325]LogBlueprintUserMessages: [Portal_1237] Plane Width: 0.250105
[2018.11.11-20.30.02:180][326]LogBlueprintUserMessages: [Portal_1237] Plane Width: 0.231676
[2018.11.11-20.30.02:196][327]LogBlueprintUserMessages: [Portal_1237] Plane Width: 0.230601
[2018.11.11-20.30.02:212][328]LogBlueprintUserMessages: [Portal_1237] Plane Width: 0.229303
[2018.11.11-20.30.02:229][329]LogBlueprintUserMessages: [Portal_1237] Plane Width: 0.22822
[2018.11.11-20.30.02:244][330]LogBlueprintUserMessages: [Portal_1237] Plane Width: 0.235849
[2018.11.11-20.30.02:260][331]LogBlueprintUserMessages: [Portal_1237] Plane Width: 0.249029
[2018.11.11-20.30.02:277][332]LogBlueprintUserMessages: [Portal_1237] Plane Width: 0.263481
[2018.11.11-20.30.02:293][333]LogBlueprintUserMessages: [Portal_1237] Plane Width: 0.274494
[2018.11.11-20.30.02:309][334]LogBlueprintUserMessages: [Portal_1237] Plane Width: 0.288192
[2018.11.11-20.30.02:325][335]LogBlueprintUserMessages: [Portal_1237] Plane Width: 0.306657
[2018.11.11-20.30.02:341][336]LogBlueprintUserMessages: [Portal_1237] Plane Width: 0.327023
[2018.11.11-20.30.02:357][337]LogBlueprintUserMessages: [Portal_1237] Plane Width: 0.345184
[2018.11.11-20.30.02:373][338]LogBlueprintUserMessages: [Portal_1237] Plane Width: 0.371332
[2018.11.11-20.30.02:389][339]LogBlueprintUserMessages: [Portal_1237] Plane Width: 0.399288
[2018.11.11-20.30.02:405][340]LogBlueprintUserMessages: [Portal_1237] Plane Width: 0.422567
[2018.11.11-20.30.02:422][341]LogBlueprintUserMessages: [Portal_1237] Plane Width: 0.444797
[2018.11.11-20.30.02:438][342]LogBlueprintUserMessages: [Portal_1237] Plane Width: 0.471973
[2018.11.11-20.30.02:454][343]LogBlueprintUserMessages: [Portal_1237] Plane Width: 0.501736
[2018.11.11-20.30.02:470][344]LogBlueprintUserMessages: [Portal_1237] Plane Width: 0.523283
[2018.11.11-20.30.02:486][345]LogBlueprintUserMessages: [Portal_1237] Plane Width: 0.549291
[2018.11.11-20.30.02:502][346]LogBlueprintUserMessages: [Portal_1237] Plane Width: 0.564117
[2018.11.11-20.30.02:518][347]LogBlueprintUserMessages: [Portal_1237] Plane Width: 0.571907
[2018.11.11-20.30.02:535][348]LogBlueprintUserMessages: [Portal_1237] Plane Width: 0.588652
[2018.11.11-20.30.02:551][349]LogBlueprintUserMessages: [Portal_1237] Plane Width: 0.579703
[2018.11.11-20.30.02:567][350]LogBlueprintUserMessages: [Portal_1237] Plane Width: 0.579428
[2018.11.11-20.30.02:583][351]LogBlueprintUserMessages: [Portal_1237] Plane Width: 0.575462
[2018.11.11-20.30.02:599][352]LogBlueprintUserMessages: [Portal_1237] Plane Width: 0.567564
[2018.11.11-20.30.02:615][353]LogBlueprintUserMessages: [Portal_1237] Plane Width: 0.565634
[2018.11.11-20.30.02:631][354]LogBlueprintUserMessages: [Portal_1237] Plane Width: 0.555015
[2018.11.11-20.30.02:647][355]LogBlueprintUserMessages: [Portal_1237] Plane Width: 0.538987
[2018.11.11-20.30.02:664][356]LogBlueprintUserMessages: [Portal_1237] Plane Width: 0.519216
[2018.11.11-20.30.02:680][357]LogBlueprintUserMessages: [Portal_1237] Plane Width: 0.496141
[2018.11.11-20.30.02:696][358]LogBlueprintUserMessages: [Portal_1237] Plane Width: 0.4773
[2018.11.11-20.30.02:712][359]LogBlueprintUserMessages: [Portal_1237] Plane Width: 0.459498
[2018.11.11-20.30.02:729][360]LogBlueprintUserMessages: [Portal_1237] Plane Width: 0.44506
[2018.11.11-20.30.02:745][361]LogBlueprintUserMessages: [Portal_1237] Plane Width: 0.437857
[2018.11.11-20.30.02:761][362]LogBlueprintUserMessages: [Portal_1237] Plane Width: 0.430301
[2018.11.11-20.30.02:777][363]LogBlueprintUserMessages: [Portal_1237] Plane Width: 0.42778
[2018.11.11-20.30.02:793][364]LogBlueprintUserMessages: [Portal_1237] Plane Width: 0.422315
[2018.11.11-20.30.02:809][365]LogBlueprintUserMessages: [Portal_1237] Plane Width: 0.421653
[2018.11.11-20.30.02:825][366]LogBlueprintUserMessages: [Portal_1237] Plane Width: 0.417436
[2018.11.11-20.30.02:841][367]LogBlueprintUserMessages: [Portal_1237] Plane Width: 0.413937
[2018.11.11-20.30.02:857][368]LogBlueprintUserMessages: [Portal_1237] Plane Width: 0.410498
[2018.11.11-20.30.02:873][369]LogBlueprintUserMessages: [Portal_1237] Plane Width: 0.410498
[2018.11.11-20.30.02:889][370]LogBlueprintUserMessages: [Portal_1237] Plane Width: 0.408735
[2018.11.11-20.30.02:906][371]LogBlueprintUserMessages: [Portal_1237] Plane Width: 0.408735
[2018.11.11-20.30.02:922][372]LogBlueprintUserMessages: [Portal_1237] Plane Width: 0.408735
[2018.11.11-20.30.02:938][373]LogBlueprintUserMessages: [Portal_1237] Plane Width: 0.408735
[2018.11.11-20.30.02:954][374]LogBlueprintUserMessages: [Portal_1237] Plane Width: 0.408735
[2018.11.11-20.30.02:970][375]LogBlueprintUserMessages: [Portal_1237] Plane Width: 0.408735
[2018.11.11-20.30.02:986][376]LogBlueprintUserMessages: [Portal_1237] Plane Width: 0.408735
[2018.11.11-20.30.03:003][377]LogBlueprintUserMessages: [Portal_1237] Plane Width: 0.408735
[2018.11.11-20.30.03:019][378]LogBlueprintUserMessages: [Portal_1237] Plane Width: 0.408735
[2018.11.11-20.30.03:035][379]LogBlueprintUserMessages: [Portal_1237] Plane Width: 0.408735
[2018.11.11-20.30.03:051][380]LogBlueprintUserMessages: [Portal_1237] Plane Width: 0.408735
[2018.11.11-20.30.03:067][381]LogBlueprintUserMessages: [Portal_1237] Plane Width: 0.408735
[2018.11.11-20.30.03:083][382]LogBlueprintUserMessages: [Portal_1237] Plane Width: 0.408735
[2018.11.11-20.30.03:099][383]LogBlueprintUserMessages: [Portal_1237] Plane Width: 0.408735
[2018.11.11-20.30.03:116][384]LogBlueprintUserMessages: [Portal_1237] Plane Width: 0.408735
[2018.11.11-20.30.03:132][385]LogBlueprintUserMessages: [Portal_1237] Plane Width: 0.408735
[2018.11.11-20.30.03:148][386]LogBlueprintUserMessages: [Portal_1237] Plane Width: 0.408735
[2018.11.11-20.30.03:164][387]LogBlueprintUserMessages: [Portal_1237] Plane Width: 0.408735
[2018.11.11-20.30.03:180][388]LogBlueprintUserMessages: [Portal_1237] Plane Width: 0.408735
[2018.11.11-20.30.03:196][389]LogBlueprintUserMessages: [Portal_1237] Plane Width: 0.408735
[2018.11.11-20.30.03:212][390]LogBlueprintUserMessages: [Portal_1237] Plane Width: 0.408735
[2018.11.11-20.30.03:229][391]LogBlueprintUserMessages: [Portal_1237] Plane Width: 0.408735
[2018.11.11-20.30.03:245][392]LogBlueprintUserMessages: [Portal_1237] Plane Width: 0.408735
[2018.11.11-20.30.03:261][393]LogBlueprintUserMessages: [Portal_1237] Plane Width: 0.408735
[2018.11.11-20.30.03:277][394]LogBlueprintUserMessages: [Portal_1237] Plane Width: 0.408735
[2018.11.11-20.30.03:293][395]LogBlueprintUserMessages: [Portal_1237] Plane Width: 0.408735
[2018.11.11-20.30.03:309][396]LogBlueprintUserMessages: [Portal_1237] Plane Width: 0.408735
[2018.11.11-20.30.03:325][397]LogBlueprintUserMessages: [Portal_1237] Plane Width: 0.408735
[2018.11.11-20.30.03:341][398]LogBlueprintUserMessages: [Portal_1237] Plane Width: 0.408735
[2018.11.11-20.30.03:357][399]LogBlueprintUserMessages: [Portal_1237] Plane Width: 0.408735
[2018.11.11-20.30.03:373][400]LogBlueprintUserMessages: [Portal_1237] Plane Width: 0.408735
[2018.11.11-20.30.03:389][401]LogBlueprintUserMessages: [Portal_1237] Plane Width: 0.408735
[2018.11.11-20.30.03:405][402]LogBlueprintUserMessages: [Portal_1237] Plane Width: 0.408735
[2018.11.11-20.30.03:422][403]LogBlueprintUserMessages: [Portal_1237] Plane Width: 0.408735
[2018.11.11-20.30.03:438][404]LogBlueprintUserMessages: [Portal_1237] Plane Width: 0.408735
[2018.11.11-20.30.03:454][405]LogBlueprintUserMessages: [Portal_1237] Plane Width: 0.408735
[2018.11.11-20.30.03:470][406]LogBlueprintUserMessages: [Portal_1237] Plane Width: 0.408735
[2018.11.11-20.30.03:486][407]LogBlueprintUserMessages: [Portal_1237] Plane Width: 0.408735
[2018.11.11-20.30.03:502][408]LogBlueprintUserMessages: [Portal_1237] Plane Width: 0.408735
[2018.11.11-20.30.03:518][409]LogBlueprintUserMessages: [Portal_1237] Plane Width: 0.408735
[2018.11.11-20.30.03:534][410]LogBlueprintUserMessages: [Portal_1237] Plane Width: 0.408735
[2018.11.11-20.30.03:551][411]LogBlueprintUserMessages: [Portal_1237] Plane Width: 0.408735
[2018.11.11-20.30.03:567][412]LogBlueprintUserMessages: [Portal_1237] Plane Width: 0.408735
[2018.11.11-20.30.03:583][413]LogBlueprintUserMessages: [Portal_1237] Plane Width: 0.408735
[2018.11.11-20.30.03:599][414]LogBlueprintUserMessages: [Portal_1237] Plane Width: 0.408735
[2018.11.11-20.30.03:615][415]LogBlueprintUserMessages: [Portal_1237] Plane Width: 0.408735
[2018.11.11-20.30.03:631][416]LogBlueprintUserMessages: [Portal_1237] Plane Width: 0.408735
[2018.11.11-20.30.03:648][417]LogBlueprintUserMessages: [Portal_1237] Plane Width: 0.408735
[2018.11.11-20.30.03:664][418]LogBlueprintUserMessages: [Portal_1237] Plane Width: 0.408735
[2018.11.11-20.30.03:680][419]LogBlueprintUserMessages: [Portal_1237] Plane Width: 0.408735
[2018.11.11-20.30.03:696][420]LogBlueprintUserMessages: [Portal_1237] Plane Width: 0.408735
[2018.11.11-20.30.03:712][421]LogBlueprintUserMessages: [Portal_1237] Plane Width: 0.408735
[2018.11.11-20.30.03:728][422]LogBlueprintUserMessages: [Portal_1237] Plane Width: 0.408735
[2018.11.11-20.30.03:744][423]LogBlueprintUserMessages: [Portal_1237] Plane Width: 0.408735
[2018.11.11-20.30.03:760][424]LogBlueprintUserMessages: [Portal_1237] Plane Width: 0.408735
[2018.11.11-20.30.03:777][425]LogBlueprintUserMessages: [Portal_1237] Plane Width: 0.408735
[2018.11.11-20.30.03:793][426]LogBlueprintUserMessages: [Portal_1237] Plane Width: 0.408735
[2018.11.11-20.30.03:809][427]LogBlueprintUserMessages: [Portal_1237] Plane Width: 0.408735
[2018.11.11-20.30.03:825][428]LogBlueprintUserMessages: [Portal_1237] Plane Width: 0.406985
[2018.11.11-20.30.03:841][429]LogBlueprintUserMessages: [Portal_1237] Plane Width: 0.406985
[2018.11.11-20.30.03:887][430]LogSlate: Window 'EpicJamProject (64-bit, PCD3D_SM5) ' being destroyed
[2018.11.11-20.30.03:888][430]LogWindowsTextInputMethodSystem: Display: IME system now deactivated.
[2018.11.11-20.30.03:891][430]LogWindowsTextInputMethodSystem: Display: IME system now deactivated.
[2018.11.11-20.30.03:892][430]LogEngine: All Windows Closed
[2018.11.11-20.30.03:893][430]LogWindows: FPlatformMisc::RequestExit(0)
[2018.11.11-20.30.04:736][431]LogSlate: Slate User Destroyed.  User Index 0, Is Virtual User: 0
[2018.11.11-20.30.04:736][431]LogExit: Preparing to exit.
[2018.11.11-20.30.04:736][431]LogMoviePlayer: Shutting down movie player
[2018.11.11-20.30.05:571][431]LogUObjectGlobals: Destroyed PersistentFrame Addr=0x00000153e61db520, Size=24
[2018.11.11-20.30.05:571][431]LogExit: Game engine shut down
[2018.11.11-20.30.05:574][431]LogUObjectGlobals: Destroyed PersistentFrame Addr=0x00000153efca3160, Size=48
[2018.11.11-20.30.05:574][431]LogUObjectGlobals: Destroyed PersistentFrame Addr=0x00000153f00f01c0, Size=188
[2018.11.11-20.30.05:574][431]LogUObjectGlobals: Destroyed PersistentFrame Addr=0x00000153efc9bb30, Size=112
[2018.11.11-20.30.05:574][431]LogUObjectGlobals: Destroyed PersistentFrame Addr=0x00000153e615a680, Size=188
[2018.11.11-20.30.05:574][431]LogUObjectGlobals: Destroyed PersistentFrame Addr=0x00000153ecc17280, Size=120
[2018.11.11-20.30.05:574][431]LogUObjectGlobals: Destroyed PersistentFrame Addr=0x00000153e6117550, Size=48
[2018.11.11-20.30.05:574][431]LogUObjectGlobals: Destroyed PersistentFrame Addr=0x00000153e61dada0, Size=24
[2018.11.11-20.30.05:641][431]LogExit: Object subsystem successfully closed.
[2018.11.11-20.30.05:657][431]LogShaderCompilers: Display: Shaders left to compile 0
[2018.11.11-20.30.05:660][431]LogD3D11RHI: Shutdown
[2018.11.11-20.30.05:660][431]LogD3D11RHI: CleanupD3DDevice
[2018.11.11-20.30.05:662][431]LogD3D11RHI: ~FD3D11DynamicRHI
[2018.11.11-20.30.05:683][431]LogModuleManager: Shutting down and abandoning module SequenceRecorderSections (332)
[2018.11.11-20.30.05:683][431]LogModuleManager: Shutting down and abandoning module SequenceRecorder (330)
[2018.11.11-20.30.05:683][431]LogModuleManager: Shutting down and abandoning module AutomationController (328)
[2018.11.11-20.30.05:683][431]LogModuleManager: Shutting down and abandoning module AutomationWorker (326)
[2018.11.11-20.30.05:683][431]LogModuleManager: Shutting down and abandoning module AIModule (324)
[2018.11.11-20.30.05:683][431]LogModuleManager: Shutting down and abandoning module GameplayDebugger (323)
[2018.11.11-20.30.05:684][431]LogModuleManager: Shutting down and abandoning module AITestSuite (321)
[2018.11.11-20.30.05:684][431]LogModuleManager: Shutting down and abandoning module WmfMediaFactory (318)
[2018.11.11-20.30.05:684][431]LogModuleManager: Shutting down and abandoning module OpenExrWrapper (316)
[2018.11.11-20.30.05:684][431]LogModuleManager: Shutting down and abandoning module ImgMediaFactory (314)
[2018.11.11-20.30.05:684][431]LogModuleManager: Shutting down and abandoning module AvfMediaFactory (312)
[2018.11.11-20.30.05:684][431]LogModuleManager: Shutting down and abandoning module CharacterAI (310)
[2018.11.11-20.30.05:684][431]LogModuleManager: Shutting down and abandoning module SessionServices (308)
[2018.11.11-20.30.05:684][431]LogModuleManager: Shutting down and abandoning module MovieSceneCapture (306)
[2018.11.11-20.30.05:684][431]LogModuleManager: Shutting down and abandoning module MovieSceneTracks (304)
[2018.11.11-20.30.05:684][431]LogModuleManager: Shutting down and abandoning module MovieScene (302)
[2018.11.11-20.30.05:684][431]LogModuleManager: Shutting down and abandoning module GeometryCache (300)
[2018.11.11-20.30.05:684][431]LogModuleManager: Shutting down and abandoning module GeometryCacheEd (299)
[2018.11.11-20.30.05:684][431]LogModuleManager: Shutting down and abandoning module StreamingPauseRendering (296)
[2018.11.11-20.30.05:684][431]LogModuleManager: Shutting down and abandoning module PortalServices (294)
[2018.11.11-20.30.05:684][431]LogModuleManager: Shutting down and abandoning module PortalRpc (292)
[2018.11.11-20.30.05:684][431]LogModuleManager: Shutting down and abandoning module MessagingRpc (290)
[2018.11.11-20.30.05:684][431]LogModuleManager: Shutting down and abandoning module ProfilerService (288)
[2018.11.11-20.30.05:705][431]LogModuleManager: Shutting down and abandoning module TaskGraph (286)
[2018.11.11-20.30.05:705][431]LogModuleManager: Shutting down and abandoning module SteamVRController (284)
[2018.11.11-20.30.05:705][431]LogModuleManager: Shutting down and abandoning module ProceduralMeshComponent (282)
[2018.11.11-20.30.05:705][431]LogModuleManager: Shutting down and abandoning module OculusInput (280)
[2018.11.11-20.30.05:706][431]LogModuleManager: Shutting down and abandoning module MobilePatchingUtils (278)
[2018.11.11-20.30.05:706][431]LogModuleManager: Shutting down and abandoning module CustomMeshComponent (276)
[2018.11.11-20.30.05:706][431]LogModuleManager: Shutting down and abandoning module CableComponent (274)
[2018.11.11-20.30.05:706][431]LogModuleManager: Shutting down and abandoning module AudioCapture (272)
[2018.11.11-20.30.05:706][431]LogModuleManager: Shutting down and abandoning module ArchVisCharacter (270)
[2018.11.11-20.30.05:706][431]LogModuleManager: Shutting down and abandoning module AndroidPermission (268)
[2018.11.11-20.30.05:706][431]LogModuleManager: Shutting down and abandoning module NUTUnrealEngine4 (264)
[2018.11.11-20.30.05:706][431]LogModuleManager: Shutting down and abandoning module NetcodeUnitTest (262)
[2018.11.11-20.30.05:706][431]LogModuleManager: Shutting down and abandoning module MediaCompositing (260)
[2018.11.11-20.30.05:706][431]LogModuleManager: Shutting down and abandoning module LinearTimecode (258)
[2018.11.11-20.30.05:706][431]LogModuleManager: Shutting down and abandoning module ImgMedia (256)
[2018.11.11-20.30.05:708][431]LogModuleManager: Shutting down and abandoning module HTML5Networking (254)
[2018.11.11-20.30.05:708][431]LogModuleManager: Shutting down and abandoning module DatasmithContent (252)
[2018.11.11-20.30.05:708][431]LogModuleManager: Shutting down and abandoning module CryptoKeysOpenSSL (250)
[2018.11.11-20.30.05:708][431]LogModuleManager: Shutting down and abandoning module CryptoKeys (248)
[2018.11.11-20.30.05:708][431]LogModuleManager: Shutting down and abandoning module VisualStudioSourceCodeAccess (246)
[2018.11.11-20.30.05:708][431]LogModuleManager: Shutting down and abandoning module HotReload (245)
[2018.11.11-20.30.05:708][431]LogModuleManager: Shutting down and abandoning module DirectoryWatcher (244)
[2018.11.11-20.30.05:708][431]LogModuleManager: Shutting down and abandoning module VisualStudioCodeSourceCodeAccess (240)
[2018.11.11-20.30.05:708][431]LogModuleManager: Shutting down and abandoning module UObjectPlugin (238)
[2018.11.11-20.30.05:708][431]LogModuleManager: Shutting down and abandoning module SubversionSourceControl (236)
[2018.11.11-20.30.05:708][431]LogModuleManager: Shutting down and abandoning module PerforceSourceControl (234)
[2018.11.11-20.30.05:708][431]LogModuleManager: Shutting down and abandoning module SourceControl (233)
[2018.11.11-20.30.05:708][431]LogModuleManager: Shutting down and abandoning module CLionSourceCodeAccess (230)
[2018.11.11-20.30.05:708][431]LogModuleManager: Shutting down and abandoning module RuntimePhysXCooking (228)
[2018.11.11-20.30.05:708][431]LogModuleManager: Shutting down and abandoning module PhysXVehiclesEditor (226)
[2018.11.11-20.30.05:708][431]LogModuleManager: Shutting down and abandoning module PhysXVehicles (224)
[2018.11.11-20.30.05:708][431]LogModuleManager: Shutting down and abandoning module LocationServicesBPLibrary (222)
[2018.11.11-20.30.05:708][431]LogModuleManager: Shutting down and abandoning module ImmediatePhysicsEditor (220)
[2018.11.11-20.30.05:708][431]LogModuleManager: Shutting down and abandoning module ImmediatePhysics (218)
[2018.11.11-20.30.05:708][431]LogModuleManager: Shutting down and abandoning module ActorSequence (216)
[2018.11.11-20.30.05:708][431]LogModuleManager: Shutting down and abandoning module UdpMessaging (214)
[2018.11.11-20.30.05:809][431]LogModuleManager: Shutting down and abandoning module TcpMessaging (212)
[2018.11.11-20.30.06:486][431]LogModuleManager: Shutting down and abandoning module GameplayTagsEditor (210)
[2018.11.11-20.30.06:486][431]LogModuleManager: Shutting down and abandoning module FacialAnimation (208)
[2018.11.11-20.30.06:486][431]LogModuleManager: Shutting down and abandoning module DataValidation (206)
[2018.11.11-20.30.06:486][431]LogModuleManager: Shutting down and abandoning module AssetManagerEditor (204)
[2018.11.11-20.30.06:486][431]LogModuleManager: Shutting down and abandoning module TreeMap (203)
[2018.11.11-20.30.06:486][431]LogModuleManager: Shutting down and abandoning module LightPropagationVolumeRuntime (200)
[2018.11.11-20.30.06:486][431]LogModuleManager: Shutting down and abandoning module LiveLink (198)
[2018.11.11-20.30.07:307][431]LogModuleManager: Shutting down and abandoning module Paper2D (196)
[2018.11.11-20.30.07:307][431]LogModuleManager: Shutting down and abandoning module PIEPreviewDeviceProfileSelector (194)
[2018.11.11-20.30.07:307][431]LogModuleManager: Shutting down and abandoning module WindowsMoviePlayer (192)
[2018.11.11-20.30.07:307][431]LogModuleManager: Shutting down and abandoning module WmfMedia (190)
[2018.11.11-20.30.07:308][431]LogModuleManager: Shutting down and abandoning module Media (189)
[2018.11.11-20.30.07:314][431]LogModuleManager: Shutting down and abandoning module PacketHandler (186)
[2018.11.11-20.30.07:314][431]LogModuleManager: Shutting down and abandoning module ClothingSystemEditor (184)
[2018.11.11-20.30.07:314][431]LogModuleManager: Shutting down and abandoning module ClothingSystemRuntime (182)
[2018.11.11-20.30.07:314][431]LogModuleManager: Shutting down and abandoning module MediaAssets (180)
[2018.11.11-20.30.07:314][431]LogModuleManager: Shutting down and abandoning module Overlay (178)
[2018.11.11-20.30.07:314][431]LogModuleManager: Shutting down and abandoning module OverlayEditor (177)
[2018.11.11-20.30.07:314][431]LogModuleManager: Shutting down and abandoning module VREditor (174)
[2018.11.11-20.30.07:314][431]LogModuleManager: Shutting down and abandoning module StringTableEditor (172)
[2018.11.11-20.30.07:314][431]LogModuleManager: Shutting down and abandoning module GameplayTasksEditor (170)
[2018.11.11-20.30.07:314][431]LogModuleManager: Shutting down and abandoning module BehaviorTreeEditor (168)
[2018.11.11-20.30.07:314][431]LogModuleManager: Shutting down and abandoning module FunctionalTesting (166)
[2018.11.11-20.30.07:314][431]LogModuleManager: Shutting down and abandoning module CollisionAnalyzer (164)
[2018.11.11-20.30.07:314][431]LogModuleManager: Shutting down and abandoning module WorkspaceMenuStructure (163)
[2018.11.11-20.30.07:314][431]LogModuleManager: Shutting down and abandoning module UMG (160)
[2018.11.11-20.30.07:314][431]LogModuleManager: Shutting down and abandoning module UMGEditor (159)
[2018.11.11-20.30.07:315][431]LogModuleManager: Shutting down and abandoning module Sequencer (158)
[2018.11.11-20.30.07:315][431]LogModuleManager: Shutting down and abandoning module MessageLog (155)
[2018.11.11-20.30.07:315][431]LogModuleManager: Shutting down and abandoning module SlateReflector (150)
[2018.11.11-20.30.07:315][431]LogModuleManager: Shutting down and abandoning module Slate (148)
[2018.11.11-20.30.07:315][431]LogModuleManager: Shutting down and abandoning module EditorStyle (146)
[2018.11.11-20.30.07:316][431]LogModuleManager: Shutting down and abandoning module MRMesh (144)
[2018.11.11-20.30.07:316][431]LogModuleManager: Shutting down and abandoning module Messaging (142)
[2018.11.11-20.30.07:316][431]LogModuleManager: Shutting down and abandoning module SourceCodeAccess (140)
[2018.11.11-20.30.07:316][431]LogModuleManager: Shutting down and abandoning module HeadMountedDisplay (138)
[2018.11.11-20.30.07:316][431]LogModuleManager: Shutting down and abandoning module XAudio2 (136)
[2018.11.11-20.30.07:316][431]LogModuleManager: Shutting down and abandoning module Networking (134)
[2018.11.11-20.30.07:316][431]LogModuleManager: Shutting down and abandoning module Core (132)
[2018.11.11-20.30.07:316][431]LogModuleManager: Shutting down and abandoning module LevelSequence (130)
[2018.11.11-20.30.07:316][431]LogModuleManager: Shutting down and abandoning module KismetCompiler (128)
[2018.11.11-20.30.07:316][431]LogModuleManager: Shutting down and abandoning module MeshUtilities (126)
[2018.11.11-20.30.07:316][431]LogModuleManager: Shutting down and abandoning module MeshMergeUtilities (125)
[2018.11.11-20.30.07:316][431]LogModuleManager: Shutting down and abandoning module MeshReductionInterface (124)
[2018.11.11-20.30.07:316][431]LogModuleManager: Shutting down and abandoning module SimplygonSwarm (123)
[2018.11.11-20.30.07:316][431]LogModuleManager: Shutting down and abandoning module SimplygonMeshReduction (121)
[2018.11.11-20.30.07:316][431]LogModuleManager: Shutting down and abandoning module QuadricMeshReduction (119)
[2018.11.11-20.30.07:316][431]LogModuleManager: Shutting down and abandoning module MaterialBaking (115)
[2018.11.11-20.30.07:316][431]LogModuleManager: Shutting down and abandoning module DerivedDataCache (110)
[2018.11.11-20.30.07:386][431]LogDerivedDataCache: Shutdown
[2018.11.11-20.30.07:386][431]LogModuleManager: Shutting down and abandoning module XGEController (108)
[2018.11.11-20.30.07:386][431]LogModuleManager: Shutting down and abandoning module TargetPlatform (106)
[2018.11.11-20.30.07:386][431]LogModuleManager: Shutting down and abandoning module VulkanShaderFormat (105)
[2018.11.11-20.30.07:386][431]LogModuleManager: Shutting down and abandoning module ShaderFormatVectorVM (103)
[2018.11.11-20.30.07:386][431]LogModuleManager: Shutting down and abandoning module ShaderFormatOpenGL (101)
[2018.11.11-20.30.07:386][431]LogModuleManager: Shutting down and abandoning module ShaderFormatD3D (99)
[2018.11.11-20.30.07:386][431]LogModuleManager: Shutting down and abandoning module MetalShaderFormat (97)
[2018.11.11-20.30.07:386][431]LogModuleManager: Shutting down and abandoning module TextureFormatUncompressed (95)
[2018.11.11-20.30.07:386][431]LogModuleManager: Shutting down and abandoning module TextureFormatPVR (93)
[2018.11.11-20.30.07:386][431]LogModuleManager: Shutting down and abandoning module TextureFormatDXT (91)
[2018.11.11-20.30.07:386][431]LogModuleManager: Shutting down and abandoning module TextureFormatIntelISPCTexComp (89)
[2018.11.11-20.30.07:387][431]LogModuleManager: Shutting down and abandoning module TextureFormatASTC (87)
[2018.11.11-20.30.07:387][431]LogModuleManager: Shutting down and abandoning module ImageWrapper (86)
[2018.11.11-20.30.07:387][431]LogModuleManager: Shutting down and abandoning module TextureFormatAndroid (83)
[2018.11.11-20.30.07:387][431]LogModuleManager: Shutting down and abandoning module AudioFormatOpus (81)
[2018.11.11-20.30.07:387][431]LogModuleManager: Shutting down and abandoning module AudioFormatOgg (79)
[2018.11.11-20.30.07:387][431]LogModuleManager: Shutting down and abandoning module AudioFormatADPCM (77)
[2018.11.11-20.30.07:387][431]LogModuleManager: Shutting down and abandoning module WindowsTargetPlatform (75)
[2018.11.11-20.30.07:387][431]LogModuleManager: Shutting down and abandoning module WindowsServerTargetPlatform (73)
[2018.11.11-20.30.07:387][431]LogModuleManager: Shutting down and abandoning module WindowsNoEditorTargetPlatform (71)
[2018.11.11-20.30.07:387][431]LogModuleManager: Shutting down and abandoning module WindowsClientTargetPlatform (69)
[2018.11.11-20.30.07:387][431]LogModuleManager: Shutting down and abandoning module InputCore (66)
[2018.11.11-20.30.07:387][431]LogModuleManager: Shutting down and abandoning module Settings (64)
[2018.11.11-20.30.07:387][431]LogModuleManager: Shutting down and abandoning module PhysXCooking (62)
[2018.11.11-20.30.07:387][431]LogModuleManager: Shutting down and abandoning module SteamVR (60)
[2018.11.11-20.30.07:387][431]LogModuleManager: Shutting down and abandoning module OculusHMD (58)
[2018.11.11-20.30.07:387][431]LogModuleManager: Shutting down and abandoning module ExampleDeviceProfileSelector (56)
[2018.11.11-20.30.07:387][431]LogModuleManager: Shutting down and abandoning module AppleARKit (54)
[2018.11.11-20.30.07:387][431]LogModuleManager: Shutting down and abandoning module AugmentedReality (51)
[2018.11.11-20.30.07:387][431]LogModuleManager: Shutting down and abandoning module OnlineBlueprintSupport (48)
[2018.11.11-20.30.07:387][431]LogModuleManager: Shutting down and abandoning module OnlineSubsystem (44)
[2018.11.11-20.30.07:387][431]LogModuleManager: Shutting down and abandoning module XMPP (43)
[2018.11.11-20.30.07:387][431]LogModuleManager: Shutting down and abandoning module HTTP (41)
[2018.11.11-20.30.07:405][431]LogModuleManager: Shutting down and abandoning module SSL (40)
[2018.11.11-20.30.07:407][431]LogModuleManager: Shutting down and abandoning module AnimationModifiers (36)
[2018.11.11-20.30.07:407][431]LogModuleManager: Shutting down and abandoning module PropertyEditor (35)
[2018.11.11-20.30.07:407][431]LogModuleManager: Shutting down and abandoning module AudioEditor (32)
[2018.11.11-20.30.07:407][431]LogModuleManager: Shutting down and abandoning module TextureCompressor (30)
[2018.11.11-20.30.07:407][431]LogModuleManager: Shutting down and abandoning module ShaderCore (28)
[2018.11.11-20.30.07:407][431]LogModuleManager: Shutting down and abandoning module Landscape (26)
[2018.11.11-20.30.07:407][431]LogModuleManager: Shutting down and abandoning module SlateRHIRenderer (24)
[2018.11.11-20.30.07:407][431]LogModuleManager: Shutting down and abandoning module OpenGLDrv (22)
[2018.11.11-20.30.07:408][431]LogModuleManager: Shutting down and abandoning module D3D11RHI (20)
[2018.11.11-20.30.07:408][431]LogModuleManager: Shutting down and abandoning module AnimGraphRuntime (18)
[2018.11.11-20.30.07:408][431]LogModuleManager: Shutting down and abandoning module Renderer (16)
[2018.11.11-20.30.07:408][431]LogModuleManager: Shutting down and abandoning module Engine (14)
[2018.11.11-20.30.07:408][431]LogModuleManager: Shutting down and abandoning module CoreUObject (12)
[2018.11.11-20.30.07:408][431]LogModuleManager: Shutting down and abandoning module NetworkFile (10)
[2018.11.11-20.30.07:408][431]LogModuleManager: Shutting down and abandoning module CookedIterativeFile (8)
[2018.11.11-20.30.07:408][431]LogModuleManager: Shutting down and abandoning module StreamingFile (6)
[2018.11.11-20.30.07:408][431]LogModuleManager: Shutting down and abandoning module SandboxFile (4)
[2018.11.11-20.30.07:408][431]LogModuleManager: Shutting down and abandoning module PakFile (2)
[2018.11.11-20.30.07:412][431]LogExit: Exiting.
[2018.11.11-20.30.07:413][431]Log file closed, 11/11/18 12:30:07
