Log file open, 11/11/18 18:56:24
LogWindows: Failed to load 'aqProf.dll' (GetLastError=126)
LogWindows: File 'aqProf.dll' does not exist
LogWindows: Failed to load 'VtuneApi.dll' (GetLastError=126)
LogWindows: File 'VtuneApi.dll' does not exist
LogWindows: Failed to load 'VtuneApi32e.dll' (GetLastError=126)
LogWindows: File 'VtuneApi32e.dll' does not exist
LogInit: Display: Running engine for game: EpicJamProject
LogPlatformFile: Not using cached read wrapper
LogInit: Display: RandInit(-2056092008) SRandInit(-2056092008).
LogInit: Read version file with build ID '3944462'
LogInit: Overriding engine version to CL 4033788, compatible CL 3944462
LogInit: Registered custom module enumerator with build ID '3944462'
LogTaskGraph: Started task graph with 5 named threads and 23 total threads with 3 sets of task threads.
LogStats: Stats thread started at 0.308963
LogD3D11RHI: Aftermath initialized
LogICUInternationalization: Display: ICU TimeZone Detection - Raw Offset: -8:00, Platform Override: ''
LogModuleManager: Display: Found up-to-date module file ../../../Engine/Plugins/2D/Paper2D/Binaries/Win64/UE4Editor-Paper2D.dll (API version 3944462).
LogModuleManager: Display: Found up-to-date module file ../../../Engine/Plugins/2D/Paper2D/Binaries/Win64/UE4Editor-Paper2DEditor.dll (API version 3944462).
LogModuleManager: Display: Found up-to-date module file ../../../Engine/Plugins/2D/Paper2D/Binaries/Win64/UE4Editor-PaperSpriteSheetImporter.dll (API version 3944462).
LogModuleManager: Display: Found up-to-date module file ../../../Engine/Plugins/2D/Paper2D/Binaries/Win64/UE4Editor-PaperTiledImporter.dll (API version 3944462).
LogModuleManager: Display: Found up-to-date module file ../../../Engine/Plugins/2D/Paper2D/Binaries/Win64/UE4Editor-SmartSnapping.dll (API version 3944462).
LogModuleManager: Display: Found up-to-date module file ../../../Engine/Plugins/Blendables/LightPropagationVolume/Binaries/Win64/UE4Editor-LightPropagationVolumeRuntime.dll (API version 3944462).
LogModuleManager: Display: Found up-to-date module file ../../../Engine/Plugins/Blendables/LightPropagationVolume/Binaries/Win64/UE4Editor-LightPropagationVolumeEditor.dll (API version 3944462).
LogModuleManager: Display: Found up-to-date module file ../../../Engine/Plugins/Developer/CLionSourceCodeAccess/Binaries/Win64/UE4Editor-CLionSourceCodeAccess.dll (API version 3944462).
LogModuleManager: Display: Found up-to-date module file ../../../Engine/Plugins/Developer/GitSourceControl/Binaries/Win64/UE4Editor-GitSourceControl.dll (API version 3944462).
LogModuleManager: Display: Found up-to-date module file ../../../Engine/Plugins/Developer/PerforceSourceControl/Binaries/Win64/UE4Editor-PerforceSourceControl.dll (API version 3944462).
LogModuleManager: Display: Found up-to-date module file ../../../Engine/Plugins/Developer/SubversionSourceControl/Binaries/Win64/UE4Editor-SubversionSourceControl.dll (API version 3944462).
LogModuleManager: Display: Found up-to-date module file ../../../Engine/Plugins/Developer/UObjectPlugin/Binaries/Win64/UE4Editor-UObjectPlugin.dll (API version 3944462).
LogModuleManager: Display: Found up-to-date module file ../../../Engine/Plugins/Developer/VisualStudioCodeSourceCodeAccess/Binaries/Win64/UE4Editor-VisualStudioCodeSourceCodeAccess.dll (API version 3944462).
LogModuleManager: Display: Found up-to-date module file ../../../Engine/Plugins/Developer/VisualStudioSourceCodeAccess/Binaries/Win64/UE4Editor-VisualStudioSourceCodeAccess.dll (API version 3944462).
LogModuleManager: Display: Found up-to-date module file ../../../Engine/Plugins/Editor/AssetManagerEditor/Binaries/Win64/UE4Editor-AssetManagerEditor.dll (API version 3944462).
LogModuleManager: Display: Found up-to-date module file ../../../Engine/Plugins/Editor/CryptoKeys/Binaries/Win64/UE4Editor-CryptoKeys.dll (API version 3944462).
LogModuleManager: Display: Found up-to-date module file ../../../Engine/Plugins/Editor/CryptoKeys/Binaries/Win64/UE4Editor-CryptoKeysOpenSSL.dll (API version 3944462).
LogModuleManager: Display: Found up-to-date module file ../../../Engine/Plugins/Editor/DataValidation/Binaries/Win64/UE4Editor-DataValidation.dll (API version 3944462).
LogModuleManager: Display: Found up-to-date module file ../../../Engine/Plugins/Editor/FacialAnimation/Binaries/Win64/UE4Editor-FacialAnimation.dll (API version 3944462).
LogModuleManager: Display: Found up-to-date module file ../../../Engine/Plugins/Editor/FacialAnimation/Binaries/Win64/UE4Editor-FacialAnimationEditor.dll (API version 3944462).
LogModuleManager: Display: Found up-to-date module file ../../../Engine/Plugins/Editor/GameplayTagsEditor/Binaries/Win64/UE4Editor-GameplayTagsEditor.dll (API version 3944462).
LogModuleManager: Display: Found up-to-date module file ../../../Engine/Plugins/Editor/MobileLauncherProfileWizard/Binaries/Win64/UE4Editor-MobileLauncherProfileWizard.dll (API version 3944462).
LogModuleManager: Display: Found up-to-date module file ../../../Engine/Plugins/Editor/PluginBrowser/Binaries/Win64/UE4Editor-PluginBrowser.dll (API version 3944462).
LogModuleManager: Display: Found up-to-date module file ../../../Engine/Plugins/Editor/SpeedTreeImporter/Binaries/Win64/UE4Editor-SpeedTreeImporter.dll (API version 3944462).
LogModuleManager: Display: Found up-to-date module file ../../../Engine/Plugins/Enterprise/DatasmithContent/Binaries/Win64/UE4Editor-DatasmithContent.dll (API version 3944462).
LogModuleManager: Display: Found up-to-date module file ../../../Engine/Plugins/Experimental/AlembicImporter/Binaries/Win64/UE4Editor-AlembicImporter.dll (API version 3944462).
LogModuleManager: Display: Found up-to-date module file ../../../Engine/Plugins/Experimental/AlembicImporter/Binaries/Win64/UE4Editor-AlembicLibrary.dll (API version 3944462).
LogModuleManager: Display: Found up-to-date module file ../../../Engine/Plugins/Experimental/CharacterAI/Binaries/Win64/UE4Editor-CharacterAI.dll (API version 3944462).
LogModuleManager: Display: Found up-to-date module file ../../../Engine/Plugins/Experimental/HTML5Networking/Binaries/Win64/UE4Editor-HTML5Networking.dll (API version 3944462).
LogModuleManager: Display: Found up-to-date module file ../../../Engine/Plugins/Media/AndroidMedia/Binaries/Win64/UE4Editor-AndroidMediaEditor.dll (API version 3944462).
LogModuleManager: Display: Found up-to-date module file ../../../Engine/Plugins/Media/AndroidMedia/Binaries/Win64/UE4Editor-AndroidMediaFactory.dll (API version 3944462).
LogModuleManager: Display: Found up-to-date module file ../../../Engine/Plugins/Media/AvfMedia/Binaries/Win64/UE4Editor-AvfMediaEditor.dll (API version 3944462).
LogModuleManager: Display: Found up-to-date module file ../../../Engine/Plugins/Media/AvfMedia/Binaries/Win64/UE4Editor-AvfMediaFactory.dll (API version 3944462).
LogModuleManager: Display: Found up-to-date module file ../../../Engine/Plugins/Media/AvfMedia/Binaries/Win64/UE4Editor-AvfMediaFactory.dll (API version 3944462).
LogModuleManager: Display: Found up-to-date module file ../../../Engine/Plugins/Media/ImgMedia/Binaries/Win64/UE4Editor-ImgMedia.dll (API version 3944462).
LogModuleManager: Display: Found up-to-date module file ../../../Engine/Plugins/Media/ImgMedia/Binaries/Win64/UE4Editor-ImgMediaEditor.dll (API version 3944462).
LogModuleManager: Display: Found up-to-date module file ../../../Engine/Plugins/Media/ImgMedia/Binaries/Win64/UE4Editor-ImgMediaFactory.dll (API version 3944462).
LogModuleManager: Display: Found up-to-date module file ../../../Engine/Plugins/Media/ImgMedia/Binaries/Win64/UE4Editor-ImgMediaFactory.dll (API version 3944462).
LogModuleManager: Display: Found up-to-date module file ../../../Engine/Plugins/Media/ImgMedia/Binaries/Win64/UE4Editor-OpenExrWrapper.dll (API version 3944462).
LogModuleManager: Display: Found up-to-date module file ../../../Engine/Plugins/Media/LinearTimecode/Binaries/Win64/UE4Editor-LinearTimecode.dll (API version 3944462).
LogModuleManager: Display: Found up-to-date module file ../../../Engine/Plugins/Media/MediaCompositing/Binaries/Win64/UE4Editor-MediaCompositing.dll (API version 3944462).
LogModuleManager: Display: Found up-to-date module file ../../../Engine/Plugins/Media/MediaCompositing/Binaries/Win64/UE4Editor-MediaCompositingEditor.dll (API version 3944462).
LogModuleManager: Display: Found up-to-date module file ../../../Engine/Plugins/Media/MediaPlayerEditor/Binaries/Win64/UE4Editor-MediaPlayerEditor.dll (API version 3944462).
LogModuleManager: Display: Found up-to-date module file ../../../Engine/Plugins/Media/WmfMedia/Binaries/Win64/UE4Editor-WmfMedia.dll (API version 3944462).
LogModuleManager: Display: Found up-to-date module file ../../../Engine/Plugins/Media/WmfMedia/Binaries/Win64/UE4Editor-WmfMediaEditor.dll (API version 3944462).
LogModuleManager: Display: Found up-to-date module file ../../../Engine/Plugins/Media/WmfMedia/Binaries/Win64/UE4Editor-WmfMediaFactory.dll (API version 3944462).
LogModuleManager: Display: Found up-to-date module file ../../../Engine/Plugins/Media/WmfMedia/Binaries/Win64/UE4Editor-WmfMediaFactory.dll (API version 3944462).
LogModuleManager: Display: Found up-to-date module file ../../../Engine/Plugins/Messaging/TcpMessaging/Binaries/Win64/UE4Editor-TcpMessaging.dll (API version 3944462).
LogModuleManager: Display: Found up-to-date module file ../../../Engine/Plugins/Messaging/UdpMessaging/Binaries/Win64/UE4Editor-UdpMessaging.dll (API version 3944462).
LogModuleManager: Display: Found up-to-date module file ../../../Engine/Plugins/MovieScene/ActorSequence/Binaries/Win64/UE4Editor-ActorSequence.dll (API version 3944462).
LogModuleManager: Display: Found up-to-date module file ../../../Engine/Plugins/MovieScene/LevelSequenceEditor/Binaries/Win64/UE4Editor-LevelSequenceEditor.dll (API version 3944462).
LogModuleManager: Display: Found up-to-date module file ../../../Engine/Plugins/MovieScene/MatineeToLevelSequence/Binaries/Win64/UE4Editor-MatineeToLevelSequence.dll (API version 3944462).
LogModuleManager: Display: Found up-to-date module file ../../../Engine/Plugins/NetcodeUnitTest/NetcodeUnitTest/Binaries/Win64/UE4Editor-NetcodeUnitTest.dll (API version 3944462).
LogModuleManager: Display: Found up-to-date module file ../../../Engine/Plugins/NetcodeUnitTest/NUTUnrealEngine4/Binaries/Win64/UE4Editor-NUTUnrealEngine4.dll (API version 3944462).
LogModuleManager: Display: Found up-to-date module file ../../../Engine/Plugins/Online/OnlineSubsystem/Binaries/Win64/UE4Editor-OnlineSubsystem.dll (API version 3944462).
LogModuleManager: Display: Found up-to-date module file ../../../Engine/Plugins/Runtime/AndroidPermission/Binaries/Win64/UE4Editor-AndroidPermission.dll (API version 3944462).
LogModuleManager: Display: Found up-to-date module file ../../../Engine/Plugins/Online/OnlineSubsystemNull/Binaries/Win64/UE4Editor-OnlineSubsystemNull.dll (API version 3944462).
LogModuleManager: Display: Found up-to-date module file ../../../Engine/Plugins/Online/OnlineSubsystemUtils/Binaries/Win64/UE4Editor-OnlineSubsystemUtils.dll (API version 3944462).
LogModuleManager: Display: Found up-to-date module file ../../../Engine/Plugins/Online/OnlineSubsystemUtils/Binaries/Win64/UE4Editor-OnlineBlueprintSupport.dll (API version 3944462).
LogModuleManager: Display: Found up-to-date module file ../../../Engine/Plugins/Runtime/AndroidDeviceProfileSelector/Binaries/Win64/UE4Editor-AndroidDeviceProfileSelector.dll (API version 3944462).
LogModuleManager: Display: Found up-to-date module file ../../../Engine/Plugins/Runtime/AppleARKit/Binaries/Win64/UE4Editor-AppleARKit.dll (API version 3944462).
LogModuleManager: Display: Found up-to-date module file ../../../Engine/Plugins/Runtime/ProceduralMeshComponent/Binaries/Win64/UE4Editor-ProceduralMeshComponent.dll (API version 3944462).
LogModuleManager: Display: Found up-to-date module file ../../../Engine/Plugins/Runtime/ProceduralMeshComponent/Binaries/Win64/UE4Editor-ProceduralMeshComponentEditor.dll (API version 3944462).
LogModuleManager: Display: Found up-to-date module file ../../../Engine/Plugins/Animation/LiveLink/Binaries/Win64/UE4Editor-LiveLink.dll (API version 3944462).
LogModuleManager: Display: Found up-to-date module file ../../../Engine/Plugins/Animation/LiveLink/Binaries/Win64/UE4Editor-LiveLinkEditor.dll (API version 3944462).
LogModuleManager: Display: Found up-to-date module file ../../../Engine/Plugins/Runtime/ArchVisCharacter/Binaries/Win64/UE4Editor-ArchVisCharacter.dll (API version 3944462).
LogModuleManager: Display: Found up-to-date module file ../../../Engine/Plugins/Runtime/AudioCapture/Binaries/Win64/UE4Editor-AudioCapture.dll (API version 3944462).
LogModuleManager: Display: Found up-to-date module file ../../../Engine/Plugins/Runtime/AudioCapture/Binaries/Win64/UE4Editor-AudioCaptureEditor.dll (API version 3944462).
LogModuleManager: Display: Found up-to-date module file ../../../Engine/Plugins/Runtime/CableComponent/Binaries/Win64/UE4Editor-CableComponent.dll (API version 3944462).
LogModuleManager: Display: Found up-to-date module file ../../../Engine/Plugins/Runtime/CustomMeshComponent/Binaries/Win64/UE4Editor-CustomMeshComponent.dll (API version 3944462).
LogModuleManager: Display: Found up-to-date module file ../../../Engine/Plugins/Runtime/ExampleDeviceProfileSelector/Binaries/Win64/UE4Editor-ExampleDeviceProfileSelector.dll (API version 3944462).
LogModuleManager: Display: Found up-to-date module file ../../../Engine/Plugins/Runtime/ImmediatePhysics/Binaries/Win64/UE4Editor-ImmediatePhysics.dll (API version 3944462).
LogModuleManager: Display: Found up-to-date module file ../../../Engine/Plugins/Runtime/ImmediatePhysics/Binaries/Win64/UE4Editor-ImmediatePhysicsEditor.dll (API version 3944462).
LogModuleManager: Display: Found up-to-date module file ../../../Engine/Plugins/Runtime/LocationServicesBPLibrary/Binaries/Win64/UE4Editor-LocationServicesBPLibrary.dll (API version 3944462).
LogModuleManager: Display: Found up-to-date module file ../../../Engine/Plugins/Runtime/MobilePatchingUtils/Binaries/Win64/UE4Editor-MobilePatchingUtils.dll (API version 3944462).
LogModuleManager: Display: Found up-to-date module file ../../../Engine/Plugins/Runtime/Oculus/OculusVR/Binaries/Win64/UE4Editor-OculusHMD.dll (API version 3944462).
LogModuleManager: Display: Found up-to-date module file ../../../Engine/Plugins/Runtime/Oculus/OculusVR/Binaries/Win64/UE4Editor-OculusInput.dll (API version 3944462).
LogModuleManager: Display: Found up-to-date module file ../../../Engine/Plugins/Runtime/Oculus/OculusVR/Binaries/Win64/UE4Editor-OculusEditor.dll (API version 3944462).
LogModuleManager: Display: Found up-to-date module file ../../../Engine/Plugins/Runtime/PhysXVehicles/Binaries/Win64/UE4Editor-PhysXVehicles.dll (API version 3944462).
LogModuleManager: Display: Found up-to-date module file ../../../Engine/Plugins/Runtime/PhysXVehicles/Binaries/Win64/UE4Editor-PhysXVehiclesEditor.dll (API version 3944462).
LogModuleManager: Display: Found up-to-date module file ../../../Engine/Plugins/Runtime/RuntimePhysXCooking/Binaries/Win64/UE4Editor-RuntimePhysXCooking.dll (API version 3944462).
LogModuleManager: Display: Found up-to-date module file ../../../Engine/Plugins/Runtime/Steam/SteamVR/Binaries/Win64/UE4Editor-SteamVR.dll (API version 3944462).
LogModuleManager: Display: Found up-to-date module file ../../../Engine/Plugins/Runtime/Steam/SteamVR/Binaries/Win64/UE4Editor-SteamVRController.dll (API version 3944462).
LogModuleManager: Display: Found up-to-date module file ../../../Engine/Plugins/Runtime/WindowsMoviePlayer/Binaries/Win64/UE4Editor-WindowsMoviePlayer.dll (API version 3944462).
LogPluginManager: Mounting plugin Paper2D
LogPluginManager: Mounting plugin LiveLink
LogPluginManager: Mounting plugin LightPropagationVolume
LogPluginManager: Mounting plugin CLionSourceCodeAccess
LogPluginManager: Mounting plugin CodeLiteSourceCodeAccess
LogPluginManager: Mounting plugin GitSourceControl
LogPluginManager: Mounting plugin KDevelopSourceCodeAccess
LogPluginManager: Mounting plugin NullSourceCodeAccess
LogPluginManager: Mounting plugin PerforceSourceControl
LogPluginManager: Mounting plugin SubversionSourceControl
LogPluginManager: Mounting plugin UObjectPlugin
LogPluginManager: Mounting plugin VisualStudioCodeSourceCodeAccess
LogPluginManager: Mounting plugin VisualStudioSourceCodeAccess
LogPluginManager: Mounting plugin XCodeSourceCodeAccess
LogPluginManager: Mounting plugin AssetManagerEditor
LogPluginManager: Mounting plugin CryptoKeys
LogPluginManager: Mounting plugin DataValidation
LogPluginManager: Mounting plugin FacialAnimation
LogPluginManager: Mounting plugin GameplayTagsEditor
LogPluginManager: Mounting plugin MobileLauncherProfileWizard
LogPluginManager: Mounting plugin PluginBrowser
LogPluginManager: Mounting plugin SpeedTreeImporter
LogPluginManager: Mounting plugin DatasmithContent
LogPluginManager: Mounting plugin AlembicImporter
LogPluginManager: Mounting plugin CharacterAI
LogPluginManager: Mounting plugin HTML5Networking
LogPluginManager: Mounting plugin AndroidMedia
LogPluginManager: Mounting plugin AvfMedia
LogPluginManager: Mounting plugin ImgMedia
LogPluginManager: Mounting plugin LinearTimecode
LogPluginManager: Mounting plugin MediaCompositing
LogPluginManager: Mounting plugin MediaPlayerEditor
LogPluginManager: Mounting plugin WmfMedia
LogPluginManager: Mounting plugin TcpMessaging
LogPluginManager: Mounting plugin UdpMessaging
LogPluginManager: Mounting plugin ActorSequence
LogPluginManager: Mounting plugin LevelSequenceEditor
LogPluginManager: Mounting plugin MatineeToLevelSequence
LogPluginManager: Mounting plugin NetcodeUnitTest
LogPluginManager: Mounting plugin NUTUnrealEngine4
LogPluginManager: Mounting plugin OnlineSubsystemGooglePlay
LogPluginManager: Mounting plugin OnlineSubsystemIOS
LogPluginManager: Mounting plugin OnlineSubsystem
LogPluginManager: Mounting plugin OnlineSubsystemNull
LogPluginManager: Mounting plugin OnlineSubsystemUtils
LogPluginManager: Mounting plugin AndroidDeviceProfileSelector
LogPluginManager: Mounting plugin AndroidMoviePlayer
LogPluginManager: Mounting plugin AndroidPermission
LogPluginManager: Mounting plugin AppleARKit
LogPluginManager: Mounting plugin AppleMoviePlayer
LogPluginManager: Mounting plugin ArchVisCharacter
LogPluginManager: Mounting plugin AudioCapture
LogPluginManager: Mounting plugin CableComponent
LogPluginManager: Mounting plugin CustomMeshComponent
LogPluginManager: Mounting plugin ExampleDeviceProfileSelector
LogPluginManager: Mounting plugin GoogleCloudMessaging
LogPluginManager: Mounting plugin ImmediatePhysics
LogPluginManager: Mounting plugin IOSDeviceProfileSelector
LogPluginManager: Mounting plugin LinuxDeviceProfileSelector
LogPluginManager: Mounting plugin LocationServicesBPLibrary
LogPluginManager: Mounting plugin MobilePatchingUtils
LogPluginManager: Mounting plugin OculusVR
LogPluginManager: Plugin shader directory ../../../Engine/Plugins/Runtime/Oculus/OculusVR/Shaders found
LogPluginManager: Mapping shader source directory ../../../Engine/Plugins/Runtime/Oculus/OculusVR/Shaders to virtual directory /Plugin/OculusVR
LogPluginManager: Mounting plugin PhysXVehicles
LogPluginManager: Mounting plugin ProceduralMeshComponent
LogPluginManager: Mounting plugin RuntimePhysXCooking
LogPluginManager: Mounting plugin SteamVR
LogPluginManager: Mounting plugin WindowsMoviePlayer
LogStreaming: Display: Took  1.456s to configure plugins.
LogInit: Using libcurl 7.47.1
LogInit:  - built for x86_64-pc-win32
LogInit:  - supports SSL with OpenSSL/1.0.2g
LogInit:  - supports HTTP deflate (compression) using libz 1.2.8
LogInit:  - other features:
LogInit:      CURL_VERSION_SSL
LogInit:      CURL_VERSION_LIBZ
LogInit:      CURL_VERSION_IPV6
LogInit:      CURL_VERSION_ASYNCHDNS
LogInit:      CURL_VERSION_LARGEFILE
LogInit:      CURL_VERSION_IDN
LogInit:  CurlRequestOptions (configurable via config and command line):
LogInit:  - bVerifyPeer = false  - Libcurl will NOT verify peer certificate
LogInit:  - bUseHttpProxy = false  - Libcurl will NOT use HTTP proxy
LogInit:  - bDontReuseConnections = false  - Libcurl will reuse connections
LogInit:  - CertBundlePath = nullptr  - Libcurl will use whatever was configured at build time.
LogInit:  - MaxHostConnections = 16  - Libcurl will limit the number of connections to a host
LogInit:  - LocalHostAddr = Default
LogInit: WinSock: version 1.1 (2.2), MaxSocks=32767, MaxUdp=65467
LogInit: WinSock: I am cdm-z77-04 (10.159.23.2:0)
LogInit: Build: ++UE4+Release-4.19-CL-4033788
LogInit: Engine Version: 4.19.2-4033788+++UE4+Release-4.19
LogInit: Compatible Engine Version: 4.19.0-3944462+++UE4+Release-4.19
LogInit: Net CL: 3944462
LogDevObjectVersion: Number of dev versions registered: 18
LogDevObjectVersion:   Dev-Blueprints (B0D832E4-1F89-4F0D-ACCF-7EB736FD4AA2): 10
LogDevObjectVersion:   Dev-Build (E1C64328-A22C-4D53-A36C-8E866417BD8C): 0
LogDevObjectVersion:   Dev-Core (375EC13C-06E4-48FB-B500-84F0262A717E): 2
LogDevObjectVersion:   Dev-Editor (E4B068ED-F494-42E9-A231-DA0B2E46BB41): 23
LogDevObjectVersion:   Dev-Framework (CFFC743F-43B0-4480-9391-14DF171D2073): 33
LogDevObjectVersion:   Dev-Mobile (B02B49B5-BB20-44E9-A304-32B752E40360): 2
LogDevObjectVersion:   Dev-Networking (A4E4105C-59A1-49B5-A7C5-40C4547EDFEE): 0
LogDevObjectVersion:   Dev-Online (39C831C9-5AE6-47DC-9A44-9C173E1C8E7C): 0
LogDevObjectVersion:   Dev-Physics (78F01B33-EBEA-4F98-B9B4-84EACCB95AA2): 0
LogDevObjectVersion:   Dev-Platform (6631380F-2D4D-43E0-8009-CF276956A95A): 0
LogDevObjectVersion:   Dev-Rendering (12F88B9F-8875-4AFC-A67C-D90C383ABD29): 25
LogDevObjectVersion:   Dev-Sequencer (7B5AE74C-D270-4C10-A958-57980B212A5A): 6
LogDevObjectVersion:   Dev-VR (D7296918-1DD6-4BDD-9DE2-64A83CC13884): 1
LogDevObjectVersion:   Dev-LoadTimes (C2A15278-BFE7-4AFE-6C17-90FF531DF755): 1
LogDevObjectVersion:   Private-Geometry (6EACA3D4-40EC-4CC1-B786-8BED09428FC5): 2
LogDevObjectVersion:   Dev-AnimPhys (29E575DD-E0A3-4627-9D10-D276232CDCEA): 16
LogDevObjectVersion:   Dev-ReflectionCapture (6B266CEC-1EC7-4B8F-A30B-E4D90942FC07): 1
LogDevObjectVersion:   Dev-Automation (0DF73D61-A23F-47EA-B727-89E90C41499A): 1
LogInit: Compiled (64-bit): Apr 27 2018 02:06:57
LogInit: Compiled with Visual C++: 19.00.24215.01
LogInit: Build Configuration: Development
LogInit: Branch Name: ++UE4+Release-4.19
LogInit: Command Line:  /Game/Assets/Levels/TestingLevel1 -game -PIEVIACONSOLE -ResX=1280 -ResY=720  -Multiprocess -messaging -SessionName="Play in Standalone Game" -nohmd -windowed 
LogInit: Base Directory: C:/Program Files/Epic Games/UE_4.19/Engine/Binaries/Win64/
LogInit: Installed Engine Build: 1
LogStreaming: Display: Took  0.009s to delete old logs.
LogInit: Presizing for max 8388607 objects, including 0 objects not considered by GC, pre-allocating 0 bytes for permanent pool.
LogInit: Object subsystem initialized
[2018.11.12-02.56.25:938][  0]LogInit: Selected Device Profile: [Windows]
[2018.11.12-02.56.25:938][  0]LogInit: Applying CVar settings loaded from the selected device profile: [Windows]
[2018.11.12-02.56.25:944][  0]LogInit: Computer: CDM-Z77-04
[2018.11.12-02.56.25:944][  0]LogInit: User: user
[2018.11.12-02.56.25:944][  0]LogInit: CPU Page size=4096, Cores=4
[2018.11.12-02.56.25:944][  0]LogInit: High frequency timer resolution =3.330098 MHz
[2018.11.12-02.56.25:944][  0]LogMemory: Memory total: Physical=7.9GB (8GB approx)
[2018.11.12-02.56.25:944][  0]LogMemory: Platform Memory Stats for Windows
[2018.11.12-02.56.25:944][  0]LogMemory: Process Physical Memory: 274.20 MB used, 274.20 MB peak
[2018.11.12-02.56.25:944][  0]LogMemory: Process Virtual Memory: 264.94 MB used, 264.94 MB peak
[2018.11.12-02.56.25:944][  0]LogMemory: Physical Memory: 4483.43 MB used,  3656.89 MB free, 8140.31 MB total
[2018.11.12-02.56.25:944][  0]LogMemory: Virtual Memory: 4795.21 MB used,  3656.89 MB free, 134217728.00 MB total
[2018.11.12-02.56.25:969][  0]LogInit: Using OS detected language (en-US).
[2018.11.12-02.56.25:969][  0]LogInit: Using OS detected locale (en-US).
[2018.11.12-02.56.25:969][  0]LogTextLocalizationManager: No localization for 'en-US' exists, so 'en' will be used for the language.
[2018.11.12-02.56.25:969][  0]LogTextLocalizationManager: No localization for 'en-US' exists, so 'en' will be used for the locale.
[2018.11.12-02.56.26:430][  0]LogStreaming: Display: Took  0.462s to EndInitTextLocalization.
[2018.11.12-02.56.26:456][  0]LogSlate: New Slate User Created.  User Index 0, Is Virtual User: 0
[2018.11.12-02.56.26:456][  0]LogSlate: Slate User Registered.  User Index 0, Is Virtual User: 0
[2018.11.12-02.56.26:459][  0]LogD3D11RHI: D3D11 adapters:
[2018.11.12-02.56.26:539][  0]LogD3D11RHI:    0. 'NVIDIA GeForce GTX 1060 6GB' (Feature Level 11_0)
[2018.11.12-02.56.26:539][  0]LogD3D11RHI:       6052/0/4070 MB DedicatedVideo/DedicatedSystem/SharedSystem, Outputs:1, VendorId:0x10de
[2018.11.12-02.56.26:542][  0]LogD3D11RHI:    1. 'Microsoft Basic Render Driver' (Feature Level 11_0)
[2018.11.12-02.56.26:542][  0]LogD3D11RHI:       0/0/4070 MB DedicatedVideo/DedicatedSystem/SharedSystem, Outputs:0, VendorId:0x1414
[2018.11.12-02.56.26:542][  0]LogD3D11RHI: Chosen D3D11 Adapter: 0
[2018.11.12-02.56.26:550][  0]LogD3D11RHI: Creating new Direct3DDevice
[2018.11.12-02.56.26:550][  0]LogD3D11RHI:     GPU DeviceId: 0x1c03 (for the marketing name, search the web for "GPU Device Id")
[2018.11.12-02.56.26:550][  0]LogWindows: EnumDisplayDevices:
[2018.11.12-02.56.26:550][  0]LogWindows:    0. 'NVIDIA GeForce GTX 1060 6GB' (P:1 D:1)
[2018.11.12-02.56.26:550][  0]LogWindows:    1. 'NVIDIA GeForce GTX 1060 6GB' (P:0 D:0)
[2018.11.12-02.56.26:551][  0]LogWindows:    2. 'NVIDIA GeForce GTX 1060 6GB' (P:0 D:0)
[2018.11.12-02.56.26:551][  0]LogWindows:    3. 'NVIDIA GeForce GTX 1060 6GB' (P:0 D:0)
[2018.11.12-02.56.26:551][  0]LogWindows: DebugString: GetVideoDriverDetailsInvalid PrimaryIsNotTheChoosenAdapter GetVideoDriverDetailsInvalid PrimaryIsNotTheChoosenAdapter GetVideoDriverDetailsInvalid PrimaryIsNotTheChoosenAdapter GetVideoDriverDetailsInvalid PrimaryIsNotTheChoosenAdapter FoundDriverCount:0 
[2018.11.12-02.56.26:551][  0]LogD3D11RHI:     Adapter Name: NVIDIA GeForce GTX 1060 6GB
[2018.11.12-02.56.26:551][  0]LogD3D11RHI:   Driver Version: Unknown (internal:Unknown, unified:Unknown)
[2018.11.12-02.56.26:551][  0]LogD3D11RHI:      Driver Date: Unknown
[2018.11.12-02.56.26:551][  0]LogRHI: Texture pool is 4236 MB (70% of 6052 MB)
[2018.11.12-02.56.26:612][  0]LogD3D11RHI: [Aftermath] Aftermath enabled and primed
[2018.11.12-02.56.26:612][  0]LogD3D11RHI: [Aftermath] Aftermath enabled and primed
[2018.11.12-02.56.26:612][  0]LogD3D11RHI: Async texture creation enabled
[2018.11.12-02.56.26:648][  0]LogD3D11RHI: GPU Timing Frequency: 1000.000000 (Debug: 2 2)
[2018.11.12-02.56.26:650][  0]LogShaderCompilers: Guid format shader working directory is -41 characters bigger than the processId version (../../../../../../Users/user/Documents/GitHub/SomethingSomethingJamming/EpicJamProject/Intermediate/Shaders/WorkingDirectory/7192/).
[2018.11.12-02.56.26:650][  0]LogShaderCompilers: Cleaned the shader compiler working directory 'C:/Users/user/AppData/Local/Temp/UnrealShaderWorkingDir/5D03FA0D4F71F8BF955D3F9FA8B7C1D9/'.
[2018.11.12-02.56.26:914][  0]LogTemp: Display: Loaded TP WindowsClientTargetPlatform
[2018.11.12-02.56.26:929][  0]LogTemp: Display: Loaded TP WindowsNoEditorTargetPlatform
[2018.11.12-02.56.26:944][  0]LogTemp: Display: Loaded TP WindowsServerTargetPlatform
[2018.11.12-02.56.26:960][  0]LogTemp: Display: Loaded TP WindowsTargetPlatform
[2018.11.12-02.56.26:960][  0]LogTargetPlatformManager: Display: Building Assets For Windows
[2018.11.12-02.56.27:104][  0]LogXGEController: Cannot use XGE Controller as Incredibuild is not installed on this machine.
[2018.11.12-02.56.27:105][  0]LogShaderCompilers: Cannot use XGE Shader Compiler as Incredibuild is not installed on this machine.
[2018.11.12-02.56.27:105][  0]LogShaderCompilers: Display: Using Local Shader Compiler.
[2018.11.12-02.56.27:870][  0]LogDerivedDataCache: Display: Max Cache Size: 512 MB
[2018.11.12-02.56.27:969][  0]LogDerivedDataCache: Loaded boot cache 0.10s 74MB C:/Users/user/AppData/Local/UnrealEngine/4.19/DerivedDataCache/Boot.ddc.
[2018.11.12-02.56.27:969][  0]LogDerivedDataCache: Display: Loaded Boot cache: C:/Users/user/AppData/Local/UnrealEngine/4.19/DerivedDataCache/Boot.ddc
[2018.11.12-02.56.27:969][  0]LogDerivedDataCache: FDerivedDataBackendGraph:  Pak pak cache file ../../../../../../Users/user/Documents/GitHub/SomethingSomethingJamming/EpicJamProject/DerivedDataCache/DDC.ddp not found, will not use a pak cache.
[2018.11.12-02.56.27:969][  0]LogDerivedDataCache: Unable to find inner node Pak for hierarchical cache Hierarchy.
[2018.11.12-02.56.27:970][  0]LogDerivedDataCache: FDerivedDataBackendGraph:  CompressedPak pak cache file ../../../../../../Users/user/Documents/GitHub/SomethingSomethingJamming/EpicJamProject/DerivedDataCache/Compressed.ddp not found, will not use a pak cache.
[2018.11.12-02.56.27:970][  0]LogDerivedDataCache: Unable to find inner node CompressedPak for hierarchical cache Hierarchy.
[2018.11.12-02.56.27:985][  0]LogDerivedDataCache: Display: Pak cache opened for reading ../../../Engine/DerivedDataCache/Compressed.ddp.
[2018.11.12-02.56.27:998][  0]LogDerivedDataCache: Using Local data cache path C:/Users/user/AppData/Local/UnrealEngine/Common/DerivedDataCache: Writable
[2018.11.12-02.56.27:998][  0]LogDerivedDataCache: Shared data cache path not found in *engine.ini, will not use an Shared cache.
[2018.11.12-02.56.27:998][  0]LogDerivedDataCache: Unable to find inner node Shared for hierarchical cache Hierarchy.
[2018.11.12-02.56.28:011][  0]LogMaterial: Verifying Global Shaders for PCD3D_SM5
[2018.11.12-02.56.28:011][  0]LogSlate: Using Freetype 2.6.0
[2018.11.12-02.56.28:012][  0]LogSlate: SlateFontCache - WITH_FREETYPE: 1, WITH_HARFBUZZ: 1
[2018.11.12-02.56.28:012][  0]LogSlate: SlateFontCache - WITH_FREETYPE: 1, WITH_HARFBUZZ: 1
[2018.11.12-02.56.28:136][  0]LogAssetRegistry: FAssetRegistry took 0.0047 seconds to start up
[2018.11.12-02.56.28:382][  0]LogPackageLocalizationCache: Processed 9 localized package path(s) for 1 prioritized culture(s) in 0.008695 seconds
[2018.11.12-02.56.28:500][  0]LogInit: Selected Device Profile: [Windows]
[2018.11.12-02.56.28:658][  0]LogSimplygon: Simplygon DLL not present - disabling.
[2018.11.12-02.56.28:662][  0]LogMeshReduction: Using SimplygonSwarm for distributed automatic mesh merging
[2018.11.12-02.56.28:662][  0]LogMeshReduction: Using QuadricMeshReduction for automatic static mesh reduction
[2018.11.12-02.56.28:662][  0]LogMeshReduction: No automatic skeletal mesh reduction module available
[2018.11.12-02.56.28:662][  0]LogMeshReduction: No automatic mesh merging module available
[2018.11.12-02.56.28:662][  0]LogMeshMerging: No automatic mesh merging module available
[2018.11.12-02.56.28:698][  0]LogNetVersion: EpicJamProject , NetCL: 3944462, EngineNetVer: 2, GameNetVer: 0 (Checksum: 1335748515)
[2018.11.12-02.56.29:457][  0]LogMoviePlayer: Initializing movie player
[2018.11.12-02.56.29:795][  0]LogTcpMessaging: Initializing TcpMessaging bridge
[2018.11.12-02.56.29:829][  0]LogUdpMessaging: Initializing bridge on interface 0.0.0.0:0 to multicast group 230.0.0.1:6666.
[2018.11.12-02.56.30:115][  0]SourceControl: Source control is disabled
[2018.11.12-02.56.30:115][  0]SourceControl: Source control is disabled
[2018.11.12-02.56.30:138][  0]SourceControl: Source control is disabled
[2018.11.12-02.56.30:577][  0]LogAndroidPermission: UAndroidPermissionCallbackProxy::GetInstance
[2018.11.12-02.56.30:800][  0]LogOcInput: OculusInput pre-init called
[2018.11.12-02.56.30:850][  0]LogUObjectArray: 40124 objects as part of root set at end of initial load.
[2018.11.12-02.56.30:850][  0]LogUObjectAllocator: 8364208 out of 0 bytes used by permanent object pool.
[2018.11.12-02.56.30:850][  0]LogUObjectArray: CloseDisregardForGC: 0/0 objects in disregard for GC pool
[2018.11.12-02.56.30:905][  0]LogEngine: Initializing Engine...
[2018.11.12-02.56.30:918][  0]LogStats: UGameplayTagsManager::ConstructGameplayTagTree: Construct from data asset -  0.000 s
[2018.11.12-02.56.30:918][  0]LogStats: UGameplayTagsManager::ConstructGameplayTagTree: GameplayTagTreeChangedEvent.Broadcast -  0.000 s
[2018.11.12-02.56.31:137][  0]LogInit: XAudio2 using 'Digital Audio (S/PDIF) (2- High Definition Audio Device)' : 2 channels at 48 kHz using 16 bits per sample (channel mask 0x3)
[2018.11.12-02.56.31:156][  0]LogInit: FAudioDevice initialized.
[2018.11.12-02.56.31:183][  0]LogInit: Texture streaming: Enabled
[2018.11.12-02.56.31:314][  0]LogInit: Display: Game Engine Initialized.
[2018.11.12-02.56.31:314][  0]LogGameplayTags: Display: UGameplayTagsManager::DoneAddingNativeTags. DelegateIsBound: 0
[2018.11.12-02.56.31:314][  0]LogStats: UGameplayTagsManager::ConstructGameplayTagTree: Construct from data asset -  0.000 s
[2018.11.12-02.56.31:314][  0]LogStats: UGameplayTagsManager::ConstructGameplayTagTree: GameplayTagTreeChangedEvent.Broadcast -  0.000 s
[2018.11.12-02.56.31:438][  0]LogInit: Display: Starting Game.
[2018.11.12-02.56.31:438][  0]LogNet: Browse: /Game/Assets/Levels/TestingLevel1?Name=Player
[2018.11.12-02.56.31:438][  0]LogLoad: LoadMap: /Game/Assets/Levels/TestingLevel1?Name=Player
[2018.11.12-02.56.31:452][  0]LogUObjectGlobals: Created PersistentFrame Addr=0x00000258deb49b58, Size=24, Default__TestingLevel1_C Function /Game/Assets/Levels/TestingLevel1.TestingLevel1_C:ExecuteUbergraph_TestingLevel1
[2018.11.12-02.56.31:454][  0]LogUObjectGlobals: Created PersistentFrame Addr=0x00000258debb3220, Size=48, Default__SimpleUI_C Function /Game/Assets/UserInterface/SimpleUI.SimpleUI_C:ExecuteUbergraph_SimpleUI
[2018.11.12-02.56.31:455][  0]LogUObjectGlobals: Created PersistentFrame Addr=0x00000258d6200100, Size=188, Default__MainCharacter_C Function /Game/Assets/Blueprints/MainCharacter.MainCharacter_C:ExecuteUbergraph_MainCharacter
[2018.11.12-02.56.31:531][  0]LogUObjectGlobals: Created PersistentFrame Addr=0x00000258df7c5da0, Size=144, Default__Portal_C Function /Game/Assets/Blueprints/Portal.Portal_C:ExecuteUbergraph_Portal
[2018.11.12-02.56.31:560][  0]LogUObjectGlobals: Destroyed PersistentFrame Addr=0x00000258d6200100, Size=188
[2018.11.12-02.56.31:560][  0]LogUObjectGlobals: Created PersistentFrame Addr=0x00000258df483f40, Size=188, Default__MainCharacter_C Function /Engine/Transient.REINST_MainCharacter_C_4:ExecuteUbergraph_MainCharacter
[2018.11.12-02.56.31:561][  0]LogUObjectGlobals: Destroyed PersistentFrame Addr=0x00000258df7c5da0, Size=144
[2018.11.12-02.56.31:561][  0]LogUObjectGlobals: Created PersistentFrame Addr=0x00000258df477ba0, Size=144, Default__Portal_C Function /Engine/Transient.REINST_Portal_C_5:ExecuteUbergraph_Portal
[2018.11.12-02.56.31:561][  0]LogUObjectGlobals: Destroyed PersistentFrame Addr=0x00000258debb3220, Size=48
[2018.11.12-02.56.31:561][  0]LogUObjectGlobals: Created PersistentFrame Addr=0x00000258debb3220, Size=48, Default__SimpleUI_C Function /Engine/Transient.REINST_SimpleUI_C_0:ExecuteUbergraph_SimpleUI
[2018.11.12-02.56.31:586][  0]LogUObjectGlobals: Created PersistentFrame Addr=0x00000258df391480, Size=188, Default__MainCharacter_C Function /Game/Assets/Blueprints/MainCharacter.MainCharacter_C:ExecuteUbergraph_MainCharacter
[2018.11.12-02.56.31:588][  0]LogUObjectGlobals: Created PersistentFrame Addr=0x00000258df370720, Size=144, Default__Portal_C Function /Game/Assets/Blueprints/Portal.Portal_C:ExecuteUbergraph_Portal
[2018.11.12-02.56.31:590][  0]LogUObjectGlobals: Created PersistentFrame Addr=0x00000258df345450, Size=48, Default__SimpleUI_C Function /Game/Assets/UserInterface/SimpleUI.SimpleUI_C:ExecuteUbergraph_SimpleUI
[2018.11.12-02.56.31:594][  0]LogUObjectGlobals: Destroyed PersistentFrame Addr=0x00000258deb49b58, Size=24
[2018.11.12-02.56.31:594][  0]LogUObjectGlobals: Created PersistentFrame Addr=0x00000258df3fb2e0, Size=24, Default__TestingLevel1_C Function /Engine/Transient.REINST_TestingLevel1_C_16:ExecuteUbergraph_TestingLevel1
[2018.11.12-02.56.31:595][  0]LogUObjectGlobals: Created PersistentFrame Addr=0x00000258df3faaa0, Size=24, Default__TestingLevel1_C Function /Game/Assets/Levels/TestingLevel1.TestingLevel1_C:ExecuteUbergraph_TestingLevel1
[2018.11.12-02.56.31:669][  0]LogAIModule: Creating AISystem for world TestingLevel1
[2018.11.12-02.56.31:669][  0]LogUObjectGlobals: Warning: Failed to find object 'Class None.'
[2018.11.12-02.56.31:669][  0]LogLoad: Game class is 'GameModeBase'
[2018.11.12-02.56.31:676][  0]LogWorld: Bringing World /Game/Assets/Levels/TestingLevel1.TestingLevel1 up for play (max tick rate 0) at 2018.11.11-18.56.31
[2018.11.12-02.56.31:676][  0]LogWorld: Bringing up level for play took: 0.005843
[2018.11.12-02.56.31:678][  0]LogPrimitiveComponent: Warning: CreateDynamicMaterialInstance on /Game/Assets/Levels/TestingLevel1.TestingLevel1:PersistentLevel.Portal_1237.Plane: Material index -1 is invalid.
[2018.11.12-02.56.31:678][  0]LogLoad: Took 0.241180 seconds to LoadMap(/Game/Assets/Levels/TestingLevel1)
[2018.11.12-02.56.31:734][  0]LogLoad: (Engine Initialization) Total time: 9.00 seconds
[2018.11.12-02.56.31:734][  0]LogLoad: (Engine Initialization) Total Blueprint compile time: 0.00 seconds
[2018.11.12-02.56.31:780][  0]LogRenderer: Reallocating scene render targets to support 256x256 Format 10 NumSamples 1 (Frame:1).
[2018.11.12-02.56.31:807][  0]LogRenderer: Reallocating scene render targets to support 1280x720 Format 10 NumSamples 1 (Frame:1).
[2018.11.12-02.56.31:850][  0]LogWindowsTextInputMethodSystem: Display: IME system now deactivated.
[2018.11.12-02.56.31:915][  0]LogOcInput: OculusInput is initialized
[2018.11.12-02.56.31:918][  0]LogContentStreaming: Texture pool size now 1000 MB
[2018.11.12-02.56.32:130][  1]LogBlueprintUserMessages: [Portal_1237] XWidth: 0.466917
[2018.11.12-02.56.32:130][  1]LogBlueprintUserMessages: [Portal_1237] Width: 0.249999
[2018.11.12-02.56.32:146][  2]LogBlueprintUserMessages: [Portal_1237] XWidth: 0.466917
[2018.11.12-02.56.32:146][  2]LogBlueprintUserMessages: [Portal_1237] Width: 0.249999
[2018.11.12-02.56.32:162][  3]LogBlueprintUserMessages: [Portal_1237] XWidth: 0.466917
[2018.11.12-02.56.32:162][  3]LogBlueprintUserMessages: [Portal_1237] Width: 0.249999
[2018.11.12-02.56.32:178][  4]LogBlueprintUserMessages: [Portal_1237] XWidth: 0.466917
[2018.11.12-02.56.32:178][  4]LogBlueprintUserMessages: [Portal_1237] Width: 0.249999
[2018.11.12-02.56.32:194][  5]LogBlueprintUserMessages: [Portal_1237] XWidth: 0.466917
[2018.11.12-02.56.32:195][  5]LogBlueprintUserMessages: [Portal_1237] Width: 0.249999
[2018.11.12-02.56.32:211][  6]LogBlueprintUserMessages: [Portal_1237] XWidth: 0.466917
[2018.11.12-02.56.32:211][  6]LogBlueprintUserMessages: [Portal_1237] Width: 0.249999
[2018.11.12-02.56.32:227][  7]LogBlueprintUserMessages: [Portal_1237] XWidth: 0.466917
[2018.11.12-02.56.32:227][  7]LogBlueprintUserMessages: [Portal_1237] Width: 0.249999
[2018.11.12-02.56.32:243][  8]LogBlueprintUserMessages: [Portal_1237] XWidth: 0.466917
[2018.11.12-02.56.32:243][  8]LogBlueprintUserMessages: [Portal_1237] Width: 0.249999
[2018.11.12-02.56.32:259][  9]LogBlueprintUserMessages: [Portal_1237] XWidth: 0.466917
[2018.11.12-02.56.32:259][  9]LogBlueprintUserMessages: [Portal_1237] Width: 0.249999
[2018.11.12-02.56.32:275][ 10]LogBlueprintUserMessages: [Portal_1237] XWidth: 0.466917
[2018.11.12-02.56.32:275][ 10]LogBlueprintUserMessages: [Portal_1237] Width: 0.249999
[2018.11.12-02.56.32:291][ 11]LogBlueprintUserMessages: [Portal_1237] XWidth: 0.466917
[2018.11.12-02.56.32:291][ 11]LogBlueprintUserMessages: [Portal_1237] Width: 0.249999
[2018.11.12-02.56.32:307][ 12]LogBlueprintUserMessages: [Portal_1237] XWidth: 0.466917
[2018.11.12-02.56.32:308][ 12]LogBlueprintUserMessages: [Portal_1237] Width: 0.249999
[2018.11.12-02.56.32:324][ 13]LogBlueprintUserMessages: [Portal_1237] XWidth: 0.466917
[2018.11.12-02.56.32:324][ 13]LogBlueprintUserMessages: [Portal_1237] Width: 0.249999
[2018.11.12-02.56.32:340][ 14]LogBlueprintUserMessages: [Portal_1237] XWidth: 0.466917
[2018.11.12-02.56.32:340][ 14]LogBlueprintUserMessages: [Portal_1237] Width: 0.249999
[2018.11.12-02.56.32:356][ 15]LogBlueprintUserMessages: [Portal_1237] XWidth: 0.466917
[2018.11.12-02.56.32:356][ 15]LogBlueprintUserMessages: [Portal_1237] Width: 0.249999
[2018.11.12-02.56.32:372][ 16]LogBlueprintUserMessages: [Portal_1237] XWidth: 0.466917
[2018.11.12-02.56.32:372][ 16]LogBlueprintUserMessages: [Portal_1237] Width: 0.249999
[2018.11.12-02.56.32:388][ 17]LogBlueprintUserMessages: [Portal_1237] XWidth: 0.466917
[2018.11.12-02.56.32:388][ 17]LogBlueprintUserMessages: [Portal_1237] Width: 0.249999
[2018.11.12-02.56.32:404][ 18]LogBlueprintUserMessages: [Portal_1237] XWidth: 0.466917
[2018.11.12-02.56.32:404][ 18]LogBlueprintUserMessages: [Portal_1237] Width: 0.249999
[2018.11.12-02.56.32:420][ 19]LogBlueprintUserMessages: [Portal_1237] XWidth: 0.466917
[2018.11.12-02.56.32:420][ 19]LogBlueprintUserMessages: [Portal_1237] Width: 0.249999
[2018.11.12-02.56.32:437][ 20]LogBlueprintUserMessages: [Portal_1237] XWidth: 0.466917
[2018.11.12-02.56.32:437][ 20]LogBlueprintUserMessages: [Portal_1237] Width: 0.249999
[2018.11.12-02.56.32:453][ 21]LogBlueprintUserMessages: [Portal_1237] XWidth: 0.466917
[2018.11.12-02.56.32:453][ 21]LogBlueprintUserMessages: [Portal_1237] Width: 0.249999
[2018.11.12-02.56.32:469][ 22]LogBlueprintUserMessages: [Portal_1237] XWidth: 0.466917
[2018.11.12-02.56.32:469][ 22]LogBlueprintUserMessages: [Portal_1237] Width: 0.249999
[2018.11.12-02.56.32:485][ 23]LogBlueprintUserMessages: [Portal_1237] XWidth: 0.466917
[2018.11.12-02.56.32:485][ 23]LogBlueprintUserMessages: [Portal_1237] Width: 0.249999
[2018.11.12-02.56.32:501][ 24]LogBlueprintUserMessages: [Portal_1237] XWidth: 0.466917
[2018.11.12-02.56.32:501][ 24]LogBlueprintUserMessages: [Portal_1237] Width: 0.249999
[2018.11.12-02.56.32:517][ 25]LogBlueprintUserMessages: [Portal_1237] XWidth: 0.466917
[2018.11.12-02.56.32:517][ 25]LogBlueprintUserMessages: [Portal_1237] Width: 0.249999
[2018.11.12-02.56.32:533][ 26]LogBlueprintUserMessages: [Portal_1237] XWidth: 0.466917
[2018.11.12-02.56.32:533][ 26]LogBlueprintUserMessages: [Portal_1237] Width: 0.249999
[2018.11.12-02.56.32:550][ 27]LogBlueprintUserMessages: [Portal_1237] XWidth: 0.466917
[2018.11.12-02.56.32:550][ 27]LogBlueprintUserMessages: [Portal_1237] Width: 0.249999
[2018.11.12-02.56.32:566][ 28]LogBlueprintUserMessages: [Portal_1237] XWidth: 0.466917
[2018.11.12-02.56.32:566][ 28]LogBlueprintUserMessages: [Portal_1237] Width: 0.249999
[2018.11.12-02.56.32:582][ 29]LogBlueprintUserMessages: [Portal_1237] XWidth: 0.466917
[2018.11.12-02.56.32:582][ 29]LogBlueprintUserMessages: [Portal_1237] Width: 0.249999
[2018.11.12-02.56.32:598][ 30]LogBlueprintUserMessages: [Portal_1237] XWidth: 0.466917
[2018.11.12-02.56.32:598][ 30]LogBlueprintUserMessages: [Portal_1237] Width: 0.249999
[2018.11.12-02.56.32:614][ 31]LogBlueprintUserMessages: [Portal_1237] XWidth: 0.466917
[2018.11.12-02.56.32:614][ 31]LogBlueprintUserMessages: [Portal_1237] Width: 0.249999
[2018.11.12-02.56.32:630][ 32]LogBlueprintUserMessages: [Portal_1237] XWidth: 0.466917
[2018.11.12-02.56.32:630][ 32]LogBlueprintUserMessages: [Portal_1237] Width: 0.249999
[2018.11.12-02.56.32:646][ 33]LogBlueprintUserMessages: [Portal_1237] XWidth: 0.466917
[2018.11.12-02.56.32:646][ 33]LogBlueprintUserMessages: [Portal_1237] Width: 0.249999
[2018.11.12-02.56.32:662][ 34]LogBlueprintUserMessages: [Portal_1237] XWidth: 0.466917
[2018.11.12-02.56.32:663][ 34]LogBlueprintUserMessages: [Portal_1237] Width: 0.249999
[2018.11.12-02.56.32:679][ 35]LogBlueprintUserMessages: [Portal_1237] XWidth: 0.466917
[2018.11.12-02.56.32:679][ 35]LogBlueprintUserMessages: [Portal_1237] Width: 0.249999
[2018.11.12-02.56.32:695][ 36]LogBlueprintUserMessages: [Portal_1237] XWidth: 0.466917
[2018.11.12-02.56.32:695][ 36]LogBlueprintUserMessages: [Portal_1237] Width: 0.249999
[2018.11.12-02.56.32:711][ 37]LogBlueprintUserMessages: [Portal_1237] XWidth: 0.466917
[2018.11.12-02.56.32:711][ 37]LogBlueprintUserMessages: [Portal_1237] Width: 0.249999
[2018.11.12-02.56.32:727][ 38]LogBlueprintUserMessages: [Portal_1237] XWidth: 0.466917
[2018.11.12-02.56.32:727][ 38]LogBlueprintUserMessages: [Portal_1237] Width: 0.249999
[2018.11.12-02.56.32:743][ 39]LogBlueprintUserMessages: [Portal_1237] XWidth: 0.466917
[2018.11.12-02.56.32:743][ 39]LogBlueprintUserMessages: [Portal_1237] Width: 0.249999
[2018.11.12-02.56.32:759][ 40]LogBlueprintUserMessages: [Portal_1237] XWidth: 0.466917
[2018.11.12-02.56.32:759][ 40]LogBlueprintUserMessages: [Portal_1237] Width: 0.249999
[2018.11.12-02.56.32:776][ 41]LogBlueprintUserMessages: [Portal_1237] XWidth: 0.466917
[2018.11.12-02.56.32:776][ 41]LogBlueprintUserMessages: [Portal_1237] Width: 0.249999
[2018.11.12-02.56.32:792][ 42]LogBlueprintUserMessages: [Portal_1237] XWidth: 0.466917
[2018.11.12-02.56.32:792][ 42]LogBlueprintUserMessages: [Portal_1237] Width: 0.249999
[2018.11.12-02.56.32:808][ 43]LogBlueprintUserMessages: [Portal_1237] XWidth: 0.466917
[2018.11.12-02.56.32:808][ 43]LogBlueprintUserMessages: [Portal_1237] Width: 0.249999
[2018.11.12-02.56.32:824][ 44]LogBlueprintUserMessages: [Portal_1237] XWidth: 0.466917
[2018.11.12-02.56.32:824][ 44]LogBlueprintUserMessages: [Portal_1237] Width: 0.249999
[2018.11.12-02.56.32:840][ 45]LogBlueprintUserMessages: [Portal_1237] XWidth: 0.466917
[2018.11.12-02.56.32:840][ 45]LogBlueprintUserMessages: [Portal_1237] Width: 0.249999
[2018.11.12-02.56.32:856][ 46]LogBlueprintUserMessages: [Portal_1237] XWidth: 0.466917
[2018.11.12-02.56.32:856][ 46]LogBlueprintUserMessages: [Portal_1237] Width: 0.249999
[2018.11.12-02.56.32:872][ 47]LogBlueprintUserMessages: [Portal_1237] XWidth: 0.466917
[2018.11.12-02.56.32:872][ 47]LogBlueprintUserMessages: [Portal_1237] Width: 0.249999
[2018.11.12-02.56.32:888][ 48]LogBlueprintUserMessages: [Portal_1237] XWidth: 0.466917
[2018.11.12-02.56.32:888][ 48]LogBlueprintUserMessages: [Portal_1237] Width: 0.249999
[2018.11.12-02.56.32:905][ 49]LogBlueprintUserMessages: [Portal_1237] XWidth: 0.466917
[2018.11.12-02.56.32:905][ 49]LogBlueprintUserMessages: [Portal_1237] Width: 0.249999
[2018.11.12-02.56.32:921][ 50]LogBlueprintUserMessages: [Portal_1237] XWidth: 0.466917
[2018.11.12-02.56.32:921][ 50]LogBlueprintUserMessages: [Portal_1237] Width: 0.249999
[2018.11.12-02.56.32:937][ 51]LogBlueprintUserMessages: [Portal_1237] XWidth: 0.466917
[2018.11.12-02.56.32:937][ 51]LogBlueprintUserMessages: [Portal_1237] Width: 0.249999
[2018.11.12-02.56.32:953][ 52]LogBlueprintUserMessages: [Portal_1237] XWidth: 0.466917
[2018.11.12-02.56.32:953][ 52]LogBlueprintUserMessages: [Portal_1237] Width: 0.249999
[2018.11.12-02.56.32:969][ 53]LogBlueprintUserMessages: [Portal_1237] XWidth: 0.466917
[2018.11.12-02.56.32:969][ 53]LogBlueprintUserMessages: [Portal_1237] Width: 0.249999
[2018.11.12-02.56.32:985][ 54]LogBlueprintUserMessages: [Portal_1237] XWidth: 0.466917
[2018.11.12-02.56.32:985][ 54]LogBlueprintUserMessages: [Portal_1237] Width: 0.249999
[2018.11.12-02.56.33:001][ 55]LogBlueprintUserMessages: [Portal_1237] XWidth: 0.466917
[2018.11.12-02.56.33:001][ 55]LogBlueprintUserMessages: [Portal_1237] Width: 0.249999
[2018.11.12-02.56.33:018][ 56]LogBlueprintUserMessages: [Portal_1237] XWidth: 0.466917
[2018.11.12-02.56.33:018][ 56]LogBlueprintUserMessages: [Portal_1237] Width: 0.249999
[2018.11.12-02.56.33:034][ 57]LogBlueprintUserMessages: [Portal_1237] XWidth: 0.466917
[2018.11.12-02.56.33:034][ 57]LogBlueprintUserMessages: [Portal_1237] Width: 0.249999
[2018.11.12-02.56.33:050][ 58]LogBlueprintUserMessages: [Portal_1237] XWidth: 0.466917
[2018.11.12-02.56.33:050][ 58]LogBlueprintUserMessages: [Portal_1237] Width: 0.249999
[2018.11.12-02.56.33:066][ 59]LogBlueprintUserMessages: [Portal_1237] XWidth: 0.466917
[2018.11.12-02.56.33:066][ 59]LogBlueprintUserMessages: [Portal_1237] Width: 0.249999
[2018.11.12-02.56.33:082][ 60]LogBlueprintUserMessages: [Portal_1237] XWidth: 0.466917
[2018.11.12-02.56.33:082][ 60]LogBlueprintUserMessages: [Portal_1237] Width: 0.249999
[2018.11.12-02.56.33:098][ 61]LogBlueprintUserMessages: [Portal_1237] XWidth: 0.466917
[2018.11.12-02.56.33:098][ 61]LogBlueprintUserMessages: [Portal_1237] Width: 0.249999
[2018.11.12-02.56.33:114][ 62]LogBlueprintUserMessages: [Portal_1237] XWidth: 0.466917
[2018.11.12-02.56.33:114][ 62]LogBlueprintUserMessages: [Portal_1237] Width: 0.249999
[2018.11.12-02.56.33:131][ 63]LogBlueprintUserMessages: [Portal_1237] XWidth: 0.466917
[2018.11.12-02.56.33:131][ 63]LogBlueprintUserMessages: [Portal_1237] Width: 0.249999
[2018.11.12-02.56.33:147][ 64]LogBlueprintUserMessages: [Portal_1237] XWidth: 0.466917
[2018.11.12-02.56.33:147][ 64]LogBlueprintUserMessages: [Portal_1237] Width: 0.249999
[2018.11.12-02.56.33:163][ 65]LogBlueprintUserMessages: [Portal_1237] XWidth: 0.466917
[2018.11.12-02.56.33:163][ 65]LogBlueprintUserMessages: [Portal_1237] Width: 0.249999
[2018.11.12-02.56.33:179][ 66]LogBlueprintUserMessages: [Portal_1237] XWidth: 0.466917
[2018.11.12-02.56.33:179][ 66]LogBlueprintUserMessages: [Portal_1237] Width: 0.249999
[2018.11.12-02.56.33:195][ 67]LogBlueprintUserMessages: [Portal_1237] XWidth: 0.466917
[2018.11.12-02.56.33:195][ 67]LogBlueprintUserMessages: [Portal_1237] Width: 0.249999
[2018.11.12-02.56.33:211][ 68]LogBlueprintUserMessages: [Portal_1237] XWidth: 0.466917
[2018.11.12-02.56.33:211][ 68]LogBlueprintUserMessages: [Portal_1237] Width: 0.249999
[2018.11.12-02.56.33:227][ 69]LogBlueprintUserMessages: [Portal_1237] XWidth: 0.466917
[2018.11.12-02.56.33:227][ 69]LogBlueprintUserMessages: [Portal_1237] Width: 0.249999
[2018.11.12-02.56.33:244][ 70]LogBlueprintUserMessages: [Portal_1237] XWidth: 0.466917
[2018.11.12-02.56.33:244][ 70]LogBlueprintUserMessages: [Portal_1237] Width: 0.249999
[2018.11.12-02.56.33:260][ 71]LogBlueprintUserMessages: [Portal_1237] XWidth: 0.466917
[2018.11.12-02.56.33:260][ 71]LogBlueprintUserMessages: [Portal_1237] Width: 0.249999
[2018.11.12-02.56.33:276][ 72]LogBlueprintUserMessages: [Portal_1237] XWidth: 0.466917
[2018.11.12-02.56.33:276][ 72]LogBlueprintUserMessages: [Portal_1237] Width: 0.249999
[2018.11.12-02.56.33:291][ 73]LogBlueprintUserMessages: [Portal_1237] XWidth: 0.466917
[2018.11.12-02.56.33:291][ 73]LogBlueprintUserMessages: [Portal_1237] Width: 0.249999
[2018.11.12-02.56.33:307][ 74]LogBlueprintUserMessages: [Portal_1237] XWidth: 0.466917
[2018.11.12-02.56.33:307][ 74]LogBlueprintUserMessages: [Portal_1237] Width: 0.249999
[2018.11.12-02.56.33:324][ 75]LogBlueprintUserMessages: [Portal_1237] XWidth: 0.466917
[2018.11.12-02.56.33:324][ 75]LogBlueprintUserMessages: [Portal_1237] Width: 0.249999
[2018.11.12-02.56.33:339][ 76]LogBlueprintUserMessages: [Portal_1237] XWidth: 0.466917
[2018.11.12-02.56.33:339][ 76]LogBlueprintUserMessages: [Portal_1237] Width: 0.249999
[2018.11.12-02.56.33:355][ 77]LogBlueprintUserMessages: [Portal_1237] XWidth: 0.466917
[2018.11.12-02.56.33:356][ 77]LogBlueprintUserMessages: [Portal_1237] Width: 0.249999
[2018.11.12-02.56.33:372][ 78]LogBlueprintUserMessages: [Portal_1237] XWidth: 0.466917
[2018.11.12-02.56.33:372][ 78]LogBlueprintUserMessages: [Portal_1237] Width: 0.249999
[2018.11.12-02.56.33:388][ 79]LogBlueprintUserMessages: [Portal_1237] XWidth: 0.466917
[2018.11.12-02.56.33:388][ 79]LogBlueprintUserMessages: [Portal_1237] Width: 0.249999
[2018.11.12-02.56.33:404][ 80]LogBlueprintUserMessages: [Portal_1237] XWidth: 0.466917
[2018.11.12-02.56.33:404][ 80]LogBlueprintUserMessages: [Portal_1237] Width: 0.249999
[2018.11.12-02.56.33:420][ 81]LogBlueprintUserMessages: [Portal_1237] XWidth: 0.466917
[2018.11.12-02.56.33:420][ 81]LogBlueprintUserMessages: [Portal_1237] Width: 0.249999
[2018.11.12-02.56.33:436][ 82]LogBlueprintUserMessages: [Portal_1237] XWidth: 0.466917
[2018.11.12-02.56.33:436][ 82]LogBlueprintUserMessages: [Portal_1237] Width: 0.249999
[2018.11.12-02.56.33:452][ 83]LogBlueprintUserMessages: [Portal_1237] XWidth: 0.466917
[2018.11.12-02.56.33:452][ 83]LogBlueprintUserMessages: [Portal_1237] Width: 0.249999
[2018.11.12-02.56.33:468][ 84]LogBlueprintUserMessages: [Portal_1237] XWidth: 0.466917
[2018.11.12-02.56.33:469][ 84]LogBlueprintUserMessages: [Portal_1237] Width: 0.249999
[2018.11.12-02.56.33:485][ 85]LogBlueprintUserMessages: [Portal_1237] XWidth: 0.466917
[2018.11.12-02.56.33:485][ 85]LogBlueprintUserMessages: [Portal_1237] Width: 0.249999
[2018.11.12-02.56.33:501][ 86]LogBlueprintUserMessages: [Portal_1237] XWidth: 0.466917
[2018.11.12-02.56.33:501][ 86]LogBlueprintUserMessages: [Portal_1237] Width: 0.249999
[2018.11.12-02.56.33:517][ 87]LogBlueprintUserMessages: [Portal_1237] XWidth: 0.466917
[2018.11.12-02.56.33:517][ 87]LogBlueprintUserMessages: [Portal_1237] Width: 0.249999
[2018.11.12-02.56.33:533][ 88]LogBlueprintUserMessages: [Portal_1237] XWidth: 0.466917
[2018.11.12-02.56.33:533][ 88]LogBlueprintUserMessages: [Portal_1237] Width: 0.249999
[2018.11.12-02.56.33:549][ 89]LogBlueprintUserMessages: [Portal_1237] XWidth: 0.466917
[2018.11.12-02.56.33:549][ 89]LogBlueprintUserMessages: [Portal_1237] Width: 0.249999
[2018.11.12-02.56.33:565][ 90]LogBlueprintUserMessages: [Portal_1237] XWidth: 0.466917
[2018.11.12-02.56.33:565][ 90]LogBlueprintUserMessages: [Portal_1237] Width: 0.249999
[2018.11.12-02.56.33:581][ 91]LogBlueprintUserMessages: [Portal_1237] XWidth: 0.466917
[2018.11.12-02.56.33:582][ 91]LogBlueprintUserMessages: [Portal_1237] Width: 0.249999
[2018.11.12-02.56.33:598][ 92]LogBlueprintUserMessages: [Portal_1237] XWidth: 0.466917
[2018.11.12-02.56.33:598][ 92]LogBlueprintUserMessages: [Portal_1237] Width: 0.249999
[2018.11.12-02.56.33:614][ 93]LogBlueprintUserMessages: [Portal_1237] XWidth: 0.466917
[2018.11.12-02.56.33:614][ 93]LogBlueprintUserMessages: [Portal_1237] Width: 0.249999
[2018.11.12-02.56.33:630][ 94]LogBlueprintUserMessages: [Portal_1237] XWidth: 0.466917
[2018.11.12-02.56.33:630][ 94]LogBlueprintUserMessages: [Portal_1237] Width: 0.249999
[2018.11.12-02.56.33:646][ 95]LogBlueprintUserMessages: [Portal_1237] XWidth: 0.466917
[2018.11.12-02.56.33:646][ 95]LogBlueprintUserMessages: [Portal_1237] Width: 0.249999
[2018.11.12-02.56.33:662][ 96]LogBlueprintUserMessages: [Portal_1237] XWidth: 0.466917
[2018.11.12-02.56.33:662][ 96]LogBlueprintUserMessages: [Portal_1237] Width: 0.249999
[2018.11.12-02.56.33:678][ 97]LogBlueprintUserMessages: [Portal_1237] XWidth: 0.466917
[2018.11.12-02.56.33:678][ 97]LogBlueprintUserMessages: [Portal_1237] Width: 0.249999
[2018.11.12-02.56.33:694][ 98]LogBlueprintUserMessages: [Portal_1237] XWidth: 0.466917
[2018.11.12-02.56.33:695][ 98]LogBlueprintUserMessages: [Portal_1237] Width: 0.249999
[2018.11.12-02.56.33:711][ 99]LogBlueprintUserMessages: [Portal_1237] XWidth: 0.466917
[2018.11.12-02.56.33:711][ 99]LogBlueprintUserMessages: [Portal_1237] Width: 0.249999
[2018.11.12-02.56.33:727][100]LogBlueprintUserMessages: [Portal_1237] XWidth: 0.466917
[2018.11.12-02.56.33:727][100]LogBlueprintUserMessages: [Portal_1237] Width: 0.249999
[2018.11.12-02.56.33:743][101]LogBlueprintUserMessages: [Portal_1237] XWidth: 0.466917
[2018.11.12-02.56.33:743][101]LogBlueprintUserMessages: [Portal_1237] Width: 0.249999
[2018.11.12-02.56.33:759][102]LogBlueprintUserMessages: [Portal_1237] XWidth: 0.466917
[2018.11.12-02.56.33:759][102]LogBlueprintUserMessages: [Portal_1237] Width: 0.249999
[2018.11.12-02.56.33:775][103]LogBlueprintUserMessages: [Portal_1237] XWidth: 0.466917
[2018.11.12-02.56.33:775][103]LogBlueprintUserMessages: [Portal_1237] Width: 0.249999
[2018.11.12-02.56.33:791][104]LogBlueprintUserMessages: [Portal_1237] XWidth: 0.466917
[2018.11.12-02.56.33:791][104]LogBlueprintUserMessages: [Portal_1237] Width: 0.249999
[2018.11.12-02.56.33:807][105]LogBlueprintUserMessages: [Portal_1237] XWidth: 0.466917
[2018.11.12-02.56.33:807][105]LogBlueprintUserMessages: [Portal_1237] Width: 0.249999
[2018.11.12-02.56.33:823][106]LogBlueprintUserMessages: [Portal_1237] XWidth: 0.466917
[2018.11.12-02.56.33:823][106]LogBlueprintUserMessages: [Portal_1237] Width: 0.249999
[2018.11.12-02.56.33:840][107]LogBlueprintUserMessages: [Portal_1237] XWidth: 0.466917
[2018.11.12-02.56.33:840][107]LogBlueprintUserMessages: [Portal_1237] Width: 0.249999
[2018.11.12-02.56.33:856][108]LogBlueprintUserMessages: [Portal_1237] XWidth: 0.466917
[2018.11.12-02.56.33:856][108]LogBlueprintUserMessages: [Portal_1237] Width: 0.249999
[2018.11.12-02.56.33:872][109]LogBlueprintUserMessages: [Portal_1237] XWidth: 0.466917
[2018.11.12-02.56.33:872][109]LogBlueprintUserMessages: [Portal_1237] Width: 0.249999
[2018.11.12-02.56.33:888][110]LogBlueprintUserMessages: [Portal_1237] XWidth: 0.466917
[2018.11.12-02.56.33:888][110]LogBlueprintUserMessages: [Portal_1237] Width: 0.249999
[2018.11.12-02.56.33:904][111]LogBlueprintUserMessages: [Portal_1237] XWidth: 0.466917
[2018.11.12-02.56.33:904][111]LogBlueprintUserMessages: [Portal_1237] Width: 0.249999
[2018.11.12-02.56.33:920][112]LogBlueprintUserMessages: [Portal_1237] XWidth: 0.466917
[2018.11.12-02.56.33:920][112]LogBlueprintUserMessages: [Portal_1237] Width: 0.249999
[2018.11.12-02.56.33:936][113]LogBlueprintUserMessages: [Portal_1237] XWidth: 0.466917
[2018.11.12-02.56.33:936][113]LogBlueprintUserMessages: [Portal_1237] Width: 0.249999
[2018.11.12-02.56.33:952][114]LogBlueprintUserMessages: [Portal_1237] XWidth: 0.466917
[2018.11.12-02.56.33:953][114]LogBlueprintUserMessages: [Portal_1237] Width: 0.249999
[2018.11.12-02.56.33:969][115]LogBlueprintUserMessages: [Portal_1237] XWidth: 0.466917
[2018.11.12-02.56.33:969][115]LogBlueprintUserMessages: [Portal_1237] Width: 0.249999
[2018.11.12-02.56.33:985][116]LogBlueprintUserMessages: [Portal_1237] XWidth: 0.466917
[2018.11.12-02.56.33:985][116]LogBlueprintUserMessages: [Portal_1237] Width: 0.249999
[2018.11.12-02.56.34:001][117]LogBlueprintUserMessages: [Portal_1237] XWidth: 0.466917
[2018.11.12-02.56.34:001][117]LogBlueprintUserMessages: [Portal_1237] Width: 0.249999
[2018.11.12-02.56.34:017][118]LogBlueprintUserMessages: [Portal_1237] XWidth: 0.466917
[2018.11.12-02.56.34:017][118]LogBlueprintUserMessages: [Portal_1237] Width: 0.249999
[2018.11.12-02.56.34:033][119]LogBlueprintUserMessages: [Portal_1237] XWidth: 0.466917
[2018.11.12-02.56.34:033][119]LogBlueprintUserMessages: [Portal_1237] Width: 0.249999
[2018.11.12-02.56.34:049][120]LogBlueprintUserMessages: [Portal_1237] XWidth: 0.466917
[2018.11.12-02.56.34:049][120]LogBlueprintUserMessages: [Portal_1237] Width: 0.249999
[2018.11.12-02.56.34:065][121]LogBlueprintUserMessages: [Portal_1237] XWidth: 0.466917
[2018.11.12-02.56.34:066][121]LogBlueprintUserMessages: [Portal_1237] Width: 0.249999
[2018.11.12-02.56.34:082][122]LogBlueprintUserMessages: [Portal_1237] XWidth: 0.466917
[2018.11.12-02.56.34:082][122]LogBlueprintUserMessages: [Portal_1237] Width: 0.249999
[2018.11.12-02.56.34:098][123]LogBlueprintUserMessages: [Portal_1237] XWidth: 0.466917
[2018.11.12-02.56.34:098][123]LogBlueprintUserMessages: [Portal_1237] Width: 0.249999
[2018.11.12-02.56.34:114][124]LogBlueprintUserMessages: [Portal_1237] XWidth: 0.466917
[2018.11.12-02.56.34:114][124]LogBlueprintUserMessages: [Portal_1237] Width: 0.249999
[2018.11.12-02.56.34:130][125]LogBlueprintUserMessages: [Portal_1237] XWidth: 0.466917
[2018.11.12-02.56.34:130][125]LogBlueprintUserMessages: [Portal_1237] Width: 0.249999
[2018.11.12-02.56.34:146][126]LogBlueprintUserMessages: [Portal_1237] XWidth: 0.466917
[2018.11.12-02.56.34:146][126]LogBlueprintUserMessages: [Portal_1237] Width: 0.249999
[2018.11.12-02.56.34:162][127]LogBlueprintUserMessages: [Portal_1237] XWidth: 0.466917
[2018.11.12-02.56.34:162][127]LogBlueprintUserMessages: [Portal_1237] Width: 0.249999
[2018.11.12-02.56.34:178][128]LogBlueprintUserMessages: [Portal_1237] XWidth: 0.466917
[2018.11.12-02.56.34:179][128]LogBlueprintUserMessages: [Portal_1237] Width: 0.249999
[2018.11.12-02.56.34:195][129]LogBlueprintUserMessages: [Portal_1237] XWidth: 0.466917
[2018.11.12-02.56.34:195][129]LogBlueprintUserMessages: [Portal_1237] Width: 0.249999
[2018.11.12-02.56.34:211][130]LogBlueprintUserMessages: [Portal_1237] XWidth: 0.466917
[2018.11.12-02.56.34:211][130]LogBlueprintUserMessages: [Portal_1237] Width: 0.249999
[2018.11.12-02.56.34:227][131]LogBlueprintUserMessages: [Portal_1237] XWidth: 0.466917
[2018.11.12-02.56.34:227][131]LogBlueprintUserMessages: [Portal_1237] Width: 0.249999
[2018.11.12-02.56.34:243][132]LogBlueprintUserMessages: [Portal_1237] XWidth: 0.466917
[2018.11.12-02.56.34:243][132]LogBlueprintUserMessages: [Portal_1237] Width: 0.249999
[2018.11.12-02.56.34:259][133]LogBlueprintUserMessages: [Portal_1237] XWidth: 0.466917
[2018.11.12-02.56.34:259][133]LogBlueprintUserMessages: [Portal_1237] Width: 0.249999
[2018.11.12-02.56.34:275][134]LogBlueprintUserMessages: [Portal_1237] XWidth: 0.466917
[2018.11.12-02.56.34:275][134]LogBlueprintUserMessages: [Portal_1237] Width: 0.249999
[2018.11.12-02.56.34:291][135]LogBlueprintUserMessages: [Portal_1237] XWidth: 0.466917
[2018.11.12-02.56.34:291][135]LogBlueprintUserMessages: [Portal_1237] Width: 0.249999
[2018.11.12-02.56.34:308][136]LogBlueprintUserMessages: [Portal_1237] XWidth: 0.466917
[2018.11.12-02.56.34:308][136]LogBlueprintUserMessages: [Portal_1237] Width: 0.249999
[2018.11.12-02.56.34:324][137]LogBlueprintUserMessages: [Portal_1237] XWidth: 0.466917
[2018.11.12-02.56.34:324][137]LogBlueprintUserMessages: [Portal_1237] Width: 0.249999
[2018.11.12-02.56.34:340][138]LogBlueprintUserMessages: [Portal_1237] XWidth: 0.466917
[2018.11.12-02.56.34:340][138]LogBlueprintUserMessages: [Portal_1237] Width: 0.249999
[2018.11.12-02.56.34:356][139]LogBlueprintUserMessages: [Portal_1237] XWidth: 0.466917
[2018.11.12-02.56.34:356][139]LogBlueprintUserMessages: [Portal_1237] Width: 0.249999
[2018.11.12-02.56.34:372][140]LogBlueprintUserMessages: [Portal_1237] XWidth: 0.466917
[2018.11.12-02.56.34:372][140]LogBlueprintUserMessages: [Portal_1237] Width: 0.249999
[2018.11.12-02.56.34:388][141]LogBlueprintUserMessages: [Portal_1237] XWidth: 0.466917
[2018.11.12-02.56.34:388][141]LogBlueprintUserMessages: [Portal_1237] Width: 0.249999
[2018.11.12-02.56.34:404][142]LogBlueprintUserMessages: [Portal_1237] XWidth: 0.466917
[2018.11.12-02.56.34:405][142]LogBlueprintUserMessages: [Portal_1237] Width: 0.249999
[2018.11.12-02.56.34:421][143]LogBlueprintUserMessages: [Portal_1237] XWidth: 0.466917
[2018.11.12-02.56.34:421][143]LogBlueprintUserMessages: [Portal_1237] Width: 0.249999
[2018.11.12-02.56.34:437][144]LogBlueprintUserMessages: [Portal_1237] XWidth: 0.466917
[2018.11.12-02.56.34:437][144]LogBlueprintUserMessages: [Portal_1237] Width: 0.249999
[2018.11.12-02.56.34:453][145]LogBlueprintUserMessages: [Portal_1237] XWidth: 0.466917
[2018.11.12-02.56.34:453][145]LogBlueprintUserMessages: [Portal_1237] Width: 0.249999
[2018.11.12-02.56.34:469][146]LogBlueprintUserMessages: [Portal_1237] XWidth: 0.466917
[2018.11.12-02.56.34:469][146]LogBlueprintUserMessages: [Portal_1237] Width: 0.249999
[2018.11.12-02.56.34:485][147]LogBlueprintUserMessages: [Portal_1237] XWidth: 0.466917
[2018.11.12-02.56.34:485][147]LogBlueprintUserMessages: [Portal_1237] Width: 0.249999
[2018.11.12-02.56.34:501][148]LogBlueprintUserMessages: [Portal_1237] XWidth: 0.466917
[2018.11.12-02.56.34:501][148]LogBlueprintUserMessages: [Portal_1237] Width: 0.249999
[2018.11.12-02.56.34:517][149]LogBlueprintUserMessages: [Portal_1237] XWidth: 0.466917
[2018.11.12-02.56.34:517][149]LogBlueprintUserMessages: [Portal_1237] Width: 0.249999
[2018.11.12-02.56.34:534][150]LogBlueprintUserMessages: [Portal_1237] XWidth: 0.466917
[2018.11.12-02.56.34:534][150]LogBlueprintUserMessages: [Portal_1237] Width: 0.249999
[2018.11.12-02.56.34:550][151]LogBlueprintUserMessages: [Portal_1237] XWidth: 0.466917
[2018.11.12-02.56.34:550][151]LogBlueprintUserMessages: [Portal_1237] Width: 0.249999
[2018.11.12-02.56.34:566][152]LogBlueprintUserMessages: [Portal_1237] XWidth: 0.466917
[2018.11.12-02.56.34:566][152]LogBlueprintUserMessages: [Portal_1237] Width: 0.249999
[2018.11.12-02.56.34:582][153]LogBlueprintUserMessages: [Portal_1237] XWidth: 0.466917
[2018.11.12-02.56.34:582][153]LogBlueprintUserMessages: [Portal_1237] Width: 0.249999
[2018.11.12-02.56.34:598][154]LogBlueprintUserMessages: [Portal_1237] XWidth: 0.466917
[2018.11.12-02.56.34:598][154]LogBlueprintUserMessages: [Portal_1237] Width: 0.249999
[2018.11.12-02.56.34:614][155]LogBlueprintUserMessages: [Portal_1237] XWidth: 0.466917
[2018.11.12-02.56.34:614][155]LogBlueprintUserMessages: [Portal_1237] Width: 0.249999
[2018.11.12-02.56.34:630][156]LogBlueprintUserMessages: [Portal_1237] XWidth: 0.466917
[2018.11.12-02.56.34:630][156]LogBlueprintUserMessages: [Portal_1237] Width: 0.249999
[2018.11.12-02.56.34:647][157]LogBlueprintUserMessages: [Portal_1237] XWidth: 0.466917
[2018.11.12-02.56.34:647][157]LogBlueprintUserMessages: [Portal_1237] Width: 0.249999
[2018.11.12-02.56.34:663][158]LogBlueprintUserMessages: [Portal_1237] XWidth: 0.466917
[2018.11.12-02.56.34:663][158]LogBlueprintUserMessages: [Portal_1237] Width: 0.249999
[2018.11.12-02.56.34:679][159]LogBlueprintUserMessages: [Portal_1237] XWidth: 0.466917
[2018.11.12-02.56.34:679][159]LogBlueprintUserMessages: [Portal_1237] Width: 0.249999
[2018.11.12-02.56.34:695][160]LogBlueprintUserMessages: [Portal_1237] XWidth: 0.466917
[2018.11.12-02.56.34:695][160]LogBlueprintUserMessages: [Portal_1237] Width: 0.249999
[2018.11.12-02.56.34:711][161]LogBlueprintUserMessages: [Portal_1237] XWidth: 0.466917
[2018.11.12-02.56.34:711][161]LogBlueprintUserMessages: [Portal_1237] Width: 0.249999
[2018.11.12-02.56.34:727][162]LogBlueprintUserMessages: [Portal_1237] XWidth: 0.466917
[2018.11.12-02.56.34:727][162]LogBlueprintUserMessages: [Portal_1237] Width: 0.249999
[2018.11.12-02.56.34:743][163]LogBlueprintUserMessages: [Portal_1237] XWidth: 0.466917
[2018.11.12-02.56.34:743][163]LogBlueprintUserMessages: [Portal_1237] Width: 0.249999
[2018.11.12-02.56.34:760][164]LogBlueprintUserMessages: [Portal_1237] XWidth: 0.466917
[2018.11.12-02.56.34:760][164]LogBlueprintUserMessages: [Portal_1237] Width: 0.249999
[2018.11.12-02.56.34:776][165]LogBlueprintUserMessages: [Portal_1237] XWidth: 0.466917
[2018.11.12-02.56.34:776][165]LogBlueprintUserMessages: [Portal_1237] Width: 0.249999
[2018.11.12-02.56.34:792][166]LogBlueprintUserMessages: [Portal_1237] XWidth: 0.466917
[2018.11.12-02.56.34:792][166]LogBlueprintUserMessages: [Portal_1237] Width: 0.249999
[2018.11.12-02.56.34:808][167]LogBlueprintUserMessages: [Portal_1237] XWidth: 0.466917
[2018.11.12-02.56.34:808][167]LogBlueprintUserMessages: [Portal_1237] Width: 0.249999
[2018.11.12-02.56.34:824][168]LogBlueprintUserMessages: [Portal_1237] XWidth: 0.466917
[2018.11.12-02.56.34:824][168]LogBlueprintUserMessages: [Portal_1237] Width: 0.249999
[2018.11.12-02.56.34:840][169]LogBlueprintUserMessages: [Portal_1237] XWidth: 0.466917
[2018.11.12-02.56.34:840][169]LogBlueprintUserMessages: [Portal_1237] Width: 0.249999
[2018.11.12-02.56.34:856][170]LogBlueprintUserMessages: [Portal_1237] XWidth: 0.466917
[2018.11.12-02.56.34:856][170]LogBlueprintUserMessages: [Portal_1237] Width: 0.249999
[2018.11.12-02.56.34:872][171]LogBlueprintUserMessages: [Portal_1237] XWidth: 0.466917
[2018.11.12-02.56.34:872][171]LogBlueprintUserMessages: [Portal_1237] Width: 0.249999
[2018.11.12-02.56.34:889][172]LogBlueprintUserMessages: [Portal_1237] XWidth: 0.466917
[2018.11.12-02.56.34:889][172]LogBlueprintUserMessages: [Portal_1237] Width: 0.249999
[2018.11.12-02.56.34:905][173]LogBlueprintUserMessages: [Portal_1237] XWidth: 0.466917
[2018.11.12-02.56.34:905][173]LogBlueprintUserMessages: [Portal_1237] Width: 0.249999
[2018.11.12-02.56.34:921][174]LogBlueprintUserMessages: [Portal_1237] XWidth: 0.466917
[2018.11.12-02.56.34:921][174]LogBlueprintUserMessages: [Portal_1237] Width: 0.249999
[2018.11.12-02.56.34:937][175]LogBlueprintUserMessages: [Portal_1237] XWidth: 0.466917
[2018.11.12-02.56.34:937][175]LogBlueprintUserMessages: [Portal_1237] Width: 0.249999
[2018.11.12-02.56.34:953][176]LogBlueprintUserMessages: [Portal_1237] XWidth: 0.466917
[2018.11.12-02.56.34:953][176]LogBlueprintUserMessages: [Portal_1237] Width: 0.249999
[2018.11.12-02.56.34:969][177]LogBlueprintUserMessages: [Portal_1237] XWidth: 0.466917
[2018.11.12-02.56.34:969][177]LogBlueprintUserMessages: [Portal_1237] Width: 0.249999
[2018.11.12-02.56.34:985][178]LogBlueprintUserMessages: [Portal_1237] XWidth: 0.466917
[2018.11.12-02.56.34:985][178]LogBlueprintUserMessages: [Portal_1237] Width: 0.249999
[2018.11.12-02.56.35:001][179]LogBlueprintUserMessages: [Portal_1237] XWidth: 0.466917
[2018.11.12-02.56.35:002][179]LogBlueprintUserMessages: [Portal_1237] Width: 0.249999
[2018.11.12-02.56.35:018][180]LogBlueprintUserMessages: [Portal_1237] XWidth: 0.466917
[2018.11.12-02.56.35:018][180]LogBlueprintUserMessages: [Portal_1237] Width: 0.249999
[2018.11.12-02.56.35:034][181]LogBlueprintUserMessages: [Portal_1237] XWidth: 0.466917
[2018.11.12-02.56.35:034][181]LogBlueprintUserMessages: [Portal_1237] Width: 0.249999
[2018.11.12-02.56.35:050][182]LogBlueprintUserMessages: [Portal_1237] XWidth: 0.466917
[2018.11.12-02.56.35:050][182]LogBlueprintUserMessages: [Portal_1237] Width: 0.249999
[2018.11.12-02.56.35:066][183]LogBlueprintUserMessages: [Portal_1237] XWidth: 0.466917
[2018.11.12-02.56.35:066][183]LogBlueprintUserMessages: [Portal_1237] Width: 0.249999
[2018.11.12-02.56.35:082][184]LogBlueprintUserMessages: [Portal_1237] XWidth: 0.466917
[2018.11.12-02.56.35:082][184]LogBlueprintUserMessages: [Portal_1237] Width: 0.249999
[2018.11.12-02.56.35:098][185]LogBlueprintUserMessages: [Portal_1237] XWidth: 0.466917
[2018.11.12-02.56.35:098][185]LogBlueprintUserMessages: [Portal_1237] Width: 0.249999
[2018.11.12-02.56.35:114][186]LogBlueprintUserMessages: [Portal_1237] XWidth: 0.466917
[2018.11.12-02.56.35:114][186]LogBlueprintUserMessages: [Portal_1237] Width: 0.249999
[2018.11.12-02.56.35:131][187]LogBlueprintUserMessages: [Portal_1237] XWidth: 0.466917
[2018.11.12-02.56.35:131][187]LogBlueprintUserMessages: [Portal_1237] Width: 0.249999
[2018.11.12-02.56.35:147][188]LogBlueprintUserMessages: [Portal_1237] XWidth: 0.466917
[2018.11.12-02.56.35:147][188]LogBlueprintUserMessages: [Portal_1237] Width: 0.249999
[2018.11.12-02.56.35:163][189]LogBlueprintUserMessages: [Portal_1237] XWidth: 0.466917
[2018.11.12-02.56.35:163][189]LogBlueprintUserMessages: [Portal_1237] Width: 0.249999
[2018.11.12-02.56.35:179][190]LogBlueprintUserMessages: [Portal_1237] XWidth: 0.466917
[2018.11.12-02.56.35:179][190]LogBlueprintUserMessages: [Portal_1237] Width: 0.249999
[2018.11.12-02.56.35:195][191]LogBlueprintUserMessages: [Portal_1237] XWidth: 0.466917
[2018.11.12-02.56.35:195][191]LogBlueprintUserMessages: [Portal_1237] Width: 0.249999
[2018.11.12-02.56.35:211][192]LogBlueprintUserMessages: [Portal_1237] XWidth: 0.466917
[2018.11.12-02.56.35:211][192]LogBlueprintUserMessages: [Portal_1237] Width: 0.249999
[2018.11.12-02.56.35:227][193]LogBlueprintUserMessages: [Portal_1237] XWidth: 0.466917
[2018.11.12-02.56.35:227][193]LogBlueprintUserMessages: [Portal_1237] Width: 0.249999
[2018.11.12-02.56.35:244][194]LogBlueprintUserMessages: [Portal_1237] XWidth: 0.466917
[2018.11.12-02.56.35:244][194]LogBlueprintUserMessages: [Portal_1237] Width: 0.249999
[2018.11.12-02.56.35:260][195]LogBlueprintUserMessages: [Portal_1237] XWidth: 0.466917
[2018.11.12-02.56.35:260][195]LogBlueprintUserMessages: [Portal_1237] Width: 0.249999
[2018.11.12-02.56.35:276][196]LogBlueprintUserMessages: [Portal_1237] XWidth: 0.466917
[2018.11.12-02.56.35:276][196]LogBlueprintUserMessages: [Portal_1237] Width: 0.249999
[2018.11.12-02.56.35:292][197]LogBlueprintUserMessages: [Portal_1237] XWidth: 0.466917
[2018.11.12-02.56.35:292][197]LogBlueprintUserMessages: [Portal_1237] Width: 0.249999
[2018.11.12-02.56.35:308][198]LogBlueprintUserMessages: [Portal_1237] XWidth: 0.466917
[2018.11.12-02.56.35:308][198]LogBlueprintUserMessages: [Portal_1237] Width: 0.249999
[2018.11.12-02.56.35:324][199]LogBlueprintUserMessages: [Portal_1237] XWidth: 0.466917
[2018.11.12-02.56.35:324][199]LogBlueprintUserMessages: [Portal_1237] Width: 0.249999
[2018.11.12-02.56.35:340][200]LogBlueprintUserMessages: [Portal_1237] XWidth: 0.466917
[2018.11.12-02.56.35:340][200]LogBlueprintUserMessages: [Portal_1237] Width: 0.249999
[2018.11.12-02.56.35:357][201]LogBlueprintUserMessages: [Portal_1237] XWidth: 0.466917
[2018.11.12-02.56.35:357][201]LogBlueprintUserMessages: [Portal_1237] Width: 0.249999
[2018.11.12-02.56.35:373][202]LogBlueprintUserMessages: [Portal_1237] XWidth: 0.466917
[2018.11.12-02.56.35:373][202]LogBlueprintUserMessages: [Portal_1237] Width: 0.249999
[2018.11.12-02.56.35:389][203]LogBlueprintUserMessages: [Portal_1237] XWidth: 0.466917
[2018.11.12-02.56.35:389][203]LogBlueprintUserMessages: [Portal_1237] Width: 0.249999
[2018.11.12-02.56.35:430][204]LogSlate: Window 'EpicJamProject (64-bit, PCD3D_SM5) ' being destroyed
[2018.11.12-02.56.35:431][204]LogWindowsTextInputMethodSystem: Display: IME system now deactivated.
[2018.11.12-02.56.35:434][204]LogWindowsTextInputMethodSystem: Display: IME system now deactivated.
[2018.11.12-02.56.35:435][204]LogEngine: All Windows Closed
[2018.11.12-02.56.35:435][204]LogWindows: FPlatformMisc::RequestExit(0)
[2018.11.12-02.56.35:911][205]LogSlate: Slate User Destroyed.  User Index 0, Is Virtual User: 0
[2018.11.12-02.56.35:911][205]LogExit: Preparing to exit.
[2018.11.12-02.56.35:911][205]LogMoviePlayer: Shutting down movie player
[2018.11.12-02.56.36:863][205]LogUObjectGlobals: Destroyed PersistentFrame Addr=0x00000258df3fb2e0, Size=24
[2018.11.12-02.56.36:863][205]LogExit: Game engine shut down
[2018.11.12-02.56.36:865][205]LogUObjectGlobals: Destroyed PersistentFrame Addr=0x00000258debb3220, Size=48
[2018.11.12-02.56.36:865][205]LogUObjectGlobals: Destroyed PersistentFrame Addr=0x00000258df483f40, Size=188
[2018.11.12-02.56.36:865][205]LogUObjectGlobals: Destroyed PersistentFrame Addr=0x00000258df477ba0, Size=144
[2018.11.12-02.56.36:865][205]LogUObjectGlobals: Destroyed PersistentFrame Addr=0x00000258df391480, Size=188
[2018.11.12-02.56.36:865][205]LogUObjectGlobals: Destroyed PersistentFrame Addr=0x00000258df370720, Size=144
[2018.11.12-02.56.36:865][205]LogUObjectGlobals: Destroyed PersistentFrame Addr=0x00000258df345450, Size=48
[2018.11.12-02.56.36:865][205]LogUObjectGlobals: Destroyed PersistentFrame Addr=0x00000258df3faaa0, Size=24
[2018.11.12-02.56.36:911][205]LogExit: Object subsystem successfully closed.
[2018.11.12-02.56.36:930][205]LogShaderCompilers: Display: Shaders left to compile 0
[2018.11.12-02.56.36:932][205]LogD3D11RHI: Shutdown
[2018.11.12-02.56.36:932][205]LogD3D11RHI: CleanupD3DDevice
[2018.11.12-02.56.36:934][205]LogD3D11RHI: ~FD3D11DynamicRHI
[2018.11.12-02.56.36:949][205]LogModuleManager: Shutting down and abandoning module SequenceRecorderSections (332)
[2018.11.12-02.56.36:949][205]LogModuleManager: Shutting down and abandoning module SequenceRecorder (330)
[2018.11.12-02.56.36:949][205]LogModuleManager: Shutting down and abandoning module AutomationController (328)
[2018.11.12-02.56.36:950][205]LogModuleManager: Shutting down and abandoning module AutomationWorker (326)
[2018.11.12-02.56.36:950][205]LogModuleManager: Shutting down and abandoning module AIModule (324)
[2018.11.12-02.56.36:950][205]LogModuleManager: Shutting down and abandoning module GameplayDebugger (323)
[2018.11.12-02.56.36:950][205]LogModuleManager: Shutting down and abandoning module AITestSuite (321)
[2018.11.12-02.56.36:950][205]LogModuleManager: Shutting down and abandoning module WmfMediaFactory (318)
[2018.11.12-02.56.36:950][205]LogModuleManager: Shutting down and abandoning module OpenExrWrapper (316)
[2018.11.12-02.56.36:950][205]LogModuleManager: Shutting down and abandoning module ImgMediaFactory (314)
[2018.11.12-02.56.36:950][205]LogModuleManager: Shutting down and abandoning module AvfMediaFactory (312)
[2018.11.12-02.56.36:950][205]LogModuleManager: Shutting down and abandoning module CharacterAI (310)
[2018.11.12-02.56.36:950][205]LogModuleManager: Shutting down and abandoning module SessionServices (308)
[2018.11.12-02.56.36:950][205]LogModuleManager: Shutting down and abandoning module MovieSceneCapture (306)
[2018.11.12-02.56.36:950][205]LogModuleManager: Shutting down and abandoning module MovieSceneTracks (304)
[2018.11.12-02.56.36:950][205]LogModuleManager: Shutting down and abandoning module MovieScene (302)
[2018.11.12-02.56.36:950][205]LogModuleManager: Shutting down and abandoning module GeometryCache (300)
[2018.11.12-02.56.36:950][205]LogModuleManager: Shutting down and abandoning module GeometryCacheEd (299)
[2018.11.12-02.56.36:950][205]LogModuleManager: Shutting down and abandoning module StreamingPauseRendering (296)
[2018.11.12-02.56.36:950][205]LogModuleManager: Shutting down and abandoning module PortalServices (294)
[2018.11.12-02.56.36:950][205]LogModuleManager: Shutting down and abandoning module PortalRpc (292)
[2018.11.12-02.56.36:950][205]LogModuleManager: Shutting down and abandoning module MessagingRpc (290)
[2018.11.12-02.56.36:950][205]LogModuleManager: Shutting down and abandoning module ProfilerService (288)
[2018.11.12-02.56.37:126][205]LogModuleManager: Shutting down and abandoning module TaskGraph (286)
[2018.11.12-02.56.37:126][205]LogModuleManager: Shutting down and abandoning module SteamVRController (284)
[2018.11.12-02.56.37:126][205]LogModuleManager: Shutting down and abandoning module ProceduralMeshComponent (282)
[2018.11.12-02.56.37:126][205]LogModuleManager: Shutting down and abandoning module OculusInput (280)
[2018.11.12-02.56.37:126][205]LogModuleManager: Shutting down and abandoning module MobilePatchingUtils (278)
[2018.11.12-02.56.37:126][205]LogModuleManager: Shutting down and abandoning module CustomMeshComponent (276)
[2018.11.12-02.56.37:126][205]LogModuleManager: Shutting down and abandoning module CableComponent (274)
[2018.11.12-02.56.37:126][205]LogModuleManager: Shutting down and abandoning module AudioCapture (272)
[2018.11.12-02.56.37:126][205]LogModuleManager: Shutting down and abandoning module ArchVisCharacter (270)
[2018.11.12-02.56.37:126][205]LogModuleManager: Shutting down and abandoning module AndroidPermission (268)
[2018.11.12-02.56.37:126][205]LogModuleManager: Shutting down and abandoning module NUTUnrealEngine4 (264)
[2018.11.12-02.56.37:126][205]LogModuleManager: Shutting down and abandoning module NetcodeUnitTest (262)
[2018.11.12-02.56.37:126][205]LogModuleManager: Shutting down and abandoning module MediaCompositing (260)
[2018.11.12-02.56.37:126][205]LogModuleManager: Shutting down and abandoning module LinearTimecode (258)
[2018.11.12-02.56.37:126][205]LogModuleManager: Shutting down and abandoning module ImgMedia (256)
[2018.11.12-02.56.37:129][205]LogModuleManager: Shutting down and abandoning module HTML5Networking (254)
[2018.11.12-02.56.37:129][205]LogModuleManager: Shutting down and abandoning module DatasmithContent (252)
[2018.11.12-02.56.37:129][205]LogModuleManager: Shutting down and abandoning module CryptoKeysOpenSSL (250)
[2018.11.12-02.56.37:129][205]LogModuleManager: Shutting down and abandoning module CryptoKeys (248)
[2018.11.12-02.56.37:129][205]LogModuleManager: Shutting down and abandoning module VisualStudioSourceCodeAccess (246)
[2018.11.12-02.56.37:129][205]LogModuleManager: Shutting down and abandoning module HotReload (245)
[2018.11.12-02.56.37:129][205]LogModuleManager: Shutting down and abandoning module DirectoryWatcher (244)
[2018.11.12-02.56.37:129][205]LogModuleManager: Shutting down and abandoning module VisualStudioCodeSourceCodeAccess (240)
[2018.11.12-02.56.37:129][205]LogModuleManager: Shutting down and abandoning module UObjectPlugin (238)
[2018.11.12-02.56.37:129][205]LogModuleManager: Shutting down and abandoning module SubversionSourceControl (236)
[2018.11.12-02.56.37:129][205]LogModuleManager: Shutting down and abandoning module PerforceSourceControl (234)
[2018.11.12-02.56.37:129][205]LogModuleManager: Shutting down and abandoning module SourceControl (233)
[2018.11.12-02.56.37:129][205]LogModuleManager: Shutting down and abandoning module CLionSourceCodeAccess (230)
[2018.11.12-02.56.37:129][205]LogModuleManager: Shutting down and abandoning module RuntimePhysXCooking (228)
[2018.11.12-02.56.37:129][205]LogModuleManager: Shutting down and abandoning module PhysXVehiclesEditor (226)
[2018.11.12-02.56.37:130][205]LogModuleManager: Shutting down and abandoning module PhysXVehicles (224)
[2018.11.12-02.56.37:130][205]LogModuleManager: Shutting down and abandoning module LocationServicesBPLibrary (222)
[2018.11.12-02.56.37:130][205]LogModuleManager: Shutting down and abandoning module ImmediatePhysicsEditor (220)
[2018.11.12-02.56.37:130][205]LogModuleManager: Shutting down and abandoning module ImmediatePhysics (218)
[2018.11.12-02.56.37:130][205]LogModuleManager: Shutting down and abandoning module ActorSequence (216)
[2018.11.12-02.56.37:130][205]LogModuleManager: Shutting down and abandoning module UdpMessaging (214)
[2018.11.12-02.56.37:231][205]LogModuleManager: Shutting down and abandoning module TcpMessaging (212)
[2018.11.12-02.56.37:800][205]LogModuleManager: Shutting down and abandoning module GameplayTagsEditor (210)
[2018.11.12-02.56.37:800][205]LogModuleManager: Shutting down and abandoning module FacialAnimation (208)
[2018.11.12-02.56.37:800][205]LogModuleManager: Shutting down and abandoning module DataValidation (206)
[2018.11.12-02.56.37:800][205]LogModuleManager: Shutting down and abandoning module AssetManagerEditor (204)
[2018.11.12-02.56.37:800][205]LogModuleManager: Shutting down and abandoning module TreeMap (203)
[2018.11.12-02.56.37:800][205]LogModuleManager: Shutting down and abandoning module LightPropagationVolumeRuntime (200)
[2018.11.12-02.56.37:800][205]LogModuleManager: Shutting down and abandoning module LiveLink (198)
[2018.11.12-02.56.38:641][205]LogModuleManager: Shutting down and abandoning module Paper2D (196)
[2018.11.12-02.56.38:641][205]LogModuleManager: Shutting down and abandoning module PIEPreviewDeviceProfileSelector (194)
[2018.11.12-02.56.38:641][205]LogModuleManager: Shutting down and abandoning module WindowsMoviePlayer (192)
[2018.11.12-02.56.38:641][205]LogModuleManager: Shutting down and abandoning module WmfMedia (190)
[2018.11.12-02.56.38:642][205]LogModuleManager: Shutting down and abandoning module Media (189)
[2018.11.12-02.56.38:648][205]LogModuleManager: Shutting down and abandoning module PacketHandler (186)
[2018.11.12-02.56.38:648][205]LogModuleManager: Shutting down and abandoning module ClothingSystemEditor (184)
[2018.11.12-02.56.38:648][205]LogModuleManager: Shutting down and abandoning module ClothingSystemRuntime (182)
[2018.11.12-02.56.38:648][205]LogModuleManager: Shutting down and abandoning module MediaAssets (180)
[2018.11.12-02.56.38:648][205]LogModuleManager: Shutting down and abandoning module Overlay (178)
[2018.11.12-02.56.38:648][205]LogModuleManager: Shutting down and abandoning module OverlayEditor (177)
[2018.11.12-02.56.38:648][205]LogModuleManager: Shutting down and abandoning module VREditor (174)
[2018.11.12-02.56.38:648][205]LogModuleManager: Shutting down and abandoning module StringTableEditor (172)
[2018.11.12-02.56.38:648][205]LogModuleManager: Shutting down and abandoning module GameplayTasksEditor (170)
[2018.11.12-02.56.38:648][205]LogModuleManager: Shutting down and abandoning module BehaviorTreeEditor (168)
[2018.11.12-02.56.38:648][205]LogModuleManager: Shutting down and abandoning module FunctionalTesting (166)
[2018.11.12-02.56.38:648][205]LogModuleManager: Shutting down and abandoning module CollisionAnalyzer (164)
[2018.11.12-02.56.38:648][205]LogModuleManager: Shutting down and abandoning module WorkspaceMenuStructure (163)
[2018.11.12-02.56.38:648][205]LogModuleManager: Shutting down and abandoning module UMG (160)
[2018.11.12-02.56.38:648][205]LogModuleManager: Shutting down and abandoning module UMGEditor (159)
[2018.11.12-02.56.38:649][205]LogModuleManager: Shutting down and abandoning module Sequencer (158)
[2018.11.12-02.56.38:649][205]LogModuleManager: Shutting down and abandoning module MessageLog (155)
[2018.11.12-02.56.38:649][205]LogModuleManager: Shutting down and abandoning module SlateReflector (150)
[2018.11.12-02.56.38:649][205]LogModuleManager: Shutting down and abandoning module Slate (148)
[2018.11.12-02.56.38:649][205]LogModuleManager: Shutting down and abandoning module EditorStyle (146)
[2018.11.12-02.56.38:650][205]LogModuleManager: Shutting down and abandoning module MRMesh (144)
[2018.11.12-02.56.38:650][205]LogModuleManager: Shutting down and abandoning module Messaging (142)
[2018.11.12-02.56.38:650][205]LogModuleManager: Shutting down and abandoning module SourceCodeAccess (140)
[2018.11.12-02.56.38:650][205]LogModuleManager: Shutting down and abandoning module HeadMountedDisplay (138)
[2018.11.12-02.56.38:650][205]LogModuleManager: Shutting down and abandoning module XAudio2 (136)
[2018.11.12-02.56.38:650][205]LogModuleManager: Shutting down and abandoning module Networking (134)
[2018.11.12-02.56.38:650][205]LogModuleManager: Shutting down and abandoning module Core (132)
[2018.11.12-02.56.38:650][205]LogModuleManager: Shutting down and abandoning module LevelSequence (130)
[2018.11.12-02.56.38:650][205]LogModuleManager: Shutting down and abandoning module KismetCompiler (128)
[2018.11.12-02.56.38:650][205]LogModuleManager: Shutting down and abandoning module MeshUtilities (126)
[2018.11.12-02.56.38:650][205]LogModuleManager: Shutting down and abandoning module MeshMergeUtilities (125)
[2018.11.12-02.56.38:650][205]LogModuleManager: Shutting down and abandoning module MeshReductionInterface (124)
[2018.11.12-02.56.38:650][205]LogModuleManager: Shutting down and abandoning module SimplygonSwarm (123)
[2018.11.12-02.56.38:650][205]LogModuleManager: Shutting down and abandoning module SimplygonMeshReduction (121)
[2018.11.12-02.56.38:650][205]LogModuleManager: Shutting down and abandoning module QuadricMeshReduction (119)
[2018.11.12-02.56.38:650][205]LogModuleManager: Shutting down and abandoning module MaterialBaking (115)
[2018.11.12-02.56.38:650][205]LogModuleManager: Shutting down and abandoning module DerivedDataCache (110)
[2018.11.12-02.56.39:001][205]LogDerivedDataCache: Shutdown
[2018.11.12-02.56.39:001][205]LogModuleManager: Shutting down and abandoning module XGEController (108)
[2018.11.12-02.56.39:001][205]LogModuleManager: Shutting down and abandoning module TargetPlatform (106)
[2018.11.12-02.56.39:001][205]LogModuleManager: Shutting down and abandoning module VulkanShaderFormat (105)
[2018.11.12-02.56.39:001][205]LogModuleManager: Shutting down and abandoning module ShaderFormatVectorVM (103)
[2018.11.12-02.56.39:001][205]LogModuleManager: Shutting down and abandoning module ShaderFormatOpenGL (101)
[2018.11.12-02.56.39:001][205]LogModuleManager: Shutting down and abandoning module ShaderFormatD3D (99)
[2018.11.12-02.56.39:001][205]LogModuleManager: Shutting down and abandoning module MetalShaderFormat (97)
[2018.11.12-02.56.39:001][205]LogModuleManager: Shutting down and abandoning module TextureFormatUncompressed (95)
[2018.11.12-02.56.39:001][205]LogModuleManager: Shutting down and abandoning module TextureFormatPVR (93)
[2018.11.12-02.56.39:001][205]LogModuleManager: Shutting down and abandoning module TextureFormatDXT (91)
[2018.11.12-02.56.39:001][205]LogModuleManager: Shutting down and abandoning module TextureFormatIntelISPCTexComp (89)
[2018.11.12-02.56.39:006][205]LogModuleManager: Shutting down and abandoning module TextureFormatASTC (87)
[2018.11.12-02.56.39:006][205]LogModuleManager: Shutting down and abandoning module ImageWrapper (86)
[2018.11.12-02.56.39:006][205]LogModuleManager: Shutting down and abandoning module TextureFormatAndroid (83)
[2018.11.12-02.56.39:006][205]LogModuleManager: Shutting down and abandoning module AudioFormatOpus (81)
[2018.11.12-02.56.39:006][205]LogModuleManager: Shutting down and abandoning module AudioFormatOgg (79)
[2018.11.12-02.56.39:006][205]LogModuleManager: Shutting down and abandoning module AudioFormatADPCM (77)
[2018.11.12-02.56.39:006][205]LogModuleManager: Shutting down and abandoning module WindowsTargetPlatform (75)
[2018.11.12-02.56.39:006][205]LogModuleManager: Shutting down and abandoning module WindowsServerTargetPlatform (73)
[2018.11.12-02.56.39:006][205]LogModuleManager: Shutting down and abandoning module WindowsNoEditorTargetPlatform (71)
[2018.11.12-02.56.39:006][205]LogModuleManager: Shutting down and abandoning module WindowsClientTargetPlatform (69)
[2018.11.12-02.56.39:006][205]LogModuleManager: Shutting down and abandoning module InputCore (66)
[2018.11.12-02.56.39:006][205]LogModuleManager: Shutting down and abandoning module Settings (64)
[2018.11.12-02.56.39:006][205]LogModuleManager: Shutting down and abandoning module PhysXCooking (62)
[2018.11.12-02.56.39:006][205]LogModuleManager: Shutting down and abandoning module SteamVR (60)
[2018.11.12-02.56.39:006][205]LogModuleManager: Shutting down and abandoning module OculusHMD (58)
[2018.11.12-02.56.39:006][205]LogModuleManager: Shutting down and abandoning module ExampleDeviceProfileSelector (56)
[2018.11.12-02.56.39:006][205]LogModuleManager: Shutting down and abandoning module AppleARKit (54)
[2018.11.12-02.56.39:006][205]LogModuleManager: Shutting down and abandoning module AugmentedReality (51)
[2018.11.12-02.56.39:006][205]LogModuleManager: Shutting down and abandoning module OnlineBlueprintSupport (48)
[2018.11.12-02.56.39:006][205]LogModuleManager: Shutting down and abandoning module OnlineSubsystem (44)
[2018.11.12-02.56.39:006][205]LogModuleManager: Shutting down and abandoning module XMPP (43)
[2018.11.12-02.56.39:006][205]LogModuleManager: Shutting down and abandoning module HTTP (41)
[2018.11.12-02.56.39:037][205]LogModuleManager: Shutting down and abandoning module SSL (40)
[2018.11.12-02.56.39:038][205]LogModuleManager: Shutting down and abandoning module AnimationModifiers (36)
[2018.11.12-02.56.39:038][205]LogModuleManager: Shutting down and abandoning module PropertyEditor (35)
[2018.11.12-02.56.39:038][205]LogModuleManager: Shutting down and abandoning module AudioEditor (32)
[2018.11.12-02.56.39:038][205]LogModuleManager: Shutting down and abandoning module TextureCompressor (30)
[2018.11.12-02.56.39:039][205]LogModuleManager: Shutting down and abandoning module ShaderCore (28)
[2018.11.12-02.56.39:039][205]LogModuleManager: Shutting down and abandoning module Landscape (26)
[2018.11.12-02.56.39:039][205]LogModuleManager: Shutting down and abandoning module SlateRHIRenderer (24)
[2018.11.12-02.56.39:039][205]LogModuleManager: Shutting down and abandoning module OpenGLDrv (22)
[2018.11.12-02.56.39:039][205]LogModuleManager: Shutting down and abandoning module D3D11RHI (20)
[2018.11.12-02.56.39:039][205]LogModuleManager: Shutting down and abandoning module AnimGraphRuntime (18)
[2018.11.12-02.56.39:039][205]LogModuleManager: Shutting down and abandoning module Renderer (16)
[2018.11.12-02.56.39:039][205]LogModuleManager: Shutting down and abandoning module Engine (14)
[2018.11.12-02.56.39:039][205]LogModuleManager: Shutting down and abandoning module CoreUObject (12)
[2018.11.12-02.56.39:039][205]LogModuleManager: Shutting down and abandoning module NetworkFile (10)
[2018.11.12-02.56.39:039][205]LogModuleManager: Shutting down and abandoning module CookedIterativeFile (8)
[2018.11.12-02.56.39:039][205]LogModuleManager: Shutting down and abandoning module StreamingFile (6)
[2018.11.12-02.56.39:039][205]LogModuleManager: Shutting down and abandoning module SandboxFile (4)
[2018.11.12-02.56.39:039][205]LogModuleManager: Shutting down and abandoning module PakFile (2)
[2018.11.12-02.56.39:043][205]LogExit: Exiting.
[2018.11.12-02.56.39:044][205]Log file closed, 11/11/18 18:56:39
