Log file open, 11/11/18 12:31:33
LogWindows: Failed to load 'aqProf.dll' (GetLastError=126)
LogWindows: File 'aqProf.dll' does not exist
LogWindows: Failed to load 'VtuneApi.dll' (GetLastError=126)
LogWindows: File 'VtuneApi.dll' does not exist
LogWindows: Failed to load 'VtuneApi32e.dll' (GetLastError=126)
LogWindows: File 'VtuneApi32e.dll' does not exist
LogInit: Display: Running engine for game: EpicJamProject
LogPlatformFile: Not using cached read wrapper
LogInit: Display: RandInit(-1640908916) SRandInit(-1640908916).
LogInit: Read version file with build ID '3944462'
LogInit: Overriding engine version to CL 4033788, compatible CL 3944462
LogInit: Registered custom module enumerator with build ID '3944462'
LogTaskGraph: Started task graph with 5 named threads and 23 total threads with 3 sets of task threads.
LogStats: Stats thread started at 0.350461
LogD3D11RHI: Aftermath initialized
LogICUInternationalization: Display: ICU TimeZone Detection - Raw Offset: -8:00, Platform Override: ''
LogModuleManager: Display: Found up-to-date module file ../../../Engine/Plugins/2D/Paper2D/Binaries/Win64/UE4Editor-Paper2D.dll (API version 3944462).
LogModuleManager: Display: Found up-to-date module file ../../../Engine/Plugins/2D/Paper2D/Binaries/Win64/UE4Editor-Paper2DEditor.dll (API version 3944462).
LogModuleManager: Display: Found up-to-date module file ../../../Engine/Plugins/2D/Paper2D/Binaries/Win64/UE4Editor-PaperSpriteSheetImporter.dll (API version 3944462).
LogModuleManager: Display: Found up-to-date module file ../../../Engine/Plugins/2D/Paper2D/Binaries/Win64/UE4Editor-PaperTiledImporter.dll (API version 3944462).
LogModuleManager: Display: Found up-to-date module file ../../../Engine/Plugins/2D/Paper2D/Binaries/Win64/UE4Editor-SmartSnapping.dll (API version 3944462).
LogModuleManager: Display: Found up-to-date module file ../../../Engine/Plugins/Blendables/LightPropagationVolume/Binaries/Win64/UE4Editor-LightPropagationVolumeRuntime.dll (API version 3944462).
LogModuleManager: Display: Found up-to-date module file ../../../Engine/Plugins/Blendables/LightPropagationVolume/Binaries/Win64/UE4Editor-LightPropagationVolumeEditor.dll (API version 3944462).
LogModuleManager: Display: Found up-to-date module file ../../../Engine/Plugins/Developer/CLionSourceCodeAccess/Binaries/Win64/UE4Editor-CLionSourceCodeAccess.dll (API version 3944462).
LogModuleManager: Display: Found up-to-date module file ../../../Engine/Plugins/Developer/GitSourceControl/Binaries/Win64/UE4Editor-GitSourceControl.dll (API version 3944462).
LogModuleManager: Display: Found up-to-date module file ../../../Engine/Plugins/Developer/PerforceSourceControl/Binaries/Win64/UE4Editor-PerforceSourceControl.dll (API version 3944462).
LogModuleManager: Display: Found up-to-date module file ../../../Engine/Plugins/Developer/SubversionSourceControl/Binaries/Win64/UE4Editor-SubversionSourceControl.dll (API version 3944462).
LogModuleManager: Display: Found up-to-date module file ../../../Engine/Plugins/Developer/UObjectPlugin/Binaries/Win64/UE4Editor-UObjectPlugin.dll (API version 3944462).
LogModuleManager: Display: Found up-to-date module file ../../../Engine/Plugins/Developer/VisualStudioCodeSourceCodeAccess/Binaries/Win64/UE4Editor-VisualStudioCodeSourceCodeAccess.dll (API version 3944462).
LogModuleManager: Display: Found up-to-date module file ../../../Engine/Plugins/Developer/VisualStudioSourceCodeAccess/Binaries/Win64/UE4Editor-VisualStudioSourceCodeAccess.dll (API version 3944462).
LogModuleManager: Display: Found up-to-date module file ../../../Engine/Plugins/Editor/AssetManagerEditor/Binaries/Win64/UE4Editor-AssetManagerEditor.dll (API version 3944462).
LogModuleManager: Display: Found up-to-date module file ../../../Engine/Plugins/Editor/CryptoKeys/Binaries/Win64/UE4Editor-CryptoKeys.dll (API version 3944462).
LogModuleManager: Display: Found up-to-date module file ../../../Engine/Plugins/Editor/CryptoKeys/Binaries/Win64/UE4Editor-CryptoKeysOpenSSL.dll (API version 3944462).
LogModuleManager: Display: Found up-to-date module file ../../../Engine/Plugins/Editor/DataValidation/Binaries/Win64/UE4Editor-DataValidation.dll (API version 3944462).
LogModuleManager: Display: Found up-to-date module file ../../../Engine/Plugins/Editor/FacialAnimation/Binaries/Win64/UE4Editor-FacialAnimation.dll (API version 3944462).
LogModuleManager: Display: Found up-to-date module file ../../../Engine/Plugins/Editor/FacialAnimation/Binaries/Win64/UE4Editor-FacialAnimationEditor.dll (API version 3944462).
LogModuleManager: Display: Found up-to-date module file ../../../Engine/Plugins/Editor/GameplayTagsEditor/Binaries/Win64/UE4Editor-GameplayTagsEditor.dll (API version 3944462).
LogModuleManager: Display: Found up-to-date module file ../../../Engine/Plugins/Editor/MobileLauncherProfileWizard/Binaries/Win64/UE4Editor-MobileLauncherProfileWizard.dll (API version 3944462).
LogModuleManager: Display: Found up-to-date module file ../../../Engine/Plugins/Editor/PluginBrowser/Binaries/Win64/UE4Editor-PluginBrowser.dll (API version 3944462).
LogModuleManager: Display: Found up-to-date module file ../../../Engine/Plugins/Editor/SpeedTreeImporter/Binaries/Win64/UE4Editor-SpeedTreeImporter.dll (API version 3944462).
LogModuleManager: Display: Found up-to-date module file ../../../Engine/Plugins/Enterprise/DatasmithContent/Binaries/Win64/UE4Editor-DatasmithContent.dll (API version 3944462).
LogModuleManager: Display: Found up-to-date module file ../../../Engine/Plugins/Experimental/AlembicImporter/Binaries/Win64/UE4Editor-AlembicImporter.dll (API version 3944462).
LogModuleManager: Display: Found up-to-date module file ../../../Engine/Plugins/Experimental/AlembicImporter/Binaries/Win64/UE4Editor-AlembicLibrary.dll (API version 3944462).
LogModuleManager: Display: Found up-to-date module file ../../../Engine/Plugins/Experimental/CharacterAI/Binaries/Win64/UE4Editor-CharacterAI.dll (API version 3944462).
LogModuleManager: Display: Found up-to-date module file ../../../Engine/Plugins/Experimental/HTML5Networking/Binaries/Win64/UE4Editor-HTML5Networking.dll (API version 3944462).
LogModuleManager: Display: Found up-to-date module file ../../../Engine/Plugins/Media/AndroidMedia/Binaries/Win64/UE4Editor-AndroidMediaEditor.dll (API version 3944462).
LogModuleManager: Display: Found up-to-date module file ../../../Engine/Plugins/Media/AndroidMedia/Binaries/Win64/UE4Editor-AndroidMediaFactory.dll (API version 3944462).
LogModuleManager: Display: Found up-to-date module file ../../../Engine/Plugins/Media/AvfMedia/Binaries/Win64/UE4Editor-AvfMediaEditor.dll (API version 3944462).
LogModuleManager: Display: Found up-to-date module file ../../../Engine/Plugins/Media/AvfMedia/Binaries/Win64/UE4Editor-AvfMediaFactory.dll (API version 3944462).
LogModuleManager: Display: Found up-to-date module file ../../../Engine/Plugins/Media/AvfMedia/Binaries/Win64/UE4Editor-AvfMediaFactory.dll (API version 3944462).
LogModuleManager: Display: Found up-to-date module file ../../../Engine/Plugins/Media/ImgMedia/Binaries/Win64/UE4Editor-ImgMedia.dll (API version 3944462).
LogModuleManager: Display: Found up-to-date module file ../../../Engine/Plugins/Media/ImgMedia/Binaries/Win64/UE4Editor-ImgMediaEditor.dll (API version 3944462).
LogModuleManager: Display: Found up-to-date module file ../../../Engine/Plugins/Media/ImgMedia/Binaries/Win64/UE4Editor-ImgMediaFactory.dll (API version 3944462).
LogModuleManager: Display: Found up-to-date module file ../../../Engine/Plugins/Media/ImgMedia/Binaries/Win64/UE4Editor-ImgMediaFactory.dll (API version 3944462).
LogModuleManager: Display: Found up-to-date module file ../../../Engine/Plugins/Media/ImgMedia/Binaries/Win64/UE4Editor-OpenExrWrapper.dll (API version 3944462).
LogModuleManager: Display: Found up-to-date module file ../../../Engine/Plugins/Media/LinearTimecode/Binaries/Win64/UE4Editor-LinearTimecode.dll (API version 3944462).
LogModuleManager: Display: Found up-to-date module file ../../../Engine/Plugins/Media/MediaCompositing/Binaries/Win64/UE4Editor-MediaCompositing.dll (API version 3944462).
LogModuleManager: Display: Found up-to-date module file ../../../Engine/Plugins/Media/MediaCompositing/Binaries/Win64/UE4Editor-MediaCompositingEditor.dll (API version 3944462).
LogModuleManager: Display: Found up-to-date module file ../../../Engine/Plugins/Media/MediaPlayerEditor/Binaries/Win64/UE4Editor-MediaPlayerEditor.dll (API version 3944462).
LogModuleManager: Display: Found up-to-date module file ../../../Engine/Plugins/Media/WmfMedia/Binaries/Win64/UE4Editor-WmfMedia.dll (API version 3944462).
LogModuleManager: Display: Found up-to-date module file ../../../Engine/Plugins/Media/WmfMedia/Binaries/Win64/UE4Editor-WmfMediaEditor.dll (API version 3944462).
LogModuleManager: Display: Found up-to-date module file ../../../Engine/Plugins/Media/WmfMedia/Binaries/Win64/UE4Editor-WmfMediaFactory.dll (API version 3944462).
LogModuleManager: Display: Found up-to-date module file ../../../Engine/Plugins/Media/WmfMedia/Binaries/Win64/UE4Editor-WmfMediaFactory.dll (API version 3944462).
LogModuleManager: Display: Found up-to-date module file ../../../Engine/Plugins/Messaging/TcpMessaging/Binaries/Win64/UE4Editor-TcpMessaging.dll (API version 3944462).
LogModuleManager: Display: Found up-to-date module file ../../../Engine/Plugins/Messaging/UdpMessaging/Binaries/Win64/UE4Editor-UdpMessaging.dll (API version 3944462).
LogModuleManager: Display: Found up-to-date module file ../../../Engine/Plugins/MovieScene/ActorSequence/Binaries/Win64/UE4Editor-ActorSequence.dll (API version 3944462).
LogModuleManager: Display: Found up-to-date module file ../../../Engine/Plugins/MovieScene/LevelSequenceEditor/Binaries/Win64/UE4Editor-LevelSequenceEditor.dll (API version 3944462).
LogModuleManager: Display: Found up-to-date module file ../../../Engine/Plugins/MovieScene/MatineeToLevelSequence/Binaries/Win64/UE4Editor-MatineeToLevelSequence.dll (API version 3944462).
LogModuleManager: Display: Found up-to-date module file ../../../Engine/Plugins/NetcodeUnitTest/NetcodeUnitTest/Binaries/Win64/UE4Editor-NetcodeUnitTest.dll (API version 3944462).
LogModuleManager: Display: Found up-to-date module file ../../../Engine/Plugins/NetcodeUnitTest/NUTUnrealEngine4/Binaries/Win64/UE4Editor-NUTUnrealEngine4.dll (API version 3944462).
LogModuleManager: Display: Found up-to-date module file ../../../Engine/Plugins/Online/OnlineSubsystem/Binaries/Win64/UE4Editor-OnlineSubsystem.dll (API version 3944462).
LogModuleManager: Display: Found up-to-date module file ../../../Engine/Plugins/Runtime/AndroidPermission/Binaries/Win64/UE4Editor-AndroidPermission.dll (API version 3944462).
LogModuleManager: Display: Found up-to-date module file ../../../Engine/Plugins/Online/OnlineSubsystemNull/Binaries/Win64/UE4Editor-OnlineSubsystemNull.dll (API version 3944462).
LogModuleManager: Display: Found up-to-date module file ../../../Engine/Plugins/Online/OnlineSubsystemUtils/Binaries/Win64/UE4Editor-OnlineSubsystemUtils.dll (API version 3944462).
LogModuleManager: Display: Found up-to-date module file ../../../Engine/Plugins/Online/OnlineSubsystemUtils/Binaries/Win64/UE4Editor-OnlineBlueprintSupport.dll (API version 3944462).
LogModuleManager: Display: Found up-to-date module file ../../../Engine/Plugins/Runtime/AndroidDeviceProfileSelector/Binaries/Win64/UE4Editor-AndroidDeviceProfileSelector.dll (API version 3944462).
LogModuleManager: Display: Found up-to-date module file ../../../Engine/Plugins/Runtime/AppleARKit/Binaries/Win64/UE4Editor-AppleARKit.dll (API version 3944462).
LogModuleManager: Display: Found up-to-date module file ../../../Engine/Plugins/Runtime/ProceduralMeshComponent/Binaries/Win64/UE4Editor-ProceduralMeshComponent.dll (API version 3944462).
LogModuleManager: Display: Found up-to-date module file ../../../Engine/Plugins/Runtime/ProceduralMeshComponent/Binaries/Win64/UE4Editor-ProceduralMeshComponentEditor.dll (API version 3944462).
LogModuleManager: Display: Found up-to-date module file ../../../Engine/Plugins/Animation/LiveLink/Binaries/Win64/UE4Editor-LiveLink.dll (API version 3944462).
LogModuleManager: Display: Found up-to-date module file ../../../Engine/Plugins/Animation/LiveLink/Binaries/Win64/UE4Editor-LiveLinkEditor.dll (API version 3944462).
LogModuleManager: Display: Found up-to-date module file ../../../Engine/Plugins/Runtime/ArchVisCharacter/Binaries/Win64/UE4Editor-ArchVisCharacter.dll (API version 3944462).
LogModuleManager: Display: Found up-to-date module file ../../../Engine/Plugins/Runtime/AudioCapture/Binaries/Win64/UE4Editor-AudioCapture.dll (API version 3944462).
LogModuleManager: Display: Found up-to-date module file ../../../Engine/Plugins/Runtime/AudioCapture/Binaries/Win64/UE4Editor-AudioCaptureEditor.dll (API version 3944462).
LogModuleManager: Display: Found up-to-date module file ../../../Engine/Plugins/Runtime/CableComponent/Binaries/Win64/UE4Editor-CableComponent.dll (API version 3944462).
LogModuleManager: Display: Found up-to-date module file ../../../Engine/Plugins/Runtime/CustomMeshComponent/Binaries/Win64/UE4Editor-CustomMeshComponent.dll (API version 3944462).
LogModuleManager: Display: Found up-to-date module file ../../../Engine/Plugins/Runtime/ExampleDeviceProfileSelector/Binaries/Win64/UE4Editor-ExampleDeviceProfileSelector.dll (API version 3944462).
LogModuleManager: Display: Found up-to-date module file ../../../Engine/Plugins/Runtime/ImmediatePhysics/Binaries/Win64/UE4Editor-ImmediatePhysics.dll (API version 3944462).
LogModuleManager: Display: Found up-to-date module file ../../../Engine/Plugins/Runtime/ImmediatePhysics/Binaries/Win64/UE4Editor-ImmediatePhysicsEditor.dll (API version 3944462).
LogModuleManager: Display: Found up-to-date module file ../../../Engine/Plugins/Runtime/LocationServicesBPLibrary/Binaries/Win64/UE4Editor-LocationServicesBPLibrary.dll (API version 3944462).
LogModuleManager: Display: Found up-to-date module file ../../../Engine/Plugins/Runtime/MobilePatchingUtils/Binaries/Win64/UE4Editor-MobilePatchingUtils.dll (API version 3944462).
LogModuleManager: Display: Found up-to-date module file ../../../Engine/Plugins/Runtime/Oculus/OculusVR/Binaries/Win64/UE4Editor-OculusHMD.dll (API version 3944462).
LogModuleManager: Display: Found up-to-date module file ../../../Engine/Plugins/Runtime/Oculus/OculusVR/Binaries/Win64/UE4Editor-OculusInput.dll (API version 3944462).
LogModuleManager: Display: Found up-to-date module file ../../../Engine/Plugins/Runtime/Oculus/OculusVR/Binaries/Win64/UE4Editor-OculusEditor.dll (API version 3944462).
LogModuleManager: Display: Found up-to-date module file ../../../Engine/Plugins/Runtime/PhysXVehicles/Binaries/Win64/UE4Editor-PhysXVehicles.dll (API version 3944462).
LogModuleManager: Display: Found up-to-date module file ../../../Engine/Plugins/Runtime/PhysXVehicles/Binaries/Win64/UE4Editor-PhysXVehiclesEditor.dll (API version 3944462).
LogModuleManager: Display: Found up-to-date module file ../../../Engine/Plugins/Runtime/RuntimePhysXCooking/Binaries/Win64/UE4Editor-RuntimePhysXCooking.dll (API version 3944462).
LogModuleManager: Display: Found up-to-date module file ../../../Engine/Plugins/Runtime/Steam/SteamVR/Binaries/Win64/UE4Editor-SteamVR.dll (API version 3944462).
LogModuleManager: Display: Found up-to-date module file ../../../Engine/Plugins/Runtime/Steam/SteamVR/Binaries/Win64/UE4Editor-SteamVRController.dll (API version 3944462).
LogModuleManager: Display: Found up-to-date module file ../../../Engine/Plugins/Runtime/WindowsMoviePlayer/Binaries/Win64/UE4Editor-WindowsMoviePlayer.dll (API version 3944462).
LogPluginManager: Mounting plugin Paper2D
LogPluginManager: Mounting plugin LiveLink
LogPluginManager: Mounting plugin LightPropagationVolume
LogPluginManager: Mounting plugin CLionSourceCodeAccess
LogPluginManager: Mounting plugin CodeLiteSourceCodeAccess
LogPluginManager: Mounting plugin GitSourceControl
LogPluginManager: Mounting plugin KDevelopSourceCodeAccess
LogPluginManager: Mounting plugin NullSourceCodeAccess
LogPluginManager: Mounting plugin PerforceSourceControl
LogPluginManager: Mounting plugin SubversionSourceControl
LogPluginManager: Mounting plugin UObjectPlugin
LogPluginManager: Mounting plugin VisualStudioCodeSourceCodeAccess
LogPluginManager: Mounting plugin VisualStudioSourceCodeAccess
LogPluginManager: Mounting plugin XCodeSourceCodeAccess
LogPluginManager: Mounting plugin AssetManagerEditor
LogPluginManager: Mounting plugin CryptoKeys
LogPluginManager: Mounting plugin DataValidation
LogPluginManager: Mounting plugin FacialAnimation
LogPluginManager: Mounting plugin GameplayTagsEditor
LogPluginManager: Mounting plugin MobileLauncherProfileWizard
LogPluginManager: Mounting plugin PluginBrowser
LogPluginManager: Mounting plugin SpeedTreeImporter
LogPluginManager: Mounting plugin DatasmithContent
LogPluginManager: Mounting plugin AlembicImporter
LogPluginManager: Mounting plugin CharacterAI
LogPluginManager: Mounting plugin HTML5Networking
LogPluginManager: Mounting plugin AndroidMedia
LogPluginManager: Mounting plugin AvfMedia
LogPluginManager: Mounting plugin ImgMedia
LogPluginManager: Mounting plugin LinearTimecode
LogPluginManager: Mounting plugin MediaCompositing
LogPluginManager: Mounting plugin MediaPlayerEditor
LogPluginManager: Mounting plugin WmfMedia
LogPluginManager: Mounting plugin TcpMessaging
LogPluginManager: Mounting plugin UdpMessaging
LogPluginManager: Mounting plugin ActorSequence
LogPluginManager: Mounting plugin LevelSequenceEditor
LogPluginManager: Mounting plugin MatineeToLevelSequence
LogPluginManager: Mounting plugin NetcodeUnitTest
LogPluginManager: Mounting plugin NUTUnrealEngine4
LogPluginManager: Mounting plugin OnlineSubsystemGooglePlay
LogPluginManager: Mounting plugin OnlineSubsystemIOS
LogPluginManager: Mounting plugin OnlineSubsystem
LogPluginManager: Mounting plugin OnlineSubsystemNull
LogPluginManager: Mounting plugin OnlineSubsystemUtils
LogPluginManager: Mounting plugin AndroidDeviceProfileSelector
LogPluginManager: Mounting plugin AndroidMoviePlayer
LogPluginManager: Mounting plugin AndroidPermission
LogPluginManager: Mounting plugin AppleARKit
LogPluginManager: Mounting plugin AppleMoviePlayer
LogPluginManager: Mounting plugin ArchVisCharacter
LogPluginManager: Mounting plugin AudioCapture
LogPluginManager: Mounting plugin CableComponent
LogPluginManager: Mounting plugin CustomMeshComponent
LogPluginManager: Mounting plugin ExampleDeviceProfileSelector
LogPluginManager: Mounting plugin GoogleCloudMessaging
LogPluginManager: Mounting plugin ImmediatePhysics
LogPluginManager: Mounting plugin IOSDeviceProfileSelector
LogPluginManager: Mounting plugin LinuxDeviceProfileSelector
LogPluginManager: Mounting plugin LocationServicesBPLibrary
LogPluginManager: Mounting plugin MobilePatchingUtils
LogPluginManager: Mounting plugin OculusVR
LogPluginManager: Plugin shader directory ../../../Engine/Plugins/Runtime/Oculus/OculusVR/Shaders found
LogPluginManager: Mapping shader source directory ../../../Engine/Plugins/Runtime/Oculus/OculusVR/Shaders to virtual directory /Plugin/OculusVR
LogPluginManager: Mounting plugin PhysXVehicles
LogPluginManager: Mounting plugin ProceduralMeshComponent
LogPluginManager: Mounting plugin RuntimePhysXCooking
LogPluginManager: Mounting plugin SteamVR
LogPluginManager: Mounting plugin WindowsMoviePlayer
LogStreaming: Display: Took  1.687s to configure plugins.
LogInit: Using libcurl 7.47.1
LogInit:  - built for x86_64-pc-win32
LogInit:  - supports SSL with OpenSSL/1.0.2g
LogInit:  - supports HTTP deflate (compression) using libz 1.2.8
LogInit:  - other features:
LogInit:      CURL_VERSION_SSL
LogInit:      CURL_VERSION_LIBZ
LogInit:      CURL_VERSION_IPV6
LogInit:      CURL_VERSION_ASYNCHDNS
LogInit:      CURL_VERSION_LARGEFILE
LogInit:      CURL_VERSION_IDN
LogInit:  CurlRequestOptions (configurable via config and command line):
LogInit:  - bVerifyPeer = false  - Libcurl will NOT verify peer certificate
LogInit:  - bUseHttpProxy = false  - Libcurl will NOT use HTTP proxy
LogInit:  - bDontReuseConnections = false  - Libcurl will reuse connections
LogInit:  - CertBundlePath = nullptr  - Libcurl will use whatever was configured at build time.
LogInit:  - MaxHostConnections = 16  - Libcurl will limit the number of connections to a host
LogInit:  - LocalHostAddr = Default
LogInit: WinSock: version 1.1 (2.2), MaxSocks=32767, MaxUdp=65467
LogInit: WinSock: I am cdm-z77-04 (10.159.23.2:0)
LogInit: Build: ++UE4+Release-4.19-CL-4033788
LogInit: Engine Version: 4.19.2-4033788+++UE4+Release-4.19
LogInit: Compatible Engine Version: 4.19.0-3944462+++UE4+Release-4.19
LogInit: Net CL: 3944462
LogDevObjectVersion: Number of dev versions registered: 18
LogDevObjectVersion:   Dev-Blueprints (B0D832E4-1F89-4F0D-ACCF-7EB736FD4AA2): 10
LogDevObjectVersion:   Dev-Build (E1C64328-A22C-4D53-A36C-8E866417BD8C): 0
LogDevObjectVersion:   Dev-Core (375EC13C-06E4-48FB-B500-84F0262A717E): 2
LogDevObjectVersion:   Dev-Editor (E4B068ED-F494-42E9-A231-DA0B2E46BB41): 23
LogDevObjectVersion:   Dev-Framework (CFFC743F-43B0-4480-9391-14DF171D2073): 33
LogDevObjectVersion:   Dev-Mobile (B02B49B5-BB20-44E9-A304-32B752E40360): 2
LogDevObjectVersion:   Dev-Networking (A4E4105C-59A1-49B5-A7C5-40C4547EDFEE): 0
LogDevObjectVersion:   Dev-Online (39C831C9-5AE6-47DC-9A44-9C173E1C8E7C): 0
LogDevObjectVersion:   Dev-Physics (78F01B33-EBEA-4F98-B9B4-84EACCB95AA2): 0
LogDevObjectVersion:   Dev-Platform (6631380F-2D4D-43E0-8009-CF276956A95A): 0
LogDevObjectVersion:   Dev-Rendering (12F88B9F-8875-4AFC-A67C-D90C383ABD29): 25
LogDevObjectVersion:   Dev-Sequencer (7B5AE74C-D270-4C10-A958-57980B212A5A): 6
LogDevObjectVersion:   Dev-VR (D7296918-1DD6-4BDD-9DE2-64A83CC13884): 1
LogDevObjectVersion:   Dev-LoadTimes (C2A15278-BFE7-4AFE-6C17-90FF531DF755): 1
LogDevObjectVersion:   Private-Geometry (6EACA3D4-40EC-4CC1-B786-8BED09428FC5): 2
LogDevObjectVersion:   Dev-AnimPhys (29E575DD-E0A3-4627-9D10-D276232CDCEA): 16
LogDevObjectVersion:   Dev-ReflectionCapture (6B266CEC-1EC7-4B8F-A30B-E4D90942FC07): 1
LogDevObjectVersion:   Dev-Automation (0DF73D61-A23F-47EA-B727-89E90C41499A): 1
LogInit: Compiled (64-bit): Apr 27 2018 02:06:57
LogInit: Compiled with Visual C++: 19.00.24215.01
LogInit: Build Configuration: Development
LogInit: Branch Name: ++UE4+Release-4.19
LogInit: Command Line:  /Game/Assets/Levels/TestingLevel1 -game -PIEVIACONSOLE -ResX=1280 -ResY=720  -Multiprocess -messaging -SessionName="Play in Standalone Game" -nohmd -windowed 
LogInit: Base Directory: C:/Program Files/Epic Games/UE_4.19/Engine/Binaries/Win64/
LogInit: Installed Engine Build: 1
LogStreaming: Display: Took  0.002s to delete old logs.
LogInit: Presizing for max 8388607 objects, including 0 objects not considered by GC, pre-allocating 0 bytes for permanent pool.
LogInit: Object subsystem initialized
[2018.11.11-20.31.35:684][  0]LogInit: Selected Device Profile: [Windows]
[2018.11.11-20.31.35:684][  0]LogInit: Applying CVar settings loaded from the selected device profile: [Windows]
[2018.11.11-20.31.35:689][  0]LogInit: Computer: CDM-Z77-04
[2018.11.11-20.31.35:689][  0]LogInit: User: user
[2018.11.11-20.31.35:689][  0]LogInit: CPU Page size=4096, Cores=4
[2018.11.11-20.31.35:689][  0]LogInit: High frequency timer resolution =3.330098 MHz
[2018.11.11-20.31.35:690][  0]LogMemory: Memory total: Physical=7.9GB (8GB approx)
[2018.11.11-20.31.35:690][  0]LogMemory: Platform Memory Stats for Windows
[2018.11.11-20.31.35:690][  0]LogMemory: Process Physical Memory: 273.61 MB used, 273.61 MB peak
[2018.11.11-20.31.35:690][  0]LogMemory: Process Virtual Memory: 264.78 MB used, 264.78 MB peak
[2018.11.11-20.31.35:690][  0]LogMemory: Physical Memory: 5947.18 MB used,  2193.13 MB free, 8140.31 MB total
[2018.11.11-20.31.35:690][  0]LogMemory: Virtual Memory: 4795.21 MB used,  2193.13 MB free, 134217728.00 MB total
[2018.11.11-20.31.35:720][  0]LogInit: Using OS detected language (en-US).
[2018.11.11-20.31.35:720][  0]LogInit: Using OS detected locale (en-US).
[2018.11.11-20.31.35:720][  0]LogTextLocalizationManager: No localization for 'en-US' exists, so 'en' will be used for the language.
[2018.11.11-20.31.35:720][  0]LogTextLocalizationManager: No localization for 'en-US' exists, so 'en' will be used for the locale.
[2018.11.11-20.31.36:273][  0]LogStreaming: Display: Took  0.553s to EndInitTextLocalization.
[2018.11.11-20.31.36:306][  0]LogSlate: New Slate User Created.  User Index 0, Is Virtual User: 0
[2018.11.11-20.31.36:306][  0]LogSlate: Slate User Registered.  User Index 0, Is Virtual User: 0
[2018.11.11-20.31.36:310][  0]LogD3D11RHI: D3D11 adapters:
[2018.11.11-20.31.36:401][  0]LogD3D11RHI:    0. 'NVIDIA GeForce GTX 1060 6GB' (Feature Level 11_0)
[2018.11.11-20.31.36:401][  0]LogD3D11RHI:       6052/0/4070 MB DedicatedVideo/DedicatedSystem/SharedSystem, Outputs:1, VendorId:0x10de
[2018.11.11-20.31.36:404][  0]LogD3D11RHI:    1. 'Microsoft Basic Render Driver' (Feature Level 11_0)
[2018.11.11-20.31.36:404][  0]LogD3D11RHI:       0/0/4070 MB DedicatedVideo/DedicatedSystem/SharedSystem, Outputs:0, VendorId:0x1414
[2018.11.11-20.31.36:404][  0]LogD3D11RHI: Chosen D3D11 Adapter: 0
[2018.11.11-20.31.36:414][  0]LogD3D11RHI: Creating new Direct3DDevice
[2018.11.11-20.31.36:414][  0]LogD3D11RHI:     GPU DeviceId: 0x1c03 (for the marketing name, search the web for "GPU Device Id")
[2018.11.11-20.31.36:414][  0]LogWindows: EnumDisplayDevices:
[2018.11.11-20.31.36:414][  0]LogWindows:    0. 'NVIDIA GeForce GTX 1060 6GB' (P:1 D:1)
[2018.11.11-20.31.36:415][  0]LogWindows:    1. 'NVIDIA GeForce GTX 1060 6GB' (P:0 D:0)
[2018.11.11-20.31.36:415][  0]LogWindows:    2. 'NVIDIA GeForce GTX 1060 6GB' (P:0 D:0)
[2018.11.11-20.31.36:415][  0]LogWindows:    3. 'NVIDIA GeForce GTX 1060 6GB' (P:0 D:0)
[2018.11.11-20.31.36:415][  0]LogWindows: DebugString: GetVideoDriverDetailsInvalid PrimaryIsNotTheChoosenAdapter GetVideoDriverDetailsInvalid PrimaryIsNotTheChoosenAdapter GetVideoDriverDetailsInvalid PrimaryIsNotTheChoosenAdapter GetVideoDriverDetailsInvalid PrimaryIsNotTheChoosenAdapter FoundDriverCount:0 
[2018.11.11-20.31.36:415][  0]LogD3D11RHI:     Adapter Name: NVIDIA GeForce GTX 1060 6GB
[2018.11.11-20.31.36:415][  0]LogD3D11RHI:   Driver Version: Unknown (internal:Unknown, unified:Unknown)
[2018.11.11-20.31.36:415][  0]LogD3D11RHI:      Driver Date: Unknown
[2018.11.11-20.31.36:415][  0]LogRHI: Texture pool is 4236 MB (70% of 6052 MB)
[2018.11.11-20.31.36:482][  0]LogD3D11RHI: [Aftermath] Aftermath enabled and primed
[2018.11.11-20.31.36:482][  0]LogD3D11RHI: [Aftermath] Aftermath enabled and primed
[2018.11.11-20.31.36:482][  0]LogD3D11RHI: Async texture creation enabled
[2018.11.11-20.31.36:525][  0]LogD3D11RHI: GPU Timing Frequency: 1000.000000 (Debug: 2 2)
[2018.11.11-20.31.36:528][  0]LogShaderCompilers: Guid format shader working directory is -42 characters bigger than the processId version (../../../../../../Users/user/Documents/GitHub/SomethingSomethingJamming/EpicJamProject/Intermediate/Shaders/WorkingDirectory/14780/).
[2018.11.11-20.31.36:528][  0]LogShaderCompilers: Cleaned the shader compiler working directory 'C:/Users/user/AppData/Local/Temp/UnrealShaderWorkingDir/C3CFA9E645FEDD2022963D9D5EE19971/'.
[2018.11.11-20.31.36:798][  0]LogTemp: Display: Loaded TP WindowsClientTargetPlatform
[2018.11.11-20.31.36:816][  0]LogTemp: Display: Loaded TP WindowsNoEditorTargetPlatform
[2018.11.11-20.31.36:833][  0]LogTemp: Display: Loaded TP WindowsServerTargetPlatform
[2018.11.11-20.31.36:853][  0]LogTemp: Display: Loaded TP WindowsTargetPlatform
[2018.11.11-20.31.36:853][  0]LogTargetPlatformManager: Display: Building Assets For Windows
[2018.11.11-20.31.37:044][  0]LogXGEController: Cannot use XGE Controller as Incredibuild is not installed on this machine.
[2018.11.11-20.31.37:045][  0]LogShaderCompilers: Cannot use XGE Shader Compiler as Incredibuild is not installed on this machine.
[2018.11.11-20.31.37:045][  0]LogShaderCompilers: Display: Using Local Shader Compiler.
[2018.11.11-20.31.37:942][  0]LogDerivedDataCache: Display: Max Cache Size: 512 MB
[2018.11.11-20.31.38:049][  0]LogDerivedDataCache: Loaded boot cache 0.11s 74MB C:/Users/user/AppData/Local/UnrealEngine/4.19/DerivedDataCache/Boot.ddc.
[2018.11.11-20.31.38:049][  0]LogDerivedDataCache: Display: Loaded Boot cache: C:/Users/user/AppData/Local/UnrealEngine/4.19/DerivedDataCache/Boot.ddc
[2018.11.11-20.31.38:050][  0]LogDerivedDataCache: FDerivedDataBackendGraph:  Pak pak cache file ../../../../../../Users/user/Documents/GitHub/SomethingSomethingJamming/EpicJamProject/DerivedDataCache/DDC.ddp not found, will not use a pak cache.
[2018.11.11-20.31.38:050][  0]LogDerivedDataCache: Unable to find inner node Pak for hierarchical cache Hierarchy.
[2018.11.11-20.31.38:050][  0]LogDerivedDataCache: FDerivedDataBackendGraph:  CompressedPak pak cache file ../../../../../../Users/user/Documents/GitHub/SomethingSomethingJamming/EpicJamProject/DerivedDataCache/Compressed.ddp not found, will not use a pak cache.
[2018.11.11-20.31.38:050][  0]LogDerivedDataCache: Unable to find inner node CompressedPak for hierarchical cache Hierarchy.
[2018.11.11-20.31.38:068][  0]LogDerivedDataCache: Display: Pak cache opened for reading ../../../Engine/DerivedDataCache/Compressed.ddp.
[2018.11.11-20.31.38:081][  0]LogDerivedDataCache: Using Local data cache path C:/Users/user/AppData/Local/UnrealEngine/Common/DerivedDataCache: Writable
[2018.11.11-20.31.38:081][  0]LogDerivedDataCache: Shared data cache path not found in *engine.ini, will not use an Shared cache.
[2018.11.11-20.31.38:081][  0]LogDerivedDataCache: Unable to find inner node Shared for hierarchical cache Hierarchy.
[2018.11.11-20.31.38:095][  0]LogMaterial: Verifying Global Shaders for PCD3D_SM5
[2018.11.11-20.31.38:095][  0]LogSlate: Using Freetype 2.6.0
[2018.11.11-20.31.38:096][  0]LogSlate: SlateFontCache - WITH_FREETYPE: 1, WITH_HARFBUZZ: 1
[2018.11.11-20.31.38:096][  0]LogSlate: SlateFontCache - WITH_FREETYPE: 1, WITH_HARFBUZZ: 1
[2018.11.11-20.31.38:238][  0]LogAssetRegistry: FAssetRegistry took 0.0051 seconds to start up
[2018.11.11-20.31.38:538][  0]LogPackageLocalizationCache: Processed 9 localized package path(s) for 1 prioritized culture(s) in 0.009812 seconds
[2018.11.11-20.31.38:673][  0]LogInit: Selected Device Profile: [Windows]
[2018.11.11-20.31.38:874][  0]LogSimplygon: Simplygon DLL not present - disabling.
[2018.11.11-20.31.38:878][  0]LogMeshReduction: Using SimplygonSwarm for distributed automatic mesh merging
[2018.11.11-20.31.38:879][  0]LogMeshReduction: Using QuadricMeshReduction for automatic static mesh reduction
[2018.11.11-20.31.38:879][  0]LogMeshReduction: No automatic skeletal mesh reduction module available
[2018.11.11-20.31.38:879][  0]LogMeshReduction: No automatic mesh merging module available
[2018.11.11-20.31.38:879][  0]LogMeshMerging: No automatic mesh merging module available
[2018.11.11-20.31.38:920][  0]LogNetVersion: EpicJamProject , NetCL: 3944462, EngineNetVer: 2, GameNetVer: 0 (Checksum: 1335748515)
[2018.11.11-20.31.39:897][  0]LogMoviePlayer: Initializing movie player
[2018.11.11-20.31.40:267][  0]LogTcpMessaging: Initializing TcpMessaging bridge
[2018.11.11-20.31.40:306][  0]LogUdpMessaging: Initializing bridge on interface 0.0.0.0:0 to multicast group 230.0.0.1:6666.
[2018.11.11-20.31.40:645][  0]SourceControl: Source control is disabled
[2018.11.11-20.31.40:645][  0]SourceControl: Source control is disabled
[2018.11.11-20.31.40:669][  0]SourceControl: Source control is disabled
[2018.11.11-20.31.41:159][  0]LogAndroidPermission: UAndroidPermissionCallbackProxy::GetInstance
[2018.11.11-20.31.41:420][  0]LogOcInput: OculusInput pre-init called
[2018.11.11-20.31.41:479][  0]LogUObjectArray: 40124 objects as part of root set at end of initial load.
[2018.11.11-20.31.41:479][  0]LogUObjectAllocator: 8364200 out of 0 bytes used by permanent object pool.
[2018.11.11-20.31.41:479][  0]LogUObjectArray: CloseDisregardForGC: 0/0 objects in disregard for GC pool
[2018.11.11-20.31.41:547][  0]LogEngine: Initializing Engine...
[2018.11.11-20.31.41:560][  0]LogStats: UGameplayTagsManager::ConstructGameplayTagTree: Construct from data asset -  0.000 s
[2018.11.11-20.31.41:560][  0]LogStats: UGameplayTagsManager::ConstructGameplayTagTree: GameplayTagTreeChangedEvent.Broadcast -  0.000 s
[2018.11.11-20.31.41:816][  0]LogInit: XAudio2 using 'Digital Audio (S/PDIF) (2- High Definition Audio Device)' : 2 channels at 48 kHz using 16 bits per sample (channel mask 0x3)
[2018.11.11-20.31.41:837][  0]LogInit: FAudioDevice initialized.
[2018.11.11-20.31.41:857][  0]LogInit: Texture streaming: Enabled
[2018.11.11-20.31.42:051][  0]LogInit: Display: Game Engine Initialized.
[2018.11.11-20.31.42:051][  0]LogGameplayTags: Display: UGameplayTagsManager::DoneAddingNativeTags. DelegateIsBound: 0
[2018.11.11-20.31.42:051][  0]LogStats: UGameplayTagsManager::ConstructGameplayTagTree: Construct from data asset -  0.000 s
[2018.11.11-20.31.42:051][  0]LogStats: UGameplayTagsManager::ConstructGameplayTagTree: GameplayTagTreeChangedEvent.Broadcast -  0.000 s
[2018.11.11-20.31.42:202][  0]LogInit: Display: Starting Game.
[2018.11.11-20.31.42:203][  0]LogNet: Browse: /Game/Assets/Levels/TestingLevel1?Name=Player
[2018.11.11-20.31.42:203][  0]LogLoad: LoadMap: /Game/Assets/Levels/TestingLevel1?Name=Player
[2018.11.11-20.31.42:219][  0]LogUObjectGlobals: Created PersistentFrame Addr=0x000001e470569b10, Size=24, Default__TestingLevel1_C Function /Game/Assets/Levels/TestingLevel1.TestingLevel1_C:ExecuteUbergraph_TestingLevel1
[2018.11.11-20.31.42:220][  0]LogUObjectGlobals: Created PersistentFrame Addr=0x000001e4705a3160, Size=48, Default__SimpleUI_C Function /Game/Assets/UserInterface/SimpleUI.SimpleUI_C:ExecuteUbergraph_SimpleUI
[2018.11.11-20.31.42:222][  0]LogUObjectGlobals: Created PersistentFrame Addr=0x000001e470ec4100, Size=188, Default__MainCharacter_C Function /Game/Assets/Blueprints/MainCharacter.MainCharacter_C:ExecuteUbergraph_MainCharacter
[2018.11.11-20.31.42:319][  0]LogUObjectGlobals: Created PersistentFrame Addr=0x000001e47058fb30, Size=112, Default__Portal_C Function /Game/Assets/Blueprints/Portal.Portal_C:ExecuteUbergraph_Portal
[2018.11.11-20.31.42:354][  0]LogUObjectGlobals: Destroyed PersistentFrame Addr=0x000001e470ec4100, Size=188
[2018.11.11-20.31.42:355][  0]LogUObjectGlobals: Created PersistentFrame Addr=0x000001e470a6c1c0, Size=188, Default__MainCharacter_C Function /Engine/Transient.REINST_MainCharacter_C_4:ExecuteUbergraph_MainCharacter
[2018.11.11-20.31.42:355][  0]LogUObjectGlobals: Destroyed PersistentFrame Addr=0x000001e47058fb30, Size=112
[2018.11.11-20.31.42:355][  0]LogUObjectGlobals: Created PersistentFrame Addr=0x000001e47058fb30, Size=112, Default__Portal_C Function /Engine/Transient.REINST_Portal_C_5:ExecuteUbergraph_Portal
[2018.11.11-20.31.42:356][  0]LogUObjectGlobals: Destroyed PersistentFrame Addr=0x000001e4705a3160, Size=48
[2018.11.11-20.31.42:356][  0]LogUObjectGlobals: Created PersistentFrame Addr=0x000001e4705a3160, Size=48, Default__SimpleUI_C Function /Engine/Transient.REINST_SimpleUI_C_0:ExecuteUbergraph_SimpleUI
[2018.11.11-20.31.42:390][  0]LogUObjectGlobals: Created PersistentFrame Addr=0x000001e479662680, Size=188, Default__MainCharacter_C Function /Game/Assets/Blueprints/MainCharacter.MainCharacter_C:ExecuteUbergraph_MainCharacter
[2018.11.11-20.31.42:392][  0]LogUObjectGlobals: Created PersistentFrame Addr=0x000001e47975f280, Size=120, Default__Portal_C Function /Game/Assets/Blueprints/Portal.Portal_C:ExecuteUbergraph_Portal
[2018.11.11-20.31.42:393][  0]LogUObjectGlobals: Created PersistentFrame Addr=0x000001e479627550, Size=48, Default__SimpleUI_C Function /Game/Assets/UserInterface/SimpleUI.SimpleUI_C:ExecuteUbergraph_SimpleUI
[2018.11.11-20.31.42:398][  0]LogUObjectGlobals: Destroyed PersistentFrame Addr=0x000001e470569b10, Size=24
[2018.11.11-20.31.42:398][  0]LogUObjectGlobals: Created PersistentFrame Addr=0x000001e4796e3520, Size=24, Default__TestingLevel1_C Function /Engine/Transient.REINST_TestingLevel1_C_14:ExecuteUbergraph_TestingLevel1
[2018.11.11-20.31.42:400][  0]LogUObjectGlobals: Created PersistentFrame Addr=0x000001e4796e2da0, Size=24, Default__TestingLevel1_C Function /Game/Assets/Levels/TestingLevel1.TestingLevel1_C:ExecuteUbergraph_TestingLevel1
[2018.11.11-20.31.42:481][  0]LogAIModule: Creating AISystem for world TestingLevel1
[2018.11.11-20.31.42:481][  0]LogUObjectGlobals: Warning: Failed to find object 'Class None.'
[2018.11.11-20.31.42:481][  0]LogLoad: Game class is 'GameModeBase'
[2018.11.11-20.31.42:487][  0]LogWorld: Bringing World /Game/Assets/Levels/TestingLevel1.TestingLevel1 up for play (max tick rate 0) at 2018.11.11-12.31.42
[2018.11.11-20.31.42:487][  0]LogWorld: Bringing up level for play took: 0.005522
[2018.11.11-20.31.42:489][  0]LogPrimitiveComponent: Warning: CreateDynamicMaterialInstance on /Game/Assets/Levels/TestingLevel1.TestingLevel1:PersistentLevel.Portal_1237.Plane: Material index -1 is invalid.
[2018.11.11-20.31.42:489][  0]LogLoad: Took 0.286742 seconds to LoadMap(/Game/Assets/Levels/TestingLevel1)
[2018.11.11-20.31.42:549][  0]LogLoad: (Engine Initialization) Total time: 10.54 seconds
[2018.11.11-20.31.42:549][  0]LogLoad: (Engine Initialization) Total Blueprint compile time: 0.00 seconds
[2018.11.11-20.31.42:598][  0]LogRenderer: Reallocating scene render targets to support 256x256 Format 10 NumSamples 1 (Frame:1).
[2018.11.11-20.31.42:627][  0]LogRenderer: Reallocating scene render targets to support 1280x720 Format 10 NumSamples 1 (Frame:1).
[2018.11.11-20.31.42:670][  0]LogWindowsTextInputMethodSystem: Display: IME system now deactivated.
[2018.11.11-20.31.42:754][  0]LogOcInput: OculusInput is initialized
[2018.11.11-20.31.42:758][  0]LogContentStreaming: Texture pool size now 1000 MB
[2018.11.11-20.31.42:812][  1]LogBlueprintUserMessages: [Portal_1237] Plane Width: 0.283019
[2018.11.11-20.31.42:828][  2]LogBlueprintUserMessages: [Portal_1237] Plane Width: 0.283019
[2018.11.11-20.31.42:844][  3]LogBlueprintUserMessages: [Portal_1237] Plane Width: 0.283019
[2018.11.11-20.31.42:860][  4]LogBlueprintUserMessages: [Portal_1237] Plane Width: 0.283019
[2018.11.11-20.31.42:876][  5]LogBlueprintUserMessages: [Portal_1237] Plane Width: 0.283019
[2018.11.11-20.31.42:892][  6]LogBlueprintUserMessages: [Portal_1237] Plane Width: 0.283019
[2018.11.11-20.31.42:908][  7]LogBlueprintUserMessages: [Portal_1237] Plane Width: 0.283019
[2018.11.11-20.31.42:924][  8]LogBlueprintUserMessages: [Portal_1237] Plane Width: 0.283019
[2018.11.11-20.31.42:940][  9]LogBlueprintUserMessages: [Portal_1237] Plane Width: 0.283019
[2018.11.11-20.31.42:956][ 10]LogBlueprintUserMessages: [Portal_1237] Plane Width: 0.283019
[2018.11.11-20.31.42:973][ 11]LogBlueprintUserMessages: [Portal_1237] Plane Width: 0.283019
[2018.11.11-20.31.42:989][ 12]LogBlueprintUserMessages: [Portal_1237] Plane Width: 0.283019
[2018.11.11-20.31.43:005][ 13]LogBlueprintUserMessages: [Portal_1237] Plane Width: 0.283019
[2018.11.11-20.31.43:021][ 14]LogBlueprintUserMessages: [Portal_1237] Plane Width: 0.283019
[2018.11.11-20.31.43:037][ 15]LogBlueprintUserMessages: [Portal_1237] Plane Width: 0.283019
[2018.11.11-20.31.43:053][ 16]LogBlueprintUserMessages: [Portal_1237] Plane Width: 0.283019
[2018.11.11-20.31.43:070][ 17]LogBlueprintUserMessages: [Portal_1237] Plane Width: 0.283019
[2018.11.11-20.31.43:086][ 18]LogBlueprintUserMessages: [Portal_1237] Plane Width: 0.283019
[2018.11.11-20.31.43:102][ 19]LogBlueprintUserMessages: [Portal_1237] Plane Width: 0.283019
[2018.11.11-20.31.43:118][ 20]LogBlueprintUserMessages: [Portal_1237] Plane Width: 0.283019
[2018.11.11-20.31.43:134][ 21]LogBlueprintUserMessages: [Portal_1237] Plane Width: 0.283019
[2018.11.11-20.31.43:150][ 22]LogBlueprintUserMessages: [Portal_1237] Plane Width: 0.283019
[2018.11.11-20.31.43:166][ 23]LogBlueprintUserMessages: [Portal_1237] Plane Width: 0.283019
[2018.11.11-20.31.43:183][ 24]LogBlueprintUserMessages: [Portal_1237] Plane Width: 0.283019
[2018.11.11-20.31.43:199][ 25]LogBlueprintUserMessages: [Portal_1237] Plane Width: 0.283019
[2018.11.11-20.31.43:215][ 26]LogBlueprintUserMessages: [Portal_1237] Plane Width: 0.283019
[2018.11.11-20.31.43:231][ 27]LogBlueprintUserMessages: [Portal_1237] Plane Width: 0.293393
[2018.11.11-20.31.43:247][ 28]LogBlueprintUserMessages: [Portal_1237] Plane Width: 0.316157
[2018.11.11-20.31.43:263][ 29]LogBlueprintUserMessages: [Portal_1237] Plane Width: 0.357717
[2018.11.11-20.31.43:279][ 30]LogBlueprintUserMessages: [Portal_1237] Plane Width: 0.426975
[2018.11.11-20.31.43:295][ 31]LogBlueprintUserMessages: [Portal_1237] Plane Width: 0.543436
[2018.11.11-20.31.43:312][ 32]LogBlueprintUserMessages: [Portal_1237] Plane Width: 0.718133
[2018.11.11-20.31.43:328][ 33]LogBlueprintUserMessages: [Portal_1237] Plane Width: 0.908839
[2018.11.11-20.31.43:344][ 34]LogBlueprintUserMessages: [Portal_1237] Plane Width: 1.120447
[2018.11.11-20.31.43:360][ 35]LogBlueprintUserMessages: [Portal_1237] Plane Width: 1.260249
[2018.11.11-20.31.43:376][ 36]LogBlueprintUserMessages: [Portal_1237] Plane Width: 1.362626
[2018.11.11-20.31.43:393][ 37]LogBlueprintUserMessages: [Portal_1237] Plane Width: 1.393531
[2018.11.11-20.31.43:409][ 38]LogBlueprintUserMessages: [Portal_1237] Plane Width: 1.409509
[2018.11.11-20.31.43:425][ 39]LogBlueprintUserMessages: [Portal_1237] Plane Width: 1.425851
[2018.11.11-20.31.43:441][ 40]LogBlueprintUserMessages: [Portal_1237] Plane Width: 1.425851
[2018.11.11-20.31.43:457][ 41]LogBlueprintUserMessages: [Portal_1237] Plane Width: 1.409198
[2018.11.11-20.31.43:473][ 42]LogBlueprintUserMessages: [Portal_1237] Plane Width: 1.273917
[2018.11.11-20.31.43:490][ 43]LogBlueprintUserMessages: [Portal_1237] Plane Width: 1.113913
[2018.11.11-20.31.43:506][ 44]LogBlueprintUserMessages: [Portal_1237] Plane Width: 0.922361
[2018.11.11-20.31.43:522][ 45]LogBlueprintUserMessages: [Portal_1237] Plane Width: 0.778399
[2018.11.11-20.31.43:538][ 46]LogBlueprintUserMessages: [Portal_1237] Plane Width: 0.650052
[2018.11.11-20.31.43:554][ 47]LogBlueprintUserMessages: [Portal_1237] Plane Width: 0.569845
[2018.11.11-20.31.43:570][ 48]LogBlueprintUserMessages: [Portal_1237] Plane Width: 0.515021
[2018.11.11-20.31.43:587][ 49]LogBlueprintUserMessages: [Portal_1237] Plane Width: 0.465989
[2018.11.11-20.31.43:603][ 50]LogBlueprintUserMessages: [Portal_1237] Plane Width: 0.428547
[2018.11.11-20.31.43:619][ 51]LogBlueprintUserMessages: [Portal_1237] Plane Width: 0.392159
[2018.11.11-20.31.43:635][ 52]LogBlueprintUserMessages: [Portal_1237] Plane Width: 0.354401
[2018.11.11-20.31.43:651][ 53]LogBlueprintUserMessages: [Portal_1237] Plane Width: 0.315926
[2018.11.11-20.31.43:667][ 54]LogBlueprintUserMessages: [Portal_1237] Plane Width: 0.285452
[2018.11.11-20.31.43:684][ 55]LogBlueprintUserMessages: [Portal_1237] Plane Width: 0.263078
[2018.11.11-20.31.43:699][ 56]LogBlueprintUserMessages: [Portal_1237] Plane Width: 0.248599
[2018.11.11-20.31.43:716][ 57]LogBlueprintUserMessages: [Portal_1237] Plane Width: 0.238674
[2018.11.11-20.31.43:732][ 58]LogBlueprintUserMessages: [Portal_1237] Plane Width: 0.23104
[2018.11.11-20.31.43:748][ 59]LogBlueprintUserMessages: [Portal_1237] Plane Width: 0.224372
[2018.11.11-20.31.43:764][ 60]LogBlueprintUserMessages: [Portal_1237] Plane Width: 0.218598
[2018.11.11-20.31.43:780][ 61]LogBlueprintUserMessages: [Portal_1237] Plane Width: 0.215034
[2018.11.11-20.31.43:796][ 62]LogBlueprintUserMessages: [Portal_1237] Plane Width: 0.211994
[2018.11.11-20.31.43:813][ 63]LogBlueprintUserMessages: [Portal_1237] Plane Width: 0.210526
[2018.11.11-20.31.43:829][ 64]LogBlueprintUserMessages: [Portal_1237] Plane Width: 0.209276
[2018.11.11-20.31.43:845][ 65]LogBlueprintUserMessages: [Portal_1237] Plane Width: 0.208126
[2018.11.11-20.31.43:861][ 66]LogBlueprintUserMessages: [Portal_1237] Plane Width: 0.206319
[2018.11.11-20.31.43:877][ 67]LogBlueprintUserMessages: [Portal_1237] Plane Width: 0.204809
[2018.11.11-20.31.43:893][ 68]LogBlueprintUserMessages: [Portal_1237] Plane Width: 0.202499
[2018.11.11-20.31.43:909][ 69]LogBlueprintUserMessages: [Portal_1237] Plane Width: 0.200363
[2018.11.11-20.31.43:925][ 70]LogBlueprintUserMessages: [Portal_1237] Plane Width: 0.198949
[2018.11.11-20.31.43:942][ 71]LogBlueprintUserMessages: [Portal_1237] Plane Width: 0.196727
[2018.11.11-20.31.43:958][ 72]LogBlueprintUserMessages: [Portal_1237] Plane Width: 0.194296
[2018.11.11-20.31.43:974][ 73]LogBlueprintUserMessages: [Portal_1237] Plane Width: 0.192668
[2018.11.11-20.31.43:990][ 74]LogBlueprintUserMessages: [Portal_1237] Plane Width: 0.191016
[2018.11.11-20.31.44:006][ 75]LogBlueprintUserMessages: [Portal_1237] Plane Width: 0.189897
[2018.11.11-20.31.44:022][ 76]LogBlueprintUserMessages: [Portal_1237] Plane Width: 0.18937
[2018.11.11-20.31.44:039][ 77]LogBlueprintUserMessages: [Portal_1237] Plane Width: 0.189656
[2018.11.11-20.31.44:055][ 78]LogBlueprintUserMessages: [Portal_1237] Plane Width: 0.190414
[2018.11.11-20.31.44:071][ 79]LogBlueprintUserMessages: [Portal_1237] Plane Width: 0.191479
[2018.11.11-20.31.44:087][ 80]LogBlueprintUserMessages: [Portal_1237] Plane Width: 0.192371
[2018.11.11-20.31.44:103][ 81]LogBlueprintUserMessages: [Portal_1237] Plane Width: 0.193319
[2018.11.11-20.31.44:119][ 82]LogBlueprintUserMessages: [Portal_1237] Plane Width: 0.193888
[2018.11.11-20.31.44:136][ 83]LogBlueprintUserMessages: [Portal_1237] Plane Width: 0.194588
[2018.11.11-20.31.44:152][ 84]LogBlueprintUserMessages: [Portal_1237] Plane Width: 0.195379
[2018.11.11-20.31.44:168][ 85]LogBlueprintUserMessages: [Portal_1237] Plane Width: 0.195709
[2018.11.11-20.31.44:184][ 86]LogBlueprintUserMessages: [Portal_1237] Plane Width: 0.195709
[2018.11.11-20.31.44:200][ 87]LogBlueprintUserMessages: [Portal_1237] Plane Width: 0.195709
[2018.11.11-20.31.44:216][ 88]LogBlueprintUserMessages: [Portal_1237] Plane Width: 0.195709
[2018.11.11-20.31.44:232][ 89]LogBlueprintUserMessages: [Portal_1237] Plane Width: 0.195709
[2018.11.11-20.31.44:248][ 90]LogBlueprintUserMessages: [Portal_1237] Plane Width: 0.195709
[2018.11.11-20.31.44:264][ 91]LogBlueprintUserMessages: [Portal_1237] Plane Width: 0.195709
[2018.11.11-20.31.44:280][ 92]LogBlueprintUserMessages: [Portal_1237] Plane Width: 0.195709
[2018.11.11-20.31.44:296][ 93]LogBlueprintUserMessages: [Portal_1237] Plane Width: 0.195709
[2018.11.11-20.31.44:313][ 94]LogBlueprintUserMessages: [Portal_1237] Plane Width: 0.195709
[2018.11.11-20.31.44:329][ 95]LogBlueprintUserMessages: [Portal_1237] Plane Width: 0.195709
[2018.11.11-20.31.44:345][ 96]LogBlueprintUserMessages: [Portal_1237] Plane Width: 0.195979
[2018.11.11-20.31.44:361][ 97]LogBlueprintUserMessages: [Portal_1237] Plane Width: 0.197892
[2018.11.11-20.31.44:377][ 98]LogBlueprintUserMessages: [Portal_1237] Plane Width: 0.201932
[2018.11.11-20.31.44:394][ 99]LogBlueprintUserMessages: [Portal_1237] Plane Width: 0.208497
[2018.11.11-20.31.44:410][100]LogBlueprintUserMessages: [Portal_1237] Plane Width: 0.217201
[2018.11.11-20.31.44:426][101]LogBlueprintUserMessages: [Portal_1237] Plane Width: 0.225256
[2018.11.11-20.31.44:442][102]LogBlueprintUserMessages: [Portal_1237] Plane Width: 0.232719
[2018.11.11-20.31.44:458][103]LogBlueprintUserMessages: [Portal_1237] Plane Width: 0.239176
[2018.11.11-20.31.44:474][104]LogBlueprintUserMessages: [Portal_1237] Plane Width: 0.246766
[2018.11.11-20.31.44:490][105]LogBlueprintUserMessages: [Portal_1237] Plane Width: 0.254034
[2018.11.11-20.31.44:507][106]LogBlueprintUserMessages: [Portal_1237] Plane Width: 0.26205
[2018.11.11-20.31.44:523][107]LogBlueprintUserMessages: [Portal_1237] Plane Width: 0.269967
[2018.11.11-20.31.44:539][108]LogBlueprintUserMessages: [Portal_1237] Plane Width: 0.278622
[2018.11.11-20.31.44:556][109]LogBlueprintUserMessages: [Portal_1237] Plane Width: 0.286427
[2018.11.11-20.31.44:572][110]LogBlueprintUserMessages: [Portal_1237] Plane Width: 0.291406
[2018.11.11-20.31.44:587][111]LogBlueprintUserMessages: [Portal_1237] Plane Width: 0.294987
[2018.11.11-20.31.44:604][112]LogBlueprintUserMessages: [Portal_1237] Plane Width: 0.295594
[2018.11.11-20.31.44:620][113]LogBlueprintUserMessages: [Portal_1237] Plane Width: 0.296205
[2018.11.11-20.31.44:636][114]LogBlueprintUserMessages: [Portal_1237] Plane Width: 0.296205
[2018.11.11-20.31.44:652][115]LogBlueprintUserMessages: [Portal_1237] Plane Width: 0.296205
[2018.11.11-20.31.44:668][116]LogBlueprintUserMessages: [Portal_1237] Plane Width: 0.296205
[2018.11.11-20.31.44:684][117]LogBlueprintUserMessages: [Portal_1237] Plane Width: 0.296205
[2018.11.11-20.31.44:700][118]LogBlueprintUserMessages: [Portal_1237] Plane Width: 0.296205
[2018.11.11-20.31.44:717][119]LogBlueprintUserMessages: [Portal_1237] Plane Width: 0.296205
[2018.11.11-20.31.44:733][120]LogBlueprintUserMessages: [Portal_1237] Plane Width: 0.297902
[2018.11.11-20.31.44:749][121]LogBlueprintUserMessages: [Portal_1237] Plane Width: 0.302372
[2018.11.11-20.31.44:765][122]LogBlueprintUserMessages: [Portal_1237] Plane Width: 0.30332
[2018.11.11-20.31.44:781][123]LogBlueprintUserMessages: [Portal_1237] Plane Width: 0.303126
[2018.11.11-20.31.44:798][124]LogBlueprintUserMessages: [Portal_1237] Plane Width: 0.298894
[2018.11.11-20.31.44:814][125]LogBlueprintUserMessages: [Portal_1237] Plane Width: 0.29714
[2018.11.11-20.31.44:830][126]LogBlueprintUserMessages: [Portal_1237] Plane Width: 0.294299
[2018.11.11-20.31.44:846][127]LogBlueprintUserMessages: [Portal_1237] Plane Width: 0.292089
[2018.11.11-20.31.44:862][128]LogBlueprintUserMessages: [Portal_1237] Plane Width: 0.28835
[2018.11.11-20.31.44:878][129]LogBlueprintUserMessages: [Portal_1237] Plane Width: 0.285776
[2018.11.11-20.31.44:894][130]LogBlueprintUserMessages: [Portal_1237] Plane Width: 0.282301
[2018.11.11-20.31.44:910][131]LogBlueprintUserMessages: [Portal_1237] Plane Width: 0.275431
[2018.11.11-20.31.44:926][132]LogBlueprintUserMessages: [Portal_1237] Plane Width: 0.263969
[2018.11.11-20.31.44:943][133]LogBlueprintUserMessages: [Portal_1237] Plane Width: 0.251792
[2018.11.11-20.31.44:959][134]LogBlueprintUserMessages: [Portal_1237] Plane Width: 0.239163
[2018.11.11-20.31.44:975][135]LogBlueprintUserMessages: [Portal_1237] Plane Width: 0.225037
[2018.11.11-20.31.44:991][136]LogBlueprintUserMessages: [Portal_1237] Plane Width: 0.211892
[2018.11.11-20.31.45:007][137]LogBlueprintUserMessages: [Portal_1237] Plane Width: 0.201191
[2018.11.11-20.31.45:023][138]LogBlueprintUserMessages: [Portal_1237] Plane Width: 0.194256
[2018.11.11-20.31.45:039][139]LogBlueprintUserMessages: [Portal_1237] Plane Width: 0.190109
[2018.11.11-20.31.45:056][140]LogBlueprintUserMessages: [Portal_1237] Plane Width: 0.189889
[2018.11.11-20.31.45:072][141]LogBlueprintUserMessages: [Portal_1237] Plane Width: 0.193589
[2018.11.11-20.31.45:088][142]LogBlueprintUserMessages: [Portal_1237] Plane Width: 0.203694
[2018.11.11-20.31.45:104][143]LogBlueprintUserMessages: [Portal_1237] Plane Width: 0.219735
[2018.11.11-20.31.45:120][144]LogBlueprintUserMessages: [Portal_1237] Plane Width: 0.247214
[2018.11.11-20.31.45:136][145]LogBlueprintUserMessages: [Portal_1237] Plane Width: 0.283494
[2018.11.11-20.31.45:152][146]LogBlueprintUserMessages: [Portal_1237] Plane Width: 0.324958
[2018.11.11-20.31.45:169][147]LogBlueprintUserMessages: [Portal_1237] Plane Width: 0.375332
[2018.11.11-20.31.45:185][148]LogBlueprintUserMessages: [Portal_1237] Plane Width: 0.436565
[2018.11.11-20.31.45:201][149]LogBlueprintUserMessages: [Portal_1237] Plane Width: 0.515669
[2018.11.11-20.31.45:217][150]LogBlueprintUserMessages: [Portal_1237] Plane Width: 0.626751
[2018.11.11-20.31.45:233][151]LogBlueprintUserMessages: [Portal_1237] Plane Width: 0.78924
[2018.11.11-20.31.45:249][152]LogBlueprintUserMessages: [Portal_1237] Plane Width: 1.046332
[2018.11.11-20.31.45:265][153]LogBlueprintUserMessages: [Portal_1237] Plane Width: 1.460905
[2018.11.11-20.31.45:282][154]LogBlueprintUserMessages: [Portal_1237] Plane Width: 2.269711
[2018.11.11-20.31.45:298][155]LogBlueprintUserMessages: [Portal_1237] Plane Width: 4.716155
[2018.11.11-20.31.45:314][156]LogBlueprintUserMessages: [Portal_1237] Plane Width: 29.506435
[2018.11.11-20.31.45:330][157]LogBlueprintUserMessages: [Portal_1237] Plane Width: -2.229551
[2018.11.11-20.31.45:346][158]LogBlueprintUserMessages: [Portal_1237] Plane Width: -3.174506
[2018.11.11-20.31.45:362][159]LogBlueprintUserMessages: [Portal_1237] Plane Width: -4.728596
[2018.11.11-20.31.45:378][160]LogBlueprintUserMessages: [Portal_1237] Plane Width: -6.533169
[2018.11.11-20.31.45:394][161]LogBlueprintUserMessages: [Portal_1237] Plane Width: -8.494682
[2018.11.11-20.31.45:410][162]LogBlueprintUserMessages: [Portal_1237] Plane Width: -9.874437
[2018.11.11-20.31.45:427][163]LogBlueprintUserMessages: [Portal_1237] Plane Width: -10.563675
[2018.11.11-20.31.45:443][164]LogBlueprintUserMessages: [Portal_1237] Plane Width: -11.327425
[2018.11.11-20.31.45:459][165]LogBlueprintUserMessages: [Portal_1237] Plane Width: -12.481153
[2018.11.11-20.31.45:475][166]LogBlueprintUserMessages: [Portal_1237] Plane Width: -13.466357
[2018.11.11-20.31.45:491][167]LogBlueprintUserMessages: [Portal_1237] Plane Width: -13.466357
[2018.11.11-20.31.45:507][168]LogBlueprintUserMessages: [Portal_1237] Plane Width: -16.292583
[2018.11.11-20.31.45:524][169]LogBlueprintUserMessages: [Portal_1237] Plane Width: -25.062176
[2018.11.11-20.31.45:540][170]LogBlueprintUserMessages: [Portal_1237] Plane Width: -48.515587
[2018.11.11-20.31.45:556][171]LogBlueprintUserMessages: [Portal_1237] Plane Width: 0.0
[2018.11.11-20.31.45:572][172]LogBlueprintUserMessages: [Portal_1237] Plane Width: 0.0
[2018.11.11-20.31.45:588][173]LogBlueprintUserMessages: [Portal_1237] Plane Width: 0.0
[2018.11.11-20.31.45:604][174]LogBlueprintUserMessages: [Portal_1237] Plane Width: 0.0
[2018.11.11-20.31.45:620][175]LogBlueprintUserMessages: [Portal_1237] Plane Width: 0.0
[2018.11.11-20.31.45:636][176]LogBlueprintUserMessages: [Portal_1237] Plane Width: 0.0
[2018.11.11-20.31.45:653][177]LogBlueprintUserMessages: [Portal_1237] Plane Width: 0.0
[2018.11.11-20.31.45:669][178]LogBlueprintUserMessages: [Portal_1237] Plane Width: 0.0
[2018.11.11-20.31.45:685][179]LogBlueprintUserMessages: [Portal_1237] Plane Width: 0.0
[2018.11.11-20.31.45:701][180]LogBlueprintUserMessages: [Portal_1237] Plane Width: 0.0
[2018.11.11-20.31.45:717][181]LogBlueprintUserMessages: [Portal_1237] Plane Width: 0.0
[2018.11.11-20.31.45:733][182]LogBlueprintUserMessages: [Portal_1237] Plane Width: 0.0
[2018.11.11-20.31.45:750][183]LogBlueprintUserMessages: [Portal_1237] Plane Width: 0.0
[2018.11.11-20.31.45:765][184]LogBlueprintUserMessages: [Portal_1237] Plane Width: 0.0
[2018.11.11-20.31.45:782][185]LogBlueprintUserMessages: [Portal_1237] Plane Width: 0.0
[2018.11.11-20.31.45:798][186]LogBlueprintUserMessages: [Portal_1237] Plane Width: 0.0
[2018.11.11-20.31.45:814][187]LogBlueprintUserMessages: [Portal_1237] Plane Width: 0.0
[2018.11.11-20.31.45:831][188]LogBlueprintUserMessages: [Portal_1237] Plane Width: 0.0
[2018.11.11-20.31.45:846][189]LogBlueprintUserMessages: [Portal_1237] Plane Width: 0.0
[2018.11.11-20.31.45:863][190]LogBlueprintUserMessages: [Portal_1237] Plane Width: 0.0
[2018.11.11-20.31.45:879][191]LogBlueprintUserMessages: [Portal_1237] Plane Width: 0.0
[2018.11.11-20.31.45:895][192]LogBlueprintUserMessages: [Portal_1237] Plane Width: 0.0
[2018.11.11-20.31.45:911][193]LogBlueprintUserMessages: [Portal_1237] Plane Width: 0.0
[2018.11.11-20.31.45:927][194]LogBlueprintUserMessages: [Portal_1237] Plane Width: 0.0
[2018.11.11-20.31.45:943][195]LogBlueprintUserMessages: [Portal_1237] Plane Width: 0.0
[2018.11.11-20.31.45:959][196]LogBlueprintUserMessages: [Portal_1237] Plane Width: 0.0
[2018.11.11-20.31.45:975][197]LogBlueprintUserMessages: [Portal_1237] Plane Width: 0.0
[2018.11.11-20.31.45:991][198]LogBlueprintUserMessages: [Portal_1237] Plane Width: 0.0
[2018.11.11-20.31.46:007][199]LogBlueprintUserMessages: [Portal_1237] Plane Width: 0.0
[2018.11.11-20.31.46:024][200]LogBlueprintUserMessages: [Portal_1237] Plane Width: 0.0
[2018.11.11-20.31.46:040][201]LogBlueprintUserMessages: [Portal_1237] Plane Width: 0.0
[2018.11.11-20.31.46:056][202]LogBlueprintUserMessages: [Portal_1237] Plane Width: 0.0
[2018.11.11-20.31.46:072][203]LogBlueprintUserMessages: [Portal_1237] Plane Width: -8.085043
[2018.11.11-20.31.46:088][204]LogBlueprintUserMessages: [Portal_1237] Plane Width: -2.787263
[2018.11.11-20.31.46:104][205]LogBlueprintUserMessages: [Portal_1237] Plane Width: -1.246152
[2018.11.11-20.31.46:120][206]LogBlueprintUserMessages: [Portal_1237] Plane Width: 8.34698
[2018.11.11-20.31.46:137][207]LogBlueprintUserMessages: [Portal_1237] Plane Width: 1.56842
[2018.11.11-20.31.46:153][208]LogBlueprintUserMessages: [Portal_1237] Plane Width: 0.696628
[2018.11.11-20.31.46:169][209]LogBlueprintUserMessages: [Portal_1237] Plane Width: 0.417941
[2018.11.11-20.31.46:185][210]LogBlueprintUserMessages: [Portal_1237] Plane Width: 0.30111
[2018.11.11-20.31.46:201][211]LogBlueprintUserMessages: [Portal_1237] Plane Width: 0.243728
[2018.11.11-20.31.46:217][212]LogBlueprintUserMessages: [Portal_1237] Plane Width: 0.219745
[2018.11.11-20.31.46:234][213]LogBlueprintUserMessages: [Portal_1237] Plane Width: 0.211231
[2018.11.11-20.31.46:250][214]LogBlueprintUserMessages: [Portal_1237] Plane Width: 0.209572
[2018.11.11-20.31.46:266][215]LogBlueprintUserMessages: [Portal_1237] Plane Width: 0.210072
[2018.11.11-20.31.46:282][216]LogBlueprintUserMessages: [Portal_1237] Plane Width: 0.210465
[2018.11.11-20.31.46:298][217]LogBlueprintUserMessages: [Portal_1237] Plane Width: 0.210506
[2018.11.11-20.31.46:314][218]LogBlueprintUserMessages: [Portal_1237] Plane Width: 0.210458
[2018.11.11-20.31.46:331][219]LogBlueprintUserMessages: [Portal_1237] Plane Width: 0.210428
[2018.11.11-20.31.46:347][220]LogBlueprintUserMessages: [Portal_1237] Plane Width: 0.209969
[2018.11.11-20.31.46:363][221]LogBlueprintUserMessages: [Portal_1237] Plane Width: 0.209992
[2018.11.11-20.31.46:379][222]LogBlueprintUserMessages: [Portal_1237] Plane Width: 0.212309
[2018.11.11-20.31.46:395][223]LogBlueprintUserMessages: [Portal_1237] Plane Width: 0.217284
[2018.11.11-20.31.46:411][224]LogBlueprintUserMessages: [Portal_1237] Plane Width: 0.223183
[2018.11.11-20.31.46:428][225]LogBlueprintUserMessages: [Portal_1237] Plane Width: 0.226992
[2018.11.11-20.31.46:444][226]LogBlueprintUserMessages: [Portal_1237] Plane Width: 0.22761
[2018.11.11-20.31.46:459][227]LogBlueprintUserMessages: [Portal_1237] Plane Width: 0.228919
[2018.11.11-20.31.46:475][228]LogBlueprintUserMessages: [Portal_1237] Plane Width: 0.228919
[2018.11.11-20.31.46:492][229]LogBlueprintUserMessages: [Portal_1237] Plane Width: 0.228919
[2018.11.11-20.31.46:508][230]LogBlueprintUserMessages: [Portal_1237] Plane Width: 0.228919
[2018.11.11-20.31.46:524][231]LogBlueprintUserMessages: [Portal_1237] Plane Width: 0.228919
[2018.11.11-20.31.46:540][232]LogBlueprintUserMessages: [Portal_1237] Plane Width: 0.228919
[2018.11.11-20.31.46:556][233]LogBlueprintUserMessages: [Portal_1237] Plane Width: 0.228919
[2018.11.11-20.31.46:573][234]LogBlueprintUserMessages: [Portal_1237] Plane Width: 0.228919
[2018.11.11-20.31.46:589][235]LogBlueprintUserMessages: [Portal_1237] Plane Width: 0.228919
[2018.11.11-20.31.46:605][236]LogBlueprintUserMessages: [Portal_1237] Plane Width: 0.228919
[2018.11.11-20.31.46:621][237]LogBlueprintUserMessages: [Portal_1237] Plane Width: 0.228919
[2018.11.11-20.31.46:637][238]LogBlueprintUserMessages: [Portal_1237] Plane Width: 0.228919
[2018.11.11-20.31.46:654][239]LogBlueprintUserMessages: [Portal_1237] Plane Width: 0.228919
[2018.11.11-20.31.46:670][240]LogBlueprintUserMessages: [Portal_1237] Plane Width: 0.229264
[2018.11.11-20.31.46:686][241]LogBlueprintUserMessages: [Portal_1237] Plane Width: 0.229967
[2018.11.11-20.31.46:702][242]LogBlueprintUserMessages: [Portal_1237] Plane Width: 0.229967
[2018.11.11-20.31.46:718][243]LogBlueprintUserMessages: [Portal_1237] Plane Width: 0.229967
[2018.11.11-20.31.46:734][244]LogBlueprintUserMessages: [Portal_1237] Plane Width: 0.230331
[2018.11.11-20.31.46:750][245]LogBlueprintUserMessages: [Portal_1237] Plane Width: 0.230331
[2018.11.11-20.31.46:767][246]LogBlueprintUserMessages: [Portal_1237] Plane Width: 0.230331
[2018.11.11-20.31.46:783][247]LogBlueprintUserMessages: [Portal_1237] Plane Width: 0.230331
[2018.11.11-20.31.46:799][248]LogBlueprintUserMessages: [Portal_1237] Plane Width: 0.230331
[2018.11.11-20.31.46:815][249]LogBlueprintUserMessages: [Portal_1237] Plane Width: 0.230331
[2018.11.11-20.31.46:831][250]LogBlueprintUserMessages: [Portal_1237] Plane Width: 0.230331
[2018.11.11-20.31.46:847][251]LogBlueprintUserMessages: [Portal_1237] Plane Width: 0.230331
[2018.11.11-20.31.46:863][252]LogBlueprintUserMessages: [Portal_1237] Plane Width: 0.230331
[2018.11.11-20.31.46:879][253]LogBlueprintUserMessages: [Portal_1237] Plane Width: 0.230331
[2018.11.11-20.31.46:896][254]LogBlueprintUserMessages: [Portal_1237] Plane Width: 0.230331
[2018.11.11-20.31.46:912][255]LogBlueprintUserMessages: [Portal_1237] Plane Width: 0.230331
[2018.11.11-20.31.46:928][256]LogBlueprintUserMessages: [Portal_1237] Plane Width: 0.230331
[2018.11.11-20.31.46:944][257]LogBlueprintUserMessages: [Portal_1237] Plane Width: 0.230331
[2018.11.11-20.31.46:960][258]LogBlueprintUserMessages: [Portal_1237] Plane Width: 0.230331
[2018.11.11-20.31.46:976][259]LogBlueprintUserMessages: [Portal_1237] Plane Width: 0.230331
[2018.11.11-20.31.46:992][260]LogBlueprintUserMessages: [Portal_1237] Plane Width: 0.230331
[2018.11.11-20.31.47:009][261]LogBlueprintUserMessages: [Portal_1237] Plane Width: 0.230331
[2018.11.11-20.31.47:025][262]LogBlueprintUserMessages: [Portal_1237] Plane Width: 0.230331
[2018.11.11-20.31.47:041][263]LogBlueprintUserMessages: [Portal_1237] Plane Width: 0.230331
[2018.11.11-20.31.47:057][264]LogBlueprintUserMessages: [Portal_1237] Plane Width: 0.230331
[2018.11.11-20.31.47:073][265]LogBlueprintUserMessages: [Portal_1237] Plane Width: 0.230331
[2018.11.11-20.31.47:089][266]LogBlueprintUserMessages: [Portal_1237] Plane Width: 0.230331
[2018.11.11-20.31.47:106][267]LogBlueprintUserMessages: [Portal_1237] Plane Width: 0.230331
[2018.11.11-20.31.47:122][268]LogBlueprintUserMessages: [Portal_1237] Plane Width: 0.230331
[2018.11.11-20.31.47:138][269]LogBlueprintUserMessages: [Portal_1237] Plane Width: 0.230331
[2018.11.11-20.31.47:154][270]LogBlueprintUserMessages: [Portal_1237] Plane Width: 0.230331
[2018.11.11-20.31.47:170][271]LogBlueprintUserMessages: [Portal_1237] Plane Width: 0.230331
[2018.11.11-20.31.47:186][272]LogBlueprintUserMessages: [Portal_1237] Plane Width: 0.230331
[2018.11.11-20.31.47:203][273]LogBlueprintUserMessages: [Portal_1237] Plane Width: 0.230331
[2018.11.11-20.31.47:219][274]LogBlueprintUserMessages: [Portal_1237] Plane Width: 0.230331
[2018.11.11-20.31.47:235][275]LogBlueprintUserMessages: [Portal_1237] Plane Width: 0.230331
[2018.11.11-20.31.47:251][276]LogBlueprintUserMessages: [Portal_1237] Plane Width: 0.230331
[2018.11.11-20.31.47:267][277]LogBlueprintUserMessages: [Portal_1237] Plane Width: 0.230331
[2018.11.11-20.31.47:283][278]LogBlueprintUserMessages: [Portal_1237] Plane Width: 0.230331
[2018.11.11-20.31.47:299][279]LogBlueprintUserMessages: [Portal_1237] Plane Width: 0.230331
[2018.11.11-20.31.47:315][280]LogBlueprintUserMessages: [Portal_1237] Plane Width: 0.230331
[2018.11.11-20.31.47:332][281]LogBlueprintUserMessages: [Portal_1237] Plane Width: 0.230331
[2018.11.11-20.31.47:348][282]LogBlueprintUserMessages: [Portal_1237] Plane Width: 0.230331
[2018.11.11-20.31.47:364][283]LogBlueprintUserMessages: [Portal_1237] Plane Width: 0.230331
[2018.11.11-20.31.47:380][284]LogBlueprintUserMessages: [Portal_1237] Plane Width: 0.230331
[2018.11.11-20.31.47:396][285]LogBlueprintUserMessages: [Portal_1237] Plane Width: 0.230331
[2018.11.11-20.31.47:412][286]LogBlueprintUserMessages: [Portal_1237] Plane Width: 0.230331
[2018.11.11-20.31.47:428][287]LogBlueprintUserMessages: [Portal_1237] Plane Width: 0.230331
[2018.11.11-20.31.47:444][288]LogBlueprintUserMessages: [Portal_1237] Plane Width: 0.230331
[2018.11.11-20.31.47:461][289]LogBlueprintUserMessages: [Portal_1237] Plane Width: 0.230331
[2018.11.11-20.31.47:477][290]LogBlueprintUserMessages: [Portal_1237] Plane Width: 0.230331
[2018.11.11-20.31.47:493][291]LogBlueprintUserMessages: [Portal_1237] Plane Width: 0.230331
[2018.11.11-20.31.47:509][292]LogBlueprintUserMessages: [Portal_1237] Plane Width: 0.230331
[2018.11.11-20.31.47:525][293]LogBlueprintUserMessages: [Portal_1237] Plane Width: 0.230331
[2018.11.11-20.31.47:541][294]LogBlueprintUserMessages: [Portal_1237] Plane Width: 0.230331
[2018.11.11-20.31.47:558][295]LogBlueprintUserMessages: [Portal_1237] Plane Width: 0.230331
[2018.11.11-20.31.47:574][296]LogBlueprintUserMessages: [Portal_1237] Plane Width: 0.230331
[2018.11.11-20.31.47:618][297]LogSlate: Window 'EpicJamProject (64-bit, PCD3D_SM5) ' being destroyed
[2018.11.11-20.31.47:618][297]LogWindowsTextInputMethodSystem: Display: IME system now deactivated.
[2018.11.11-20.31.47:622][297]LogWindowsTextInputMethodSystem: Display: IME system now deactivated.
[2018.11.11-20.31.47:624][297]LogEngine: All Windows Closed
[2018.11.11-20.31.47:624][297]LogWindows: FPlatformMisc::RequestExit(0)
[2018.11.11-20.31.48:555][298]LogSlate: Slate User Destroyed.  User Index 0, Is Virtual User: 0
[2018.11.11-20.31.48:556][298]LogExit: Preparing to exit.
[2018.11.11-20.31.48:556][298]LogMoviePlayer: Shutting down movie player
