Log file open, 11/11/18 21:14:01
LogWindows: Failed to load 'aqProf.dll' (GetLastError=126)
LogWindows: File 'aqProf.dll' does not exist
LogWindows: Failed to load 'VtuneApi.dll' (GetLastError=126)
LogWindows: File 'VtuneApi.dll' does not exist
LogWindows: Failed to load 'VtuneApi32e.dll' (GetLastError=126)
LogWindows: File 'VtuneApi32e.dll' does not exist
LogInit: Display: Running engine for game: EpicJamProject
LogPlatformFile: Not using cached read wrapper
LogInit: Display: RandInit(-328268479) SRandInit(-328268479).
LogInit: Read version file with build ID '3944462'
LogInit: Overriding engine version to CL 4033788, compatible CL 3944462
LogInit: Registered custom module enumerator with build ID '3944462'
LogTaskGraph: Started task graph with 5 named threads and 23 total threads with 3 sets of task threads.
LogStats: Stats thread started at 0.303700
LogD3D11RHI: Aftermath initialized
LogICUInternationalization: Display: ICU TimeZone Detection - Raw Offset: -8:00, Platform Override: ''
LogModuleManager: Display: Found up-to-date module file ../../../Engine/Plugins/2D/Paper2D/Binaries/Win64/UE4Editor-Paper2D.dll (API version 3944462).
LogModuleManager: Display: Found up-to-date module file ../../../Engine/Plugins/2D/Paper2D/Binaries/Win64/UE4Editor-Paper2DEditor.dll (API version 3944462).
LogModuleManager: Display: Found up-to-date module file ../../../Engine/Plugins/2D/Paper2D/Binaries/Win64/UE4Editor-PaperSpriteSheetImporter.dll (API version 3944462).
LogModuleManager: Display: Found up-to-date module file ../../../Engine/Plugins/2D/Paper2D/Binaries/Win64/UE4Editor-PaperTiledImporter.dll (API version 3944462).
LogModuleManager: Display: Found up-to-date module file ../../../Engine/Plugins/2D/Paper2D/Binaries/Win64/UE4Editor-SmartSnapping.dll (API version 3944462).
LogModuleManager: Display: Found up-to-date module file ../../../Engine/Plugins/Blendables/LightPropagationVolume/Binaries/Win64/UE4Editor-LightPropagationVolumeRuntime.dll (API version 3944462).
LogModuleManager: Display: Found up-to-date module file ../../../Engine/Plugins/Blendables/LightPropagationVolume/Binaries/Win64/UE4Editor-LightPropagationVolumeEditor.dll (API version 3944462).
LogModuleManager: Display: Found up-to-date module file ../../../Engine/Plugins/Developer/CLionSourceCodeAccess/Binaries/Win64/UE4Editor-CLionSourceCodeAccess.dll (API version 3944462).
LogModuleManager: Display: Found up-to-date module file ../../../Engine/Plugins/Developer/GitSourceControl/Binaries/Win64/UE4Editor-GitSourceControl.dll (API version 3944462).
LogModuleManager: Display: Found up-to-date module file ../../../Engine/Plugins/Developer/PerforceSourceControl/Binaries/Win64/UE4Editor-PerforceSourceControl.dll (API version 3944462).
LogModuleManager: Display: Found up-to-date module file ../../../Engine/Plugins/Developer/SubversionSourceControl/Binaries/Win64/UE4Editor-SubversionSourceControl.dll (API version 3944462).
LogModuleManager: Display: Found up-to-date module file ../../../Engine/Plugins/Developer/UObjectPlugin/Binaries/Win64/UE4Editor-UObjectPlugin.dll (API version 3944462).
LogModuleManager: Display: Found up-to-date module file ../../../Engine/Plugins/Developer/VisualStudioCodeSourceCodeAccess/Binaries/Win64/UE4Editor-VisualStudioCodeSourceCodeAccess.dll (API version 3944462).
LogModuleManager: Display: Found up-to-date module file ../../../Engine/Plugins/Developer/VisualStudioSourceCodeAccess/Binaries/Win64/UE4Editor-VisualStudioSourceCodeAccess.dll (API version 3944462).
LogModuleManager: Display: Found up-to-date module file ../../../Engine/Plugins/Editor/AssetManagerEditor/Binaries/Win64/UE4Editor-AssetManagerEditor.dll (API version 3944462).
LogModuleManager: Display: Found up-to-date module file ../../../Engine/Plugins/Editor/CryptoKeys/Binaries/Win64/UE4Editor-CryptoKeys.dll (API version 3944462).
LogModuleManager: Display: Found up-to-date module file ../../../Engine/Plugins/Editor/CryptoKeys/Binaries/Win64/UE4Editor-CryptoKeysOpenSSL.dll (API version 3944462).
LogModuleManager: Display: Found up-to-date module file ../../../Engine/Plugins/Editor/DataValidation/Binaries/Win64/UE4Editor-DataValidation.dll (API version 3944462).
LogModuleManager: Display: Found up-to-date module file ../../../Engine/Plugins/Editor/FacialAnimation/Binaries/Win64/UE4Editor-FacialAnimation.dll (API version 3944462).
LogModuleManager: Display: Found up-to-date module file ../../../Engine/Plugins/Editor/FacialAnimation/Binaries/Win64/UE4Editor-FacialAnimationEditor.dll (API version 3944462).
LogModuleManager: Display: Found up-to-date module file ../../../Engine/Plugins/Editor/GameplayTagsEditor/Binaries/Win64/UE4Editor-GameplayTagsEditor.dll (API version 3944462).
LogModuleManager: Display: Found up-to-date module file ../../../Engine/Plugins/Editor/MobileLauncherProfileWizard/Binaries/Win64/UE4Editor-MobileLauncherProfileWizard.dll (API version 3944462).
LogModuleManager: Display: Found up-to-date module file ../../../Engine/Plugins/Editor/PluginBrowser/Binaries/Win64/UE4Editor-PluginBrowser.dll (API version 3944462).
LogModuleManager: Display: Found up-to-date module file ../../../Engine/Plugins/Editor/SpeedTreeImporter/Binaries/Win64/UE4Editor-SpeedTreeImporter.dll (API version 3944462).
LogModuleManager: Display: Found up-to-date module file ../../../Engine/Plugins/Enterprise/DatasmithContent/Binaries/Win64/UE4Editor-DatasmithContent.dll (API version 3944462).
LogModuleManager: Display: Found up-to-date module file ../../../Engine/Plugins/Experimental/AlembicImporter/Binaries/Win64/UE4Editor-AlembicImporter.dll (API version 3944462).
LogModuleManager: Display: Found up-to-date module file ../../../Engine/Plugins/Experimental/AlembicImporter/Binaries/Win64/UE4Editor-AlembicLibrary.dll (API version 3944462).
LogModuleManager: Display: Found up-to-date module file ../../../Engine/Plugins/Experimental/CharacterAI/Binaries/Win64/UE4Editor-CharacterAI.dll (API version 3944462).
LogModuleManager: Display: Found up-to-date module file ../../../Engine/Plugins/Experimental/HTML5Networking/Binaries/Win64/UE4Editor-HTML5Networking.dll (API version 3944462).
LogModuleManager: Display: Found up-to-date module file ../../../Engine/Plugins/Media/AndroidMedia/Binaries/Win64/UE4Editor-AndroidMediaEditor.dll (API version 3944462).
LogModuleManager: Display: Found up-to-date module file ../../../Engine/Plugins/Media/AndroidMedia/Binaries/Win64/UE4Editor-AndroidMediaFactory.dll (API version 3944462).
LogModuleManager: Display: Found up-to-date module file ../../../Engine/Plugins/Media/AvfMedia/Binaries/Win64/UE4Editor-AvfMediaEditor.dll (API version 3944462).
LogModuleManager: Display: Found up-to-date module file ../../../Engine/Plugins/Media/AvfMedia/Binaries/Win64/UE4Editor-AvfMediaFactory.dll (API version 3944462).
LogModuleManager: Display: Found up-to-date module file ../../../Engine/Plugins/Media/AvfMedia/Binaries/Win64/UE4Editor-AvfMediaFactory.dll (API version 3944462).
LogModuleManager: Display: Found up-to-date module file ../../../Engine/Plugins/Media/ImgMedia/Binaries/Win64/UE4Editor-ImgMedia.dll (API version 3944462).
LogModuleManager: Display: Found up-to-date module file ../../../Engine/Plugins/Media/ImgMedia/Binaries/Win64/UE4Editor-ImgMediaEditor.dll (API version 3944462).
LogModuleManager: Display: Found up-to-date module file ../../../Engine/Plugins/Media/ImgMedia/Binaries/Win64/UE4Editor-ImgMediaFactory.dll (API version 3944462).
LogModuleManager: Display: Found up-to-date module file ../../../Engine/Plugins/Media/ImgMedia/Binaries/Win64/UE4Editor-ImgMediaFactory.dll (API version 3944462).
LogModuleManager: Display: Found up-to-date module file ../../../Engine/Plugins/Media/ImgMedia/Binaries/Win64/UE4Editor-OpenExrWrapper.dll (API version 3944462).
LogModuleManager: Display: Found up-to-date module file ../../../Engine/Plugins/Media/LinearTimecode/Binaries/Win64/UE4Editor-LinearTimecode.dll (API version 3944462).
LogModuleManager: Display: Found up-to-date module file ../../../Engine/Plugins/Media/MediaCompositing/Binaries/Win64/UE4Editor-MediaCompositing.dll (API version 3944462).
LogModuleManager: Display: Found up-to-date module file ../../../Engine/Plugins/Media/MediaCompositing/Binaries/Win64/UE4Editor-MediaCompositingEditor.dll (API version 3944462).
LogModuleManager: Display: Found up-to-date module file ../../../Engine/Plugins/Media/MediaPlayerEditor/Binaries/Win64/UE4Editor-MediaPlayerEditor.dll (API version 3944462).
LogModuleManager: Display: Found up-to-date module file ../../../Engine/Plugins/Media/WmfMedia/Binaries/Win64/UE4Editor-WmfMedia.dll (API version 3944462).
LogModuleManager: Display: Found up-to-date module file ../../../Engine/Plugins/Media/WmfMedia/Binaries/Win64/UE4Editor-WmfMediaEditor.dll (API version 3944462).
LogModuleManager: Display: Found up-to-date module file ../../../Engine/Plugins/Media/WmfMedia/Binaries/Win64/UE4Editor-WmfMediaFactory.dll (API version 3944462).
LogModuleManager: Display: Found up-to-date module file ../../../Engine/Plugins/Media/WmfMedia/Binaries/Win64/UE4Editor-WmfMediaFactory.dll (API version 3944462).
LogModuleManager: Display: Found up-to-date module file ../../../Engine/Plugins/Messaging/TcpMessaging/Binaries/Win64/UE4Editor-TcpMessaging.dll (API version 3944462).
LogModuleManager: Display: Found up-to-date module file ../../../Engine/Plugins/Messaging/UdpMessaging/Binaries/Win64/UE4Editor-UdpMessaging.dll (API version 3944462).
LogModuleManager: Display: Found up-to-date module file ../../../Engine/Plugins/MovieScene/ActorSequence/Binaries/Win64/UE4Editor-ActorSequence.dll (API version 3944462).
LogModuleManager: Display: Found up-to-date module file ../../../Engine/Plugins/MovieScene/LevelSequenceEditor/Binaries/Win64/UE4Editor-LevelSequenceEditor.dll (API version 3944462).
LogModuleManager: Display: Found up-to-date module file ../../../Engine/Plugins/MovieScene/MatineeToLevelSequence/Binaries/Win64/UE4Editor-MatineeToLevelSequence.dll (API version 3944462).
LogModuleManager: Display: Found up-to-date module file ../../../Engine/Plugins/NetcodeUnitTest/NetcodeUnitTest/Binaries/Win64/UE4Editor-NetcodeUnitTest.dll (API version 3944462).
LogModuleManager: Display: Found up-to-date module file ../../../Engine/Plugins/NetcodeUnitTest/NUTUnrealEngine4/Binaries/Win64/UE4Editor-NUTUnrealEngine4.dll (API version 3944462).
LogModuleManager: Display: Found up-to-date module file ../../../Engine/Plugins/Online/OnlineSubsystem/Binaries/Win64/UE4Editor-OnlineSubsystem.dll (API version 3944462).
LogModuleManager: Display: Found up-to-date module file ../../../Engine/Plugins/Runtime/AndroidPermission/Binaries/Win64/UE4Editor-AndroidPermission.dll (API version 3944462).
LogModuleManager: Display: Found up-to-date module file ../../../Engine/Plugins/Online/OnlineSubsystemNull/Binaries/Win64/UE4Editor-OnlineSubsystemNull.dll (API version 3944462).
LogModuleManager: Display: Found up-to-date module file ../../../Engine/Plugins/Online/OnlineSubsystemUtils/Binaries/Win64/UE4Editor-OnlineSubsystemUtils.dll (API version 3944462).
LogModuleManager: Display: Found up-to-date module file ../../../Engine/Plugins/Online/OnlineSubsystemUtils/Binaries/Win64/UE4Editor-OnlineBlueprintSupport.dll (API version 3944462).
LogModuleManager: Display: Found up-to-date module file ../../../Engine/Plugins/Runtime/AndroidDeviceProfileSelector/Binaries/Win64/UE4Editor-AndroidDeviceProfileSelector.dll (API version 3944462).
LogModuleManager: Display: Found up-to-date module file ../../../Engine/Plugins/Runtime/AppleARKit/Binaries/Win64/UE4Editor-AppleARKit.dll (API version 3944462).
LogModuleManager: Display: Found up-to-date module file ../../../Engine/Plugins/Runtime/ProceduralMeshComponent/Binaries/Win64/UE4Editor-ProceduralMeshComponent.dll (API version 3944462).
LogModuleManager: Display: Found up-to-date module file ../../../Engine/Plugins/Runtime/ProceduralMeshComponent/Binaries/Win64/UE4Editor-ProceduralMeshComponentEditor.dll (API version 3944462).
LogModuleManager: Display: Found up-to-date module file ../../../Engine/Plugins/Animation/LiveLink/Binaries/Win64/UE4Editor-LiveLink.dll (API version 3944462).
LogModuleManager: Display: Found up-to-date module file ../../../Engine/Plugins/Animation/LiveLink/Binaries/Win64/UE4Editor-LiveLinkEditor.dll (API version 3944462).
LogModuleManager: Display: Found up-to-date module file ../../../Engine/Plugins/Runtime/ArchVisCharacter/Binaries/Win64/UE4Editor-ArchVisCharacter.dll (API version 3944462).
LogModuleManager: Display: Found up-to-date module file ../../../Engine/Plugins/Runtime/AudioCapture/Binaries/Win64/UE4Editor-AudioCapture.dll (API version 3944462).
LogModuleManager: Display: Found up-to-date module file ../../../Engine/Plugins/Runtime/AudioCapture/Binaries/Win64/UE4Editor-AudioCaptureEditor.dll (API version 3944462).
LogModuleManager: Display: Found up-to-date module file ../../../Engine/Plugins/Runtime/CableComponent/Binaries/Win64/UE4Editor-CableComponent.dll (API version 3944462).
LogModuleManager: Display: Found up-to-date module file ../../../Engine/Plugins/Runtime/CustomMeshComponent/Binaries/Win64/UE4Editor-CustomMeshComponent.dll (API version 3944462).
LogModuleManager: Display: Found up-to-date module file ../../../Engine/Plugins/Runtime/ExampleDeviceProfileSelector/Binaries/Win64/UE4Editor-ExampleDeviceProfileSelector.dll (API version 3944462).
LogModuleManager: Display: Found up-to-date module file ../../../Engine/Plugins/Runtime/ImmediatePhysics/Binaries/Win64/UE4Editor-ImmediatePhysics.dll (API version 3944462).
LogModuleManager: Display: Found up-to-date module file ../../../Engine/Plugins/Runtime/ImmediatePhysics/Binaries/Win64/UE4Editor-ImmediatePhysicsEditor.dll (API version 3944462).
LogModuleManager: Display: Found up-to-date module file ../../../Engine/Plugins/Runtime/LocationServicesBPLibrary/Binaries/Win64/UE4Editor-LocationServicesBPLibrary.dll (API version 3944462).
LogModuleManager: Display: Found up-to-date module file ../../../Engine/Plugins/Runtime/MobilePatchingUtils/Binaries/Win64/UE4Editor-MobilePatchingUtils.dll (API version 3944462).
LogModuleManager: Display: Found up-to-date module file ../../../Engine/Plugins/Runtime/Oculus/OculusVR/Binaries/Win64/UE4Editor-OculusHMD.dll (API version 3944462).
LogModuleManager: Display: Found up-to-date module file ../../../Engine/Plugins/Runtime/Oculus/OculusVR/Binaries/Win64/UE4Editor-OculusInput.dll (API version 3944462).
LogModuleManager: Display: Found up-to-date module file ../../../Engine/Plugins/Runtime/Oculus/OculusVR/Binaries/Win64/UE4Editor-OculusEditor.dll (API version 3944462).
LogModuleManager: Display: Found up-to-date module file ../../../Engine/Plugins/Runtime/PhysXVehicles/Binaries/Win64/UE4Editor-PhysXVehicles.dll (API version 3944462).
LogModuleManager: Display: Found up-to-date module file ../../../Engine/Plugins/Runtime/PhysXVehicles/Binaries/Win64/UE4Editor-PhysXVehiclesEditor.dll (API version 3944462).
LogModuleManager: Display: Found up-to-date module file ../../../Engine/Plugins/Runtime/RuntimePhysXCooking/Binaries/Win64/UE4Editor-RuntimePhysXCooking.dll (API version 3944462).
LogModuleManager: Display: Found up-to-date module file ../../../Engine/Plugins/Runtime/Steam/SteamVR/Binaries/Win64/UE4Editor-SteamVR.dll (API version 3944462).
LogModuleManager: Display: Found up-to-date module file ../../../Engine/Plugins/Runtime/Steam/SteamVR/Binaries/Win64/UE4Editor-SteamVRController.dll (API version 3944462).
LogModuleManager: Display: Found up-to-date module file ../../../Engine/Plugins/Runtime/WindowsMoviePlayer/Binaries/Win64/UE4Editor-WindowsMoviePlayer.dll (API version 3944462).
LogPluginManager: Mounting plugin Paper2D
LogPluginManager: Mounting plugin LiveLink
LogPluginManager: Mounting plugin LightPropagationVolume
LogPluginManager: Mounting plugin CLionSourceCodeAccess
LogPluginManager: Mounting plugin CodeLiteSourceCodeAccess
LogPluginManager: Mounting plugin GitSourceControl
LogPluginManager: Mounting plugin KDevelopSourceCodeAccess
LogPluginManager: Mounting plugin NullSourceCodeAccess
LogPluginManager: Mounting plugin PerforceSourceControl
LogPluginManager: Mounting plugin SubversionSourceControl
LogPluginManager: Mounting plugin UObjectPlugin
LogPluginManager: Mounting plugin VisualStudioCodeSourceCodeAccess
LogPluginManager: Mounting plugin VisualStudioSourceCodeAccess
LogPluginManager: Mounting plugin XCodeSourceCodeAccess
LogPluginManager: Mounting plugin AssetManagerEditor
LogPluginManager: Mounting plugin CryptoKeys
LogPluginManager: Mounting plugin DataValidation
LogPluginManager: Mounting plugin FacialAnimation
LogPluginManager: Mounting plugin GameplayTagsEditor
LogPluginManager: Mounting plugin MobileLauncherProfileWizard
LogPluginManager: Mounting plugin PluginBrowser
LogPluginManager: Mounting plugin SpeedTreeImporter
LogPluginManager: Mounting plugin DatasmithContent
LogPluginManager: Mounting plugin AlembicImporter
LogPluginManager: Mounting plugin CharacterAI
LogPluginManager: Mounting plugin HTML5Networking
LogPluginManager: Mounting plugin AndroidMedia
LogPluginManager: Mounting plugin AvfMedia
LogPluginManager: Mounting plugin ImgMedia
LogPluginManager: Mounting plugin LinearTimecode
LogPluginManager: Mounting plugin MediaCompositing
LogPluginManager: Mounting plugin MediaPlayerEditor
LogPluginManager: Mounting plugin WmfMedia
LogPluginManager: Mounting plugin TcpMessaging
LogPluginManager: Mounting plugin UdpMessaging
LogPluginManager: Mounting plugin ActorSequence
LogPluginManager: Mounting plugin LevelSequenceEditor
LogPluginManager: Mounting plugin MatineeToLevelSequence
LogPluginManager: Mounting plugin NetcodeUnitTest
LogPluginManager: Mounting plugin NUTUnrealEngine4
LogPluginManager: Mounting plugin OnlineSubsystemGooglePlay
LogPluginManager: Mounting plugin OnlineSubsystemIOS
LogPluginManager: Mounting plugin OnlineSubsystem
LogPluginManager: Mounting plugin OnlineSubsystemNull
LogPluginManager: Mounting plugin OnlineSubsystemUtils
LogPluginManager: Mounting plugin AndroidDeviceProfileSelector
LogPluginManager: Mounting plugin AndroidMoviePlayer
LogPluginManager: Mounting plugin AndroidPermission
LogPluginManager: Mounting plugin AppleARKit
LogPluginManager: Mounting plugin AppleMoviePlayer
LogPluginManager: Mounting plugin ArchVisCharacter
LogPluginManager: Mounting plugin AudioCapture
LogPluginManager: Mounting plugin CableComponent
LogPluginManager: Mounting plugin CustomMeshComponent
LogPluginManager: Mounting plugin ExampleDeviceProfileSelector
LogPluginManager: Mounting plugin GoogleCloudMessaging
LogPluginManager: Mounting plugin ImmediatePhysics
LogPluginManager: Mounting plugin IOSDeviceProfileSelector
LogPluginManager: Mounting plugin LinuxDeviceProfileSelector
LogPluginManager: Mounting plugin LocationServicesBPLibrary
LogPluginManager: Mounting plugin MobilePatchingUtils
LogPluginManager: Mounting plugin OculusVR
LogPluginManager: Plugin shader directory ../../../Engine/Plugins/Runtime/Oculus/OculusVR/Shaders found
LogPluginManager: Mapping shader source directory ../../../Engine/Plugins/Runtime/Oculus/OculusVR/Shaders to virtual directory /Plugin/OculusVR
LogPluginManager: Mounting plugin PhysXVehicles
LogPluginManager: Mounting plugin ProceduralMeshComponent
LogPluginManager: Mounting plugin RuntimePhysXCooking
LogPluginManager: Mounting plugin SteamVR
LogPluginManager: Mounting plugin WindowsMoviePlayer
LogStreaming: Display: Took  1.419s to configure plugins.
LogInit: Using libcurl 7.47.1
LogInit:  - built for x86_64-pc-win32
LogInit:  - supports SSL with OpenSSL/1.0.2g
LogInit:  - supports HTTP deflate (compression) using libz 1.2.8
LogInit:  - other features:
LogInit:      CURL_VERSION_SSL
LogInit:      CURL_VERSION_LIBZ
LogInit:      CURL_VERSION_IPV6
LogInit:      CURL_VERSION_ASYNCHDNS
LogInit:      CURL_VERSION_LARGEFILE
LogInit:      CURL_VERSION_IDN
LogInit:  CurlRequestOptions (configurable via config and command line):
LogInit:  - bVerifyPeer = false  - Libcurl will NOT verify peer certificate
LogInit:  - bUseHttpProxy = false  - Libcurl will NOT use HTTP proxy
LogInit:  - bDontReuseConnections = false  - Libcurl will reuse connections
LogInit:  - CertBundlePath = nullptr  - Libcurl will use whatever was configured at build time.
LogInit:  - MaxHostConnections = 16  - Libcurl will limit the number of connections to a host
LogInit:  - LocalHostAddr = Default
LogInit: WinSock: version 1.1 (2.2), MaxSocks=32767, MaxUdp=65467
LogInit: WinSock: I am cdm-z77-04 (10.159.23.2:0)
LogInit: Build: ++UE4+Release-4.19-CL-4033788
LogInit: Engine Version: 4.19.2-4033788+++UE4+Release-4.19
LogInit: Compatible Engine Version: 4.19.0-3944462+++UE4+Release-4.19
LogInit: Net CL: 3944462
LogDevObjectVersion: Number of dev versions registered: 18
LogDevObjectVersion:   Dev-Blueprints (B0D832E4-1F89-4F0D-ACCF-7EB736FD4AA2): 10
LogDevObjectVersion:   Dev-Build (E1C64328-A22C-4D53-A36C-8E866417BD8C): 0
LogDevObjectVersion:   Dev-Core (375EC13C-06E4-48FB-B500-84F0262A717E): 2
LogDevObjectVersion:   Dev-Editor (E4B068ED-F494-42E9-A231-DA0B2E46BB41): 23
LogDevObjectVersion:   Dev-Framework (CFFC743F-43B0-4480-9391-14DF171D2073): 33
LogDevObjectVersion:   Dev-Mobile (B02B49B5-BB20-44E9-A304-32B752E40360): 2
LogDevObjectVersion:   Dev-Networking (A4E4105C-59A1-49B5-A7C5-40C4547EDFEE): 0
LogDevObjectVersion:   Dev-Online (39C831C9-5AE6-47DC-9A44-9C173E1C8E7C): 0
LogDevObjectVersion:   Dev-Physics (78F01B33-EBEA-4F98-B9B4-84EACCB95AA2): 0
LogDevObjectVersion:   Dev-Platform (6631380F-2D4D-43E0-8009-CF276956A95A): 0
LogDevObjectVersion:   Dev-Rendering (12F88B9F-8875-4AFC-A67C-D90C383ABD29): 25
LogDevObjectVersion:   Dev-Sequencer (7B5AE74C-D270-4C10-A958-57980B212A5A): 6
LogDevObjectVersion:   Dev-VR (D7296918-1DD6-4BDD-9DE2-64A83CC13884): 1
LogDevObjectVersion:   Dev-LoadTimes (C2A15278-BFE7-4AFE-6C17-90FF531DF755): 1
LogDevObjectVersion:   Private-Geometry (6EACA3D4-40EC-4CC1-B786-8BED09428FC5): 2
LogDevObjectVersion:   Dev-AnimPhys (29E575DD-E0A3-4627-9D10-D276232CDCEA): 16
LogDevObjectVersion:   Dev-ReflectionCapture (6B266CEC-1EC7-4B8F-A30B-E4D90942FC07): 1
LogDevObjectVersion:   Dev-Automation (0DF73D61-A23F-47EA-B727-89E90C41499A): 1
LogInit: Compiled (64-bit): Apr 27 2018 02:06:57
LogInit: Compiled with Visual C++: 19.00.24215.01
LogInit: Build Configuration: Development
LogInit: Branch Name: ++UE4+Release-4.19
LogInit: Command Line:  /Game/Assets/Levels/TestingLevel1 -game -PIEVIACONSOLE -ResX=1280 -ResY=720  -Multiprocess -messaging -SessionName="Play in Standalone Game" -nohmd -windowed 
LogInit: Base Directory: C:/Program Files/Epic Games/UE_4.19/Engine/Binaries/Win64/
LogInit: Installed Engine Build: 1
LogStreaming: Display: Took  0.008s to delete old logs.
LogInit: Presizing for max 8388607 objects, including 0 objects not considered by GC, pre-allocating 0 bytes for permanent pool.
LogInit: Object subsystem initialized
[2018.11.12-05.14.03:205][  0]LogInit: Selected Device Profile: [Windows]
[2018.11.12-05.14.03:205][  0]LogInit: Applying CVar settings loaded from the selected device profile: [Windows]
[2018.11.12-05.14.03:210][  0]LogInit: Computer: CDM-Z77-04
[2018.11.12-05.14.03:210][  0]LogInit: User: user
[2018.11.12-05.14.03:210][  0]LogInit: CPU Page size=4096, Cores=4
[2018.11.12-05.14.03:210][  0]LogInit: High frequency timer resolution =3.330098 MHz
[2018.11.12-05.14.03:210][  0]LogMemory: Memory total: Physical=7.9GB (8GB approx)
[2018.11.12-05.14.03:210][  0]LogMemory: Platform Memory Stats for Windows
[2018.11.12-05.14.03:210][  0]LogMemory: Process Physical Memory: 273.83 MB used, 273.83 MB peak
[2018.11.12-05.14.03:210][  0]LogMemory: Process Virtual Memory: 264.80 MB used, 264.80 MB peak
[2018.11.12-05.14.03:210][  0]LogMemory: Physical Memory: 5433.96 MB used,  2706.36 MB free, 8140.31 MB total
[2018.11.12-05.14.03:210][  0]LogMemory: Virtual Memory: 4795.21 MB used,  2706.36 MB free, 134217728.00 MB total
[2018.11.12-05.14.03:235][  0]LogInit: Using OS detected language (en-US).
[2018.11.12-05.14.03:235][  0]LogInit: Using OS detected locale (en-US).
[2018.11.12-05.14.03:235][  0]LogTextLocalizationManager: No localization for 'en-US' exists, so 'en' will be used for the language.
[2018.11.12-05.14.03:235][  0]LogTextLocalizationManager: No localization for 'en-US' exists, so 'en' will be used for the locale.
[2018.11.12-05.14.03:697][  0]LogStreaming: Display: Took  0.462s to EndInitTextLocalization.
[2018.11.12-05.14.03:725][  0]LogSlate: New Slate User Created.  User Index 0, Is Virtual User: 0
[2018.11.12-05.14.03:725][  0]LogSlate: Slate User Registered.  User Index 0, Is Virtual User: 0
[2018.11.12-05.14.03:728][  0]LogD3D11RHI: D3D11 adapters:
[2018.11.12-05.14.03:812][  0]LogD3D11RHI:    0. 'NVIDIA GeForce GTX 1060 6GB' (Feature Level 11_0)
[2018.11.12-05.14.03:812][  0]LogD3D11RHI:       6052/0/4070 MB DedicatedVideo/DedicatedSystem/SharedSystem, Outputs:1, VendorId:0x10de
[2018.11.12-05.14.03:814][  0]LogD3D11RHI:    1. 'Microsoft Basic Render Driver' (Feature Level 11_0)
[2018.11.12-05.14.03:814][  0]LogD3D11RHI:       0/0/4070 MB DedicatedVideo/DedicatedSystem/SharedSystem, Outputs:0, VendorId:0x1414
[2018.11.12-05.14.03:814][  0]LogD3D11RHI: Chosen D3D11 Adapter: 0
[2018.11.12-05.14.03:824][  0]LogD3D11RHI: Creating new Direct3DDevice
[2018.11.12-05.14.03:824][  0]LogD3D11RHI:     GPU DeviceId: 0x1c03 (for the marketing name, search the web for "GPU Device Id")
[2018.11.12-05.14.03:824][  0]LogWindows: EnumDisplayDevices:
[2018.11.12-05.14.03:824][  0]LogWindows:    0. 'NVIDIA GeForce GTX 1060 6GB' (P:1 D:1)
[2018.11.12-05.14.03:825][  0]LogWindows:    1. 'NVIDIA GeForce GTX 1060 6GB' (P:0 D:0)
[2018.11.12-05.14.03:825][  0]LogWindows:    2. 'NVIDIA GeForce GTX 1060 6GB' (P:0 D:0)
[2018.11.12-05.14.03:825][  0]LogWindows:    3. 'NVIDIA GeForce GTX 1060 6GB' (P:0 D:0)
[2018.11.12-05.14.03:825][  0]LogWindows: DebugString: GetVideoDriverDetailsInvalid PrimaryIsNotTheChoosenAdapter GetVideoDriverDetailsInvalid PrimaryIsNotTheChoosenAdapter GetVideoDriverDetailsInvalid PrimaryIsNotTheChoosenAdapter GetVideoDriverDetailsInvalid PrimaryIsNotTheChoosenAdapter FoundDriverCount:0 
[2018.11.12-05.14.03:825][  0]LogD3D11RHI:     Adapter Name: NVIDIA GeForce GTX 1060 6GB
[2018.11.12-05.14.03:825][  0]LogD3D11RHI:   Driver Version: Unknown (internal:Unknown, unified:Unknown)
[2018.11.12-05.14.03:825][  0]LogD3D11RHI:      Driver Date: Unknown
[2018.11.12-05.14.03:825][  0]LogRHI: Texture pool is 4236 MB (70% of 6052 MB)
[2018.11.12-05.14.03:896][  0]LogD3D11RHI: [Aftermath] Aftermath enabled and primed
[2018.11.12-05.14.03:896][  0]LogD3D11RHI: [Aftermath] Aftermath enabled and primed
[2018.11.12-05.14.03:896][  0]LogD3D11RHI: Async texture creation enabled
[2018.11.12-05.14.03:937][  0]LogD3D11RHI: GPU Timing Frequency: 1000.000000 (Debug: 2 2)
[2018.11.12-05.14.03:939][  0]LogShaderCompilers: Guid format shader working directory is -41 characters bigger than the processId version (../../../../../../Users/user/Documents/GitHub/SomethingSomethingJamming/EpicJamProject/Intermediate/Shaders/WorkingDirectory/2296/).
[2018.11.12-05.14.03:939][  0]LogShaderCompilers: Cleaned the shader compiler working directory 'C:/Users/user/AppData/Local/Temp/UnrealShaderWorkingDir/67FDDA7644BD6ECC46E6ACBC8D63445A/'.
[2018.11.12-05.14.04:201][  0]LogTemp: Display: Loaded TP WindowsClientTargetPlatform
[2018.11.12-05.14.04:216][  0]LogTemp: Display: Loaded TP WindowsNoEditorTargetPlatform
[2018.11.12-05.14.04:231][  0]LogTemp: Display: Loaded TP WindowsServerTargetPlatform
[2018.11.12-05.14.04:247][  0]LogTemp: Display: Loaded TP WindowsTargetPlatform
[2018.11.12-05.14.04:247][  0]LogTargetPlatformManager: Display: Building Assets For Windows
[2018.11.12-05.14.04:395][  0]LogXGEController: Cannot use XGE Controller as Incredibuild is not installed on this machine.
[2018.11.12-05.14.04:395][  0]LogShaderCompilers: Cannot use XGE Shader Compiler as Incredibuild is not installed on this machine.
[2018.11.12-05.14.04:395][  0]LogShaderCompilers: Display: Using Local Shader Compiler.
[2018.11.12-05.14.05:178][  0]LogDerivedDataCache: Display: Max Cache Size: 512 MB
[2018.11.12-05.14.05:267][  0]LogDerivedDataCache: Loaded boot cache 0.09s 74MB C:/Users/user/AppData/Local/UnrealEngine/4.19/DerivedDataCache/Boot.ddc.
[2018.11.12-05.14.05:268][  0]LogDerivedDataCache: Display: Loaded Boot cache: C:/Users/user/AppData/Local/UnrealEngine/4.19/DerivedDataCache/Boot.ddc
[2018.11.12-05.14.05:268][  0]LogDerivedDataCache: FDerivedDataBackendGraph:  Pak pak cache file ../../../../../../Users/user/Documents/GitHub/SomethingSomethingJamming/EpicJamProject/DerivedDataCache/DDC.ddp not found, will not use a pak cache.
[2018.11.12-05.14.05:268][  0]LogDerivedDataCache: Unable to find inner node Pak for hierarchical cache Hierarchy.
[2018.11.12-05.14.05:268][  0]LogDerivedDataCache: FDerivedDataBackendGraph:  CompressedPak pak cache file ../../../../../../Users/user/Documents/GitHub/SomethingSomethingJamming/EpicJamProject/DerivedDataCache/Compressed.ddp not found, will not use a pak cache.
[2018.11.12-05.14.05:268][  0]LogDerivedDataCache: Unable to find inner node CompressedPak for hierarchical cache Hierarchy.
[2018.11.12-05.14.05:284][  0]LogDerivedDataCache: Display: Pak cache opened for reading ../../../Engine/DerivedDataCache/Compressed.ddp.
[2018.11.12-05.14.05:296][  0]LogDerivedDataCache: Using Local data cache path C:/Users/user/AppData/Local/UnrealEngine/Common/DerivedDataCache: Writable
[2018.11.12-05.14.05:296][  0]LogDerivedDataCache: Shared data cache path not found in *engine.ini, will not use an Shared cache.
[2018.11.12-05.14.05:296][  0]LogDerivedDataCache: Unable to find inner node Shared for hierarchical cache Hierarchy.
[2018.11.12-05.14.05:309][  0]LogMaterial: Verifying Global Shaders for PCD3D_SM5
[2018.11.12-05.14.05:309][  0]LogSlate: Using Freetype 2.6.0
[2018.11.12-05.14.05:310][  0]LogSlate: SlateFontCache - WITH_FREETYPE: 1, WITH_HARFBUZZ: 1
[2018.11.12-05.14.05:310][  0]LogSlate: SlateFontCache - WITH_FREETYPE: 1, WITH_HARFBUZZ: 1
[2018.11.12-05.14.05:440][  0]LogAssetRegistry: FAssetRegistry took 0.0047 seconds to start up
[2018.11.12-05.14.05:688][  0]LogPackageLocalizationCache: Processed 9 localized package path(s) for 1 prioritized culture(s) in 0.008832 seconds
[2018.11.12-05.14.05:807][  0]LogInit: Selected Device Profile: [Windows]
[2018.11.12-05.14.05:967][  0]LogSimplygon: Simplygon DLL not present - disabling.
[2018.11.12-05.14.05:971][  0]LogMeshReduction: Using SimplygonSwarm for distributed automatic mesh merging
[2018.11.12-05.14.05:971][  0]LogMeshReduction: Using QuadricMeshReduction for automatic static mesh reduction
[2018.11.12-05.14.05:971][  0]LogMeshReduction: No automatic skeletal mesh reduction module available
[2018.11.12-05.14.05:971][  0]LogMeshReduction: No automatic mesh merging module available
[2018.11.12-05.14.05:971][  0]LogMeshMerging: No automatic mesh merging module available
[2018.11.12-05.14.06:009][  0]LogNetVersion: EpicJamProject , NetCL: 3944462, EngineNetVer: 2, GameNetVer: 0 (Checksum: 1335748515)
[2018.11.12-05.14.06:768][  0]LogMoviePlayer: Initializing movie player
[2018.11.12-05.14.07:090][  0]LogTcpMessaging: Initializing TcpMessaging bridge
[2018.11.12-05.14.07:124][  0]LogUdpMessaging: Initializing bridge on interface 0.0.0.0:0 to multicast group 230.0.0.1:6666.
[2018.11.12-05.14.07:414][  0]SourceControl: Source control is disabled
[2018.11.12-05.14.07:414][  0]SourceControl: Source control is disabled
[2018.11.12-05.14.07:437][  0]SourceControl: Source control is disabled
[2018.11.12-05.14.07:873][  0]LogAndroidPermission: UAndroidPermissionCallbackProxy::GetInstance
[2018.11.12-05.14.08:100][  0]LogOcInput: OculusInput pre-init called
[2018.11.12-05.14.08:151][  0]LogUObjectArray: 40124 objects as part of root set at end of initial load.
[2018.11.12-05.14.08:151][  0]LogUObjectAllocator: 8364200 out of 0 bytes used by permanent object pool.
[2018.11.12-05.14.08:151][  0]LogUObjectArray: CloseDisregardForGC: 0/0 objects in disregard for GC pool
[2018.11.12-05.14.08:206][  0]LogEngine: Initializing Engine...
[2018.11.12-05.14.08:219][  0]LogStats: UGameplayTagsManager::ConstructGameplayTagTree: Construct from data asset -  0.000 s
[2018.11.12-05.14.08:219][  0]LogStats: UGameplayTagsManager::ConstructGameplayTagTree: GameplayTagTreeChangedEvent.Broadcast -  0.000 s
[2018.11.12-05.14.08:428][  0]LogInit: XAudio2 using 'Digital Audio (S/PDIF) (2- High Definition Audio Device)' : 2 channels at 48 kHz using 16 bits per sample (channel mask 0x3)
[2018.11.12-05.14.08:447][  0]LogInit: FAudioDevice initialized.
[2018.11.12-05.14.08:471][  0]LogInit: Texture streaming: Enabled
[2018.11.12-05.14.08:600][  0]LogInit: Display: Game Engine Initialized.
[2018.11.12-05.14.08:600][  0]LogGameplayTags: Display: UGameplayTagsManager::DoneAddingNativeTags. DelegateIsBound: 0
[2018.11.12-05.14.08:600][  0]LogStats: UGameplayTagsManager::ConstructGameplayTagTree: Construct from data asset -  0.000 s
[2018.11.12-05.14.08:600][  0]LogStats: UGameplayTagsManager::ConstructGameplayTagTree: GameplayTagTreeChangedEvent.Broadcast -  0.000 s
[2018.11.12-05.14.08:729][  0]LogInit: Display: Starting Game.
[2018.11.12-05.14.08:729][  0]LogNet: Browse: /Game/Assets/Levels/TestingLevel1?Name=Player
[2018.11.12-05.14.08:729][  0]LogLoad: LoadMap: /Game/Assets/Levels/TestingLevel1?Name=Player
[2018.11.12-05.14.08:742][  0]LogUObjectGlobals: Created PersistentFrame Addr=0x000002891eb3ae00, Size=128, Default__TestingLevel1_C Function /Game/Assets/Levels/TestingLevel1.TestingLevel1_C:ExecuteUbergraph_TestingLevel1
[2018.11.12-05.14.08:744][  0]LogUObjectGlobals: Created PersistentFrame Addr=0x0000028976c84a00, Size=168, Default__Portal_C Function /Game/Assets/Blueprints/Portal.Portal_C:ExecuteUbergraph_Portal
[2018.11.12-05.14.08:755][  0]LogUObjectGlobals: Created PersistentFrame Addr=0x000002891eb774c0, Size=48, Default__SimpleUI_C Function /Game/Assets/UserInterface/SimpleUI.SimpleUI_C:ExecuteUbergraph_SimpleUI
[2018.11.12-05.14.08:757][  0]LogUObjectGlobals: Created PersistentFrame Addr=0x0000028929cac400, Size=188, Default__MainCharacter_C Function /Game/Assets/Blueprints/MainCharacter.MainCharacter_C:ExecuteUbergraph_MainCharacter
[2018.11.12-05.14.08:856][  0]LogUObjectGlobals: Destroyed PersistentFrame Addr=0x0000028929cac400, Size=188
[2018.11.12-05.14.08:856][  0]LogUObjectGlobals: Created PersistentFrame Addr=0x000002892a8fff40, Size=188, Default__MainCharacter_C Function /Engine/Transient.REINST_MainCharacter_C_4:ExecuteUbergraph_MainCharacter
[2018.11.12-05.14.08:856][  0]LogUObjectGlobals: Destroyed PersistentFrame Addr=0x0000028976c84a00, Size=168
[2018.11.12-05.14.08:856][  0]LogUObjectGlobals: Created PersistentFrame Addr=0x000002892a8ffe80, Size=168, Default__Portal_C Function /Engine/Transient.REINST_Portal_C_5:ExecuteUbergraph_Portal
[2018.11.12-05.14.08:857][  0]LogUObjectGlobals: Destroyed PersistentFrame Addr=0x000002891eb774c0, Size=48
[2018.11.12-05.14.08:857][  0]LogUObjectGlobals: Created PersistentFrame Addr=0x000002891eb774c0, Size=48, Default__SimpleUI_C Function /Engine/Transient.REINST_SimpleUI_C_0:ExecuteUbergraph_SimpleUI
[2018.11.12-05.14.08:884][  0]LogUObjectGlobals: Created PersistentFrame Addr=0x0000028928d50ac0, Size=188, Default__MainCharacter_C Function /Game/Assets/Blueprints/MainCharacter.MainCharacter_C:ExecuteUbergraph_MainCharacter
[2018.11.12-05.14.08:887][  0]LogUObjectGlobals: Created PersistentFrame Addr=0x0000028928dc7280, Size=168, Default__Portal_C Function /Game/Assets/Blueprints/Portal.Portal_C:ExecuteUbergraph_Portal
[2018.11.12-05.14.08:888][  0]LogUObjectGlobals: Created PersistentFrame Addr=0x0000028928deb580, Size=104, Default__SimpleUI_C Function /Game/Assets/UserInterface/SimpleUI.SimpleUI_C:ExecuteUbergraph_SimpleUI
[2018.11.12-05.14.08:894][  0]LogUObjectGlobals: Destroyed PersistentFrame Addr=0x000002891eb3ae00, Size=128
[2018.11.12-05.14.08:894][  0]LogUObjectGlobals: Created PersistentFrame Addr=0x0000028928ddf400, Size=128, Default__TestingLevel1_C Function /Engine/Transient.REINST_TestingLevel1_C_16:ExecuteUbergraph_TestingLevel1
[2018.11.12-05.14.08:897][  0]LogUObjectGlobals: Created PersistentFrame Addr=0x0000028928ddf780, Size=128, Default__TestingLevel1_C Function /Game/Assets/Levels/TestingLevel1.TestingLevel1_C:ExecuteUbergraph_TestingLevel1
[2018.11.12-05.14.08:964][  0]LogAIModule: Creating AISystem for world TestingLevel1
[2018.11.12-05.14.08:971][  0]LogLoad: Game class is 'GameModeTest_C'
[2018.11.12-05.14.08:976][  0]LogWorld: Bringing World /Game/Assets/Levels/TestingLevel1.TestingLevel1 up for play (max tick rate 0) at 2018.11.11-21.14.08
[2018.11.12-05.14.08:977][  0]LogWorld: Bringing up level for play took: 0.004930
[2018.11.12-05.14.08:978][  0]LogPrimitiveComponent: Warning: CreateDynamicMaterialInstance on /Game/Assets/Levels/TestingLevel1.TestingLevel1:PersistentLevel.Portal_10584.Plane: Material index -1 is invalid.
[2018.11.12-05.14.08:980][  0]LogLoad: Took 0.250250 seconds to LoadMap(/Game/Assets/Levels/TestingLevel1)
[2018.11.12-05.14.09:033][  0]LogLoad: (Engine Initialization) Total time: 8.99 seconds
[2018.11.12-05.14.09:033][  0]LogLoad: (Engine Initialization) Total Blueprint compile time: 0.00 seconds
[2018.11.12-05.14.09:081][  0]LogRenderer: Reallocating scene render targets to support 256x256 Format 10 NumSamples 1 (Frame:1).
[2018.11.12-05.14.09:110][  0]LogRenderer: Reallocating scene render targets to support 1280x720 Format 10 NumSamples 1 (Frame:1).
[2018.11.12-05.14.09:148][  0]LogWindowsTextInputMethodSystem: Display: IME system now deactivated.
[2018.11.12-05.14.09:214][  0]LogOcInput: OculusInput is initialized
[2018.11.12-05.14.09:218][  0]LogContentStreaming: Texture pool size now 1000 MB
[2018.11.12-05.14.12:852][210]LogSlate: Window 'EpicJamProject (64-bit, PCD3D_SM5) ' being destroyed
[2018.11.12-05.14.12:853][210]LogWindowsTextInputMethodSystem: Display: IME system now deactivated.
[2018.11.12-05.14.12:856][210]LogWindowsTextInputMethodSystem: Display: IME system now deactivated.
[2018.11.12-05.14.12:857][210]LogEngine: All Windows Closed
[2018.11.12-05.14.12:857][210]LogWindows: FPlatformMisc::RequestExit(0)
[2018.11.12-05.14.13:211][211]LogSlate: Slate User Destroyed.  User Index 0, Is Virtual User: 0
[2018.11.12-05.14.13:212][211]LogExit: Preparing to exit.
[2018.11.12-05.14.13:212][211]LogMoviePlayer: Shutting down movie player
[2018.11.12-05.14.14:163][211]LogExit: Game engine shut down
[2018.11.12-05.14.14:165][211]LogUObjectGlobals: Destroyed PersistentFrame Addr=0x0000028928ddf400, Size=128
[2018.11.12-05.14.14:165][211]LogUObjectGlobals: Destroyed PersistentFrame Addr=0x000002892a8ffe80, Size=168
[2018.11.12-05.14.14:165][211]LogUObjectGlobals: Destroyed PersistentFrame Addr=0x000002891eb774c0, Size=48
[2018.11.12-05.14.14:165][211]LogUObjectGlobals: Destroyed PersistentFrame Addr=0x000002892a8fff40, Size=188
[2018.11.12-05.14.14:166][211]LogUObjectGlobals: Destroyed PersistentFrame Addr=0x0000028928d50ac0, Size=188
[2018.11.12-05.14.14:166][211]LogUObjectGlobals: Destroyed PersistentFrame Addr=0x0000028928dc7280, Size=168
[2018.11.12-05.14.14:166][211]LogUObjectGlobals: Destroyed PersistentFrame Addr=0x0000028928deb580, Size=104
[2018.11.12-05.14.14:166][211]LogUObjectGlobals: Destroyed PersistentFrame Addr=0x0000028928ddf780, Size=128
[2018.11.12-05.14.14:215][211]LogExit: Object subsystem successfully closed.
[2018.11.12-05.14.14:225][211]LogShaderCompilers: Display: Shaders left to compile 0
[2018.11.12-05.14.14:227][211]LogD3D11RHI: Shutdown
[2018.11.12-05.14.14:227][211]LogD3D11RHI: CleanupD3DDevice
[2018.11.12-05.14.14:229][211]LogD3D11RHI: ~FD3D11DynamicRHI
[2018.11.12-05.14.14:245][211]LogModuleManager: Shutting down and abandoning module SequenceRecorderSections (332)
[2018.11.12-05.14.14:245][211]LogModuleManager: Shutting down and abandoning module SequenceRecorder (330)
[2018.11.12-05.14.14:245][211]LogModuleManager: Shutting down and abandoning module AutomationController (328)
[2018.11.12-05.14.14:245][211]LogModuleManager: Shutting down and abandoning module AutomationWorker (326)
[2018.11.12-05.14.14:245][211]LogModuleManager: Shutting down and abandoning module AIModule (324)
[2018.11.12-05.14.14:245][211]LogModuleManager: Shutting down and abandoning module GameplayDebugger (323)
[2018.11.12-05.14.14:245][211]LogModuleManager: Shutting down and abandoning module AITestSuite (321)
[2018.11.12-05.14.14:245][211]LogModuleManager: Shutting down and abandoning module WmfMediaFactory (318)
[2018.11.12-05.14.14:245][211]LogModuleManager: Shutting down and abandoning module OpenExrWrapper (316)
[2018.11.12-05.14.14:245][211]LogModuleManager: Shutting down and abandoning module ImgMediaFactory (314)
[2018.11.12-05.14.14:245][211]LogModuleManager: Shutting down and abandoning module AvfMediaFactory (312)
[2018.11.12-05.14.14:245][211]LogModuleManager: Shutting down and abandoning module CharacterAI (310)
[2018.11.12-05.14.14:245][211]LogModuleManager: Shutting down and abandoning module SessionServices (308)
[2018.11.12-05.14.14:245][211]LogModuleManager: Shutting down and abandoning module MovieSceneCapture (306)
[2018.11.12-05.14.14:245][211]LogModuleManager: Shutting down and abandoning module MovieSceneTracks (304)
[2018.11.12-05.14.14:245][211]LogModuleManager: Shutting down and abandoning module MovieScene (302)
[2018.11.12-05.14.14:245][211]LogModuleManager: Shutting down and abandoning module GeometryCache (300)
[2018.11.12-05.14.14:245][211]LogModuleManager: Shutting down and abandoning module GeometryCacheEd (299)
[2018.11.12-05.14.14:245][211]LogModuleManager: Shutting down and abandoning module StreamingPauseRendering (296)
[2018.11.12-05.14.14:245][211]LogModuleManager: Shutting down and abandoning module PortalServices (294)
[2018.11.12-05.14.14:245][211]LogModuleManager: Shutting down and abandoning module PortalRpc (292)
[2018.11.12-05.14.14:245][211]LogModuleManager: Shutting down and abandoning module MessagingRpc (290)
[2018.11.12-05.14.14:245][211]LogModuleManager: Shutting down and abandoning module ProfilerService (288)
[2018.11.12-05.14.14:430][211]LogModuleManager: Shutting down and abandoning module TaskGraph (286)
[2018.11.12-05.14.14:430][211]LogModuleManager: Shutting down and abandoning module SteamVRController (284)
[2018.11.12-05.14.14:430][211]LogModuleManager: Shutting down and abandoning module ProceduralMeshComponent (282)
[2018.11.12-05.14.14:430][211]LogModuleManager: Shutting down and abandoning module OculusInput (280)
[2018.11.12-05.14.14:430][211]LogModuleManager: Shutting down and abandoning module MobilePatchingUtils (278)
[2018.11.12-05.14.14:430][211]LogModuleManager: Shutting down and abandoning module CustomMeshComponent (276)
[2018.11.12-05.14.14:430][211]LogModuleManager: Shutting down and abandoning module CableComponent (274)
[2018.11.12-05.14.14:430][211]LogModuleManager: Shutting down and abandoning module AudioCapture (272)
[2018.11.12-05.14.14:430][211]LogModuleManager: Shutting down and abandoning module ArchVisCharacter (270)
[2018.11.12-05.14.14:430][211]LogModuleManager: Shutting down and abandoning module AndroidPermission (268)
[2018.11.12-05.14.14:430][211]LogModuleManager: Shutting down and abandoning module NUTUnrealEngine4 (264)
[2018.11.12-05.14.14:430][211]LogModuleManager: Shutting down and abandoning module NetcodeUnitTest (262)
[2018.11.12-05.14.14:430][211]LogModuleManager: Shutting down and abandoning module MediaCompositing (260)
[2018.11.12-05.14.14:430][211]LogModuleManager: Shutting down and abandoning module LinearTimecode (258)
[2018.11.12-05.14.14:430][211]LogModuleManager: Shutting down and abandoning module ImgMedia (256)
[2018.11.12-05.14.14:432][211]LogModuleManager: Shutting down and abandoning module HTML5Networking (254)
[2018.11.12-05.14.14:432][211]LogModuleManager: Shutting down and abandoning module DatasmithContent (252)
[2018.11.12-05.14.14:432][211]LogModuleManager: Shutting down and abandoning module CryptoKeysOpenSSL (250)
[2018.11.12-05.14.14:432][211]LogModuleManager: Shutting down and abandoning module CryptoKeys (248)
[2018.11.12-05.14.14:432][211]LogModuleManager: Shutting down and abandoning module VisualStudioSourceCodeAccess (246)
[2018.11.12-05.14.14:432][211]LogModuleManager: Shutting down and abandoning module HotReload (245)
[2018.11.12-05.14.14:433][211]LogModuleManager: Shutting down and abandoning module DirectoryWatcher (244)
[2018.11.12-05.14.14:433][211]LogModuleManager: Shutting down and abandoning module VisualStudioCodeSourceCodeAccess (240)
[2018.11.12-05.14.14:433][211]LogModuleManager: Shutting down and abandoning module UObjectPlugin (238)
[2018.11.12-05.14.14:433][211]LogModuleManager: Shutting down and abandoning module SubversionSourceControl (236)
[2018.11.12-05.14.14:433][211]LogModuleManager: Shutting down and abandoning module PerforceSourceControl (234)
[2018.11.12-05.14.14:433][211]LogModuleManager: Shutting down and abandoning module SourceControl (233)
[2018.11.12-05.14.14:433][211]LogModuleManager: Shutting down and abandoning module CLionSourceCodeAccess (230)
[2018.11.12-05.14.14:433][211]LogModuleManager: Shutting down and abandoning module RuntimePhysXCooking (228)
[2018.11.12-05.14.14:433][211]LogModuleManager: Shutting down and abandoning module PhysXVehiclesEditor (226)
[2018.11.12-05.14.14:433][211]LogModuleManager: Shutting down and abandoning module PhysXVehicles (224)
[2018.11.12-05.14.14:433][211]LogModuleManager: Shutting down and abandoning module LocationServicesBPLibrary (222)
[2018.11.12-05.14.14:433][211]LogModuleManager: Shutting down and abandoning module ImmediatePhysicsEditor (220)
[2018.11.12-05.14.14:433][211]LogModuleManager: Shutting down and abandoning module ImmediatePhysics (218)
[2018.11.12-05.14.14:433][211]LogModuleManager: Shutting down and abandoning module ActorSequence (216)
[2018.11.12-05.14.14:433][211]LogModuleManager: Shutting down and abandoning module UdpMessaging (214)
[2018.11.12-05.14.14:534][211]LogModuleManager: Shutting down and abandoning module TcpMessaging (212)
[2018.11.12-05.14.15:094][211]LogModuleManager: Shutting down and abandoning module GameplayTagsEditor (210)
[2018.11.12-05.14.15:094][211]LogModuleManager: Shutting down and abandoning module FacialAnimation (208)
[2018.11.12-05.14.15:094][211]LogModuleManager: Shutting down and abandoning module DataValidation (206)
[2018.11.12-05.14.15:094][211]LogModuleManager: Shutting down and abandoning module AssetManagerEditor (204)
[2018.11.12-05.14.15:094][211]LogModuleManager: Shutting down and abandoning module TreeMap (203)
[2018.11.12-05.14.15:094][211]LogModuleManager: Shutting down and abandoning module LightPropagationVolumeRuntime (200)
[2018.11.12-05.14.15:094][211]LogModuleManager: Shutting down and abandoning module LiveLink (198)
[2018.11.12-05.14.15:934][211]LogModuleManager: Shutting down and abandoning module Paper2D (196)
[2018.11.12-05.14.15:934][211]LogModuleManager: Shutting down and abandoning module PIEPreviewDeviceProfileSelector (194)
[2018.11.12-05.14.15:934][211]LogModuleManager: Shutting down and abandoning module WindowsMoviePlayer (192)
[2018.11.12-05.14.15:934][211]LogModuleManager: Shutting down and abandoning module WmfMedia (190)
[2018.11.12-05.14.15:935][211]LogModuleManager: Shutting down and abandoning module Media (189)
[2018.11.12-05.14.15:941][211]LogModuleManager: Shutting down and abandoning module PacketHandler (186)
[2018.11.12-05.14.15:941][211]LogModuleManager: Shutting down and abandoning module ClothingSystemEditor (184)
[2018.11.12-05.14.15:941][211]LogModuleManager: Shutting down and abandoning module ClothingSystemRuntime (182)
[2018.11.12-05.14.15:941][211]LogModuleManager: Shutting down and abandoning module MediaAssets (180)
[2018.11.12-05.14.15:941][211]LogModuleManager: Shutting down and abandoning module Overlay (178)
[2018.11.12-05.14.15:941][211]LogModuleManager: Shutting down and abandoning module OverlayEditor (177)
[2018.11.12-05.14.15:941][211]LogModuleManager: Shutting down and abandoning module VREditor (174)
[2018.11.12-05.14.15:941][211]LogModuleManager: Shutting down and abandoning module StringTableEditor (172)
[2018.11.12-05.14.15:941][211]LogModuleManager: Shutting down and abandoning module GameplayTasksEditor (170)
[2018.11.12-05.14.15:941][211]LogModuleManager: Shutting down and abandoning module BehaviorTreeEditor (168)
[2018.11.12-05.14.15:941][211]LogModuleManager: Shutting down and abandoning module FunctionalTesting (166)
[2018.11.12-05.14.15:941][211]LogModuleManager: Shutting down and abandoning module CollisionAnalyzer (164)
[2018.11.12-05.14.15:941][211]LogModuleManager: Shutting down and abandoning module WorkspaceMenuStructure (163)
[2018.11.12-05.14.15:941][211]LogModuleManager: Shutting down and abandoning module UMG (160)
[2018.11.12-05.14.15:941][211]LogModuleManager: Shutting down and abandoning module UMGEditor (159)
[2018.11.12-05.14.15:941][211]LogModuleManager: Shutting down and abandoning module Sequencer (158)
[2018.11.12-05.14.15:942][211]LogModuleManager: Shutting down and abandoning module MessageLog (155)
[2018.11.12-05.14.15:942][211]LogModuleManager: Shutting down and abandoning module SlateReflector (150)
[2018.11.12-05.14.15:942][211]LogModuleManager: Shutting down and abandoning module Slate (148)
[2018.11.12-05.14.15:942][211]LogModuleManager: Shutting down and abandoning module EditorStyle (146)
[2018.11.12-05.14.15:943][211]LogModuleManager: Shutting down and abandoning module MRMesh (144)
[2018.11.12-05.14.15:943][211]LogModuleManager: Shutting down and abandoning module Messaging (142)
[2018.11.12-05.14.15:943][211]LogModuleManager: Shutting down and abandoning module SourceCodeAccess (140)
[2018.11.12-05.14.15:943][211]LogModuleManager: Shutting down and abandoning module HeadMountedDisplay (138)
[2018.11.12-05.14.15:943][211]LogModuleManager: Shutting down and abandoning module XAudio2 (136)
[2018.11.12-05.14.15:943][211]LogModuleManager: Shutting down and abandoning module Networking (134)
[2018.11.12-05.14.15:943][211]LogModuleManager: Shutting down and abandoning module Core (132)
[2018.11.12-05.14.15:943][211]LogModuleManager: Shutting down and abandoning module LevelSequence (130)
[2018.11.12-05.14.15:943][211]LogModuleManager: Shutting down and abandoning module KismetCompiler (128)
[2018.11.12-05.14.15:943][211]LogModuleManager: Shutting down and abandoning module MeshUtilities (126)
[2018.11.12-05.14.15:943][211]LogModuleManager: Shutting down and abandoning module MeshMergeUtilities (125)
[2018.11.12-05.14.15:943][211]LogModuleManager: Shutting down and abandoning module MeshReductionInterface (124)
[2018.11.12-05.14.15:943][211]LogModuleManager: Shutting down and abandoning module SimplygonSwarm (123)
[2018.11.12-05.14.15:943][211]LogModuleManager: Shutting down and abandoning module SimplygonMeshReduction (121)
[2018.11.12-05.14.15:943][211]LogModuleManager: Shutting down and abandoning module QuadricMeshReduction (119)
[2018.11.12-05.14.15:943][211]LogModuleManager: Shutting down and abandoning module MaterialBaking (115)
[2018.11.12-05.14.15:943][211]LogModuleManager: Shutting down and abandoning module DerivedDataCache (110)
[2018.11.12-05.14.16:299][211]LogDerivedDataCache: Shutdown
[2018.11.12-05.14.16:299][211]LogModuleManager: Shutting down and abandoning module XGEController (108)
[2018.11.12-05.14.16:299][211]LogModuleManager: Shutting down and abandoning module TargetPlatform (106)
[2018.11.12-05.14.16:299][211]LogModuleManager: Shutting down and abandoning module VulkanShaderFormat (105)
[2018.11.12-05.14.16:299][211]LogModuleManager: Shutting down and abandoning module ShaderFormatVectorVM (103)
[2018.11.12-05.14.16:299][211]LogModuleManager: Shutting down and abandoning module ShaderFormatOpenGL (101)
[2018.11.12-05.14.16:299][211]LogModuleManager: Shutting down and abandoning module ShaderFormatD3D (99)
[2018.11.12-05.14.16:299][211]LogModuleManager: Shutting down and abandoning module MetalShaderFormat (97)
[2018.11.12-05.14.16:299][211]LogModuleManager: Shutting down and abandoning module TextureFormatUncompressed (95)
[2018.11.12-05.14.16:299][211]LogModuleManager: Shutting down and abandoning module TextureFormatPVR (93)
[2018.11.12-05.14.16:299][211]LogModuleManager: Shutting down and abandoning module TextureFormatDXT (91)
[2018.11.12-05.14.16:299][211]LogModuleManager: Shutting down and abandoning module TextureFormatIntelISPCTexComp (89)
[2018.11.12-05.14.16:300][211]LogModuleManager: Shutting down and abandoning module TextureFormatASTC (87)
[2018.11.12-05.14.16:300][211]LogModuleManager: Shutting down and abandoning module ImageWrapper (86)
[2018.11.12-05.14.16:300][211]LogModuleManager: Shutting down and abandoning module TextureFormatAndroid (83)
[2018.11.12-05.14.16:300][211]LogModuleManager: Shutting down and abandoning module AudioFormatOpus (81)
[2018.11.12-05.14.16:300][211]LogModuleManager: Shutting down and abandoning module AudioFormatOgg (79)
[2018.11.12-05.14.16:300][211]LogModuleManager: Shutting down and abandoning module AudioFormatADPCM (77)
[2018.11.12-05.14.16:300][211]LogModuleManager: Shutting down and abandoning module WindowsTargetPlatform (75)
[2018.11.12-05.14.16:300][211]LogModuleManager: Shutting down and abandoning module WindowsServerTargetPlatform (73)
[2018.11.12-05.14.16:300][211]LogModuleManager: Shutting down and abandoning module WindowsNoEditorTargetPlatform (71)
[2018.11.12-05.14.16:300][211]LogModuleManager: Shutting down and abandoning module WindowsClientTargetPlatform (69)
[2018.11.12-05.14.16:300][211]LogModuleManager: Shutting down and abandoning module InputCore (66)
[2018.11.12-05.14.16:300][211]LogModuleManager: Shutting down and abandoning module Settings (64)
[2018.11.12-05.14.16:300][211]LogModuleManager: Shutting down and abandoning module PhysXCooking (62)
[2018.11.12-05.14.16:300][211]LogModuleManager: Shutting down and abandoning module SteamVR (60)
[2018.11.12-05.14.16:300][211]LogModuleManager: Shutting down and abandoning module OculusHMD (58)
[2018.11.12-05.14.16:300][211]LogModuleManager: Shutting down and abandoning module ExampleDeviceProfileSelector (56)
[2018.11.12-05.14.16:300][211]LogModuleManager: Shutting down and abandoning module AppleARKit (54)
[2018.11.12-05.14.16:300][211]LogModuleManager: Shutting down and abandoning module AugmentedReality (51)
[2018.11.12-05.14.16:300][211]LogModuleManager: Shutting down and abandoning module OnlineBlueprintSupport (48)
[2018.11.12-05.14.16:300][211]LogModuleManager: Shutting down and abandoning module OnlineSubsystem (44)
[2018.11.12-05.14.16:300][211]LogModuleManager: Shutting down and abandoning module XMPP (43)
[2018.11.12-05.14.16:300][211]LogModuleManager: Shutting down and abandoning module HTTP (41)
[2018.11.12-05.14.16:312][211]LogModuleManager: Shutting down and abandoning module SSL (40)
[2018.11.12-05.14.16:314][211]LogModuleManager: Shutting down and abandoning module AnimationModifiers (36)
[2018.11.12-05.14.16:314][211]LogModuleManager: Shutting down and abandoning module PropertyEditor (35)
[2018.11.12-05.14.16:314][211]LogModuleManager: Shutting down and abandoning module AudioEditor (32)
[2018.11.12-05.14.16:314][211]LogModuleManager: Shutting down and abandoning module TextureCompressor (30)
[2018.11.12-05.14.16:314][211]LogModuleManager: Shutting down and abandoning module ShaderCore (28)
[2018.11.12-05.14.16:314][211]LogModuleManager: Shutting down and abandoning module Landscape (26)
[2018.11.12-05.14.16:314][211]LogModuleManager: Shutting down and abandoning module SlateRHIRenderer (24)
[2018.11.12-05.14.16:314][211]LogModuleManager: Shutting down and abandoning module OpenGLDrv (22)
[2018.11.12-05.14.16:314][211]LogModuleManager: Shutting down and abandoning module D3D11RHI (20)
[2018.11.12-05.14.16:314][211]LogModuleManager: Shutting down and abandoning module AnimGraphRuntime (18)
[2018.11.12-05.14.16:314][211]LogModuleManager: Shutting down and abandoning module Renderer (16)
[2018.11.12-05.14.16:314][211]LogModuleManager: Shutting down and abandoning module Engine (14)
[2018.11.12-05.14.16:314][211]LogModuleManager: Shutting down and abandoning module CoreUObject (12)
[2018.11.12-05.14.16:315][211]LogModuleManager: Shutting down and abandoning module NetworkFile (10)
[2018.11.12-05.14.16:315][211]LogModuleManager: Shutting down and abandoning module CookedIterativeFile (8)
[2018.11.12-05.14.16:315][211]LogModuleManager: Shutting down and abandoning module StreamingFile (6)
[2018.11.12-05.14.16:315][211]LogModuleManager: Shutting down and abandoning module SandboxFile (4)
[2018.11.12-05.14.16:315][211]LogModuleManager: Shutting down and abandoning module PakFile (2)
[2018.11.12-05.14.16:319][211]LogExit: Exiting.
[2018.11.12-05.14.16:320][211]Log file closed, 11/11/18 21:14:16
