Log file open, 11/12/18 22:42:02
LogWindows: Failed to load 'aqProf.dll' (GetLastError=126)
LogWindows: File 'aqProf.dll' does not exist
LogWindows: Failed to load 'VtuneApi.dll' (GetLastError=126)
LogWindows: File 'VtuneApi.dll' does not exist
LogWindows: Failed to load 'VtuneApi32e.dll' (GetLastError=126)
LogWindows: File 'VtuneApi32e.dll' does not exist
LogInit: Display: Running engine for game: EpicJamProject
LogPlatformFile: Not using cached read wrapper
LogInit: Display: RandInit(36078109) SRandInit(36078110).
LogInit: Read version file with build ID '3944462'
LogInit: Overriding engine version to CL 4033788, compatible CL 3944462
LogInit: Registered custom module enumerator with build ID '3944462'
LogTaskGraph: Started task graph with 5 named threads and 23 total threads with 3 sets of task threads.
LogStats: Stats thread started at 0.292912
LogD3D11RHI: Aftermath initialized
LogICUInternationalization: Display: ICU TimeZone Detection - Raw Offset: -8:00, Platform Override: ''
LogModuleManager: Display: Found up-to-date module file ../../../Engine/Plugins/2D/Paper2D/Binaries/Win64/UE4Editor-Paper2D.dll (API version 3944462).
LogModuleManager: Display: Found up-to-date module file ../../../Engine/Plugins/2D/Paper2D/Binaries/Win64/UE4Editor-Paper2DEditor.dll (API version 3944462).
LogModuleManager: Display: Found up-to-date module file ../../../Engine/Plugins/2D/Paper2D/Binaries/Win64/UE4Editor-PaperSpriteSheetImporter.dll (API version 3944462).
LogModuleManager: Display: Found up-to-date module file ../../../Engine/Plugins/2D/Paper2D/Binaries/Win64/UE4Editor-PaperTiledImporter.dll (API version 3944462).
LogModuleManager: Display: Found up-to-date module file ../../../Engine/Plugins/2D/Paper2D/Binaries/Win64/UE4Editor-SmartSnapping.dll (API version 3944462).
LogModuleManager: Display: Found up-to-date module file ../../../Engine/Plugins/Blendables/LightPropagationVolume/Binaries/Win64/UE4Editor-LightPropagationVolumeRuntime.dll (API version 3944462).
LogModuleManager: Display: Found up-to-date module file ../../../Engine/Plugins/Blendables/LightPropagationVolume/Binaries/Win64/UE4Editor-LightPropagationVolumeEditor.dll (API version 3944462).
LogModuleManager: Display: Found up-to-date module file ../../../Engine/Plugins/Developer/CLionSourceCodeAccess/Binaries/Win64/UE4Editor-CLionSourceCodeAccess.dll (API version 3944462).
LogModuleManager: Display: Found up-to-date module file ../../../Engine/Plugins/Developer/GitSourceControl/Binaries/Win64/UE4Editor-GitSourceControl.dll (API version 3944462).
LogModuleManager: Display: Found up-to-date module file ../../../Engine/Plugins/Developer/PerforceSourceControl/Binaries/Win64/UE4Editor-PerforceSourceControl.dll (API version 3944462).
LogModuleManager: Display: Found up-to-date module file ../../../Engine/Plugins/Developer/SubversionSourceControl/Binaries/Win64/UE4Editor-SubversionSourceControl.dll (API version 3944462).
LogModuleManager: Display: Found up-to-date module file ../../../Engine/Plugins/Developer/UObjectPlugin/Binaries/Win64/UE4Editor-UObjectPlugin.dll (API version 3944462).
LogModuleManager: Display: Found up-to-date module file ../../../Engine/Plugins/Developer/VisualStudioCodeSourceCodeAccess/Binaries/Win64/UE4Editor-VisualStudioCodeSourceCodeAccess.dll (API version 3944462).
LogModuleManager: Display: Found up-to-date module file ../../../Engine/Plugins/Developer/VisualStudioSourceCodeAccess/Binaries/Win64/UE4Editor-VisualStudioSourceCodeAccess.dll (API version 3944462).
LogModuleManager: Display: Found up-to-date module file ../../../Engine/Plugins/Editor/AssetManagerEditor/Binaries/Win64/UE4Editor-AssetManagerEditor.dll (API version 3944462).
LogModuleManager: Display: Found up-to-date module file ../../../Engine/Plugins/Editor/CryptoKeys/Binaries/Win64/UE4Editor-CryptoKeys.dll (API version 3944462).
LogModuleManager: Display: Found up-to-date module file ../../../Engine/Plugins/Editor/CryptoKeys/Binaries/Win64/UE4Editor-CryptoKeysOpenSSL.dll (API version 3944462).
LogModuleManager: Display: Found up-to-date module file ../../../Engine/Plugins/Editor/DataValidation/Binaries/Win64/UE4Editor-DataValidation.dll (API version 3944462).
LogModuleManager: Display: Found up-to-date module file ../../../Engine/Plugins/Editor/FacialAnimation/Binaries/Win64/UE4Editor-FacialAnimation.dll (API version 3944462).
LogModuleManager: Display: Found up-to-date module file ../../../Engine/Plugins/Editor/FacialAnimation/Binaries/Win64/UE4Editor-FacialAnimationEditor.dll (API version 3944462).
LogModuleManager: Display: Found up-to-date module file ../../../Engine/Plugins/Editor/GameplayTagsEditor/Binaries/Win64/UE4Editor-GameplayTagsEditor.dll (API version 3944462).
LogModuleManager: Display: Found up-to-date module file ../../../Engine/Plugins/Editor/MobileLauncherProfileWizard/Binaries/Win64/UE4Editor-MobileLauncherProfileWizard.dll (API version 3944462).
LogModuleManager: Display: Found up-to-date module file ../../../Engine/Plugins/Editor/PluginBrowser/Binaries/Win64/UE4Editor-PluginBrowser.dll (API version 3944462).
LogModuleManager: Display: Found up-to-date module file ../../../Engine/Plugins/Editor/SpeedTreeImporter/Binaries/Win64/UE4Editor-SpeedTreeImporter.dll (API version 3944462).
LogModuleManager: Display: Found up-to-date module file ../../../Engine/Plugins/Enterprise/DatasmithContent/Binaries/Win64/UE4Editor-DatasmithContent.dll (API version 3944462).
LogModuleManager: Display: Found up-to-date module file ../../../Engine/Plugins/Experimental/AlembicImporter/Binaries/Win64/UE4Editor-AlembicImporter.dll (API version 3944462).
LogModuleManager: Display: Found up-to-date module file ../../../Engine/Plugins/Experimental/AlembicImporter/Binaries/Win64/UE4Editor-AlembicLibrary.dll (API version 3944462).
LogModuleManager: Display: Found up-to-date module file ../../../Engine/Plugins/Experimental/CharacterAI/Binaries/Win64/UE4Editor-CharacterAI.dll (API version 3944462).
LogModuleManager: Display: Found up-to-date module file ../../../Engine/Plugins/Experimental/HTML5Networking/Binaries/Win64/UE4Editor-HTML5Networking.dll (API version 3944462).
LogModuleManager: Display: Found up-to-date module file ../../../Engine/Plugins/Media/AndroidMedia/Binaries/Win64/UE4Editor-AndroidMediaEditor.dll (API version 3944462).
LogModuleManager: Display: Found up-to-date module file ../../../Engine/Plugins/Media/AndroidMedia/Binaries/Win64/UE4Editor-AndroidMediaFactory.dll (API version 3944462).
LogModuleManager: Display: Found up-to-date module file ../../../Engine/Plugins/Media/AvfMedia/Binaries/Win64/UE4Editor-AvfMediaEditor.dll (API version 3944462).
LogModuleManager: Display: Found up-to-date module file ../../../Engine/Plugins/Media/AvfMedia/Binaries/Win64/UE4Editor-AvfMediaFactory.dll (API version 3944462).
LogModuleManager: Display: Found up-to-date module file ../../../Engine/Plugins/Media/AvfMedia/Binaries/Win64/UE4Editor-AvfMediaFactory.dll (API version 3944462).
LogModuleManager: Display: Found up-to-date module file ../../../Engine/Plugins/Media/ImgMedia/Binaries/Win64/UE4Editor-ImgMedia.dll (API version 3944462).
LogModuleManager: Display: Found up-to-date module file ../../../Engine/Plugins/Media/ImgMedia/Binaries/Win64/UE4Editor-ImgMediaEditor.dll (API version 3944462).
LogModuleManager: Display: Found up-to-date module file ../../../Engine/Plugins/Media/ImgMedia/Binaries/Win64/UE4Editor-ImgMediaFactory.dll (API version 3944462).
LogModuleManager: Display: Found up-to-date module file ../../../Engine/Plugins/Media/ImgMedia/Binaries/Win64/UE4Editor-ImgMediaFactory.dll (API version 3944462).
LogModuleManager: Display: Found up-to-date module file ../../../Engine/Plugins/Media/ImgMedia/Binaries/Win64/UE4Editor-OpenExrWrapper.dll (API version 3944462).
LogModuleManager: Display: Found up-to-date module file ../../../Engine/Plugins/Media/LinearTimecode/Binaries/Win64/UE4Editor-LinearTimecode.dll (API version 3944462).
LogModuleManager: Display: Found up-to-date module file ../../../Engine/Plugins/Media/MediaCompositing/Binaries/Win64/UE4Editor-MediaCompositing.dll (API version 3944462).
LogModuleManager: Display: Found up-to-date module file ../../../Engine/Plugins/Media/MediaCompositing/Binaries/Win64/UE4Editor-MediaCompositingEditor.dll (API version 3944462).
LogModuleManager: Display: Found up-to-date module file ../../../Engine/Plugins/Media/MediaPlayerEditor/Binaries/Win64/UE4Editor-MediaPlayerEditor.dll (API version 3944462).
LogModuleManager: Display: Found up-to-date module file ../../../Engine/Plugins/Media/WmfMedia/Binaries/Win64/UE4Editor-WmfMedia.dll (API version 3944462).
LogModuleManager: Display: Found up-to-date module file ../../../Engine/Plugins/Media/WmfMedia/Binaries/Win64/UE4Editor-WmfMediaEditor.dll (API version 3944462).
LogModuleManager: Display: Found up-to-date module file ../../../Engine/Plugins/Media/WmfMedia/Binaries/Win64/UE4Editor-WmfMediaFactory.dll (API version 3944462).
LogModuleManager: Display: Found up-to-date module file ../../../Engine/Plugins/Media/WmfMedia/Binaries/Win64/UE4Editor-WmfMediaFactory.dll (API version 3944462).
LogModuleManager: Display: Found up-to-date module file ../../../Engine/Plugins/Messaging/TcpMessaging/Binaries/Win64/UE4Editor-TcpMessaging.dll (API version 3944462).
LogModuleManager: Display: Found up-to-date module file ../../../Engine/Plugins/Messaging/UdpMessaging/Binaries/Win64/UE4Editor-UdpMessaging.dll (API version 3944462).
LogModuleManager: Display: Found up-to-date module file ../../../Engine/Plugins/MovieScene/ActorSequence/Binaries/Win64/UE4Editor-ActorSequence.dll (API version 3944462).
LogModuleManager: Display: Found up-to-date module file ../../../Engine/Plugins/MovieScene/LevelSequenceEditor/Binaries/Win64/UE4Editor-LevelSequenceEditor.dll (API version 3944462).
LogModuleManager: Display: Found up-to-date module file ../../../Engine/Plugins/MovieScene/MatineeToLevelSequence/Binaries/Win64/UE4Editor-MatineeToLevelSequence.dll (API version 3944462).
LogModuleManager: Display: Found up-to-date module file ../../../Engine/Plugins/NetcodeUnitTest/NetcodeUnitTest/Binaries/Win64/UE4Editor-NetcodeUnitTest.dll (API version 3944462).
LogModuleManager: Display: Found up-to-date module file ../../../Engine/Plugins/NetcodeUnitTest/NUTUnrealEngine4/Binaries/Win64/UE4Editor-NUTUnrealEngine4.dll (API version 3944462).
LogModuleManager: Display: Found up-to-date module file ../../../Engine/Plugins/Online/OnlineSubsystem/Binaries/Win64/UE4Editor-OnlineSubsystem.dll (API version 3944462).
LogModuleManager: Display: Found up-to-date module file ../../../Engine/Plugins/Runtime/AndroidPermission/Binaries/Win64/UE4Editor-AndroidPermission.dll (API version 3944462).
LogModuleManager: Display: Found up-to-date module file ../../../Engine/Plugins/Online/OnlineSubsystemNull/Binaries/Win64/UE4Editor-OnlineSubsystemNull.dll (API version 3944462).
LogModuleManager: Display: Found up-to-date module file ../../../Engine/Plugins/Online/OnlineSubsystemUtils/Binaries/Win64/UE4Editor-OnlineSubsystemUtils.dll (API version 3944462).
LogModuleManager: Display: Found up-to-date module file ../../../Engine/Plugins/Online/OnlineSubsystemUtils/Binaries/Win64/UE4Editor-OnlineBlueprintSupport.dll (API version 3944462).
LogModuleManager: Display: Found up-to-date module file ../../../Engine/Plugins/Runtime/AndroidDeviceProfileSelector/Binaries/Win64/UE4Editor-AndroidDeviceProfileSelector.dll (API version 3944462).
LogModuleManager: Display: Found up-to-date module file ../../../Engine/Plugins/Runtime/AppleARKit/Binaries/Win64/UE4Editor-AppleARKit.dll (API version 3944462).
LogModuleManager: Display: Found up-to-date module file ../../../Engine/Plugins/Runtime/ProceduralMeshComponent/Binaries/Win64/UE4Editor-ProceduralMeshComponent.dll (API version 3944462).
LogModuleManager: Display: Found up-to-date module file ../../../Engine/Plugins/Runtime/ProceduralMeshComponent/Binaries/Win64/UE4Editor-ProceduralMeshComponentEditor.dll (API version 3944462).
LogModuleManager: Display: Found up-to-date module file ../../../Engine/Plugins/Animation/LiveLink/Binaries/Win64/UE4Editor-LiveLink.dll (API version 3944462).
LogModuleManager: Display: Found up-to-date module file ../../../Engine/Plugins/Animation/LiveLink/Binaries/Win64/UE4Editor-LiveLinkEditor.dll (API version 3944462).
LogModuleManager: Display: Found up-to-date module file ../../../Engine/Plugins/Runtime/ArchVisCharacter/Binaries/Win64/UE4Editor-ArchVisCharacter.dll (API version 3944462).
LogModuleManager: Display: Found up-to-date module file ../../../Engine/Plugins/Runtime/AudioCapture/Binaries/Win64/UE4Editor-AudioCapture.dll (API version 3944462).
LogModuleManager: Display: Found up-to-date module file ../../../Engine/Plugins/Runtime/AudioCapture/Binaries/Win64/UE4Editor-AudioCaptureEditor.dll (API version 3944462).
LogModuleManager: Display: Found up-to-date module file ../../../Engine/Plugins/Runtime/CableComponent/Binaries/Win64/UE4Editor-CableComponent.dll (API version 3944462).
LogModuleManager: Display: Found up-to-date module file ../../../Engine/Plugins/Runtime/CustomMeshComponent/Binaries/Win64/UE4Editor-CustomMeshComponent.dll (API version 3944462).
LogModuleManager: Display: Found up-to-date module file ../../../Engine/Plugins/Runtime/ExampleDeviceProfileSelector/Binaries/Win64/UE4Editor-ExampleDeviceProfileSelector.dll (API version 3944462).
LogModuleManager: Display: Found up-to-date module file ../../../Engine/Plugins/Runtime/ImmediatePhysics/Binaries/Win64/UE4Editor-ImmediatePhysics.dll (API version 3944462).
LogModuleManager: Display: Found up-to-date module file ../../../Engine/Plugins/Runtime/ImmediatePhysics/Binaries/Win64/UE4Editor-ImmediatePhysicsEditor.dll (API version 3944462).
LogModuleManager: Display: Found up-to-date module file ../../../Engine/Plugins/Runtime/LocationServicesBPLibrary/Binaries/Win64/UE4Editor-LocationServicesBPLibrary.dll (API version 3944462).
LogModuleManager: Display: Found up-to-date module file ../../../Engine/Plugins/Runtime/MobilePatchingUtils/Binaries/Win64/UE4Editor-MobilePatchingUtils.dll (API version 3944462).
LogModuleManager: Display: Found up-to-date module file ../../../Engine/Plugins/Runtime/Oculus/OculusVR/Binaries/Win64/UE4Editor-OculusHMD.dll (API version 3944462).
LogModuleManager: Display: Found up-to-date module file ../../../Engine/Plugins/Runtime/Oculus/OculusVR/Binaries/Win64/UE4Editor-OculusInput.dll (API version 3944462).
LogModuleManager: Display: Found up-to-date module file ../../../Engine/Plugins/Runtime/Oculus/OculusVR/Binaries/Win64/UE4Editor-OculusEditor.dll (API version 3944462).
LogModuleManager: Display: Found up-to-date module file ../../../Engine/Plugins/Runtime/PhysXVehicles/Binaries/Win64/UE4Editor-PhysXVehicles.dll (API version 3944462).
LogModuleManager: Display: Found up-to-date module file ../../../Engine/Plugins/Runtime/PhysXVehicles/Binaries/Win64/UE4Editor-PhysXVehiclesEditor.dll (API version 3944462).
LogModuleManager: Display: Found up-to-date module file ../../../Engine/Plugins/Runtime/RuntimePhysXCooking/Binaries/Win64/UE4Editor-RuntimePhysXCooking.dll (API version 3944462).
LogModuleManager: Display: Found up-to-date module file ../../../Engine/Plugins/Runtime/Steam/SteamVR/Binaries/Win64/UE4Editor-SteamVR.dll (API version 3944462).
LogModuleManager: Display: Found up-to-date module file ../../../Engine/Plugins/Runtime/Steam/SteamVR/Binaries/Win64/UE4Editor-SteamVRController.dll (API version 3944462).
LogModuleManager: Display: Found up-to-date module file ../../../Engine/Plugins/Runtime/WindowsMoviePlayer/Binaries/Win64/UE4Editor-WindowsMoviePlayer.dll (API version 3944462).
LogPluginManager: Mounting plugin Paper2D
LogPluginManager: Mounting plugin LiveLink
LogPluginManager: Mounting plugin LightPropagationVolume
LogPluginManager: Mounting plugin CLionSourceCodeAccess
LogPluginManager: Mounting plugin CodeLiteSourceCodeAccess
LogPluginManager: Mounting plugin GitSourceControl
LogPluginManager: Mounting plugin KDevelopSourceCodeAccess
LogPluginManager: Mounting plugin NullSourceCodeAccess
LogPluginManager: Mounting plugin PerforceSourceControl
LogPluginManager: Mounting plugin SubversionSourceControl
LogPluginManager: Mounting plugin UObjectPlugin
LogPluginManager: Mounting plugin VisualStudioCodeSourceCodeAccess
LogPluginManager: Mounting plugin VisualStudioSourceCodeAccess
LogPluginManager: Mounting plugin XCodeSourceCodeAccess
LogPluginManager: Mounting plugin AssetManagerEditor
LogPluginManager: Mounting plugin CryptoKeys
LogPluginManager: Mounting plugin DataValidation
LogPluginManager: Mounting plugin FacialAnimation
LogPluginManager: Mounting plugin GameplayTagsEditor
LogPluginManager: Mounting plugin MobileLauncherProfileWizard
LogPluginManager: Mounting plugin PluginBrowser
LogPluginManager: Mounting plugin SpeedTreeImporter
LogPluginManager: Mounting plugin DatasmithContent
LogPluginManager: Mounting plugin AlembicImporter
LogPluginManager: Mounting plugin CharacterAI
LogPluginManager: Mounting plugin HTML5Networking
LogPluginManager: Mounting plugin AndroidMedia
LogPluginManager: Mounting plugin AvfMedia
LogPluginManager: Mounting plugin ImgMedia
LogPluginManager: Mounting plugin LinearTimecode
LogPluginManager: Mounting plugin MediaCompositing
LogPluginManager: Mounting plugin MediaPlayerEditor
LogPluginManager: Mounting plugin WmfMedia
LogPluginManager: Mounting plugin TcpMessaging
LogPluginManager: Mounting plugin UdpMessaging
LogPluginManager: Mounting plugin ActorSequence
LogPluginManager: Mounting plugin LevelSequenceEditor
LogPluginManager: Mounting plugin MatineeToLevelSequence
LogPluginManager: Mounting plugin NetcodeUnitTest
LogPluginManager: Mounting plugin NUTUnrealEngine4
LogPluginManager: Mounting plugin OnlineSubsystemGooglePlay
LogPluginManager: Mounting plugin OnlineSubsystemIOS
LogPluginManager: Mounting plugin OnlineSubsystem
LogPluginManager: Mounting plugin OnlineSubsystemNull
LogPluginManager: Mounting plugin OnlineSubsystemUtils
LogPluginManager: Mounting plugin AndroidDeviceProfileSelector
LogPluginManager: Mounting plugin AndroidMoviePlayer
LogPluginManager: Mounting plugin AndroidPermission
LogPluginManager: Mounting plugin AppleARKit
LogPluginManager: Mounting plugin AppleMoviePlayer
LogPluginManager: Mounting plugin ArchVisCharacter
LogPluginManager: Mounting plugin AudioCapture
LogPluginManager: Mounting plugin CableComponent
LogPluginManager: Mounting plugin CustomMeshComponent
LogPluginManager: Mounting plugin ExampleDeviceProfileSelector
LogPluginManager: Mounting plugin GoogleCloudMessaging
LogPluginManager: Mounting plugin ImmediatePhysics
LogPluginManager: Mounting plugin IOSDeviceProfileSelector
LogPluginManager: Mounting plugin LinuxDeviceProfileSelector
LogPluginManager: Mounting plugin LocationServicesBPLibrary
LogPluginManager: Mounting plugin MobilePatchingUtils
LogPluginManager: Mounting plugin OculusVR
LogPluginManager: Plugin shader directory ../../../Engine/Plugins/Runtime/Oculus/OculusVR/Shaders found
LogPluginManager: Mapping shader source directory ../../../Engine/Plugins/Runtime/Oculus/OculusVR/Shaders to virtual directory /Plugin/OculusVR
LogPluginManager: Mounting plugin PhysXVehicles
LogPluginManager: Mounting plugin ProceduralMeshComponent
LogPluginManager: Mounting plugin RuntimePhysXCooking
LogPluginManager: Mounting plugin SteamVR
LogPluginManager: Mounting plugin WindowsMoviePlayer
LogStreaming: Display: Took  1.367s to configure plugins.
LogInit: Using libcurl 7.47.1
LogInit:  - built for x86_64-pc-win32
LogInit:  - supports SSL with OpenSSL/1.0.2g
LogInit:  - supports HTTP deflate (compression) using libz 1.2.8
LogInit:  - other features:
LogInit:      CURL_VERSION_SSL
LogInit:      CURL_VERSION_LIBZ
LogInit:      CURL_VERSION_IPV6
LogInit:      CURL_VERSION_ASYNCHDNS
LogInit:      CURL_VERSION_LARGEFILE
LogInit:      CURL_VERSION_IDN
LogInit:  CurlRequestOptions (configurable via config and command line):
LogInit:  - bVerifyPeer = false  - Libcurl will NOT verify peer certificate
LogInit:  - bUseHttpProxy = false  - Libcurl will NOT use HTTP proxy
LogInit:  - bDontReuseConnections = false  - Libcurl will reuse connections
LogInit:  - CertBundlePath = nullptr  - Libcurl will use whatever was configured at build time.
LogInit:  - MaxHostConnections = 16  - Libcurl will limit the number of connections to a host
LogInit:  - LocalHostAddr = Default
LogInit: WinSock: version 1.1 (2.2), MaxSocks=32767, MaxUdp=65467
LogInit: WinSock: I am cdm-z77-04 (10.159.23.2:0)
LogInit: Build: ++UE4+Release-4.19-CL-4033788
LogInit: Engine Version: 4.19.2-4033788+++UE4+Release-4.19
LogInit: Compatible Engine Version: 4.19.0-3944462+++UE4+Release-4.19
LogInit: Net CL: 3944462
LogDevObjectVersion: Number of dev versions registered: 18
LogDevObjectVersion:   Dev-Blueprints (B0D832E4-1F89-4F0D-ACCF-7EB736FD4AA2): 10
LogDevObjectVersion:   Dev-Build (E1C64328-A22C-4D53-A36C-8E866417BD8C): 0
LogDevObjectVersion:   Dev-Core (375EC13C-06E4-48FB-B500-84F0262A717E): 2
LogDevObjectVersion:   Dev-Editor (E4B068ED-F494-42E9-A231-DA0B2E46BB41): 23
LogDevObjectVersion:   Dev-Framework (CFFC743F-43B0-4480-9391-14DF171D2073): 33
LogDevObjectVersion:   Dev-Mobile (B02B49B5-BB20-44E9-A304-32B752E40360): 2
LogDevObjectVersion:   Dev-Networking (A4E4105C-59A1-49B5-A7C5-40C4547EDFEE): 0
LogDevObjectVersion:   Dev-Online (39C831C9-5AE6-47DC-9A44-9C173E1C8E7C): 0
LogDevObjectVersion:   Dev-Physics (78F01B33-EBEA-4F98-B9B4-84EACCB95AA2): 0
LogDevObjectVersion:   Dev-Platform (6631380F-2D4D-43E0-8009-CF276956A95A): 0
LogDevObjectVersion:   Dev-Rendering (12F88B9F-8875-4AFC-A67C-D90C383ABD29): 25
LogDevObjectVersion:   Dev-Sequencer (7B5AE74C-D270-4C10-A958-57980B212A5A): 6
LogDevObjectVersion:   Dev-VR (D7296918-1DD6-4BDD-9DE2-64A83CC13884): 1
LogDevObjectVersion:   Dev-LoadTimes (C2A15278-BFE7-4AFE-6C17-90FF531DF755): 1
LogDevObjectVersion:   Private-Geometry (6EACA3D4-40EC-4CC1-B786-8BED09428FC5): 2
LogDevObjectVersion:   Dev-AnimPhys (29E575DD-E0A3-4627-9D10-D276232CDCEA): 16
LogDevObjectVersion:   Dev-ReflectionCapture (6B266CEC-1EC7-4B8F-A30B-E4D90942FC07): 1
LogDevObjectVersion:   Dev-Automation (0DF73D61-A23F-47EA-B727-89E90C41499A): 1
LogInit: Compiled (64-bit): Apr 27 2018 02:06:57
LogInit: Compiled with Visual C++: 19.00.24215.01
LogInit: Build Configuration: Development
LogInit: Branch Name: ++UE4+Release-4.19
LogInit: Command Line: 
LogInit: Base Directory: C:/Program Files/Epic Games/UE_4.19/Engine/Binaries/Win64/
LogInit: Installed Engine Build: 1
LogStreaming: Display: Took  0.037s to delete old logs.
LogInit: Presizing for max 8388607 objects, including 0 objects not considered by GC, pre-allocating 0 bytes for permanent pool.
LogInit: Object subsystem initialized
[2018.11.13-06.42.04:493][  0]LogInit: Selected Device Profile: [Windows]
[2018.11.13-06.42.04:493][  0]LogInit: Applying CVar settings loaded from the selected device profile: [Windows]
[2018.11.13-06.42.04:512][  0]LogInit: Computer: CDM-Z77-04
[2018.11.13-06.42.04:512][  0]LogInit: User: user
[2018.11.13-06.42.04:512][  0]LogInit: CPU Page size=4096, Cores=4
[2018.11.13-06.42.04:512][  0]LogInit: High frequency timer resolution =3.330098 MHz
[2018.11.13-06.42.04:512][  0]LogMemory: Memory total: Physical=7.9GB (8GB approx)
[2018.11.13-06.42.04:512][  0]LogMemory: Platform Memory Stats for Windows
[2018.11.13-06.42.04:512][  0]LogMemory: Process Physical Memory: 279.57 MB used, 279.57 MB peak
[2018.11.13-06.42.04:512][  0]LogMemory: Process Virtual Memory: 271.04 MB used, 271.04 MB peak
[2018.11.13-06.42.04:512][  0]LogMemory: Physical Memory: 4239.65 MB used,  3900.66 MB free, 8140.31 MB total
[2018.11.13-06.42.04:512][  0]LogMemory: Virtual Memory: 4846.75 MB used,  3900.66 MB free, 134217728.00 MB total
[2018.11.13-06.42.04:533][  0]LogInit: Using OS detected language (en-US).
[2018.11.13-06.42.04:533][  0]LogInit: Using OS detected locale (en-US).
[2018.11.13-06.42.04:537][  0]LogTextLocalizationManager: No specific localization for 'en-US' exists, so the 'en' localization will be used.
[2018.11.13-06.42.04:987][  0]LogStreaming: Display: Took  0.455s to EndInitTextLocalization.
[2018.11.13-06.42.04:988][  0]LogInit: Setting process to per monitor DPI aware
[2018.11.13-06.42.05:039][  0]LogSlate: New Slate User Created.  User Index 0, Is Virtual User: 0
[2018.11.13-06.42.05:039][  0]LogSlate: Slate User Registered.  User Index 0, Is Virtual User: 0
[2018.11.13-06.42.05:284][  0]LogD3D11RHI: D3D11 adapters:
[2018.11.13-06.42.05:362][  0]LogD3D11RHI:    0. 'NVIDIA GeForce GTX 1060 6GB' (Feature Level 11_0)
[2018.11.13-06.42.05:362][  0]LogD3D11RHI:       6052/0/4070 MB DedicatedVideo/DedicatedSystem/SharedSystem, Outputs:1, VendorId:0x10de
[2018.11.13-06.42.05:364][  0]LogD3D11RHI:    1. 'Microsoft Basic Render Driver' (Feature Level 11_0)
[2018.11.13-06.42.05:364][  0]LogD3D11RHI:       0/0/4070 MB DedicatedVideo/DedicatedSystem/SharedSystem, Outputs:0, VendorId:0x1414
[2018.11.13-06.42.05:364][  0]LogD3D11RHI: Chosen D3D11 Adapter: 0
[2018.11.13-06.42.05:372][  0]LogD3D11RHI: Creating new Direct3DDevice
[2018.11.13-06.42.05:372][  0]LogD3D11RHI:     GPU DeviceId: 0x1c03 (for the marketing name, search the web for "GPU Device Id")
[2018.11.13-06.42.05:372][  0]LogWindows: EnumDisplayDevices:
[2018.11.13-06.42.05:372][  0]LogWindows:    0. 'NVIDIA GeForce GTX 1060 6GB' (P:1 D:1)
[2018.11.13-06.42.05:372][  0]LogWindows:    1. 'NVIDIA GeForce GTX 1060 6GB' (P:0 D:0)
[2018.11.13-06.42.05:372][  0]LogWindows:    2. 'NVIDIA GeForce GTX 1060 6GB' (P:0 D:0)
[2018.11.13-06.42.05:373][  0]LogWindows:    3. 'NVIDIA GeForce GTX 1060 6GB' (P:0 D:0)
[2018.11.13-06.42.05:373][  0]LogWindows: DebugString: GetVideoDriverDetailsInvalid PrimaryIsNotTheChoosenAdapter GetVideoDriverDetailsInvalid PrimaryIsNotTheChoosenAdapter GetVideoDriverDetailsInvalid PrimaryIsNotTheChoosenAdapter GetVideoDriverDetailsInvalid PrimaryIsNotTheChoosenAdapter FoundDriverCount:0 
[2018.11.13-06.42.05:373][  0]LogD3D11RHI:     Adapter Name: NVIDIA GeForce GTX 1060 6GB
[2018.11.13-06.42.05:373][  0]LogD3D11RHI:   Driver Version: Unknown (internal:Unknown, unified:Unknown)
[2018.11.13-06.42.05:373][  0]LogD3D11RHI:      Driver Date: Unknown
[2018.11.13-06.42.05:373][  0]LogRHI: Texture pool is 4236 MB (70% of 6052 MB)
[2018.11.13-06.42.05:431][  0]LogD3D11RHI: [Aftermath] Aftermath enabled and primed
[2018.11.13-06.42.05:431][  0]LogD3D11RHI: [Aftermath] Aftermath enabled and primed
[2018.11.13-06.42.05:431][  0]LogD3D11RHI: Async texture creation enabled
[2018.11.13-06.42.05:464][  0]LogD3D11RHI: GPU Timing Frequency: 1000.000000 (Debug: 2 2)
[2018.11.13-06.42.05:466][  0]LogShaderCompilers: Guid format shader working directory is -42 characters bigger than the processId version (../../../../../../Users/user/Documents/GitHub/SomethingSomethingJamming/EpicJamProject/Intermediate/Shaders/WorkingDirectory/18308/).
[2018.11.13-06.42.05:466][  0]LogShaderCompilers: Cleaned the shader compiler working directory 'C:/Users/user/AppData/Local/Temp/UnrealShaderWorkingDir/4CBD1BFD4432720BA31EC4B9E0B5EEAF/'.
[2018.11.13-06.42.05:723][  0]LogTemp: Display: Loaded TP AllDesktopTargetPlatform
[2018.11.13-06.42.05:738][  0]LogTemp: Display: Loaded TP MacClientTargetPlatform
[2018.11.13-06.42.05:754][  0]LogTemp: Display: Loaded TP MacNoEditorTargetPlatform
[2018.11.13-06.42.05:769][  0]LogTemp: Display: Loaded TP MacServerTargetPlatform
[2018.11.13-06.42.05:785][  0]LogTemp: Display: Loaded TP MacTargetPlatform
[2018.11.13-06.42.05:800][  0]LogTemp: Display: Loaded TP WindowsClientTargetPlatform
[2018.11.13-06.42.05:816][  0]LogTemp: Display: Loaded TP WindowsNoEditorTargetPlatform
[2018.11.13-06.42.05:831][  0]LogTemp: Display: Loaded TP WindowsServerTargetPlatform
[2018.11.13-06.42.05:839][  0]LogTemp: Display: Loaded TP WindowsTargetPlatform
[2018.11.13-06.42.05:853][  0]LogTemp: Display: Loaded TP Android_ASTCTargetPlatform
[2018.11.13-06.42.05:866][  0]LogTemp: Display: Loaded TP Android_ATCTargetPlatform
[2018.11.13-06.42.05:880][  0]LogTemp: Display: Loaded TP Android_DXTTargetPlatform
[2018.11.13-06.42.05:893][  0]LogTemp: Display: Loaded TP Android_ETC1aTargetPlatform
[2018.11.13-06.42.05:906][  0]LogTemp: Display: Loaded TP Android_ETC1TargetPlatform
[2018.11.13-06.42.05:919][  0]LogTemp: Display: Loaded TP Android_ETC2TargetPlatform
[2018.11.13-06.42.05:946][  0]LogTemp: Display: Loaded TP Android_MultiTargetPlatform
[2018.11.13-06.42.05:946][  0]LogTemp: Display: Loaded TP Android_PVRTCTargetPlatform
[2018.11.13-06.42.05:960][  0]LogTemp: Display: Loaded TP AndroidTargetPlatform
[2018.11.13-06.42.05:961][  0]LogTemp: Display: Loaded TP HTML5TargetPlatform
[2018.11.13-06.42.06:001][  0]LogTemp: Display: Loaded TP IOSTargetPlatform
[2018.11.13-06.42.06:014][  0]LogTemp: Display: Loaded TP TVOSTargetPlatform
[2018.11.13-06.42.06:026][  0]LogTemp: Display: Loaded TP LinuxClientTargetPlatform
[2018.11.13-06.42.06:039][  0]LogTemp: Display: Loaded TP LinuxNoEditorTargetPlatform
[2018.11.13-06.42.06:052][  0]LogTemp: Display: Loaded TP LinuxServerTargetPlatform
[2018.11.13-06.42.06:067][  0]LogTemp: Display: Loaded TP LinuxTargetPlatform
[2018.11.13-06.42.06:067][  0]LogTargetPlatformManager: Display: Building Assets For Windows
[2018.11.13-06.42.06:215][  0]LogXGEController: Cannot use XGE Controller as Incredibuild is not installed on this machine.
[2018.11.13-06.42.06:215][  0]LogShaderCompilers: Cannot use XGE Shader Compiler as Incredibuild is not installed on this machine.
[2018.11.13-06.42.06:215][  0]LogShaderCompilers: Display: Using Local Shader Compiler.
[2018.11.13-06.42.07:014][  0]LogDerivedDataCache: Display: Max Cache Size: 512 MB
[2018.11.13-06.42.07:119][  0]LogDerivedDataCache: Loaded boot cache 0.11s 74MB C:/Users/user/AppData/Local/UnrealEngine/4.19/DerivedDataCache/Boot.ddc.
[2018.11.13-06.42.07:120][  0]LogDerivedDataCache: Display: Loaded Boot cache: C:/Users/user/AppData/Local/UnrealEngine/4.19/DerivedDataCache/Boot.ddc
[2018.11.13-06.42.07:120][  0]LogDerivedDataCache: FDerivedDataBackendGraph:  Pak pak cache file ../../../../../../Users/user/Documents/GitHub/SomethingSomethingJamming/EpicJamProject/DerivedDataCache/DDC.ddp not found, will not use a pak cache.
[2018.11.13-06.42.07:120][  0]LogDerivedDataCache: Unable to find inner node Pak for hierarchical cache Hierarchy.
[2018.11.13-06.42.07:120][  0]LogDerivedDataCache: FDerivedDataBackendGraph:  CompressedPak pak cache file ../../../../../../Users/user/Documents/GitHub/SomethingSomethingJamming/EpicJamProject/DerivedDataCache/Compressed.ddp not found, will not use a pak cache.
[2018.11.13-06.42.07:120][  0]LogDerivedDataCache: Unable to find inner node CompressedPak for hierarchical cache Hierarchy.
[2018.11.13-06.42.07:136][  0]LogDerivedDataCache: Display: Pak cache opened for reading ../../../Engine/DerivedDataCache/Compressed.ddp.
[2018.11.13-06.42.07:149][  0]LogDerivedDataCache: Using Local data cache path C:/Users/user/AppData/Local/UnrealEngine/Common/DerivedDataCache: Writable
[2018.11.13-06.42.07:149][  0]LogDerivedDataCache: Shared data cache path not found in *engine.ini, will not use an Shared cache.
[2018.11.13-06.42.07:149][  0]LogDerivedDataCache: Unable to find inner node Shared for hierarchical cache Hierarchy.
[2018.11.13-06.42.07:161][  0]LogMaterial: Verifying Global Shaders for PCD3D_SM5
[2018.11.13-06.42.07:162][  0]LogSlate: Using Freetype 2.6.0
[2018.11.13-06.42.07:163][  0]LogSlate: SlateFontCache - WITH_FREETYPE: 1, WITH_HARFBUZZ: 1
[2018.11.13-06.42.07:163][  0]LogSlate: SlateFontCache - WITH_FREETYPE: 1, WITH_HARFBUZZ: 1
[2018.11.13-06.42.07:313][  0]LogAssetRegistry: FAssetRegistry took 0.0263 seconds to start up
[2018.11.13-06.42.07:713][  0]LogInit: Selected Device Profile: [Windows]
[2018.11.13-06.42.07:894][  0]LogSimplygon: Simplygon DLL not present - disabling.
[2018.11.13-06.42.07:898][  0]LogMeshReduction: Using SimplygonSwarm for distributed automatic mesh merging
[2018.11.13-06.42.07:898][  0]LogMeshReduction: Using QuadricMeshReduction for automatic static mesh reduction
[2018.11.13-06.42.07:898][  0]LogMeshReduction: No automatic skeletal mesh reduction module available
[2018.11.13-06.42.07:898][  0]LogMeshReduction: No automatic mesh merging module available
[2018.11.13-06.42.07:898][  0]LogMeshMerging: No automatic mesh merging module available
[2018.11.13-06.42.07:937][  0]LogNetVersion: EpicJamProject , NetCL: 3944462, EngineNetVer: 2, GameNetVer: 0 (Checksum: 1335748515)
[2018.11.13-06.42.08:478][  0]LogPackageLocalizationCache: Processed 9 localized package path(s) for 2 prioritized culture(s) in 0.093300 seconds
[2018.11.13-06.42.08:483][  0]LogUObjectArray: 36728 objects as part of root set at end of initial load.
[2018.11.13-06.42.08:483][  0]LogUObjectAllocator: 7314304 out of 0 bytes used by permanent object pool.
[2018.11.13-06.42.08:483][  0]LogUObjectArray: CloseDisregardForGC: 0/0 objects in disregard for GC pool
[2018.11.13-06.42.10:438][  0]LogTcpMessaging: Initializing TcpMessaging bridge
[2018.11.13-06.42.10:474][  0]LogUdpMessaging: Initializing bridge on interface 0.0.0.0:0 to multicast group 230.0.0.1:6666.
[2018.11.13-06.42.10:959][  0]SourceControl: Source control is disabled
[2018.11.13-06.42.10:959][  0]SourceControl: Source control is disabled
[2018.11.13-06.42.10:983][  0]SourceControl: Source control is disabled
[2018.11.13-06.42.11:007][  0]SourceControl: Source control is disabled
[2018.11.13-06.42.11:632][  0]LogAndroidPermission: UAndroidPermissionCallbackProxy::GetInstance
[2018.11.13-06.42.11:874][  0]LogOcInput: OculusInput pre-init called
[2018.11.13-06.42.12:012][  0]LogEngine: Initializing Engine...
[2018.11.13-06.42.12:012][  0]LogHMD: Oculus plugin initialized. Version: 4.19.2-4033788+++UE4+Release-4.19, OVRPlugin: 1.21.0
[2018.11.13-06.42.12:014][  0]LogStats: UGameplayTagsManager::ConstructGameplayTagTree: Construct from data asset -  0.000 s
[2018.11.13-06.42.12:014][  0]LogStats: UGameplayTagsManager::ConstructGameplayTagTree: GameplayTagTreeChangedEvent.Broadcast -  0.000 s
[2018.11.13-06.42.12:365][  0]LogAIModule: Creating AISystem for world Untitled
[2018.11.13-06.42.12:396][  0]LogInit: XAudio2 using 'Digital Audio (S/PDIF) (2- High Definition Audio Device)' : 2 channels at 48 kHz using 16 bits per sample (channel mask 0x3)
[2018.11.13-06.42.12:427][  0]LogInit: FAudioDevice initialized.
[2018.11.13-06.42.12:743][  0]LogDerivedDataCache: Saved boot cache 0.32s 74MB C:/Users/user/AppData/Local/UnrealEngine/4.19/DerivedDataCache/Boot.ddc.
[2018.11.13-06.42.12:761][  0]LogInit: Texture streaming: Enabled
[2018.11.13-06.42.12:782][  0]LogEngineSessionManager: EngineSessionManager initialized
[2018.11.13-06.42.12:802][  0]LogInit: Transaction tracking system initialized
[2018.11.13-06.42.12:836][  0]BlueprintLog: New page: Editor Load
[2018.11.13-06.42.12:940][  0]LocalizationService: Localization service is disabled
[2018.11.13-06.42.13:064][  0]LogConsoleResponse: Display: 
[2018.11.13-06.42.13:286][  0]LogCook: Display: Max memory allowance for cook 16384mb min free memory 0mb
[2018.11.13-06.42.13:286][  0]LogCook: Display: Mobile HDR setting 1
[2018.11.13-06.42.13:286][  0]LogGameplayTags: Display: UGameplayTagsManager::DoneAddingNativeTags. DelegateIsBound: 0
[2018.11.13-06.42.13:286][  0]LogStats: UGameplayTagsManager::ConstructGameplayTagTree: Construct from data asset -  0.000 s
[2018.11.13-06.42.13:286][  0]LogStats: UGameplayTagsManager::ConstructGameplayTagTree: GameplayTagTreeChangedEvent.Broadcast -  0.000 s
[2018.11.13-06.42.13:440][  0]LogFileCache: Scanning file cache for directory 'C:/Users/user/Documents/GitHub/SomethingSomethingJamming/EpicJamProject/Content/' took 0.02s
[2018.11.13-06.42.13:806][  0]SourceControl: Source control is disabled
[2018.11.13-06.42.13:806][  0]Cmd: MAP LOAD FILE="../../../../../../Users/user/Documents/GitHub/SomethingSomethingJamming/EpicJamProject/Content/SideScrollerBP/Maps/SideScrollerExampleMap.umap" TEMPLATE=0 SHOWPROGRESS=1 FEATURELEVEL=3
[2018.11.13-06.42.13:806][  0]LogEditorServer: Warning: Can't find file '../../../../../../Users/user/Documents/GitHub/SomethingSomethingJamming/EpicJamProject/Content/SideScrollerBP/Maps/SideScrollerExampleMap.umap'
[2018.11.13-06.42.13:806][  0]Cmd: MAP CHECKDEP NOCLEARLOG
[2018.11.13-06.42.13:879][  0]MapCheck: Map check complete: 0 Error(s), 0 Warning(s), took 72.514ms to complete.
[2018.11.13-06.42.13:879][  0]LogFileHelpers: Loading map 'SideScrollerExampleMap' took 0.073
[2018.11.13-06.42.14:084][  0]LogCollectionManager: Loaded 0 collections in 0.002673 seconds
[2018.11.13-06.42.14:131][  0]LogFileCache: Scanning file cache for directory 'C:/Users/user/Documents/GitHub/SomethingSomethingJamming/EpicJamProject/Saved/Collections/' took 0.01s
[2018.11.13-06.42.14:131][  0]LogFileCache: Scanning file cache for directory 'C:/Users/user/Documents/GitHub/SomethingSomethingJamming/EpicJamProject/Content/Developers/user/Collections/' took 0.01s
[2018.11.13-06.42.14:131][  0]LogFileCache: Scanning file cache for directory 'C:/Users/user/Documents/GitHub/SomethingSomethingJamming/EpicJamProject/Content/Collections/' took 0.01s
[2018.11.13-06.42.14:131][  0]LogCollectionManager: Rebuilt the GUID cache for 0 collections in 0.000000 seconds
[2018.11.13-06.42.14:141][  0]LogContentBrowser: Native class hierarchy populated in 0.0104 seconds. Added 2452 classes and 558 folders.
[2018.11.13-06.42.14:159][  0]LogContentBrowser: Native class hierarchy updated for 'WidgetCarousel' in 0.0003 seconds. Added 0 classes and 0 folders.
[2018.11.13-06.42.14:610][  0]LogContentBrowser: Native class hierarchy updated for 'AddContentDialog' in 0.0003 seconds. Added 0 classes and 0 folders.
[2018.11.13-06.42.14:619][  0]LogContentBrowser: Native class hierarchy updated for 'SceneOutliner' in 0.0003 seconds. Added 1 classes and 2 folders.
[2018.11.13-06.42.14:653][  0]LogSlate: Took 0.000274 seconds to synchronously load lazily loaded font '../../../Engine/Content/Slate/Fonts/Roboto-Regular.ttf' (155K)
[2018.11.13-06.42.14:657][  0]LogSlate: Took 0.000298 seconds to synchronously load lazily loaded font '../../../Engine/Content/Slate/Fonts/Roboto-Bold.ttf' (160K)
[2018.11.13-06.42.14:677][  0]LogSlate: Took 0.006752 seconds to synchronously load lazily loaded font '../../../Engine/Content/Editor/Slate/Fonts/FontAwesome.ttf' (139K)
[2018.11.13-06.42.14:904][  0]LogRenderer: Reallocating scene render targets to support 1056x556 Format 10 NumSamples 1 (Frame:1).
[2018.11.13-06.42.15:096][  0]LogContentBrowser: Native class hierarchy updated for 'HierarchicalLODOutliner' in 0.0003 seconds. Added 0 classes and 0 folders.
[2018.11.13-06.42.15:096][  0]LogLoad: (Engine Initialization) Total time: 13.95 seconds
[2018.11.13-06.42.15:096][  0]LogLoad: (Engine Initialization) Total Blueprint compile time: 0.00 seconds
[2018.11.13-06.42.15:106][  0]LogWindowsTextInputMethodSystem: Display: IME system now deactivated.
[2018.11.13-06.42.15:107][  0]LogOcInput: OculusInput is initialized
[2018.11.13-06.42.15:128][  0]LogContentStreaming: Texture pool size now 1000 MB
[2018.11.13-06.42.15:397][  2]LogAssetRegistry: Asset discovery search completed in 8.1062 seconds
[2018.11.13-06.42.15:399][  2]LogCollectionManager: Rebuilt the object cache for 0 collections in 0.000000 seconds (found 0 objects)
[2018.11.13-06.42.15:399][  2]LogCollectionManager: Fixed up redirectors for 0 collections in 0.000068 seconds (updated 0 objects)
[2018.11.13-06.42.19:282][188]LogSlate: Took 0.007220 seconds to synchronously load lazily loaded font '../../../Engine/Content/Slate/Fonts/Roboto-Light.ttf' (167K)
[2018.11.13-06.42.39:710][566]LogSlate: FSceneViewport::OnFocusLost() reason 0
[2018.11.13-06.42.39:871][585]LogSlate: Took 0.000271 seconds to synchronously load lazily loaded font '../../../Engine/Content/Slate/Fonts/Roboto-Light.ttf' (167K)
[2018.11.13-06.42.40:011][585]LogUObjectGlobals: Created PersistentFrame Addr=0x0000021804a8ef80, Size=376, Default__CameraHolder_Blueprint_C Function /Game/Assets/Blueprints/CameraHolder_Blueprint.CameraHolder_Blueprint_C:ExecuteUbergraph_CameraHolder_Blueprint
[2018.11.13-06.42.40:017][585]LogUObjectGlobals: Destroyed PersistentFrame Addr=0x0000021804a8ef80, Size=376
[2018.11.13-06.42.40:017][585]LogUObjectGlobals: Created PersistentFrame Addr=0x00000218053ea500, Size=376, Default__CameraHolder_Blueprint_C Function /Engine/Transient.REINST_CameraHolder_Blueprint_C_5:ExecuteUbergraph_CameraHolder_Blueprint
[2018.11.13-06.42.40:021][585]LogUObjectGlobals: Created PersistentFrame Addr=0x000002181a77ec80, Size=376, Default__CameraHolder_Blueprint_C Function /Game/Assets/Blueprints/CameraHolder_Blueprint.CameraHolder_Blueprint_C:ExecuteUbergraph_CameraHolder_Blueprint
[2018.11.13-06.42.40:061][585]LogUObjectGlobals: Created PersistentFrame Addr=0x0000021804a85840, Size=188, Default__MainCharacter_C Function /Game/Assets/Blueprints/MainCharacter.MainCharacter_C:ExecuteUbergraph_MainCharacter
[2018.11.13-06.42.40:065][585]LogUObjectGlobals: Destroyed PersistentFrame Addr=0x0000021804a85840, Size=188
[2018.11.13-06.42.40:065][585]LogUObjectGlobals: Created PersistentFrame Addr=0x0000021804a85840, Size=188, Default__MainCharacter_C Function /Engine/Transient.REINST_MainCharacter_C_11:ExecuteUbergraph_MainCharacter
[2018.11.13-06.42.40:068][585]LogUObjectGlobals: Created PersistentFrame Addr=0x0000021804a841c0, Size=188, Default__MainCharacter_C Function /Game/Assets/Blueprints/MainCharacter.MainCharacter_C:ExecuteUbergraph_MainCharacter
[2018.11.13-06.42.40:096][585]LogUObjectGlobals: Created PersistentFrame Addr=0x0000021805009e40, Size=168, Default__Portal_C Function /Game/Assets/Blueprints/Portal.Portal_C:ExecuteUbergraph_Portal
[2018.11.13-06.42.40:114][585]LogUObjectGlobals: Destroyed PersistentFrame Addr=0x0000021805009e40, Size=168
[2018.11.13-06.42.40:114][585]LogUObjectGlobals: Created PersistentFrame Addr=0x0000021804fafe80, Size=168, Default__Portal_C Function /Engine/Transient.REINST_Portal_C_13:ExecuteUbergraph_Portal
[2018.11.13-06.42.40:125][585]LogUObjectGlobals: Created PersistentFrame Addr=0x0000021804fae080, Size=168, Default__Portal_C Function /Game/Assets/Blueprints/Portal.Portal_C:ExecuteUbergraph_Portal
[2018.11.13-06.42.40:343][585]LogLinker: Warning: Can't find file '/Game/Assets/Levels/aiStandardSurface32SG'
[2018.11.13-06.42.40:343][585]LogLinker: Warning: Can't find file for asset '/Game/Assets/Levels/aiStandardSurface32SG' while loading ../../../../../../Users/user/Documents/GitHub/SomethingSomethingJamming/EpicJamProject/Content/Assets/Levels/balloon.uasset.
[2018.11.13-06.42.40:343][585]LoadErrors: Error: /Game/Assets/Levels/balloon : Can't find file for asset. /Game/Assets/Levels/aiStandardSurface32SG
[2018.11.13-06.42.40:343][585]LogLinker: Warning: Can't find file '/Game/Assets/Levels/aiStandardSurface33SG'
[2018.11.13-06.42.40:343][585]LogLinker: Warning: Can't find file for asset '/Game/Assets/Levels/aiStandardSurface33SG' while loading ../../../../../../Users/user/Documents/GitHub/SomethingSomethingJamming/EpicJamProject/Content/Assets/Levels/balloon.uasset.
[2018.11.13-06.42.40:343][585]LoadErrors: Error: /Game/Assets/Levels/balloon : Can't find file for asset. /Game/Assets/Levels/aiStandardSurface33SG
[2018.11.13-06.42.40:344][585]LogLinker: Warning: Can't find file '/Game/Assets/Levels/aiStandardSurface34SG'
[2018.11.13-06.42.40:344][585]LogLinker: Warning: Can't find file for asset '/Game/Assets/Levels/aiStandardSurface34SG' while loading ../../../../../../Users/user/Documents/GitHub/SomethingSomethingJamming/EpicJamProject/Content/Assets/Levels/balloon.uasset.
[2018.11.13-06.42.40:344][585]LoadErrors: Error: /Game/Assets/Levels/balloon : Can't find file for asset. /Game/Assets/Levels/aiStandardSurface34SG
[2018.11.13-06.42.40:344][585]LogLinker: Warning: Can't find file '/Game/Assets/Levels/aiStandardSurface35SG'
[2018.11.13-06.42.40:344][585]LogLinker: Warning: Can't find file for asset '/Game/Assets/Levels/aiStandardSurface35SG' while loading ../../../../../../Users/user/Documents/GitHub/SomethingSomethingJamming/EpicJamProject/Content/Assets/Levels/balloon.uasset.
[2018.11.13-06.42.40:344][585]LoadErrors: Error: /Game/Assets/Levels/balloon : Can't find file for asset. /Game/Assets/Levels/aiStandardSurface35SG
[2018.11.13-06.42.40:344][585]LogLinker: Warning: Can't find file '/Game/Assets/Levels/aiStandardSurface36SG'
[2018.11.13-06.42.40:344][585]LogLinker: Warning: Can't find file for asset '/Game/Assets/Levels/aiStandardSurface36SG' while loading ../../../../../../Users/user/Documents/GitHub/SomethingSomethingJamming/EpicJamProject/Content/Assets/Levels/balloon.uasset.
[2018.11.13-06.42.40:344][585]LoadErrors: Error: /Game/Assets/Levels/balloon : Can't find file for asset. /Game/Assets/Levels/aiStandardSurface36SG
[2018.11.13-06.42.40:345][585]LogLinker: Warning: Can't find file '/Game/Assets/Levels/aiStandardSurface37SG'
[2018.11.13-06.42.40:345][585]LogLinker: Warning: Can't find file for asset '/Game/Assets/Levels/aiStandardSurface37SG' while loading ../../../../../../Users/user/Documents/GitHub/SomethingSomethingJamming/EpicJamProject/Content/Assets/Levels/balloon.uasset.
[2018.11.13-06.42.40:345][585]LoadErrors: Error: /Game/Assets/Levels/balloon : Can't find file for asset. /Game/Assets/Levels/aiStandardSurface37SG
[2018.11.13-06.42.40:345][585]LogLinker: Warning: Can't find file '/Game/Assets/Levels/aiStandardSurface32SG'
[2018.11.13-06.42.40:345][585]LogLinker: Warning: Can't find file for asset '/Game/Assets/Levels/aiStandardSurface32SG' while loading ../../../../../../Users/user/Documents/GitHub/SomethingSomethingJamming/EpicJamProject/Content/Assets/Levels/balloon.uasset.
[2018.11.13-06.42.40:345][585]LogLinker: Warning: Can't find file '/Game/Assets/Levels/aiStandardSurface33SG'
[2018.11.13-06.42.40:345][585]LogLinker: Warning: Can't find file for asset '/Game/Assets/Levels/aiStandardSurface33SG' while loading ../../../../../../Users/user/Documents/GitHub/SomethingSomethingJamming/EpicJamProject/Content/Assets/Levels/balloon.uasset.
[2018.11.13-06.42.40:345][585]LogLinker: Warning: Can't find file '/Game/Assets/Levels/aiStandardSurface34SG'
[2018.11.13-06.42.40:346][585]LogLinker: Warning: Can't find file for asset '/Game/Assets/Levels/aiStandardSurface34SG' while loading ../../../../../../Users/user/Documents/GitHub/SomethingSomethingJamming/EpicJamProject/Content/Assets/Levels/balloon.uasset.
[2018.11.13-06.42.40:346][585]LogLinker: Warning: Can't find file '/Game/Assets/Levels/aiStandardSurface35SG'
[2018.11.13-06.42.40:346][585]LogLinker: Warning: Can't find file for asset '/Game/Assets/Levels/aiStandardSurface35SG' while loading ../../../../../../Users/user/Documents/GitHub/SomethingSomethingJamming/EpicJamProject/Content/Assets/Levels/balloon.uasset.
[2018.11.13-06.42.40:346][585]LogLinker: Warning: Can't find file '/Game/Assets/Levels/aiStandardSurface36SG'
[2018.11.13-06.42.40:346][585]LogLinker: Warning: Can't find file for asset '/Game/Assets/Levels/aiStandardSurface36SG' while loading ../../../../../../Users/user/Documents/GitHub/SomethingSomethingJamming/EpicJamProject/Content/Assets/Levels/balloon.uasset.
[2018.11.13-06.42.40:346][585]LogLinker: Warning: Can't find file '/Game/Assets/Levels/aiStandardSurface37SG'
[2018.11.13-06.42.40:346][585]LogLinker: Warning: Can't find file for asset '/Game/Assets/Levels/aiStandardSurface37SG' while loading ../../../../../../Users/user/Documents/GitHub/SomethingSomethingJamming/EpicJamProject/Content/Assets/Levels/balloon.uasset.
[2018.11.13-06.42.40:401][585]LogUObjectGlobals: Created PersistentFrame Addr=0x0000021805bf1a80, Size=184, Default__SimpleUI_C Function /Game/Assets/UserInterface/SimpleUI.SimpleUI_C:ExecuteUbergraph_SimpleUI
[2018.11.13-06.42.40:408][585]LogUObjectGlobals: Destroyed PersistentFrame Addr=0x0000021805bf1a80, Size=184
[2018.11.13-06.42.40:408][585]LogUObjectGlobals: Created PersistentFrame Addr=0x0000021805bf1a80, Size=184, Default__SimpleUI_C Function /Engine/Transient.REINST_SimpleUI_C_0:ExecuteUbergraph_SimpleUI
[2018.11.13-06.42.40:413][585]LogUObjectGlobals: Created PersistentFrame Addr=0x00000218057ed8a0, Size=200, Default__SimpleUI_C Function /Game/Assets/UserInterface/SimpleUI.SimpleUI_C:ExecuteUbergraph_SimpleUI
[2018.11.13-06.42.40:419][585]LogUObjectGlobals: Created PersistentFrame Addr=0x0000021805fcaa80, Size=128, Default__TestingLevel1_C Function /Game/Assets/Levels/TestingLevel1.TestingLevel1_C:ExecuteUbergraph_TestingLevel1
[2018.11.13-06.42.40:423][585]LogUObjectGlobals: Destroyed PersistentFrame Addr=0x0000021805fcaa80, Size=128
[2018.11.13-06.42.40:423][585]LogUObjectGlobals: Created PersistentFrame Addr=0x0000021805fcaa80, Size=128, Default__TestingLevel1_C Function /Engine/Transient.REINST_TestingLevel1_C_18:ExecuteUbergraph_TestingLevel1
[2018.11.13-06.42.40:426][585]LogUObjectGlobals: Created PersistentFrame Addr=0x0000021805fca000, Size=128, Default__TestingLevel1_C Function /Game/Assets/Levels/TestingLevel1.TestingLevel1_C:ExecuteUbergraph_TestingLevel1
[2018.11.13-06.42.40:439][585]LogLinker: Warning: Can't find file '/Game/Assets/Levels/aiStandardSurface35SG'
[2018.11.13-06.42.40:440][585]LoadErrors: Failed to load /Game/Assets/Levels/aiStandardSurface35SG.aiStandardSurface35SG Referenced by balloon
[2018.11.13-06.42.40:440][585]LogLinker: Warning: Can't find file for asset '/Game/Assets/Levels/aiStandardSurface35SG' while loading NULL.
[2018.11.13-06.42.40:440][585]LogLinker: Warning: Can't find file '/Game/Assets/Levels/aiStandardSurface36SG'
[2018.11.13-06.42.40:440][585]LoadErrors: Failed to load /Game/Assets/Levels/aiStandardSurface36SG.aiStandardSurface36SG Referenced by balloon
[2018.11.13-06.42.40:440][585]LogLinker: Warning: Can't find file for asset '/Game/Assets/Levels/aiStandardSurface36SG' while loading NULL.
[2018.11.13-06.42.40:440][585]LogLinker: Warning: Can't find file '/Game/Assets/Levels/aiStandardSurface32SG'
[2018.11.13-06.42.40:440][585]LoadErrors: Failed to load /Game/Assets/Levels/aiStandardSurface32SG.aiStandardSurface32SG Referenced by balloon
[2018.11.13-06.42.40:440][585]LogLinker: Warning: Can't find file for asset '/Game/Assets/Levels/aiStandardSurface32SG' while loading NULL.
[2018.11.13-06.42.40:441][585]LogLinker: Warning: Can't find file '/Game/Assets/Levels/aiStandardSurface34SG'
[2018.11.13-06.42.40:441][585]LoadErrors: Failed to load /Game/Assets/Levels/aiStandardSurface34SG.aiStandardSurface34SG Referenced by balloon
[2018.11.13-06.42.40:441][585]LogLinker: Warning: Can't find file for asset '/Game/Assets/Levels/aiStandardSurface34SG' while loading NULL.
[2018.11.13-06.42.40:441][585]LogLinker: Warning: Can't find file '/Game/Assets/Levels/aiStandardSurface33SG'
[2018.11.13-06.42.40:441][585]LoadErrors: Failed to load /Game/Assets/Levels/aiStandardSurface33SG.aiStandardSurface33SG Referenced by balloon
[2018.11.13-06.42.40:441][585]LogLinker: Warning: Can't find file for asset '/Game/Assets/Levels/aiStandardSurface33SG' while loading NULL.
[2018.11.13-06.42.40:441][585]LogLinker: Warning: Can't find file '/Game/Assets/Levels/aiStandardSurface37SG'
[2018.11.13-06.42.40:441][585]LoadErrors: Failed to load /Game/Assets/Levels/aiStandardSurface37SG.aiStandardSurface37SG Referenced by balloon
[2018.11.13-06.42.40:442][585]LogLinker: Warning: Can't find file for asset '/Game/Assets/Levels/aiStandardSurface37SG' while loading NULL.
[2018.11.13-06.42.40:442][585]LogLinker: Warning: Can't find file '/Game/Assets/Levels/aiStandardSurface35SG'
[2018.11.13-06.42.40:442][585]LogLinker: Warning: Can't find file for asset '/Game/Assets/Levels/aiStandardSurface35SG' while loading NULL.
[2018.11.13-06.42.40:442][585]LogLinker: Warning: Can't find file '/Game/Assets/Levels/aiStandardSurface36SG'
[2018.11.13-06.42.40:442][585]LogLinker: Warning: Can't find file for asset '/Game/Assets/Levels/aiStandardSurface36SG' while loading NULL.
[2018.11.13-06.42.40:442][585]LogLinker: Warning: Can't find file '/Game/Assets/Levels/aiStandardSurface32SG'
[2018.11.13-06.42.40:442][585]LogLinker: Warning: Can't find file for asset '/Game/Assets/Levels/aiStandardSurface32SG' while loading NULL.
[2018.11.13-06.42.40:443][585]LogLinker: Warning: Can't find file '/Game/Assets/Levels/aiStandardSurface34SG'
[2018.11.13-06.42.40:443][585]LogLinker: Warning: Can't find file for asset '/Game/Assets/Levels/aiStandardSurface34SG' while loading NULL.
[2018.11.13-06.42.40:443][585]LogLinker: Warning: Can't find file '/Game/Assets/Levels/aiStandardSurface33SG'
[2018.11.13-06.42.40:443][585]LogLinker: Warning: Can't find file for asset '/Game/Assets/Levels/aiStandardSurface33SG' while loading NULL.
[2018.11.13-06.42.40:443][585]LogLinker: Warning: Can't find file '/Game/Assets/Levels/aiStandardSurface37SG'
[2018.11.13-06.42.40:443][585]LogLinker: Warning: Can't find file for asset '/Game/Assets/Levels/aiStandardSurface37SG' while loading NULL.
[2018.11.13-06.42.42:456][585]LogAIModule: Creating AISystem for world TestingLevel1
[2018.11.13-06.42.42:490][585]LogUObjectGlobals: Destroyed PersistentFrame Addr=0x00000218053ea500, Size=376
[2018.11.13-06.42.42:490][585]LogUObjectGlobals: Destroyed PersistentFrame Addr=0x0000021804a85840, Size=188
[2018.11.13-06.42.42:490][585]LogUObjectGlobals: Destroyed PersistentFrame Addr=0x0000021804fafe80, Size=168
[2018.11.13-06.42.42:490][585]LogUObjectGlobals: Destroyed PersistentFrame Addr=0x0000021805bf1a80, Size=184
[2018.11.13-06.42.42:490][585]LogUObjectGlobals: Destroyed PersistentFrame Addr=0x0000021805fcaa80, Size=128
[2018.11.13-06.42.42:496][585]Cmd: MAP LOAD FILE="../../../../../../Users/user/Documents/GitHub/SomethingSomethingJamming/EpicJamProject/Content/Assets/Levels/TestingLevel1.umap" TEMPLATE=0 SHOWPROGRESS=1 FEATURELEVEL=3
[2018.11.13-06.42.42:496][585]LightingResults: New page: Lighting Build
[2018.11.13-06.42.42:500][585]LogContentBrowser: Native class hierarchy updated for 'StatsViewer' in 0.0003 seconds. Added 5 classes and 0 folders.
[2018.11.13-06.42.42:500][585]LoadErrors: New page: Loading map: TestingLevel1.umap
[2018.11.13-06.42.42:527][585]MapCheck: New page: Map Check
[2018.11.13-06.42.42:527][585]LightingResults: New page: Lighting Build
[2018.11.13-06.42.42:550][585]LogEditorServer: Finished looking for orphan Actors (0.000 secs)
[2018.11.13-06.42.42:588][585]Cmd: MAP CHECKDEP NOCLEARLOG
[2018.11.13-06.42.42:677][585]MapCheck: Map check complete: 0 Error(s), 0 Warning(s), took 88.345ms to complete.
[2018.11.13-06.42.42:678][585]LogFileHelpers: Loading map 'TestingLevel1' took 0.185
[2018.11.13-06.44.56:934][977]LogSlate: FSceneViewport::OnFocusLost() reason 0
[2018.11.13-06.44.57:080][984]LogSlate: Window 'EpicJamProject - Unreal Editor' being destroyed
[2018.11.13-06.44.57:081][984]LogWindowsTextInputMethodSystem: Display: IME system now deactivated.
[2018.11.13-06.44.57:258][985]Cmd: QUIT_EDITOR
[2018.11.13-06.44.57:289][985]LogSlate: Slate User Destroyed.  User Index 0, Is Virtual User: 0
[2018.11.13-06.44.57:289][985]LogExit: Preparing to exit.
[2018.11.13-06.44.57:576][985]LogDirectoryWatcher: A directory notification for 'C:/Users/user/Documents/GitHub/SomethingSomethingJamming/EpicJamProject/Content/' was aborted.
[2018.11.13-06.44.57:604][985]LogExit: Editor shut down
[2018.11.13-06.44.57:606][985]LogExit: Transaction tracking system shut down
[2018.11.13-06.44.57:607][985]LogUObjectGlobals: Destroyed PersistentFrame Addr=0x000002181a77ec80, Size=376
[2018.11.13-06.44.57:607][985]LogUObjectGlobals: Destroyed PersistentFrame Addr=0x0000021804a841c0, Size=188
[2018.11.13-06.44.57:607][985]LogUObjectGlobals: Destroyed PersistentFrame Addr=0x0000021804fae080, Size=168
[2018.11.13-06.44.57:607][985]LogUObjectGlobals: Destroyed PersistentFrame Addr=0x00000218057ed8a0, Size=200
[2018.11.13-06.44.57:608][985]LogUObjectGlobals: Destroyed PersistentFrame Addr=0x0000021805fca000, Size=128
[2018.11.13-06.44.57:770][985]LogDirectoryWatcher: A directory notification for '../../../Engine/Content/' was aborted.
[2018.11.13-06.44.57:770][985]LogDirectoryWatcher: A directory notification for '../../../../../../Users/user/Documents/GitHub/SomethingSomethingJamming/EpicJamProject/Content/' was aborted.
[2018.11.13-06.44.57:770][985]LogDirectoryWatcher: A directory notification for '../../Plugins/2D/Paper2D/Content/' was aborted.
[2018.11.13-06.44.57:770][985]LogDirectoryWatcher: A directory notification for '../../Plugins/Enterprise/DatasmithContent/Content/' was aborted.
[2018.11.13-06.44.57:770][985]LogDirectoryWatcher: A directory notification for '../../Plugins/Media/MediaCompositing/Content/' was aborted.
[2018.11.13-06.44.57:770][985]LogDirectoryWatcher: A directory notification for '../../Plugins/Runtime/AppleARKit/Content/' was aborted.
[2018.11.13-06.44.57:770][985]LogDirectoryWatcher: A directory notification for '../../Plugins/Runtime/Oculus/OculusVR/Content/' was aborted.
[2018.11.13-06.44.57:770][985]LogDirectoryWatcher: A directory notification for '../../Plugins/Runtime/Steam/SteamVR/Content/' was aborted.
[2018.11.13-06.44.57:845][985]LogExit: Object subsystem successfully closed.
[2018.11.13-06.44.57:866][985]LogShaderCompilers: Display: Shaders left to compile 0
[2018.11.13-06.44.57:885][985]LogD3D11RHI: Shutdown
[2018.11.13-06.44.57:885][985]LogD3D11RHI: CleanupD3DDevice
[2018.11.13-06.44.57:887][985]LogD3D11RHI: ~FD3D11DynamicRHI
[2018.11.13-06.44.57:915][985]LogModuleManager: Shutting down and abandoning module StatsViewer (574)
[2018.11.13-06.44.57:915][985]LogModuleManager: Shutting down and abandoning module HierarchicalLODOutliner (572)
[2018.11.13-06.44.57:915][985]LogModuleManager: Shutting down and abandoning module SceneOutliner (570)
[2018.11.13-06.44.57:915][985]LogModuleManager: Shutting down and abandoning module AddContentDialog (568)
[2018.11.13-06.44.57:915][985]LogDirectoryWatcher: A directory notification for 'C:/Program Files/Epic Games/UE_4.19/FeaturePacks/' was aborted.
[2018.11.13-06.44.57:915][985]LogModuleManager: Shutting down and abandoning module WidgetCarousel (567)
[2018.11.13-06.44.57:916][985]LogModuleManager: Shutting down and abandoning module EditorWidgets (564)
[2018.11.13-06.44.57:916][985]LogModuleManager: Shutting down and abandoning module CollectionManager (562)
[2018.11.13-06.44.57:916][985]LogDirectoryWatcher: A directory notification for 'C:/Users/user/Documents/GitHub/SomethingSomethingJamming/EpicJamProject/Content/Collections/' was aborted.
[2018.11.13-06.44.57:916][985]LogDirectoryWatcher: A directory notification for 'C:/Users/user/Documents/GitHub/SomethingSomethingJamming/EpicJamProject/Content/Developers/user/Collections/' was aborted.
[2018.11.13-06.44.57:916][985]LogDirectoryWatcher: A directory notification for 'C:/Users/user/Documents/GitHub/SomethingSomethingJamming/EpicJamProject/Saved/Collections/' was aborted.
[2018.11.13-06.44.57:916][985]LogModuleManager: Shutting down and abandoning module FoliageEdit (560)
[2018.11.13-06.44.57:916][985]LogModuleManager: Shutting down and abandoning module LandscapeEditor (558)
[2018.11.13-06.44.57:916][985]LogModuleManager: Shutting down and abandoning module MeshPaintMode (556)
[2018.11.13-06.44.57:916][985]LogModuleManager: Shutting down and abandoning module SceneDepthPickerMode (554)
[2018.11.13-06.44.57:916][985]LogModuleManager: Shutting down and abandoning module ActorPickerMode (552)
[2018.11.13-06.44.57:916][985]LogModuleManager: Shutting down and abandoning module GeometryMode (550)
[2018.11.13-06.44.57:916][985]LogModuleManager: Shutting down and abandoning module TextureAlignMode (548)
[2018.11.13-06.44.57:916][985]LogModuleManager: Shutting down and abandoning module BspMode (546)
[2018.11.13-06.44.57:916][985]LogModuleManager: Shutting down and abandoning module PIEPreviewDeviceProfileSelector (544)
[2018.11.13-06.44.57:916][985]LogModuleManager: Shutting down and abandoning module HardwareSurvey (542)
[2018.11.13-06.44.57:916][985]LogModuleManager: Shutting down and abandoning module SequenceRecorderSections (540)
[2018.11.13-06.44.57:916][985]LogModuleManager: Shutting down and abandoning module AutomationWorker (538)
[2018.11.13-06.44.57:916][985]LogModuleManager: Shutting down and abandoning module AudioCaptureEditor (536)
[2018.11.13-06.44.57:916][985]LogModuleManager: Shutting down and abandoning module SequenceRecorder (535)
[2018.11.13-06.44.57:916][985]LogModuleManager: Shutting down and abandoning module MatineeToLevelSequence (532)
[2018.11.13-06.44.57:916][985]LogModuleManager: Shutting down and abandoning module LevelSequenceEditor (530)
[2018.11.13-06.44.57:916][985]LogModuleManager: Shutting down and abandoning module PlacementMode (529)
[2018.11.13-06.44.57:916][985]LogModuleManager: Shutting down and abandoning module MaterialEditor (528)
[2018.11.13-06.44.57:916][985]LogModuleManager: Shutting down and abandoning module WmfMediaFactory (524)
[2018.11.13-06.44.57:917][985]LogModuleManager: Shutting down and abandoning module WmfMediaEditor (522)
[2018.11.13-06.44.57:917][985]LogModuleManager: Shutting down and abandoning module MediaPlayerEditor (520)
[2018.11.13-06.44.57:917][985]LogModuleManager: Shutting down and abandoning module OpenExrWrapper (518)
[2018.11.13-06.44.57:917][985]LogModuleManager: Shutting down and abandoning module ImgMediaFactory (516)
[2018.11.13-06.44.57:917][985]LogModuleManager: Shutting down and abandoning module ImgMediaEditor (514)
[2018.11.13-06.44.57:917][985]LogModuleManager: Shutting down and abandoning module AvfMediaFactory (512)
[2018.11.13-06.44.57:917][985]LogModuleManager: Shutting down and abandoning module AvfMediaEditor (510)
[2018.11.13-06.44.57:917][985]LogModuleManager: Shutting down and abandoning module AndroidMediaFactory (508)
[2018.11.13-06.44.57:917][985]LogModuleManager: Shutting down and abandoning module AndroidMediaEditor (506)
[2018.11.13-06.44.57:917][985]LogModuleManager: Shutting down and abandoning module CharacterAI (504)
[2018.11.13-06.44.57:917][985]LogModuleManager: Shutting down and abandoning module SmartSnapping (502)
[2018.11.13-06.44.57:917][985]LogModuleManager: Shutting down and abandoning module SessionServices (500)
[2018.11.13-06.44.57:917][985]LogModuleManager: Shutting down and abandoning module ViewportSnapping (498)
[2018.11.13-06.44.57:917][985]LogModuleManager: Shutting down and abandoning module ViewportInteraction (496)
[2018.11.13-06.44.57:917][985]LogModuleManager: Shutting down and abandoning module ClothPainter (494)
[2018.11.13-06.44.57:917][985]LogModuleManager: Shutting down and abandoning module SkeletalMeshEditor (493)
[2018.11.13-06.44.57:917][985]LogModuleManager: Shutting down and abandoning module LogVisualizer (490)
[2018.11.13-06.44.57:917][985]LogModuleManager: Shutting down and abandoning module IntroTutorials (488)
[2018.11.13-06.44.57:917][985]LogModuleManager: Shutting down and abandoning module GameProjectGeneration (487)
[2018.11.13-06.44.57:917][985]LogModuleManager: Shutting down and abandoning module IOSPlatformEditor (484)
[2018.11.13-06.44.57:917][985]LogModuleManager: Shutting down and abandoning module HTML5PlatformEditor (482)
[2018.11.13-06.44.57:917][985]LogModuleManager: Shutting down and abandoning module AndroidPlatformEditor (480)
[2018.11.13-06.44.57:917][985]LogModuleManager: Shutting down and abandoning module AndroidDeviceDetection (479)
[2018.11.13-06.44.58:091][985]LogModuleManager: Shutting down and abandoning module WindowsPlatformEditor (476)
[2018.11.13-06.44.58:091][985]LogModuleManager: Shutting down and abandoning module IOSRuntimeSettings (474)
[2018.11.13-06.44.58:091][985]LogModuleManager: Shutting down and abandoning module AndroidRuntimeSettings (472)
[2018.11.13-06.44.58:091][985]LogModuleManager: Shutting down and abandoning module InputBindingEditor (470)
[2018.11.13-06.44.58:091][985]LogModuleManager: Shutting down and abandoning module MergeActors (468)
[2018.11.13-06.44.58:091][985]LogModuleManager: Shutting down and abandoning module LocalizationDashboard (466)
[2018.11.13-06.44.58:091][985]LogModuleManager: Shutting down and abandoning module LocalizationService (465)
[2018.11.13-06.44.58:091][985]LogModuleManager: Shutting down and abandoning module HardwareTargeting (462)
[2018.11.13-06.44.58:091][985]LogModuleManager: Shutting down and abandoning module DeviceProfileEditor (460)
[2018.11.13-06.44.58:091][985]LogModuleManager: Shutting down and abandoning module UndoHistory (458)
[2018.11.13-06.44.58:091][985]LogModuleManager: Shutting down and abandoning module XmlParser (456)
[2018.11.13-06.44.58:091][985]LogModuleManager: Shutting down and abandoning module Blutility (454)
[2018.11.13-06.44.58:091][985]LogModuleManager: Shutting down and abandoning module ProjectSettingsViewer (452)
[2018.11.13-06.44.58:092][985]LogModuleManager: Shutting down and abandoning module ProjectTargetPlatformEditor (451)
[2018.11.13-06.44.58:092][985]LogModuleManager: Shutting down and abandoning module EditorSettingsViewer (448)
[2018.11.13-06.44.58:092][985]LogModuleManager: Shutting down and abandoning module SettingsEditor (446)
[2018.11.13-06.44.58:092][985]LogModuleManager: Shutting down and abandoning module ProjectLauncher (444)
[2018.11.13-06.44.58:092][985]LogModuleManager: Shutting down and abandoning module SessionFrontend (442)
[2018.11.13-06.44.58:092][985]LogModuleManager: Shutting down and abandoning module ProfilerClient (440)
[2018.11.13-06.44.58:092][985]LogModuleManager: Shutting down and abandoning module DeviceManager (438)
[2018.11.13-06.44.58:092][985]LogModuleManager: Shutting down and abandoning module TargetDeviceServices (437)
[2018.11.13-06.44.58:147][985]LogModuleManager: Shutting down and abandoning module AutomationController (434)
[2018.11.13-06.44.58:147][985]LogModuleManager: Shutting down and abandoning module AutomationWindow (432)
[2018.11.13-06.44.58:147][985]LogModuleManager: Shutting down and abandoning module Layers (430)
[2018.11.13-06.44.58:147][985]LogModuleManager: Shutting down and abandoning module ComponentVisualizers (428)
[2018.11.13-06.44.58:147][985]LogModuleManager: Shutting down and abandoning module DetailCustomizations (426)
[2018.11.13-06.44.58:147][985]LogModuleManager: Shutting down and abandoning module PackagesDialog (424)
[2018.11.13-06.44.58:147][985]LogModuleManager: Shutting down and abandoning module Persona (422)
[2018.11.13-06.44.58:147][985]LogModuleManager: Shutting down and abandoning module AdvancedPreviewScene (421)
[2018.11.13-06.44.58:147][985]LogModuleManager: Shutting down and abandoning module AnimGraph (419)
[2018.11.13-06.44.58:147][985]LogModuleManager: Shutting down and abandoning module Kismet (416)
[2018.11.13-06.44.58:147][985]LogModuleManager: Shutting down and abandoning module GraphEditor (414)
[2018.11.13-06.44.58:147][985]LogModuleManager: Shutting down and abandoning module ClassViewer (412)
[2018.11.13-06.44.58:147][985]LogModuleManager: Shutting down and abandoning module Toolbox (410)
[2018.11.13-06.44.58:147][985]LogModuleManager: Shutting down and abandoning module ModuleUI (408)
[2018.11.13-06.44.58:147][985]LogModuleManager: Shutting down and abandoning module MovieSceneTools (406)
[2018.11.13-06.44.58:148][985]LogModuleManager: Shutting down and abandoning module OutputLog (404)
[2018.11.13-06.44.58:148][985]LogModuleManager: Shutting down and abandoning module GammaUI (402)
[2018.11.13-06.44.58:148][985]LogModuleManager: Shutting down and abandoning module Documentation (400)
[2018.11.13-06.44.58:148][985]LogModuleManager: Shutting down and abandoning module MovieSceneTracks (398)
[2018.11.13-06.44.58:148][985]LogModuleManager: Shutting down and abandoning module MovieScene (396)
[2018.11.13-06.44.58:148][985]LogModuleManager: Shutting down and abandoning module StreamingPauseRendering (394)
[2018.11.13-06.44.58:148][985]LogModuleManager: Shutting down and abandoning module LauncherPlatform (392)
[2018.11.13-06.44.58:148][985]LogModuleManager: Shutting down and abandoning module AnalyticsET (390)
[2018.11.13-06.44.58:148][985]LogModuleManager: Shutting down and abandoning module PortalServices (388)
[2018.11.13-06.44.58:148][985]LogModuleManager: Shutting down and abandoning module PortalRpc (386)
[2018.11.13-06.44.58:148][985]LogModuleManager: Shutting down and abandoning module MessagingRpc (384)
[2018.11.13-06.44.58:148][985]LogModuleManager: Shutting down and abandoning module AIModule (382)
[2018.11.13-06.44.58:148][985]LogModuleManager: Shutting down and abandoning module GameplayDebugger (381)
[2018.11.13-06.44.58:148][985]LogModuleManager: Shutting down and abandoning module AITestSuite (379)
[2018.11.13-06.44.58:148][985]LogModuleManager: Shutting down and abandoning module DesktopPlatform (376)
[2018.11.13-06.44.58:148][985]LogModuleManager: Shutting down and abandoning module ProfilerService (374)
[2018.11.13-06.44.58:162][985]LogModuleManager: Shutting down and abandoning module TaskGraph (372)
[2018.11.13-06.44.58:162][985]LogModuleManager: Shutting down and abandoning module SteamVRController (370)
[2018.11.13-06.44.58:162][985]LogModuleManager: Shutting down and abandoning module ProceduralMeshComponentEditor (368)
[2018.11.13-06.44.58:162][985]LogModuleManager: Shutting down and abandoning module ProceduralMeshComponent (366)
[2018.11.13-06.44.58:162][985]LogModuleManager: Shutting down and abandoning module OculusInput (364)
[2018.11.13-06.44.58:162][985]LogModuleManager: Shutting down and abandoning module MobilePatchingUtils (362)
[2018.11.13-06.44.58:162][985]LogModuleManager: Shutting down and abandoning module CustomMeshComponent (360)
[2018.11.13-06.44.58:162][985]LogModuleManager: Shutting down and abandoning module CableComponent (358)
[2018.11.13-06.44.58:162][985]LogModuleManager: Shutting down and abandoning module AudioCapture (356)
[2018.11.13-06.44.58:162][985]LogModuleManager: Shutting down and abandoning module ArchVisCharacter (354)
[2018.11.13-06.44.58:162][985]LogModuleManager: Shutting down and abandoning module AndroidPermission (352)
[2018.11.13-06.44.58:163][985]LogModuleManager: Shutting down and abandoning module NUTUnrealEngine4 (348)
[2018.11.13-06.44.58:163][985]LogModuleManager: Shutting down and abandoning module NetcodeUnitTest (346)
[2018.11.13-06.44.58:163][985]LogModuleManager: Shutting down and abandoning module MediaCompositingEditor (344)
[2018.11.13-06.44.58:163][985]LogModuleManager: Shutting down and abandoning module MediaCompositing (342)
[2018.11.13-06.44.58:163][985]LogModuleManager: Shutting down and abandoning module LinearTimecode (340)
[2018.11.13-06.44.58:163][985]LogModuleManager: Shutting down and abandoning module ImgMedia (338)
[2018.11.13-06.44.58:165][985]LogModuleManager: Shutting down and abandoning module HTML5Networking (336)
[2018.11.13-06.44.58:165][985]LogModuleManager: Shutting down and abandoning module AlembicImporter (334)
[2018.11.13-06.44.58:165][985]LogModuleManager: Shutting down and abandoning module AlembicLibrary (333)
[2018.11.13-06.44.58:166][985]LogModuleManager: Shutting down and abandoning module GeometryCache (332)
[2018.11.13-06.44.58:166][985]LogModuleManager: Shutting down and abandoning module GeometryCacheEd (331)
[2018.11.13-06.44.58:166][985]LogModuleManager: Shutting down and abandoning module DatasmithContent (326)
[2018.11.13-06.44.58:166][985]LogModuleManager: Shutting down and abandoning module SpeedTreeImporter (324)
[2018.11.13-06.44.58:166][985]LogModuleManager: Shutting down and abandoning module PluginBrowser (322)
[2018.11.13-06.44.58:166][985]LogModuleManager: Shutting down and abandoning module MobileLauncherProfileWizard (320)
[2018.11.13-06.44.58:166][985]LogModuleManager: Shutting down and abandoning module CryptoKeysOpenSSL (318)
[2018.11.13-06.44.58:166][985]LogModuleManager: Shutting down and abandoning module CryptoKeys (316)
[2018.11.13-06.44.58:166][985]LogModuleManager: Shutting down and abandoning module VisualStudioSourceCodeAccess (314)
[2018.11.13-06.44.58:166][985]LogModuleManager: Shutting down and abandoning module VisualStudioCodeSourceCodeAccess (312)
[2018.11.13-06.44.58:166][985]LogModuleManager: Shutting down and abandoning module UObjectPlugin (310)
[2018.11.13-06.44.58:166][985]LogModuleManager: Shutting down and abandoning module SubversionSourceControl (308)
[2018.11.13-06.44.58:166][985]LogModuleManager: Shutting down and abandoning module PerforceSourceControl (306)
[2018.11.13-06.44.58:166][985]LogModuleManager: Shutting down and abandoning module GitSourceControl (304)
[2018.11.13-06.44.58:166][985]LogModuleManager: Shutting down and abandoning module SourceControl (303)
[2018.11.13-06.44.58:166][985]LogModuleManager: Shutting down and abandoning module CLionSourceCodeAccess (300)
[2018.11.13-06.44.58:166][985]LogModuleManager: Shutting down and abandoning module LightPropagationVolumeEditor (298)
[2018.11.13-06.44.58:166][985]LogModuleManager: Shutting down and abandoning module PaperTiledImporter (296)
[2018.11.13-06.44.58:166][985]LogModuleManager: Shutting down and abandoning module PaperSpriteSheetImporter (294)
[2018.11.13-06.44.58:166][985]LogModuleManager: Shutting down and abandoning module Paper2DEditor (292)
[2018.11.13-06.44.58:166][985]LogModuleManager: Shutting down and abandoning module MeshPaint (291)
[2018.11.13-06.44.58:166][985]LogModuleManager: Shutting down and abandoning module RuntimePhysXCooking (288)
[2018.11.13-06.44.58:166][985]LogModuleManager: Shutting down and abandoning module PhysXVehiclesEditor (286)
[2018.11.13-06.44.58:166][985]LogModuleManager: Shutting down and abandoning module PhysXVehicles (284)
[2018.11.13-06.44.58:166][985]LogModuleManager: Shutting down and abandoning module OculusEditor (282)
[2018.11.13-06.44.58:166][985]LogModuleManager: Shutting down and abandoning module LocationServicesBPLibrary (280)
[2018.11.13-06.44.58:166][985]LogModuleManager: Shutting down and abandoning module ImmediatePhysicsEditor (278)
[2018.11.13-06.44.58:166][985]LogModuleManager: Shutting down and abandoning module ImmediatePhysics (276)
[2018.11.13-06.44.58:166][985]LogModuleManager: Shutting down and abandoning module ActorSequence (274)
[2018.11.13-06.44.58:166][985]LogModuleManager: Shutting down and abandoning module UdpMessaging (272)
[2018.11.13-06.44.58:267][985]LogModuleManager: Shutting down and abandoning module TcpMessaging (270)
[2018.11.13-06.44.58:527][985]LogModuleManager: Shutting down and abandoning module GameplayTagsEditor (268)
[2018.11.13-06.44.58:527][985]LogModuleManager: Shutting down and abandoning module FacialAnimationEditor (266)
[2018.11.13-06.44.58:527][985]LogModuleManager: Shutting down and abandoning module FacialAnimation (264)
[2018.11.13-06.44.58:527][985]LogModuleManager: Shutting down and abandoning module DataValidation (262)
[2018.11.13-06.44.58:527][985]LogModuleManager: Shutting down and abandoning module AssetManagerEditor (260)
[2018.11.13-06.44.58:527][985]LogModuleManager: Shutting down and abandoning module LevelEditor (259)
[2018.11.13-06.44.58:528][985]LogModuleManager: Shutting down and abandoning module PixelInspectorModule (258)
[2018.11.13-06.44.58:528][985]LogModuleManager: Shutting down and abandoning module CommonMenuExtensions (256)
[2018.11.13-06.44.58:528][985]LogModuleManager: Shutting down and abandoning module MainFrame (254)
[2018.11.13-06.44.58:528][985]LogModuleManager: Shutting down and abandoning module HotReload (253)
[2018.11.13-06.44.58:529][985]LogModuleManager: Shutting down and abandoning module ContentBrowser (249)
[2018.11.13-06.44.58:530][985]LogModuleManager: Shutting down and abandoning module TreeMap (247)
[2018.11.13-06.44.58:530][985]LogModuleManager: Shutting down and abandoning module LightPropagationVolumeRuntime (244)
[2018.11.13-06.44.58:530][985]LogModuleManager: Shutting down and abandoning module LiveLinkEditor (242)
[2018.11.13-06.44.58:530][985]LogModuleManager: Shutting down and abandoning module LiveLink (240)
[2018.11.13-06.44.59:152][985]LogModuleManager: Shutting down and abandoning module Paper2D (238)
[2018.11.13-06.44.59:152][985]LogModuleManager: Shutting down and abandoning module WindowsMoviePlayer (236)
[2018.11.13-06.44.59:152][985]LogModuleManager: Shutting down and abandoning module WmfMedia (234)
[2018.11.13-06.44.59:154][985]LogModuleManager: Shutting down and abandoning module Media (233)
[2018.11.13-06.44.59:160][985]LogModuleManager: Shutting down and abandoning module PacketHandler (230)
[2018.11.13-06.44.59:160][985]LogModuleManager: Shutting down and abandoning module ClothingSystemEditor (228)
[2018.11.13-06.44.59:160][985]LogModuleManager: Shutting down and abandoning module ClothingSystemRuntime (226)
[2018.11.13-06.44.59:160][985]LogModuleManager: Shutting down and abandoning module MediaAssets (224)
[2018.11.13-06.44.59:160][985]LogModuleManager: Shutting down and abandoning module Overlay (222)
[2018.11.13-06.44.59:160][985]LogModuleManager: Shutting down and abandoning module OverlayEditor (221)
[2018.11.13-06.44.59:160][985]LogModuleManager: Shutting down and abandoning module VREditor (218)
[2018.11.13-06.44.59:160][985]LogModuleManager: Shutting down and abandoning module StringTableEditor (216)
[2018.11.13-06.44.59:160][985]LogModuleManager: Shutting down and abandoning module GameplayTasksEditor (214)
[2018.11.13-06.44.59:160][985]LogModuleManager: Shutting down and abandoning module BehaviorTreeEditor (212)
[2018.11.13-06.44.59:161][985]LogModuleManager: Shutting down and abandoning module FunctionalTesting (210)
[2018.11.13-06.44.59:161][985]LogModuleManager: Shutting down and abandoning module CollisionAnalyzer (208)
[2018.11.13-06.44.59:161][985]LogModuleManager: Shutting down and abandoning module WorkspaceMenuStructure (207)
[2018.11.13-06.44.59:161][985]LogModuleManager: Shutting down and abandoning module UMG (204)
[2018.11.13-06.44.59:161][985]LogModuleManager: Shutting down and abandoning module UMGEditor (203)
[2018.11.13-06.44.59:161][985]LogModuleManager: Shutting down and abandoning module Sequencer (202)
[2018.11.13-06.44.59:161][985]LogModuleManager: Shutting down and abandoning module MessageLog (199)
[2018.11.13-06.44.59:161][985]LogModuleManager: Shutting down and abandoning module SlateReflector (194)
[2018.11.13-06.44.59:161][985]LogModuleManager: Shutting down and abandoning module Slate (192)
[2018.11.13-06.44.59:161][985]LogModuleManager: Shutting down and abandoning module EditorStyle (190)
[2018.11.13-06.44.59:162][985]LogModuleManager: Shutting down and abandoning module MRMesh (188)
[2018.11.13-06.44.59:162][985]LogModuleManager: Shutting down and abandoning module SourceCodeAccess (186)
[2018.11.13-06.44.59:162][985]LogModuleManager: Shutting down and abandoning module HeadMountedDisplay (184)
[2018.11.13-06.44.59:162][985]LogModuleManager: Shutting down and abandoning module XAudio2 (182)
[2018.11.13-06.44.59:162][985]LogModuleManager: Shutting down and abandoning module Networking (180)
[2018.11.13-06.44.59:162][985]LogModuleManager: Shutting down and abandoning module Core (178)
[2018.11.13-06.44.59:162][985]LogModuleManager: Shutting down and abandoning module LevelSequence (176)
[2018.11.13-06.44.59:162][985]LogModuleManager: Shutting down and abandoning module KismetCompiler (174)
[2018.11.13-06.44.59:163][985]LogModuleManager: Shutting down and abandoning module MeshUtilities (172)
[2018.11.13-06.44.59:163][985]LogModuleManager: Shutting down and abandoning module MeshMergeUtilities (171)
[2018.11.13-06.44.59:163][985]LogModuleManager: Shutting down and abandoning module MeshReductionInterface (170)
[2018.11.13-06.44.59:163][985]LogModuleManager: Shutting down and abandoning module SimplygonSwarm (169)
[2018.11.13-06.44.59:163][985]LogModuleManager: Shutting down and abandoning module SimplygonMeshReduction (167)
[2018.11.13-06.44.59:163][985]LogModuleManager: Shutting down and abandoning module QuadricMeshReduction (165)
[2018.11.13-06.44.59:163][985]LogModuleManager: Shutting down and abandoning module MaterialBaking (161)
[2018.11.13-06.44.59:163][985]LogModuleManager: Shutting down and abandoning module DirectoryWatcher (157)
[2018.11.13-06.44.59:163][985]LogModuleManager: Shutting down and abandoning module DerivedDataCache (154)
[2018.11.13-06.44.59:165][985]LogDerivedDataCache: Shutdown
[2018.11.13-06.44.59:165][985]LogModuleManager: Shutting down and abandoning module XGEController (152)
[2018.11.13-06.44.59:165][985]LogModuleManager: Shutting down and abandoning module TargetPlatform (150)
[2018.11.13-06.44.59:165][985]LogModuleManager: Shutting down and abandoning module VulkanShaderFormat (149)
[2018.11.13-06.44.59:165][985]LogModuleManager: Shutting down and abandoning module ShaderFormatVectorVM (147)
[2018.11.13-06.44.59:165][985]LogModuleManager: Shutting down and abandoning module ShaderFormatOpenGL (145)
[2018.11.13-06.44.59:165][985]LogModuleManager: Shutting down and abandoning module ShaderFormatD3D (143)
[2018.11.13-06.44.59:165][985]LogModuleManager: Shutting down and abandoning module MetalShaderFormat (141)
[2018.11.13-06.44.59:165][985]LogModuleManager: Shutting down and abandoning module TextureFormatUncompressed (139)
[2018.11.13-06.44.59:165][985]LogModuleManager: Shutting down and abandoning module TextureFormatPVR (137)
[2018.11.13-06.44.59:165][985]LogModuleManager: Shutting down and abandoning module TextureFormatDXT (135)
[2018.11.13-06.44.59:165][985]LogModuleManager: Shutting down and abandoning module TextureFormatIntelISPCTexComp (133)
[2018.11.13-06.44.59:166][985]LogModuleManager: Shutting down and abandoning module TextureFormatASTC (131)
[2018.11.13-06.44.59:166][985]LogModuleManager: Shutting down and abandoning module ImageWrapper (130)
[2018.11.13-06.44.59:166][985]LogModuleManager: Shutting down and abandoning module TextureFormatAndroid (127)
[2018.11.13-06.44.59:166][985]LogModuleManager: Shutting down and abandoning module AudioFormatOpus (125)
[2018.11.13-06.44.59:166][985]LogModuleManager: Shutting down and abandoning module AudioFormatOgg (123)
[2018.11.13-06.44.59:166][985]LogModuleManager: Shutting down and abandoning module AudioFormatADPCM (121)
[2018.11.13-06.44.59:166][985]LogModuleManager: Shutting down and abandoning module LinuxTargetPlatform (119)
[2018.11.13-06.44.59:166][985]LogModuleManager: Shutting down and abandoning module LinuxServerTargetPlatform (117)
[2018.11.13-06.44.59:166][985]LogModuleManager: Shutting down and abandoning module LinuxNoEditorTargetPlatform (115)
[2018.11.13-06.44.59:166][985]LogModuleManager: Shutting down and abandoning module LinuxClientTargetPlatform (113)
[2018.11.13-06.44.59:166][985]LogModuleManager: Shutting down and abandoning module TVOSTargetPlatform (111)
[2018.11.13-06.44.59:166][985]LogModuleManager: Shutting down and abandoning module Messaging (109)
[2018.11.13-06.44.59:166][985]LogModuleManager: Shutting down and abandoning module IOSTargetPlatform (107)
[2018.11.13-06.44.59:166][985]LogModuleManager: Shutting down and abandoning module HTML5TargetPlatform (105)
[2018.11.13-06.44.59:166][985]LogModuleManager: Shutting down and abandoning module AndroidTargetPlatform (103)
[2018.11.13-06.44.59:166][985]LogModuleManager: Shutting down and abandoning module Android_PVRTCTargetPlatform (101)
[2018.11.13-06.44.59:166][985]LogModuleManager: Shutting down and abandoning module Android_MultiTargetPlatform (99)
[2018.11.13-06.44.59:166][985]LogModuleManager: Shutting down and abandoning module Android_ETC2TargetPlatform (97)
[2018.11.13-06.44.59:166][985]LogModuleManager: Shutting down and abandoning module Android_ETC1TargetPlatform (95)
[2018.11.13-06.44.59:166][985]LogModuleManager: Shutting down and abandoning module Android_ETC1aTargetPlatform (93)
[2018.11.13-06.44.59:166][985]LogModuleManager: Shutting down and abandoning module Android_DXTTargetPlatform (91)
[2018.11.13-06.44.59:166][985]LogModuleManager: Shutting down and abandoning module Android_ATCTargetPlatform (89)
[2018.11.13-06.44.59:166][985]LogModuleManager: Shutting down and abandoning module Android_ASTCTargetPlatform (87)
[2018.11.13-06.44.59:166][985]LogModuleManager: Shutting down and abandoning module WindowsTargetPlatform (85)
[2018.11.13-06.44.59:166][985]LogModuleManager: Shutting down and abandoning module WindowsServerTargetPlatform (83)
[2018.11.13-06.44.59:166][985]LogModuleManager: Shutting down and abandoning module WindowsNoEditorTargetPlatform (81)
[2018.11.13-06.44.59:166][985]LogModuleManager: Shutting down and abandoning module WindowsClientTargetPlatform (79)
[2018.11.13-06.44.59:166][985]LogModuleManager: Shutting down and abandoning module MacTargetPlatform (77)
[2018.11.13-06.44.59:166][985]LogModuleManager: Shutting down and abandoning module MacServerTargetPlatform (75)
[2018.11.13-06.44.59:166][985]LogModuleManager: Shutting down and abandoning module MacNoEditorTargetPlatform (73)
[2018.11.13-06.44.59:166][985]LogModuleManager: Shutting down and abandoning module MacClientTargetPlatform (71)
[2018.11.13-06.44.59:166][985]LogModuleManager: Shutting down and abandoning module AllDesktopTargetPlatform (69)
[2018.11.13-06.44.59:166][985]LogModuleManager: Shutting down and abandoning module InputCore (66)
[2018.11.13-06.44.59:166][985]LogModuleManager: Shutting down and abandoning module Settings (64)
[2018.11.13-06.44.59:166][985]LogModuleManager: Shutting down and abandoning module PhysXCooking (62)
[2018.11.13-06.44.59:166][985]LogModuleManager: Shutting down and abandoning module SteamVR (60)
[2018.11.13-06.44.59:166][985]LogModuleManager: Shutting down and abandoning module OculusHMD (58)
[2018.11.13-06.44.59:166][985]LogModuleManager: Shutting down and abandoning module ExampleDeviceProfileSelector (56)
[2018.11.13-06.44.59:166][985]LogModuleManager: Shutting down and abandoning module AppleARKit (54)
[2018.11.13-06.44.59:166][985]LogModuleManager: Shutting down and abandoning module AugmentedReality (51)
[2018.11.13-06.44.59:166][985]LogModuleManager: Shutting down and abandoning module OnlineBlueprintSupport (48)
[2018.11.13-06.44.59:166][985]LogModuleManager: Shutting down and abandoning module OnlineSubsystem (44)
[2018.11.13-06.44.59:166][985]LogModuleManager: Shutting down and abandoning module XMPP (43)
[2018.11.13-06.44.59:167][985]LogModuleManager: Shutting down and abandoning module HTTP (41)
[2018.11.13-06.44.59:167][985]LogHttp: Display: Http module shutting down, but needs to wait on 1 outstanding Http requests:
[2018.11.13-06.44.59:167][985]LogHttp: Display: 	verb=[POST] url=[https://datarouter.ol.epicgames.com/datarouter/api/v1/public/data?SessionID=%7BD104A55A-4F2F-45B9-1F46-A68FD14CF5EE%7D&AppID=UEEditor.Rocket.Release&AppVersion=4.19.2-4033788%2B%2B%2BUE4%2BRelease-4.19&UserID=9fc950794041cc0d726400ae910f30b5%7C883798bb4f59421db3df218c229ee466%7C66fc3589-cd8b-4221-9383-20420135c236&AppEnvironment=datacollector-binary&UploadType=eteventstream] status=Processing
[2018.11.13-06.44.59:182][985]LogModuleManager: Shutting down and abandoning module SSL (40)
[2018.11.13-06.44.59:183][985]LogModuleManager: Shutting down and abandoning module AnimationModifiers (36)
[2018.11.13-06.44.59:183][985]LogModuleManager: Shutting down and abandoning module PropertyEditor (35)
[2018.11.13-06.44.59:183][985]LogModuleManager: Shutting down and abandoning module AudioEditor (32)
[2018.11.13-06.44.59:184][985]LogModuleManager: Shutting down and abandoning module TextureCompressor (30)
[2018.11.13-06.44.59:184][985]LogModuleManager: Shutting down and abandoning module ShaderCore (28)
[2018.11.13-06.44.59:184][985]LogModuleManager: Shutting down and abandoning module Landscape (26)
[2018.11.13-06.44.59:184][985]LogModuleManager: Shutting down and abandoning module SlateRHIRenderer (24)
[2018.11.13-06.44.59:184][985]LogModuleManager: Shutting down and abandoning module OpenGLDrv (22)
[2018.11.13-06.44.59:184][985]LogModuleManager: Shutting down and abandoning module D3D11RHI (20)
[2018.11.13-06.44.59:184][985]LogModuleManager: Shutting down and abandoning module AnimGraphRuntime (18)
[2018.11.13-06.44.59:184][985]LogModuleManager: Shutting down and abandoning module Renderer (16)
[2018.11.13-06.44.59:184][985]LogModuleManager: Shutting down and abandoning module Engine (14)
[2018.11.13-06.44.59:184][985]LogModuleManager: Shutting down and abandoning module CoreUObject (12)
[2018.11.13-06.44.59:184][985]LogModuleManager: Shutting down and abandoning module NetworkFile (10)
[2018.11.13-06.44.59:184][985]LogModuleManager: Shutting down and abandoning module CookedIterativeFile (8)
[2018.11.13-06.44.59:184][985]LogModuleManager: Shutting down and abandoning module StreamingFile (6)
[2018.11.13-06.44.59:184][985]LogModuleManager: Shutting down and abandoning module SandboxFile (4)
[2018.11.13-06.44.59:184][985]LogModuleManager: Shutting down and abandoning module PakFile (2)
[2018.11.13-06.44.59:190][985]LogExit: Exiting.
[2018.11.13-06.44.59:206][985]Log file closed, 11/12/18 22:44:59
